[ 2017-09-28T09:06:45+08:00 ] 127.0.0.1 /index.php/Home/cart/add.html
ERR: 1064:You have an error in your SQL syntax; check the manual that corresponds to your MySQL server version for the right syntax to use near ')' at line 1
 [ SQL语句 ] : UPDATE `tp_cart` SET `uid`='2',`goods_id`='20',`goods_attr`='N;',`goods_title`='31223',`goods_thumb_img`='2017-09-20/thumb_59c1da4b9bd5c.jpg',`goods_price`='321.00',`goods_mkprice`=NULL,`created_time`='1506560805',`exp_time`='1507165605' WHERE ( id= )

[ 2017-09-28T09:10:35+08:00 ] 127.0.0.1 /index.php/Home/cart/add.html
ERR: 1064:You have an error in your SQL syntax; check the manual that corresponds to your MySQL server version for the right syntax to use near ')' at line 1
 [ SQL语句 ] : UPDATE `tp_cart` SET `uid`='2',`goods_id`='2',`goods_attr`='a:2:{s:6:\"内存\";s:3:\"32G\";s:6:\"颜色\";s:6:\"纯白\";}',`goods_title`='iPhone 8s',`goods_thumb_img`='2017-09-18/thumb_59bfbead59729.jpg',`goods_price`='888.00',`goods_mkprice`='7600.00',`created_time`='1506561035',`exp_time`='1507165835' WHERE ( id= )

[ 2017-09-28T09:13:24+08:00 ] 127.0.0.1 /index.php/Home/cart/add.html
ERR: 1064:You have an error in your SQL syntax; check the manual that corresponds to your MySQL server version for the right syntax to use near ')' at line 1
 [ SQL语句 ] : UPDATE `tp_cart` SET `uid`='2',`goods_id`='1',`goods_attr`='a:2:{s:6:\"颜色\";s:9:\"玫瑰红\";s:6:\"内存\";s:3:\"32G\";}',`goods_title`='iPhone X',`goods_thumb_img`='2017-09-20/thumb_59c1d81d6589d.jpg',`goods_price`='998.00',`goods_mkprice`='8100.00',`created_time`='1506561204',`exp_time`='1507166004' WHERE ( id= )

[ 2017-09-28T10:03:53+08:00 ] 127.0.0.1 /index.php/Home/cart/index.html
ERR: 1048:Column 'goods_cart_count' cannot be null
 [ SQL语句 ] : INSERT INTO `tp_cart` (`uid`,`goods_id`,`goods_attr`,`goods_cart_count`,`goods_title`,`goods_thumb_img`,`goods_price`,`goods_mkprice`,`created_time`,`exp_time`) VALUES ('2','32','N;',NULL,'戴尔','2017-09-24/thumb_59c79b206d3f0.jpg','123.00',NULL,'1506253600','1506858400')

[ 2017-09-28T11:25:44+08:00 ] 127.0.0.1 /index.php/Home/cart/edit.html?goods_id=27&goods_cart_count=10
INFO: [ app_begin ] --START--
INFO: Run Behavior\ReadHtmlCacheBehavior [ RunTime:0.000196s ]
INFO: [ app_begin ] --END-- [ RunTime:0.000362s ]
SQL: SHOW COLUMNS FROM `tp_category` [ RunTime:0.0034s ]
SQL: SELECT * FROM `tp_category` WHERE ( display=1 )  [ RunTime:0.0001s ]
SQL: SHOW COLUMNS FROM `tp_cart` [ RunTime:0.0021s ]
SQL: SHOW COLUMNS FROM `tp_cart` [ RunTime:0.0020s ]
SQL: UPDATE `tp_cart` SET `goods_cart_count`='10' WHERE ( goods_id=27 and uid=2 ) [ RunTime:0.0001s ]

[ 2017-09-28T11:25:44+08:00 ] 127.0.0.1 /index.php/Home/cart/edit.html?goods_id=27&goods_cart_count=9
INFO: [ app_begin ] --START--
INFO: Run Behavior\ReadHtmlCacheBehavior [ RunTime:0.000194s ]
INFO: [ app_begin ] --END-- [ RunTime:0.000353s ]
SQL: SHOW COLUMNS FROM `tp_category` [ RunTime:0.0026s ]
SQL: SELECT * FROM `tp_category` WHERE ( display=1 )  [ RunTime:0.0001s ]
SQL: SHOW COLUMNS FROM `tp_cart` [ RunTime:0.0021s ]
SQL: SHOW COLUMNS FROM `tp_cart` [ RunTime:0.0020s ]
SQL: UPDATE `tp_cart` SET `goods_cart_count`='9' WHERE ( goods_id=27 and uid=2 ) [ RunTime:0.0001s ]

[ 2017-09-28T11:25:44+08:00 ] 127.0.0.1 /index.php/Home/cart/edit.html?goods_id=27&goods_cart_count=8
INFO: [ app_begin ] --START--
INFO: Run Behavior\ReadHtmlCacheBehavior [ RunTime:0.000192s ]
INFO: [ app_begin ] --END-- [ RunTime:0.000351s ]
SQL: SHOW COLUMNS FROM `tp_category` [ RunTime:0.0043s ]
SQL: SELECT * FROM `tp_category` WHERE ( display=1 )  [ RunTime:0.0001s ]
SQL: SHOW COLUMNS FROM `tp_cart` [ RunTime:0.0020s ]
SQL: SHOW COLUMNS FROM `tp_cart` [ RunTime:0.0019s ]
SQL: UPDATE `tp_cart` SET `goods_cart_count`='8' WHERE ( goods_id=27 and uid=2 ) [ RunTime:0.0001s ]

[ 2017-09-28T11:30:23+08:00 ] 127.0.0.1 /index.php/Home/cart/edit.html?goods_id=27&goods_cart_count=12
INFO: [ app_begin ] --START--
INFO: Run Behavior\ReadHtmlCacheBehavior [ RunTime:0.000194s ]
INFO: [ app_begin ] --END-- [ RunTime:0.000350s ]
SQL: SHOW COLUMNS FROM `tp_category` [ RunTime:0.0035s ]
SQL: SELECT * FROM `tp_category` WHERE ( display=1 )  [ RunTime:0.0001s ]
SQL: SHOW COLUMNS FROM `tp_cart` [ RunTime:0.0020s ]
SQL: UPDATE `tp_cart` SET `goods_cart_count`='12' WHERE ( goods_id=27 and uid=2 ) [ RunTime:0.0001s ]

[ 2017-09-28T11:30:25+08:00 ] 127.0.0.1 /index.php/Home/cart/edit.html?goods_id=27&goods_cart_count=11
INFO: [ app_begin ] --START--
INFO: Run Behavior\ReadHtmlCacheBehavior [ RunTime:0.000218s ]
INFO: [ app_begin ] --END-- [ RunTime:0.000419s ]
SQL: SHOW COLUMNS FROM `tp_category` [ RunTime:0.0037s ]
SQL: SELECT * FROM `tp_category` WHERE ( display=1 )  [ RunTime:0.0001s ]
SQL: SHOW COLUMNS FROM `tp_cart` [ RunTime:0.0023s ]
SQL: UPDATE `tp_cart` SET `goods_cart_count`='11' WHERE ( goods_id=27 and uid=2 ) [ RunTime:0.0001s ]

[ 2017-09-28T11:30:28+08:00 ] 127.0.0.1 /index.php/Home/cart/edit.html?goods_id=27&goods_cart_count=10
INFO: [ app_begin ] --START--
INFO: Run Behavior\ReadHtmlCacheBehavior [ RunTime:0.000366s ]
INFO: [ app_begin ] --END-- [ RunTime:0.000597s ]
SQL: SHOW COLUMNS FROM `tp_category` [ RunTime:0.0037s ]
SQL: SELECT * FROM `tp_category` WHERE ( display=1 )  [ RunTime:0.0001s ]
SQL: SHOW COLUMNS FROM `tp_cart` [ RunTime:0.0022s ]
SQL: UPDATE `tp_cart` SET `goods_cart_count`='10' WHERE ( goods_id=27 and uid=2 ) [ RunTime:0.0001s ]

[ 2017-09-28T11:30:29+08:00 ] 127.0.0.1 /index.php/Home/cart/edit.html?goods_id=28&goods_cart_count=1
INFO: [ app_begin ] --START--
INFO: Run Behavior\ReadHtmlCacheBehavior [ RunTime:0.000218s ]
INFO: [ app_begin ] --END-- [ RunTime:0.000395s ]
SQL: SHOW COLUMNS FROM `tp_category` [ RunTime:0.0034s ]
SQL: SELECT * FROM `tp_category` WHERE ( display=1 )  [ RunTime:0.0001s ]
SQL: SHOW COLUMNS FROM `tp_cart` [ RunTime:0.0023s ]
SQL: UPDATE `tp_cart` SET `goods_cart_count`='1' WHERE ( goods_id=28 and uid=2 ) [ RunTime:0.0001s ]

[ 2017-09-28T11:31:00+08:00 ] 127.0.0.1 /index.php/Home/cart/edit.html?goods_id=27&goods_cart_count=11
INFO: [ app_begin ] --START--
INFO: Run Behavior\ReadHtmlCacheBehavior [ RunTime:0.000192s ]
INFO: [ app_begin ] --END-- [ RunTime:0.000348s ]
SQL: SHOW COLUMNS FROM `tp_category` [ RunTime:0.0033s ]
SQL: SELECT * FROM `tp_category` WHERE ( display=1 )  [ RunTime:0.0001s ]
SQL: SHOW COLUMNS FROM `tp_cart` [ RunTime:0.0022s ]
SQL: UPDATE `tp_cart` SET `goods_cart_count`='11' WHERE ( goods_id=27 and uid=2 ) [ RunTime:0.0001s ]

[ 2017-09-28T11:31:01+08:00 ] 127.0.0.1 /index.php/Home/cart/edit.html?goods_id=27&goods_cart_count=12
INFO: [ app_begin ] --START--
INFO: Run Behavior\ReadHtmlCacheBehavior [ RunTime:0.000194s ]
INFO: [ app_begin ] --END-- [ RunTime:0.000352s ]
SQL: SHOW COLUMNS FROM `tp_category` [ RunTime:0.0034s ]
SQL: SELECT * FROM `tp_category` WHERE ( display=1 )  [ RunTime:0.0001s ]
SQL: SHOW COLUMNS FROM `tp_cart` [ RunTime:0.0020s ]
SQL: UPDATE `tp_cart` SET `goods_cart_count`='12' WHERE ( goods_id=27 and uid=2 ) [ RunTime:0.0001s ]

[ 2017-09-28T11:31:01+08:00 ] 127.0.0.1 /index.php/Home/cart/edit.html?goods_id=27&goods_cart_count=13
INFO: [ app_begin ] --START--
INFO: Run Behavior\ReadHtmlCacheBehavior [ RunTime:0.000193s ]
INFO: [ app_begin ] --END-- [ RunTime:0.000350s ]
SQL: SHOW COLUMNS FROM `tp_category` [ RunTime:0.0035s ]
SQL: SELECT * FROM `tp_category` WHERE ( display=1 )  [ RunTime:0.0001s ]
SQL: SHOW COLUMNS FROM `tp_cart` [ RunTime:0.0020s ]
SQL: UPDATE `tp_cart` SET `goods_cart_count`='13' WHERE ( goods_id=27 and uid=2 ) [ RunTime:0.0001s ]

[ 2017-09-28T11:31:02+08:00 ] 127.0.0.1 /index.php/Home/cart/edit.html?goods_id=27&goods_cart_count=14
INFO: [ app_begin ] --START--
INFO: Run Behavior\ReadHtmlCacheBehavior [ RunTime:0.000191s ]
INFO: [ app_begin ] --END-- [ RunTime:0.000346s ]
SQL: SHOW COLUMNS FROM `tp_category` [ RunTime:0.0034s ]
SQL: SELECT * FROM `tp_category` WHERE ( display=1 )  [ RunTime:0.0001s ]
SQL: SHOW COLUMNS FROM `tp_cart` [ RunTime:0.0022s ]
SQL: UPDATE `tp_cart` SET `goods_cart_count`='14' WHERE ( goods_id=27 and uid=2 ) [ RunTime:0.0001s ]

[ 2017-09-28T11:31:03+08:00 ] 127.0.0.1 /index.php/Home/cart/edit.html?goods_id=27&goods_cart_count=15
INFO: [ app_begin ] --START--
INFO: Run Behavior\ReadHtmlCacheBehavior [ RunTime:0.000194s ]
INFO: [ app_begin ] --END-- [ RunTime:0.000349s ]
SQL: SHOW COLUMNS FROM `tp_category` [ RunTime:0.0059s ]
SQL: SELECT * FROM `tp_category` WHERE ( display=1 )  [ RunTime:0.0001s ]
SQL: SHOW COLUMNS FROM `tp_cart` [ RunTime:0.0021s ]
SQL: UPDATE `tp_cart` SET `goods_cart_count`='15' WHERE ( goods_id=27 and uid=2 ) [ RunTime:0.0001s ]

[ 2017-09-28T11:35:32+08:00 ] 127.0.0.1 /index.php/Home/cart/edit.html?goods_id=1&goods_cart_count=4
INFO: [ app_begin ] --START--
INFO: Run Behavior\ReadHtmlCacheBehavior [ RunTime:0.000196s ]
INFO: [ app_begin ] --END-- [ RunTime:0.000351s ]
SQL: SHOW COLUMNS FROM `tp_category` [ RunTime:0.0033s ]
SQL: SELECT * FROM `tp_category` WHERE ( display=1 )  [ RunTime:0.0001s ]
SQL: SHOW COLUMNS FROM `tp_cart` [ RunTime:0.0020s ]

[ 2017-09-28T11:35:32+08:00 ] 127.0.0.1 /index.php/Home/cart/edit.html?goods_id=1&goods_cart_count=5
INFO: [ app_begin ] --START--
INFO: Run Behavior\ReadHtmlCacheBehavior [ RunTime:0.000191s ]
INFO: [ app_begin ] --END-- [ RunTime:0.000349s ]
SQL: SHOW COLUMNS FROM `tp_category` [ RunTime:0.0034s ]
SQL: SELECT * FROM `tp_category` WHERE ( display=1 )  [ RunTime:0.0001s ]
SQL: SHOW COLUMNS FROM `tp_cart` [ RunTime:0.0020s ]

[ 2017-09-28T11:35:38+08:00 ] 127.0.0.1 /index.php/Home/cart/edit.html?goods_id=1&goods_cart_count=6
INFO: [ app_begin ] --START--
INFO: Run Behavior\ReadHtmlCacheBehavior [ RunTime:0.000202s ]
INFO: [ app_begin ] --END-- [ RunTime:0.000364s ]
SQL: SHOW COLUMNS FROM `tp_category` [ RunTime:0.0035s ]
SQL: SELECT * FROM `tp_category` WHERE ( display=1 )  [ RunTime:0.0001s ]
SQL: SHOW COLUMNS FROM `tp_cart` [ RunTime:0.0020s ]

[ 2017-09-28T11:35:38+08:00 ] 127.0.0.1 /index.php/Home/cart/edit.html?goods_id=1&goods_cart_count=7
INFO: [ app_begin ] --START--
INFO: Run Behavior\ReadHtmlCacheBehavior [ RunTime:0.000198s ]
INFO: [ app_begin ] --END-- [ RunTime:0.000360s ]
SQL: SHOW COLUMNS FROM `tp_category` [ RunTime:0.0035s ]
SQL: SELECT * FROM `tp_category` WHERE ( display=1 )  [ RunTime:0.0001s ]
SQL: SHOW COLUMNS FROM `tp_cart` [ RunTime:0.0020s ]

[ 2017-09-28T11:35:38+08:00 ] 127.0.0.1 /index.php/Home/cart/edit.html?goods_id=1&goods_cart_count=8
INFO: [ app_begin ] --START--
INFO: Run Behavior\ReadHtmlCacheBehavior [ RunTime:0.000192s ]
INFO: [ app_begin ] --END-- [ RunTime:0.000347s ]
SQL: SHOW COLUMNS FROM `tp_category` [ RunTime:0.0034s ]
SQL: SELECT * FROM `tp_category` WHERE ( display=1 )  [ RunTime:0.0001s ]
SQL: SHOW COLUMNS FROM `tp_cart` [ RunTime:0.0020s ]

[ 2017-09-28T11:37:37+08:00 ] 127.0.0.1 /index.php/Home/cart/edit.html?goods_id=27&goods_cart_count=9
INFO: [ app_begin ] --START--
INFO: Run Behavior\ReadHtmlCacheBehavior [ RunTime:0.000328s ]
INFO: [ app_begin ] --END-- [ RunTime:0.000542s ]
SQL: SHOW COLUMNS FROM `tp_category` [ RunTime:0.0059s ]
SQL: SELECT * FROM `tp_category` WHERE ( display=1 )  [ RunTime:0.0001s ]
SQL: SHOW COLUMNS FROM `tp_cart` [ RunTime:0.0023s ]
SQL: UPDATE `tp_cart` SET `goods_cart_count`='9' WHERE ( goods_id=27 and uid=2 ) [ RunTime:0.0002s ]

[ 2017-09-28T11:38:01+08:00 ] 127.0.0.1 /index.php/Home/cart/edit.html?goods_id=27&goods_cart_count=10
INFO: [ app_begin ] --START--
INFO: Run Behavior\ReadHtmlCacheBehavior [ RunTime:0.000237s ]
INFO: [ app_begin ] --END-- [ RunTime:0.000423s ]
SQL: SHOW COLUMNS FROM `tp_category` [ RunTime:0.0023s ]
SQL: SELECT * FROM `tp_category` WHERE ( display=1 )  [ RunTime:0.0001s ]
SQL: SHOW COLUMNS FROM `tp_cart` [ RunTime:0.0020s ]
SQL: UPDATE `tp_cart` SET `goods_cart_count`='10' WHERE ( goods_id=27 and uid=2 ) [ RunTime:0.0001s ]

[ 2017-09-28T14:25:09+08:00 ] 127.0.0.1 /index.php/Home/cart/edit.html?goods_id=1&goods_cart_count=5
INFO: [ app_begin ] --START--
INFO: Run Behavior\ReadHtmlCacheBehavior [ RunTime:0.000195s ]
INFO: [ app_begin ] --END-- [ RunTime:0.000352s ]
SQL: SHOW COLUMNS FROM `tp_category` [ RunTime:0.1729s ]
SQL: SELECT * FROM `tp_category` WHERE ( display=1 )  [ RunTime:0.0001s ]
SQL: SHOW COLUMNS FROM `tp_cart` [ RunTime:0.0040s ]

[ 2017-09-28T14:25:12+08:00 ] 127.0.0.1 /index.php/Home/cart/edit.html?goods_id=1&goods_cart_count=6
INFO: [ app_begin ] --START--
INFO: Run Behavior\ReadHtmlCacheBehavior [ RunTime:0.000218s ]
INFO: [ app_begin ] --END-- [ RunTime:0.000395s ]
SQL: SHOW COLUMNS FROM `tp_category` [ RunTime:0.0073s ]
SQL: SELECT * FROM `tp_category` WHERE ( display=1 )  [ RunTime:0.0001s ]
SQL: SHOW COLUMNS FROM `tp_cart` [ RunTime:0.0033s ]

[ 2017-09-28T14:25:12+08:00 ] 127.0.0.1 /index.php/Home/cart/edit.html?goods_id=1&goods_cart_count=7
INFO: [ app_begin ] --START--
INFO: Run Behavior\ReadHtmlCacheBehavior [ RunTime:0.000211s ]
INFO: [ app_begin ] --END-- [ RunTime:0.000392s ]
SQL: SHOW COLUMNS FROM `tp_category` [ RunTime:0.0048s ]
SQL: SELECT * FROM `tp_category` WHERE ( display=1 )  [ RunTime:0.0002s ]
SQL: SHOW COLUMNS FROM `tp_cart` [ RunTime:0.0033s ]

[ 2017-09-28T14:25:12+08:00 ] 127.0.0.1 /index.php/Home/cart/edit.html?goods_id=1&goods_cart_count=8
INFO: [ app_begin ] --START--
INFO: Run Behavior\ReadHtmlCacheBehavior [ RunTime:0.000202s ]
INFO: [ app_begin ] --END-- [ RunTime:0.000367s ]
SQL: SHOW COLUMNS FROM `tp_category` [ RunTime:0.0048s ]
SQL: SELECT * FROM `tp_category` WHERE ( display=1 )  [ RunTime:0.0001s ]
SQL: SHOW COLUMNS FROM `tp_cart` [ RunTime:0.0033s ]

[ 2017-09-28T14:25:39+08:00 ] 127.0.0.1 /index.php/Home/cart/edit.html?goods_id=1&goods_cart_count=9
INFO: [ app_begin ] --START--
INFO: Run Behavior\ReadHtmlCacheBehavior [ RunTime:0.000196s ]
INFO: [ app_begin ] --END-- [ RunTime:0.000356s ]
SQL: SHOW COLUMNS FROM `tp_category` [ RunTime:0.0025s ]
SQL: SELECT * FROM `tp_category` WHERE ( display=1 )  [ RunTime:0.0001s ]
SQL: SHOW COLUMNS FROM `tp_cart` [ RunTime:0.0023s ]
SQL: UPDATE `tp_cart` SET `goods_cart_count`='9' WHERE ( goods_id=1 and uid=2 ) [ RunTime:0.0002s ]

[ 2017-09-28T14:25:39+08:00 ] 127.0.0.1 /index.php/Home/cart/edit.html?goods_id=1&goods_cart_count=10
INFO: [ app_begin ] --START--
INFO: Run Behavior\ReadHtmlCacheBehavior [ RunTime:0.000226s ]
INFO: [ app_begin ] --END-- [ RunTime:0.000425s ]
SQL: SHOW COLUMNS FROM `tp_category` [ RunTime:0.0021s ]
SQL: SELECT * FROM `tp_category` WHERE ( display=1 )  [ RunTime:0.0001s ]
SQL: SHOW COLUMNS FROM `tp_cart` [ RunTime:0.0020s ]
SQL: UPDATE `tp_cart` SET `goods_cart_count`='10' WHERE ( goods_id=1 and uid=2 ) [ RunTime:0.0001s ]

[ 2017-09-28T14:25:45+08:00 ] 127.0.0.1 /index.php/Home/cart/edit.html?goods_id=9&goods_cart_count=3
INFO: [ app_begin ] --START--
INFO: Run Behavior\ReadHtmlCacheBehavior [ RunTime:0.000320s ]
INFO: [ app_begin ] --END-- [ RunTime:0.000533s ]
SQL: SHOW COLUMNS FROM `tp_category` [ RunTime:0.0035s ]
SQL: SELECT * FROM `tp_category` WHERE ( display=1 )  [ RunTime:0.0001s ]
SQL: SHOW COLUMNS FROM `tp_cart` [ RunTime:0.0020s ]
SQL: UPDATE `tp_cart` SET `goods_cart_count`='3' WHERE ( goods_id=9 and uid=2 ) [ RunTime:0.0001s ]

[ 2017-09-28T14:25:45+08:00 ] 127.0.0.1 /index.php/Home/cart/edit.html?goods_id=9&goods_cart_count=4
INFO: [ app_begin ] --START--
INFO: Run Behavior\ReadHtmlCacheBehavior [ RunTime:0.000251s ]
INFO: [ app_begin ] --END-- [ RunTime:0.000450s ]
SQL: SHOW COLUMNS FROM `tp_category` [ RunTime:0.0034s ]
SQL: SELECT * FROM `tp_category` WHERE ( display=1 )  [ RunTime:0.0001s ]
SQL: SHOW COLUMNS FROM `tp_cart` [ RunTime:0.0020s ]
SQL: UPDATE `tp_cart` SET `goods_cart_count`='4' WHERE ( goods_id=9 and uid=2 ) [ RunTime:0.0001s ]

[ 2017-09-28T14:25:45+08:00 ] 127.0.0.1 /index.php/Home/cart/edit.html?goods_id=9&goods_cart_count=5
INFO: [ app_begin ] --START--
INFO: Run Behavior\ReadHtmlCacheBehavior [ RunTime:0.000287s ]
INFO: [ app_begin ] --END-- [ RunTime:0.000459s ]
SQL: SHOW COLUMNS FROM `tp_category` [ RunTime:0.0034s ]
SQL: SELECT * FROM `tp_category` WHERE ( display=1 )  [ RunTime:0.0001s ]
SQL: SHOW COLUMNS FROM `tp_cart` [ RunTime:0.0024s ]
SQL: UPDATE `tp_cart` SET `goods_cart_count`='5' WHERE ( goods_id=9 and uid=2 ) [ RunTime:0.0002s ]

[ 2017-09-28T14:25:48+08:00 ] 127.0.0.1 /index.php/Home/cart/edit.html?goods_id=9&goods_cart_count=4
INFO: [ app_begin ] --START--
INFO: Run Behavior\ReadHtmlCacheBehavior [ RunTime:0.000201s ]
INFO: [ app_begin ] --END-- [ RunTime:0.000363s ]
SQL: SHOW COLUMNS FROM `tp_category` [ RunTime:0.0035s ]
SQL: SELECT * FROM `tp_category` WHERE ( display=1 )  [ RunTime:0.0001s ]
SQL: SHOW COLUMNS FROM `tp_cart` [ RunTime:0.0020s ]
SQL: UPDATE `tp_cart` SET `goods_cart_count`='4' WHERE ( goods_id=9 and uid=2 ) [ RunTime:0.0001s ]

[ 2017-09-28T14:25:48+08:00 ] 127.0.0.1 /index.php/Home/cart/edit.html?goods_id=9&goods_cart_count=3
INFO: [ app_begin ] --START--
INFO: Run Behavior\ReadHtmlCacheBehavior [ RunTime:0.000197s ]
INFO: [ app_begin ] --END-- [ RunTime:0.000354s ]
SQL: SHOW COLUMNS FROM `tp_category` [ RunTime:0.0034s ]
SQL: SELECT * FROM `tp_category` WHERE ( display=1 )  [ RunTime:0.0001s ]
SQL: SHOW COLUMNS FROM `tp_cart` [ RunTime:0.0022s ]
SQL: UPDATE `tp_cart` SET `goods_cart_count`='3' WHERE ( goods_id=9 and uid=2 ) [ RunTime:0.0001s ]

[ 2017-09-28T14:25:48+08:00 ] 127.0.0.1 /index.php/Home/cart/edit.html?goods_id=9&goods_cart_count=2
INFO: [ app_begin ] --START--
INFO: Run Behavior\ReadHtmlCacheBehavior [ RunTime:0.000210s ]
INFO: [ app_begin ] --END-- [ RunTime:0.000368s ]
SQL: SHOW COLUMNS FROM `tp_category` [ RunTime:0.0047s ]
SQL: SELECT * FROM `tp_category` WHERE ( display=1 )  [ RunTime:0.0001s ]
SQL: SHOW COLUMNS FROM `tp_cart` [ RunTime:0.0033s ]
SQL: UPDATE `tp_cart` SET `goods_cart_count`='2' WHERE ( goods_id=9 and uid=2 ) [ RunTime:0.0001s ]

[ 2017-09-28T15:03:53+08:00 ] 127.0.0.1 /index.php/Home/cart/edit.html?goods_id=1&goods_cart_count=6
INFO: [ app_begin ] --START--
INFO: Run Behavior\ReadHtmlCacheBehavior [ RunTime:0.000194s ]
INFO: [ app_begin ] --END-- [ RunTime:0.000350s ]
SQL: SHOW COLUMNS FROM `tp_category` [ RunTime:0.0049s ]
SQL: SELECT * FROM `tp_category` WHERE ( display=1 )  [ RunTime:0.0001s ]
SQL: SHOW COLUMNS FROM `tp_cart` [ RunTime:0.0035s ]
SQL: UPDATE `tp_cart` SET `goods_cart_count`='6' WHERE ( goods_id=1 and uid=2 ) [ RunTime:0.0001s ]

[ 2017-09-28T15:03:55+08:00 ] 127.0.0.1 /index.php/Home/cart/edit.html?goods_id=1&goods_cart_count=5
INFO: [ app_begin ] --START--
INFO: Run Behavior\ReadHtmlCacheBehavior [ RunTime:0.000193s ]
INFO: [ app_begin ] --END-- [ RunTime:0.000350s ]
SQL: SHOW COLUMNS FROM `tp_category` [ RunTime:0.0048s ]
SQL: SELECT * FROM `tp_category` WHERE ( display=1 )  [ RunTime:0.0001s ]
SQL: SHOW COLUMNS FROM `tp_cart` [ RunTime:0.0033s ]
SQL: UPDATE `tp_cart` SET `goods_cart_count`='5' WHERE ( goods_id=1 and uid=2 ) [ RunTime:0.0001s ]

[ 2017-09-28T15:03:56+08:00 ] 127.0.0.1 /index.php/Home/cart/edit.html?goods_id=1&goods_cart_count=4
INFO: [ app_begin ] --START--
INFO: Run Behavior\ReadHtmlCacheBehavior [ RunTime:0.000194s ]
INFO: [ app_begin ] --END-- [ RunTime:0.000353s ]
SQL: SHOW COLUMNS FROM `tp_category` [ RunTime:0.0047s ]
SQL: SELECT * FROM `tp_category` WHERE ( display=1 )  [ RunTime:0.0001s ]
SQL: SHOW COLUMNS FROM `tp_cart` [ RunTime:0.0033s ]
SQL: UPDATE `tp_cart` SET `goods_cart_count`='4' WHERE ( goods_id=1 and uid=2 ) [ RunTime:0.0001s ]

[ 2017-09-28T15:03:57+08:00 ] 127.0.0.1 /index.php/Home/cart/edit.html?goods_id=2&goods_cart_count=4
INFO: [ app_begin ] --START--
INFO: Run Behavior\ReadHtmlCacheBehavior [ RunTime:0.000199s ]
INFO: [ app_begin ] --END-- [ RunTime:0.000357s ]
SQL: SHOW COLUMNS FROM `tp_category` [ RunTime:0.0037s ]
SQL: SELECT * FROM `tp_category` WHERE ( display=1 )  [ RunTime:0.0001s ]
SQL: SHOW COLUMNS FROM `tp_cart` [ RunTime:0.0032s ]
SQL: UPDATE `tp_cart` SET `goods_cart_count`='4' WHERE ( goods_id=2 and uid=2 ) [ RunTime:0.0001s ]

[ 2017-09-28T15:03:59+08:00 ] 127.0.0.1 /index.php/Home/cart/edit.html?goods_id=2&goods_cart_count=5
INFO: [ app_begin ] --START--
INFO: Run Behavior\ReadHtmlCacheBehavior [ RunTime:0.000193s ]
INFO: [ app_begin ] --END-- [ RunTime:0.000351s ]
SQL: SHOW COLUMNS FROM `tp_category` [ RunTime:0.0072s ]
SQL: SELECT * FROM `tp_category` WHERE ( display=1 )  [ RunTime:0.0001s ]
SQL: SHOW COLUMNS FROM `tp_cart` [ RunTime:0.0035s ]
SQL: UPDATE `tp_cart` SET `goods_cart_count`='5' WHERE ( goods_id=2 and uid=2 ) [ RunTime:0.0001s ]

[ 2017-09-28T15:03:59+08:00 ] 127.0.0.1 /index.php/Home/cart/edit.html?goods_id=2&goods_cart_count=6
INFO: [ app_begin ] --START--
INFO: Run Behavior\ReadHtmlCacheBehavior [ RunTime:0.000194s ]
INFO: [ app_begin ] --END-- [ RunTime:0.000349s ]
SQL: SHOW COLUMNS FROM `tp_category` [ RunTime:0.0048s ]
SQL: SELECT * FROM `tp_category` WHERE ( display=1 )  [ RunTime:0.0001s ]
SQL: SHOW COLUMNS FROM `tp_cart` [ RunTime:0.0033s ]
SQL: UPDATE `tp_cart` SET `goods_cart_count`='6' WHERE ( goods_id=2 and uid=2 ) [ RunTime:0.0002s ]

[ 2017-09-28T15:03:59+08:00 ] 127.0.0.1 /index.php/Home/cart/edit.html?goods_id=2&goods_cart_count=7
INFO: [ app_begin ] --START--
INFO: Run Behavior\ReadHtmlCacheBehavior [ RunTime:0.000192s ]
INFO: [ app_begin ] --END-- [ RunTime:0.000349s ]
SQL: SHOW COLUMNS FROM `tp_category` [ RunTime:0.0046s ]
SQL: SELECT * FROM `tp_category` WHERE ( display=1 )  [ RunTime:0.0001s ]
SQL: SHOW COLUMNS FROM `tp_cart` [ RunTime:0.0031s ]
SQL: UPDATE `tp_cart` SET `goods_cart_count`='7' WHERE ( goods_id=2 and uid=2 ) [ RunTime:0.0001s ]

[ 2017-09-28T15:04:00+08:00 ] 127.0.0.1 /index.php/Home/cart/edit.html?goods_id=2&goods_cart_count=8
INFO: [ app_begin ] --START--
INFO: Run Behavior\ReadHtmlCacheBehavior [ RunTime:0.000193s ]
INFO: [ app_begin ] --END-- [ RunTime:0.000348s ]
SQL: SHOW COLUMNS FROM `tp_category` [ RunTime:0.0046s ]
SQL: SELECT * FROM `tp_category` WHERE ( display=1 )  [ RunTime:0.0001s ]
SQL: SHOW COLUMNS FROM `tp_cart` [ RunTime:0.0033s ]
SQL: UPDATE `tp_cart` SET `goods_cart_count`='8' WHERE ( goods_id=2 and uid=2 ) [ RunTime:0.0001s ]

[ 2017-09-28T15:04:00+08:00 ] 127.0.0.1 /index.php/Home/cart/edit.html?goods_id=2&goods_cart_count=9
INFO: [ app_begin ] --START--
INFO: Run Behavior\ReadHtmlCacheBehavior [ RunTime:0.000195s ]
INFO: [ app_begin ] --END-- [ RunTime:0.000352s ]
SQL: SHOW COLUMNS FROM `tp_category` [ RunTime:0.0047s ]
SQL: SELECT * FROM `tp_category` WHERE ( display=1 )  [ RunTime:0.0001s ]
SQL: SHOW COLUMNS FROM `tp_cart` [ RunTime:0.0032s ]
SQL: UPDATE `tp_cart` SET `goods_cart_count`='9' WHERE ( goods_id=2 and uid=2 ) [ RunTime:0.0001s ]

[ 2017-09-28T15:04:00+08:00 ] 127.0.0.1 /index.php/Home/cart/edit.html?goods_id=2&goods_cart_count=10
INFO: [ app_begin ] --START--
INFO: Run Behavior\ReadHtmlCacheBehavior [ RunTime:0.000195s ]
INFO: [ app_begin ] --END-- [ RunTime:0.000350s ]
SQL: SHOW COLUMNS FROM `tp_category` [ RunTime:0.0046s ]
SQL: SELECT * FROM `tp_category` WHERE ( display=1 )  [ RunTime:0.0001s ]
SQL: SHOW COLUMNS FROM `tp_cart` [ RunTime:0.0034s ]
SQL: UPDATE `tp_cart` SET `goods_cart_count`='10' WHERE ( goods_id=2 and uid=2 ) [ RunTime:0.0001s ]

[ 2017-09-28T15:04:01+08:00 ] 127.0.0.1 /index.php/Home/cart/edit.html?goods_id=2&goods_cart_count=9
INFO: [ app_begin ] --START--
INFO: Run Behavior\ReadHtmlCacheBehavior [ RunTime:0.000193s ]
INFO: [ app_begin ] --END-- [ RunTime:0.000353s ]
SQL: SHOW COLUMNS FROM `tp_category` [ RunTime:0.0046s ]
SQL: SELECT * FROM `tp_category` WHERE ( display=1 )  [ RunTime:0.0001s ]
SQL: SHOW COLUMNS FROM `tp_cart` [ RunTime:0.0033s ]
SQL: UPDATE `tp_cart` SET `goods_cart_count`='9' WHERE ( goods_id=2 and uid=2 ) [ RunTime:0.0001s ]

[ 2017-09-28T15:04:01+08:00 ] 127.0.0.1 /index.php/Home/cart/edit.html?goods_id=2&goods_cart_count=8
INFO: [ app_begin ] --START--
INFO: Run Behavior\ReadHtmlCacheBehavior [ RunTime:0.000194s ]
INFO: [ app_begin ] --END-- [ RunTime:0.000351s ]
SQL: SHOW COLUMNS FROM `tp_category` [ RunTime:0.0046s ]
SQL: SELECT * FROM `tp_category` WHERE ( display=1 )  [ RunTime:0.0001s ]
SQL: SHOW COLUMNS FROM `tp_cart` [ RunTime:0.0033s ]
SQL: UPDATE `tp_cart` SET `goods_cart_count`='8' WHERE ( goods_id=2 and uid=2 ) [ RunTime:0.0002s ]

[ 2017-09-28T15:04:01+08:00 ] 127.0.0.1 /index.php/Home/cart/edit.html?goods_id=2&goods_cart_count=7
INFO: [ app_begin ] --START--
INFO: Run Behavior\ReadHtmlCacheBehavior [ RunTime:0.000193s ]
INFO: [ app_begin ] --END-- [ RunTime:0.000349s ]
SQL: SHOW COLUMNS FROM `tp_category` [ RunTime:0.0046s ]
SQL: SELECT * FROM `tp_category` WHERE ( display=1 )  [ RunTime:0.0001s ]
SQL: SHOW COLUMNS FROM `tp_cart` [ RunTime:0.0032s ]
SQL: UPDATE `tp_cart` SET `goods_cart_count`='7' WHERE ( goods_id=2 and uid=2 ) [ RunTime:0.0001s ]

[ 2017-09-28T15:04:01+08:00 ] 127.0.0.1 /index.php/Home/cart/edit.html?goods_id=2&goods_cart_count=6
INFO: [ app_begin ] --START--
INFO: Run Behavior\ReadHtmlCacheBehavior [ RunTime:0.000195s ]
INFO: [ app_begin ] --END-- [ RunTime:0.000353s ]
SQL: SHOW COLUMNS FROM `tp_category` [ RunTime:0.0046s ]
SQL: SELECT * FROM `tp_category` WHERE ( display=1 )  [ RunTime:0.0002s ]
SQL: SHOW COLUMNS FROM `tp_cart` [ RunTime:0.0034s ]
SQL: UPDATE `tp_cart` SET `goods_cart_count`='6' WHERE ( goods_id=2 and uid=2 ) [ RunTime:0.0001s ]

[ 2017-09-28T15:04:01+08:00 ] 127.0.0.1 /index.php/Home/cart/edit.html?goods_id=2&goods_cart_count=5
INFO: [ app_begin ] --START--
INFO: Run Behavior\ReadHtmlCacheBehavior [ RunTime:0.000194s ]
INFO: [ app_begin ] --END-- [ RunTime:0.000350s ]
SQL: SHOW COLUMNS FROM `tp_category` [ RunTime:0.0046s ]
SQL: SELECT * FROM `tp_category` WHERE ( display=1 )  [ RunTime:0.0001s ]
SQL: SHOW COLUMNS FROM `tp_cart` [ RunTime:0.0032s ]
SQL: UPDATE `tp_cart` SET `goods_cart_count`='5' WHERE ( goods_id=2 and uid=2 ) [ RunTime:0.0001s ]

[ 2017-09-28T15:04:01+08:00 ] 127.0.0.1 /index.php/Home/cart/edit.html?goods_id=2&goods_cart_count=4
INFO: [ app_begin ] --START--
INFO: Run Behavior\ReadHtmlCacheBehavior [ RunTime:0.000194s ]
INFO: [ app_begin ] --END-- [ RunTime:0.000352s ]
SQL: SHOW COLUMNS FROM `tp_category` [ RunTime:0.0033s ]
SQL: SELECT * FROM `tp_category` WHERE ( display=1 )  [ RunTime:0.0001s ]
SQL: SHOW COLUMNS FROM `tp_cart` [ RunTime:0.0032s ]
SQL: UPDATE `tp_cart` SET `goods_cart_count`='4' WHERE ( goods_id=2 and uid=2 ) [ RunTime:0.0001s ]

[ 2017-09-28T15:04:02+08:00 ] 127.0.0.1 /index.php/Home/cart/edit.html?goods_id=2&goods_cart_count=3
INFO: [ app_begin ] --START--
INFO: Run Behavior\ReadHtmlCacheBehavior [ RunTime:0.000192s ]
INFO: [ app_begin ] --END-- [ RunTime:0.000349s ]
SQL: SHOW COLUMNS FROM `tp_category` [ RunTime:0.0046s ]
SQL: SELECT * FROM `tp_category` WHERE ( display=1 )  [ RunTime:0.0001s ]
SQL: SHOW COLUMNS FROM `tp_cart` [ RunTime:0.0034s ]
SQL: UPDATE `tp_cart` SET `goods_cart_count`='3' WHERE ( goods_id=2 and uid=2 ) [ RunTime:0.0001s ]

[ 2017-09-28T15:04:02+08:00 ] 127.0.0.1 /index.php/Home/cart/edit.html?goods_id=2&goods_cart_count=2
INFO: [ app_begin ] --START--
INFO: Run Behavior\ReadHtmlCacheBehavior [ RunTime:0.000197s ]
INFO: [ app_begin ] --END-- [ RunTime:0.000355s ]
SQL: SHOW COLUMNS FROM `tp_category` [ RunTime:0.0045s ]
SQL: SELECT * FROM `tp_category` WHERE ( display=1 )  [ RunTime:0.0001s ]
SQL: SHOW COLUMNS FROM `tp_cart` [ RunTime:0.0033s ]
SQL: UPDATE `tp_cart` SET `goods_cart_count`='2' WHERE ( goods_id=2 and uid=2 ) [ RunTime:0.0001s ]

[ 2017-09-28T15:04:02+08:00 ] 127.0.0.1 /index.php/Home/cart/edit.html?goods_id=2&goods_cart_count=1
INFO: [ app_begin ] --START--
INFO: Run Behavior\ReadHtmlCacheBehavior [ RunTime:0.000194s ]
INFO: [ app_begin ] --END-- [ RunTime:0.000351s ]
SQL: SHOW COLUMNS FROM `tp_category` [ RunTime:0.0049s ]
SQL: SELECT * FROM `tp_category` WHERE ( display=1 )  [ RunTime:0.0002s ]
SQL: SHOW COLUMNS FROM `tp_cart` [ RunTime:0.0035s ]
SQL: UPDATE `tp_cart` SET `goods_cart_count`='1' WHERE ( goods_id=2 and uid=2 ) [ RunTime:0.0001s ]

[ 2017-09-28T15:04:03+08:00 ] 127.0.0.1 /index.php/Home/cart/edit.html?goods_id=2&goods_cart_count=2
INFO: [ app_begin ] --START--
INFO: Run Behavior\ReadHtmlCacheBehavior [ RunTime:0.000192s ]
INFO: [ app_begin ] --END-- [ RunTime:0.000348s ]
SQL: SHOW COLUMNS FROM `tp_category` [ RunTime:0.0047s ]
SQL: SELECT * FROM `tp_category` WHERE ( display=1 )  [ RunTime:0.0001s ]
SQL: SHOW COLUMNS FROM `tp_cart` [ RunTime:0.0033s ]
SQL: UPDATE `tp_cart` SET `goods_cart_count`='2' WHERE ( goods_id=2 and uid=2 ) [ RunTime:0.0001s ]

[ 2017-09-28T15:04:03+08:00 ] 127.0.0.1 /index.php/Home/cart/edit.html?goods_id=2&goods_cart_count=3
INFO: [ app_begin ] --START--
INFO: Run Behavior\ReadHtmlCacheBehavior [ RunTime:0.000193s ]
INFO: [ app_begin ] --END-- [ RunTime:0.000350s ]
SQL: SHOW COLUMNS FROM `tp_category` [ RunTime:0.0046s ]
SQL: SELECT * FROM `tp_category` WHERE ( display=1 )  [ RunTime:0.0001s ]
SQL: SHOW COLUMNS FROM `tp_cart` [ RunTime:0.0032s ]
SQL: UPDATE `tp_cart` SET `goods_cart_count`='3' WHERE ( goods_id=2 and uid=2 ) [ RunTime:0.0001s ]

[ 2017-09-28T15:04:04+08:00 ] 127.0.0.1 /index.php/Home/cart/edit.html?goods_id=2&goods_cart_count=4
INFO: [ app_begin ] --START--
INFO: Run Behavior\ReadHtmlCacheBehavior [ RunTime:0.000195s ]
INFO: [ app_begin ] --END-- [ RunTime:0.000354s ]
SQL: SHOW COLUMNS FROM `tp_category` [ RunTime:0.0046s ]
SQL: SELECT * FROM `tp_category` WHERE ( display=1 )  [ RunTime:0.0001s ]
SQL: SHOW COLUMNS FROM `tp_cart` [ RunTime:0.0035s ]
SQL: UPDATE `tp_cart` SET `goods_cart_count`='4' WHERE ( goods_id=2 and uid=2 ) [ RunTime:0.0001s ]

[ 2017-09-28T15:04:04+08:00 ] 127.0.0.1 /index.php/Home/cart/edit.html?goods_id=2&goods_cart_count=5
INFO: [ app_begin ] --START--
INFO: Run Behavior\ReadHtmlCacheBehavior [ RunTime:0.000192s ]
INFO: [ app_begin ] --END-- [ RunTime:0.000349s ]
SQL: SHOW COLUMNS FROM `tp_category` [ RunTime:0.0046s ]
SQL: SELECT * FROM `tp_category` WHERE ( display=1 )  [ RunTime:0.0001s ]
SQL: SHOW COLUMNS FROM `tp_cart` [ RunTime:0.0033s ]
SQL: UPDATE `tp_cart` SET `goods_cart_count`='5' WHERE ( goods_id=2 and uid=2 ) [ RunTime:0.0001s ]

[ 2017-09-28T15:04:04+08:00 ] 127.0.0.1 /index.php/Home/cart/edit.html?goods_id=2&goods_cart_count=6
INFO: [ app_begin ] --START--
INFO: Run Behavior\ReadHtmlCacheBehavior [ RunTime:0.000195s ]
INFO: [ app_begin ] --END-- [ RunTime:0.000351s ]
SQL: SHOW COLUMNS FROM `tp_category` [ RunTime:0.0047s ]
SQL: SELECT * FROM `tp_category` WHERE ( display=1 )  [ RunTime:0.0001s ]
SQL: SHOW COLUMNS FROM `tp_cart` [ RunTime:0.0033s ]
SQL: UPDATE `tp_cart` SET `goods_cart_count`='6' WHERE ( goods_id=2 and uid=2 ) [ RunTime:0.0001s ]

[ 2017-09-28T15:04:04+08:00 ] 127.0.0.1 /index.php/Home/cart/edit.html?goods_id=2&goods_cart_count=7
INFO: [ app_begin ] --START--
INFO: Run Behavior\ReadHtmlCacheBehavior [ RunTime:0.000194s ]
INFO: [ app_begin ] --END-- [ RunTime:0.000351s ]
SQL: SHOW COLUMNS FROM `tp_category` [ RunTime:0.0047s ]
SQL: SELECT * FROM `tp_category` WHERE ( display=1 )  [ RunTime:0.0001s ]
SQL: SHOW COLUMNS FROM `tp_cart` [ RunTime:0.0033s ]
SQL: UPDATE `tp_cart` SET `goods_cart_count`='7' WHERE ( goods_id=2 and uid=2 ) [ RunTime:0.0001s ]

[ 2017-09-28T15:07:20+08:00 ] 127.0.0.1 /index.php/Home/cart/edit.html?goods_id=1&goods_cart_count=5
INFO: [ app_begin ] --START--
INFO: Run Behavior\ReadHtmlCacheBehavior [ RunTime:0.000193s ]
INFO: [ app_begin ] --END-- [ RunTime:0.000350s ]
SQL: SHOW COLUMNS FROM `tp_category` [ RunTime:0.0072s ]
SQL: SELECT * FROM `tp_category` WHERE ( display=1 )  [ RunTime:0.0001s ]
SQL: SHOW COLUMNS FROM `tp_cart` [ RunTime:0.0034s ]
SQL: UPDATE `tp_cart` SET `goods_cart_count`='5' WHERE ( goods_id=1 and uid=2 ) [ RunTime:0.0002s ]

[ 2017-09-28T15:07:21+08:00 ] 127.0.0.1 /index.php/Home/cart/edit.html?goods_id=1&goods_cart_count=6
INFO: [ app_begin ] --START--
INFO: Run Behavior\ReadHtmlCacheBehavior [ RunTime:0.000193s ]
INFO: [ app_begin ] --END-- [ RunTime:0.000351s ]
SQL: SHOW COLUMNS FROM `tp_category` [ RunTime:0.0046s ]
SQL: SELECT * FROM `tp_category` WHERE ( display=1 )  [ RunTime:0.0001s ]
SQL: SHOW COLUMNS FROM `tp_cart` [ RunTime:0.0032s ]
SQL: UPDATE `tp_cart` SET `goods_cart_count`='6' WHERE ( goods_id=1 and uid=2 ) [ RunTime:0.0001s ]

[ 2017-09-28T15:07:21+08:00 ] 127.0.0.1 /index.php/Home/cart/edit.html?goods_id=1&goods_cart_count=7
INFO: [ app_begin ] --START--
INFO: Run Behavior\ReadHtmlCacheBehavior [ RunTime:0.000195s ]
INFO: [ app_begin ] --END-- [ RunTime:0.000354s ]
SQL: SHOW COLUMNS FROM `tp_category` [ RunTime:0.0047s ]
SQL: SELECT * FROM `tp_category` WHERE ( display=1 )  [ RunTime:0.0001s ]
SQL: SHOW COLUMNS FROM `tp_cart` [ RunTime:0.0033s ]
SQL: UPDATE `tp_cart` SET `goods_cart_count`='7' WHERE ( goods_id=1 and uid=2 ) [ RunTime:0.0001s ]

[ 2017-09-28T15:07:23+08:00 ] 127.0.0.1 /index.php/Home/cart/edit.html?goods_id=2&goods_cart_count=8
INFO: [ app_begin ] --START--
INFO: Run Behavior\ReadHtmlCacheBehavior [ RunTime:0.000196s ]
INFO: [ app_begin ] --END-- [ RunTime:0.000355s ]
SQL: SHOW COLUMNS FROM `tp_category` [ RunTime:0.0047s ]
SQL: SELECT * FROM `tp_category` WHERE ( display=1 )  [ RunTime:0.0001s ]
SQL: SHOW COLUMNS FROM `tp_cart` [ RunTime:0.0035s ]
SQL: UPDATE `tp_cart` SET `goods_cart_count`='8' WHERE ( goods_id=2 and uid=2 ) [ RunTime:0.0001s ]

[ 2017-09-28T15:07:25+08:00 ] 127.0.0.1 /index.php/Home/cart/edit.html?goods_id=2&goods_cart_count=9
INFO: [ app_begin ] --START--
INFO: Run Behavior\ReadHtmlCacheBehavior [ RunTime:0.000192s ]
INFO: [ app_begin ] --END-- [ RunTime:0.000352s ]
SQL: SHOW COLUMNS FROM `tp_category` [ RunTime:0.0072s ]
SQL: SELECT * FROM `tp_category` WHERE ( display=1 )  [ RunTime:0.0001s ]
SQL: SHOW COLUMNS FROM `tp_cart` [ RunTime:0.0033s ]
SQL: UPDATE `tp_cart` SET `goods_cart_count`='9' WHERE ( goods_id=2 and uid=2 ) [ RunTime:0.0001s ]

[ 2017-09-28T15:12:14+08:00 ] 127.0.0.1 /index.php/Home/cart/edit.html?goods_id=2&goods_cart_count=6
INFO: [ app_begin ] --START--
INFO: Run Behavior\ReadHtmlCacheBehavior [ RunTime:0.000194s ]
INFO: [ app_begin ] --END-- [ RunTime:0.000351s ]
SQL: SHOW COLUMNS FROM `tp_category` [ RunTime:0.0047s ]
SQL: SELECT * FROM `tp_category` WHERE ( display=1 )  [ RunTime:0.0001s ]
SQL: SHOW COLUMNS FROM `tp_cart` [ RunTime:0.0033s ]

[ 2017-09-28T15:12:15+08:00 ] 127.0.0.1 /index.php/Home/cart/edit.html?goods_id=2&goods_cart_count=5
INFO: [ app_begin ] --START--
INFO: Run Behavior\ReadHtmlCacheBehavior [ RunTime:0.000195s ]
INFO: [ app_begin ] --END-- [ RunTime:0.000354s ]
SQL: SHOW COLUMNS FROM `tp_category` [ RunTime:0.0045s ]
SQL: SELECT * FROM `tp_category` WHERE ( display=1 )  [ RunTime:0.0001s ]
SQL: SHOW COLUMNS FROM `tp_cart` [ RunTime:0.0033s ]

[ 2017-09-28T15:12:15+08:00 ] 127.0.0.1 /index.php/Home/cart/edit.html?goods_id=2&goods_cart_count=4
INFO: [ app_begin ] --START--
INFO: Run Behavior\ReadHtmlCacheBehavior [ RunTime:0.000195s ]
INFO: [ app_begin ] --END-- [ RunTime:0.000352s ]
SQL: SHOW COLUMNS FROM `tp_category` [ RunTime:0.0046s ]
SQL: SELECT * FROM `tp_category` WHERE ( display=1 )  [ RunTime:0.0001s ]
SQL: SHOW COLUMNS FROM `tp_cart` [ RunTime:0.0034s ]

[ 2017-09-28T15:12:15+08:00 ] 127.0.0.1 /index.php/Home/cart/edit.html?goods_id=2&goods_cart_count=3
INFO: [ app_begin ] --START--
INFO: Run Behavior\ReadHtmlCacheBehavior [ RunTime:0.000195s ]
INFO: [ app_begin ] --END-- [ RunTime:0.000353s ]
SQL: SHOW COLUMNS FROM `tp_category` [ RunTime:0.0046s ]
SQL: SELECT * FROM `tp_category` WHERE ( display=1 )  [ RunTime:0.0001s ]
SQL: SHOW COLUMNS FROM `tp_cart` [ RunTime:0.0033s ]

[ 2017-09-28T15:12:15+08:00 ] 127.0.0.1 /index.php/Home/cart/edit.html?goods_id=2&goods_cart_count=2
INFO: [ app_begin ] --START--
INFO: Run Behavior\ReadHtmlCacheBehavior [ RunTime:0.000192s ]
INFO: [ app_begin ] --END-- [ RunTime:0.000349s ]
SQL: SHOW COLUMNS FROM `tp_category` [ RunTime:0.0033s ]
SQL: SELECT * FROM `tp_category` WHERE ( display=1 )  [ RunTime:0.0001s ]
SQL: SHOW COLUMNS FROM `tp_cart` [ RunTime:0.0039s ]

[ 2017-09-28T15:12:16+08:00 ] 127.0.0.1 /index.php/Home/cart/edit.html?goods_id=2&goods_cart_count=1
INFO: [ app_begin ] --START--
INFO: Run Behavior\ReadHtmlCacheBehavior [ RunTime:0.000193s ]
INFO: [ app_begin ] --END-- [ RunTime:0.000350s ]
SQL: SHOW COLUMNS FROM `tp_category` [ RunTime:0.0052s ]
SQL: SELECT * FROM `tp_category` WHERE ( display=1 )  [ RunTime:0.0001s ]
SQL: SHOW COLUMNS FROM `tp_cart` [ RunTime:0.0034s ]

[ 2017-09-28T15:12:21+08:00 ] 127.0.0.1 /index.php/Home/cart/edit.html?goods_id=1&goods_cart_count=19
INFO: [ app_begin ] --START--
INFO: Run Behavior\ReadHtmlCacheBehavior [ RunTime:0.000194s ]
INFO: [ app_begin ] --END-- [ RunTime:0.000351s ]
SQL: SHOW COLUMNS FROM `tp_category` [ RunTime:0.0047s ]
SQL: SELECT * FROM `tp_category` WHERE ( display=1 )  [ RunTime:0.0001s ]
SQL: SHOW COLUMNS FROM `tp_cart` [ RunTime:0.0034s ]

[ 2017-09-28T15:12:21+08:00 ] 127.0.0.1 /index.php/Home/cart/edit.html?goods_id=1&goods_cart_count=18
INFO: [ app_begin ] --START--
INFO: Run Behavior\ReadHtmlCacheBehavior [ RunTime:0.000195s ]
INFO: [ app_begin ] --END-- [ RunTime:0.000357s ]
SQL: SHOW COLUMNS FROM `tp_category` [ RunTime:0.0047s ]
SQL: SELECT * FROM `tp_category` WHERE ( display=1 )  [ RunTime:0.0001s ]
SQL: SHOW COLUMNS FROM `tp_cart` [ RunTime:0.0033s ]

[ 2017-09-28T15:12:21+08:00 ] 127.0.0.1 /index.php/Home/cart/edit.html?goods_id=1&goods_cart_count=17
INFO: [ app_begin ] --START--
INFO: Run Behavior\ReadHtmlCacheBehavior [ RunTime:0.000193s ]
INFO: [ app_begin ] --END-- [ RunTime:0.000347s ]
SQL: SHOW COLUMNS FROM `tp_category` [ RunTime:0.0048s ]
SQL: SELECT * FROM `tp_category` WHERE ( display=1 )  [ RunTime:0.0001s ]
SQL: SHOW COLUMNS FROM `tp_cart` [ RunTime:0.0033s ]

[ 2017-09-28T15:12:21+08:00 ] 127.0.0.1 /index.php/Home/cart/edit.html?goods_id=1&goods_cart_count=16
INFO: [ app_begin ] --START--
INFO: Run Behavior\ReadHtmlCacheBehavior [ RunTime:0.000193s ]
INFO: [ app_begin ] --END-- [ RunTime:0.000350s ]
SQL: SHOW COLUMNS FROM `tp_category` [ RunTime:0.0046s ]
SQL: SELECT * FROM `tp_category` WHERE ( display=1 )  [ RunTime:0.0001s ]
SQL: SHOW COLUMNS FROM `tp_cart` [ RunTime:0.0033s ]

[ 2017-09-28T15:12:21+08:00 ] 127.0.0.1 /index.php/Home/cart/edit.html?goods_id=1&goods_cart_count=15
INFO: [ app_begin ] --START--
INFO: Run Behavior\ReadHtmlCacheBehavior [ RunTime:0.000193s ]
INFO: [ app_begin ] --END-- [ RunTime:0.000352s ]
SQL: SHOW COLUMNS FROM `tp_category` [ RunTime:0.0047s ]
SQL: SELECT * FROM `tp_category` WHERE ( display=1 )  [ RunTime:0.0001s ]
SQL: SHOW COLUMNS FROM `tp_cart` [ RunTime:0.0034s ]

[ 2017-09-28T15:12:21+08:00 ] 127.0.0.1 /index.php/Home/cart/edit.html?goods_id=1&goods_cart_count=14
INFO: [ app_begin ] --START--
INFO: Run Behavior\ReadHtmlCacheBehavior [ RunTime:0.000241s ]
INFO: [ app_begin ] --END-- [ RunTime:0.000431s ]
SQL: SHOW COLUMNS FROM `tp_category` [ RunTime:0.0046s ]
SQL: SELECT * FROM `tp_category` WHERE ( display=1 )  [ RunTime:0.0001s ]
SQL: SHOW COLUMNS FROM `tp_cart` [ RunTime:0.0033s ]

[ 2017-09-28T15:12:22+08:00 ] 127.0.0.1 /index.php/Home/cart/edit.html?goods_id=1&goods_cart_count=13
INFO: [ app_begin ] --START--
INFO: Run Behavior\ReadHtmlCacheBehavior [ RunTime:0.000194s ]
INFO: [ app_begin ] --END-- [ RunTime:0.000352s ]
SQL: SHOW COLUMNS FROM `tp_category` [ RunTime:0.0047s ]
SQL: SELECT * FROM `tp_category` WHERE ( display=1 )  [ RunTime:0.0001s ]
SQL: SHOW COLUMNS FROM `tp_cart` [ RunTime:0.0033s ]

[ 2017-09-28T15:12:22+08:00 ] 127.0.0.1 /index.php/Home/cart/edit.html?goods_id=1&goods_cart_count=12
INFO: [ app_begin ] --START--
INFO: Run Behavior\ReadHtmlCacheBehavior [ RunTime:0.000192s ]
INFO: [ app_begin ] --END-- [ RunTime:0.000347s ]
SQL: SHOW COLUMNS FROM `tp_category` [ RunTime:0.0035s ]
SQL: SELECT * FROM `tp_category` WHERE ( display=1 )  [ RunTime:0.0001s ]
SQL: SHOW COLUMNS FROM `tp_cart` [ RunTime:0.0033s ]

[ 2017-09-28T15:12:22+08:00 ] 127.0.0.1 /index.php/Home/cart/edit.html?goods_id=1&goods_cart_count=11
INFO: [ app_begin ] --START--
INFO: Run Behavior\ReadHtmlCacheBehavior [ RunTime:0.000193s ]
INFO: [ app_begin ] --END-- [ RunTime:0.000349s ]
SQL: SHOW COLUMNS FROM `tp_category` [ RunTime:0.0046s ]
SQL: SELECT * FROM `tp_category` WHERE ( display=1 )  [ RunTime:0.0001s ]
SQL: SHOW COLUMNS FROM `tp_cart` [ RunTime:0.0035s ]

[ 2017-09-28T15:12:22+08:00 ] 127.0.0.1 /index.php/Home/cart/edit.html?goods_id=1&goods_cart_count=10
INFO: [ app_begin ] --START--
INFO: Run Behavior\ReadHtmlCacheBehavior [ RunTime:0.000195s ]
INFO: [ app_begin ] --END-- [ RunTime:0.000353s ]
SQL: SHOW COLUMNS FROM `tp_category` [ RunTime:0.0046s ]
SQL: SELECT * FROM `tp_category` WHERE ( display=1 )  [ RunTime:0.0001s ]
SQL: SHOW COLUMNS FROM `tp_cart` [ RunTime:0.0033s ]

[ 2017-09-28T15:12:23+08:00 ] 127.0.0.1 /index.php/Home/cart/edit.html?goods_id=1&goods_cart_count=9
INFO: [ app_begin ] --START--
INFO: Run Behavior\ReadHtmlCacheBehavior [ RunTime:0.000193s ]
INFO: [ app_begin ] --END-- [ RunTime:0.000350s ]
SQL: SHOW COLUMNS FROM `tp_category` [ RunTime:0.0047s ]
SQL: SELECT * FROM `tp_category` WHERE ( display=1 )  [ RunTime:0.0001s ]
SQL: SHOW COLUMNS FROM `tp_cart` [ RunTime:0.0033s ]

[ 2017-09-28T15:12:23+08:00 ] 127.0.0.1 /index.php/Home/cart/edit.html?goods_id=1&goods_cart_count=8
INFO: [ app_begin ] --START--
INFO: Run Behavior\ReadHtmlCacheBehavior [ RunTime:0.000197s ]
INFO: [ app_begin ] --END-- [ RunTime:0.000354s ]
SQL: SHOW COLUMNS FROM `tp_category` [ RunTime:0.0046s ]
SQL: SELECT * FROM `tp_category` WHERE ( display=1 )  [ RunTime:0.0001s ]
SQL: SHOW COLUMNS FROM `tp_cart` [ RunTime:0.0034s ]

[ 2017-09-28T15:12:23+08:00 ] 127.0.0.1 /index.php/Home/cart/edit.html?goods_id=1&goods_cart_count=7
INFO: [ app_begin ] --START--
INFO: Run Behavior\ReadHtmlCacheBehavior [ RunTime:0.000192s ]
INFO: [ app_begin ] --END-- [ RunTime:0.000348s ]
SQL: SHOW COLUMNS FROM `tp_category` [ RunTime:0.0046s ]
SQL: SELECT * FROM `tp_category` WHERE ( display=1 )  [ RunTime:0.0001s ]
SQL: SHOW COLUMNS FROM `tp_cart` [ RunTime:0.0034s ]

[ 2017-09-28T15:12:24+08:00 ] 127.0.0.1 /index.php/Home/cart/edit.html?goods_id=1&goods_cart_count=6
INFO: [ app_begin ] --START--
INFO: Run Behavior\ReadHtmlCacheBehavior [ RunTime:0.000199s ]
INFO: [ app_begin ] --END-- [ RunTime:0.000358s ]
SQL: SHOW COLUMNS FROM `tp_category` [ RunTime:0.0046s ]
SQL: SELECT * FROM `tp_category` WHERE ( display=1 )  [ RunTime:0.0001s ]
SQL: SHOW COLUMNS FROM `tp_cart` [ RunTime:0.0033s ]

[ 2017-09-28T15:12:24+08:00 ] 127.0.0.1 /index.php/Home/cart/edit.html?goods_id=1&goods_cart_count=5
INFO: [ app_begin ] --START--
INFO: Run Behavior\ReadHtmlCacheBehavior [ RunTime:0.000193s ]
INFO: [ app_begin ] --END-- [ RunTime:0.000351s ]
SQL: SHOW COLUMNS FROM `tp_category` [ RunTime:0.0047s ]
SQL: SELECT * FROM `tp_category` WHERE ( display=1 )  [ RunTime:0.0001s ]
SQL: SHOW COLUMNS FROM `tp_cart` [ RunTime:0.0033s ]

[ 2017-09-28T15:12:24+08:00 ] 127.0.0.1 /index.php/Home/cart/edit.html?goods_id=1&goods_cart_count=4
INFO: [ app_begin ] --START--
INFO: Run Behavior\ReadHtmlCacheBehavior [ RunTime:0.000192s ]
INFO: [ app_begin ] --END-- [ RunTime:0.000350s ]
SQL: SHOW COLUMNS FROM `tp_category` [ RunTime:0.0046s ]
SQL: SELECT * FROM `tp_category` WHERE ( display=1 )  [ RunTime:0.0001s ]
SQL: SHOW COLUMNS FROM `tp_cart` [ RunTime:0.0032s ]

[ 2017-09-28T15:12:24+08:00 ] 127.0.0.1 /index.php/Home/cart/edit.html?goods_id=1&goods_cart_count=3
INFO: [ app_begin ] --START--
INFO: Run Behavior\ReadHtmlCacheBehavior [ RunTime:0.000193s ]
INFO: [ app_begin ] --END-- [ RunTime:0.000354s ]
SQL: SHOW COLUMNS FROM `tp_category` [ RunTime:0.0047s ]
SQL: SELECT * FROM `tp_category` WHERE ( display=1 )  [ RunTime:0.0001s ]
SQL: SHOW COLUMNS FROM `tp_cart` [ RunTime:0.0036s ]

[ 2017-09-28T15:12:24+08:00 ] 127.0.0.1 /index.php/Home/cart/edit.html?goods_id=1&goods_cart_count=2
INFO: [ app_begin ] --START--
INFO: Run Behavior\ReadHtmlCacheBehavior [ RunTime:0.000196s ]
INFO: [ app_begin ] --END-- [ RunTime:0.000353s ]
SQL: SHOW COLUMNS FROM `tp_category` [ RunTime:0.0046s ]
SQL: SELECT * FROM `tp_category` WHERE ( display=1 )  [ RunTime:0.0001s ]
SQL: SHOW COLUMNS FROM `tp_cart` [ RunTime:0.0033s ]

[ 2017-09-28T15:12:24+08:00 ] 127.0.0.1 /index.php/Home/cart/edit.html?goods_id=1&goods_cart_count=1
INFO: [ app_begin ] --START--
INFO: Run Behavior\ReadHtmlCacheBehavior [ RunTime:0.000193s ]
INFO: [ app_begin ] --END-- [ RunTime:0.000350s ]
SQL: SHOW COLUMNS FROM `tp_category` [ RunTime:0.0034s ]
SQL: SELECT * FROM `tp_category` WHERE ( display=1 )  [ RunTime:0.0001s ]
SQL: SHOW COLUMNS FROM `tp_cart` [ RunTime:0.0034s ]

[ 2017-09-28T15:12:33+08:00 ] 127.0.0.1 /index.php/Home/cart/edit.html?goods_id=2&goods_cart_count=2
INFO: [ app_begin ] --START--
INFO: Run Behavior\ReadHtmlCacheBehavior [ RunTime:0.000226s ]
INFO: [ app_begin ] --END-- [ RunTime:0.000405s ]
SQL: SHOW COLUMNS FROM `tp_category` [ RunTime:0.1804s ]
SQL: SELECT * FROM `tp_category` WHERE ( display=1 )  [ RunTime:0.0001s ]
SQL: SHOW COLUMNS FROM `tp_cart` [ RunTime:0.0041s ]

[ 2017-09-28T15:12:35+08:00 ] 127.0.0.1 /index.php/Home/cart/edit.html?goods_id=1&goods_cart_count=2
INFO: [ app_begin ] --START--
INFO: Run Behavior\ReadHtmlCacheBehavior [ RunTime:0.000194s ]
INFO: [ app_begin ] --END-- [ RunTime:0.000350s ]
SQL: SHOW COLUMNS FROM `tp_category` [ RunTime:0.0047s ]
SQL: SELECT * FROM `tp_category` WHERE ( display=1 )  [ RunTime:0.0001s ]
SQL: SHOW COLUMNS FROM `tp_cart` [ RunTime:0.0033s ]

[ 2017-09-28T15:13:02+08:00 ] 127.0.0.1 /index.php/Home/cart/edit.html?goods_id=2&goods_cart_count=1
INFO: [ app_begin ] --START--
INFO: Run Behavior\ReadHtmlCacheBehavior [ RunTime:0.000195s ]
INFO: [ app_begin ] --END-- [ RunTime:0.000353s ]
SQL: SHOW COLUMNS FROM `tp_category` [ RunTime:0.0070s ]
SQL: SELECT * FROM `tp_category` WHERE ( display=1 )  [ RunTime:0.0002s ]
SQL: SHOW COLUMNS FROM `tp_cart` [ RunTime:0.0035s ]

[ 2017-09-28T15:13:04+08:00 ] 127.0.0.1 /index.php/Home/cart/edit.html?goods_id=32&goods_cart_count=1
INFO: [ app_begin ] --START--
INFO: Run Behavior\ReadHtmlCacheBehavior [ RunTime:0.000195s ]
INFO: [ app_begin ] --END-- [ RunTime:0.000352s ]
SQL: SHOW COLUMNS FROM `tp_category` [ RunTime:0.0046s ]
SQL: SELECT * FROM `tp_category` WHERE ( display=1 )  [ RunTime:0.0001s ]
SQL: SHOW COLUMNS FROM `tp_cart` [ RunTime:0.0033s ]

[ 2017-09-28T15:15:54+08:00 ] 127.0.0.1 /index.php/Home/cart/edit.html?goods_id=32&goods_cart_count=23
INFO: [ app_begin ] --START--
INFO: Run Behavior\ReadHtmlCacheBehavior [ RunTime:0.000193s ]
INFO: [ app_begin ] --END-- [ RunTime:0.000349s ]
SQL: SHOW COLUMNS FROM `tp_category` [ RunTime:0.0070s ]
SQL: SELECT * FROM `tp_category` WHERE ( display=1 )  [ RunTime:0.0001s ]
SQL: SHOW COLUMNS FROM `tp_cart` [ RunTime:0.0033s ]
SQL: UPDATE `tp_cart` SET `goods_cart_count`='23' WHERE ( goods_id=32 and uid=4 ) [ RunTime:0.0001s ]

[ 2017-09-28T15:15:55+08:00 ] 127.0.0.1 /index.php/Home/cart/edit.html?goods_id=32&goods_cart_count=22
INFO: [ app_begin ] --START--
INFO: Run Behavior\ReadHtmlCacheBehavior [ RunTime:0.000192s ]
INFO: [ app_begin ] --END-- [ RunTime:0.000350s ]
SQL: SHOW COLUMNS FROM `tp_category` [ RunTime:0.0071s ]
SQL: SELECT * FROM `tp_category` WHERE ( display=1 )  [ RunTime:0.0001s ]
SQL: SHOW COLUMNS FROM `tp_cart` [ RunTime:0.0035s ]
SQL: UPDATE `tp_cart` SET `goods_cart_count`='22' WHERE ( goods_id=32 and uid=4 ) [ RunTime:0.0001s ]

[ 2017-09-28T15:15:57+08:00 ] 127.0.0.1 /index.php/Home/cart/edit.html?goods_id=32&goods_cart_count=21
INFO: [ app_begin ] --START--
INFO: Run Behavior\ReadHtmlCacheBehavior [ RunTime:0.000196s ]
INFO: [ app_begin ] --END-- [ RunTime:0.000354s ]
SQL: SHOW COLUMNS FROM `tp_category` [ RunTime:0.0033s ]
SQL: SELECT * FROM `tp_category` WHERE ( display=1 )  [ RunTime:0.0001s ]
SQL: SHOW COLUMNS FROM `tp_cart` [ RunTime:0.0033s ]
SQL: UPDATE `tp_cart` SET `goods_cart_count`='21' WHERE ( goods_id=32 and uid=4 ) [ RunTime:0.0001s ]

[ 2017-09-28T15:15:57+08:00 ] 127.0.0.1 /index.php/Home/cart/edit.html?goods_id=32&goods_cart_count=20
INFO: [ app_begin ] --START--
INFO: Run Behavior\ReadHtmlCacheBehavior [ RunTime:0.000193s ]
INFO: [ app_begin ] --END-- [ RunTime:0.000350s ]
SQL: SHOW COLUMNS FROM `tp_category` [ RunTime:0.0046s ]
SQL: SELECT * FROM `tp_category` WHERE ( display=1 )  [ RunTime:0.0001s ]
SQL: SHOW COLUMNS FROM `tp_cart` [ RunTime:0.0035s ]
SQL: UPDATE `tp_cart` SET `goods_cart_count`='20' WHERE ( goods_id=32 and uid=4 ) [ RunTime:0.0001s ]

[ 2017-09-28T15:15:58+08:00 ] 127.0.0.1 /index.php/Home/cart/edit.html?goods_id=32&goods_cart_count=19
INFO: [ app_begin ] --START--
INFO: Run Behavior\ReadHtmlCacheBehavior [ RunTime:0.000197s ]
INFO: [ app_begin ] --END-- [ RunTime:0.000355s ]
SQL: SHOW COLUMNS FROM `tp_category` [ RunTime:0.0051s ]
SQL: SELECT * FROM `tp_category` WHERE ( display=1 )  [ RunTime:0.0001s ]
SQL: SHOW COLUMNS FROM `tp_cart` [ RunTime:0.0037s ]
SQL: UPDATE `tp_cart` SET `goods_cart_count`='19' WHERE ( goods_id=32 and uid=4 ) [ RunTime:0.0001s ]

[ 2017-09-28T15:15:58+08:00 ] 127.0.0.1 /index.php/Home/cart/edit.html?goods_id=32&goods_cart_count=18
INFO: [ app_begin ] --START--
INFO: Run Behavior\ReadHtmlCacheBehavior [ RunTime:0.000195s ]
INFO: [ app_begin ] --END-- [ RunTime:0.000355s ]
SQL: SHOW COLUMNS FROM `tp_category` [ RunTime:0.0048s ]
SQL: SELECT * FROM `tp_category` WHERE ( display=1 )  [ RunTime:0.0001s ]
SQL: SHOW COLUMNS FROM `tp_cart` [ RunTime:0.0034s ]
SQL: UPDATE `tp_cart` SET `goods_cart_count`='18' WHERE ( goods_id=32 and uid=4 ) [ RunTime:0.0001s ]

[ 2017-09-28T15:15:58+08:00 ] 127.0.0.1 /index.php/Home/cart/edit.html?goods_id=32&goods_cart_count=17
INFO: [ app_begin ] --START--
INFO: Run Behavior\ReadHtmlCacheBehavior [ RunTime:0.000191s ]
INFO: [ app_begin ] --END-- [ RunTime:0.000348s ]
SQL: SHOW COLUMNS FROM `tp_category` [ RunTime:0.0048s ]
SQL: SELECT * FROM `tp_category` WHERE ( display=1 )  [ RunTime:0.0001s ]
SQL: SHOW COLUMNS FROM `tp_cart` [ RunTime:0.0033s ]
SQL: UPDATE `tp_cart` SET `goods_cart_count`='17' WHERE ( goods_id=32 and uid=4 ) [ RunTime:0.0001s ]

[ 2017-09-28T15:15:58+08:00 ] 127.0.0.1 /index.php/Home/cart/edit.html?goods_id=32&goods_cart_count=16
INFO: [ app_begin ] --START--
INFO: Run Behavior\ReadHtmlCacheBehavior [ RunTime:0.000196s ]
INFO: [ app_begin ] --END-- [ RunTime:0.000353s ]
SQL: SHOW COLUMNS FROM `tp_category` [ RunTime:0.0035s ]
SQL: SELECT * FROM `tp_category` WHERE ( display=1 )  [ RunTime:0.0001s ]
SQL: SHOW COLUMNS FROM `tp_cart` [ RunTime:0.0033s ]
SQL: UPDATE `tp_cart` SET `goods_cart_count`='16' WHERE ( goods_id=32 and uid=4 ) [ RunTime:0.0001s ]

[ 2017-09-28T15:15:59+08:00 ] 127.0.0.1 /index.php/Home/cart/edit.html?goods_id=32&goods_cart_count=15
INFO: [ app_begin ] --START--
INFO: Run Behavior\ReadHtmlCacheBehavior [ RunTime:0.000191s ]
INFO: [ app_begin ] --END-- [ RunTime:0.000347s ]
SQL: SHOW COLUMNS FROM `tp_category` [ RunTime:0.0047s ]
SQL: SELECT * FROM `tp_category` WHERE ( display=1 )  [ RunTime:0.0001s ]
SQL: SHOW COLUMNS FROM `tp_cart` [ RunTime:0.0033s ]
SQL: UPDATE `tp_cart` SET `goods_cart_count`='15' WHERE ( goods_id=32 and uid=4 ) [ RunTime:0.0001s ]

[ 2017-09-28T15:15:59+08:00 ] 127.0.0.1 /index.php/Home/cart/edit.html?goods_id=32&goods_cart_count=14
INFO: [ app_begin ] --START--
INFO: Run Behavior\ReadHtmlCacheBehavior [ RunTime:0.000192s ]
INFO: [ app_begin ] --END-- [ RunTime:0.000349s ]
SQL: SHOW COLUMNS FROM `tp_category` [ RunTime:0.0048s ]
SQL: SELECT * FROM `tp_category` WHERE ( display=1 )  [ RunTime:0.0001s ]
SQL: SHOW COLUMNS FROM `tp_cart` [ RunTime:0.0034s ]
SQL: UPDATE `tp_cart` SET `goods_cart_count`='14' WHERE ( goods_id=32 and uid=4 ) [ RunTime:0.0001s ]

[ 2017-09-28T15:15:59+08:00 ] 127.0.0.1 /index.php/Home/cart/edit.html?goods_id=32&goods_cart_count=13
INFO: [ app_begin ] --START--
INFO: Run Behavior\ReadHtmlCacheBehavior [ RunTime:0.000191s ]
INFO: [ app_begin ] --END-- [ RunTime:0.000348s ]
SQL: SHOW COLUMNS FROM `tp_category` [ RunTime:0.0048s ]
SQL: SELECT * FROM `tp_category` WHERE ( display=1 )  [ RunTime:0.0001s ]
SQL: SHOW COLUMNS FROM `tp_cart` [ RunTime:0.0034s ]
SQL: UPDATE `tp_cart` SET `goods_cart_count`='13' WHERE ( goods_id=32 and uid=4 ) [ RunTime:0.0002s ]

[ 2017-09-28T15:15:59+08:00 ] 127.0.0.1 /index.php/Home/cart/edit.html?goods_id=32&goods_cart_count=12
INFO: [ app_begin ] --START--
INFO: Run Behavior\ReadHtmlCacheBehavior [ RunTime:0.000194s ]
INFO: [ app_begin ] --END-- [ RunTime:0.000351s ]
SQL: SHOW COLUMNS FROM `tp_category` [ RunTime:0.0049s ]
SQL: SELECT * FROM `tp_category` WHERE ( display=1 )  [ RunTime:0.0001s ]
SQL: SHOW COLUMNS FROM `tp_cart` [ RunTime:0.0033s ]
SQL: UPDATE `tp_cart` SET `goods_cart_count`='12' WHERE ( goods_id=32 and uid=4 ) [ RunTime:0.0001s ]

[ 2017-09-28T15:15:59+08:00 ] 127.0.0.1 /index.php/Home/cart/edit.html?goods_id=32&goods_cart_count=11
INFO: [ app_begin ] --START--
INFO: Run Behavior\ReadHtmlCacheBehavior [ RunTime:0.000191s ]
INFO: [ app_begin ] --END-- [ RunTime:0.000348s ]
SQL: SHOW COLUMNS FROM `tp_category` [ RunTime:0.0046s ]
SQL: SELECT * FROM `tp_category` WHERE ( display=1 )  [ RunTime:0.0001s ]
SQL: SHOW COLUMNS FROM `tp_cart` [ RunTime:0.0035s ]
SQL: UPDATE `tp_cart` SET `goods_cart_count`='11' WHERE ( goods_id=32 and uid=4 ) [ RunTime:0.0001s ]

[ 2017-09-28T15:15:59+08:00 ] 127.0.0.1 /index.php/Home/cart/edit.html?goods_id=32&goods_cart_count=10
INFO: [ app_begin ] --START--
INFO: Run Behavior\ReadHtmlCacheBehavior [ RunTime:0.000190s ]
INFO: [ app_begin ] --END-- [ RunTime:0.000346s ]
SQL: SHOW COLUMNS FROM `tp_category` [ RunTime:0.0047s ]
SQL: SELECT * FROM `tp_category` WHERE ( display=1 )  [ RunTime:0.0001s ]
SQL: SHOW COLUMNS FROM `tp_cart` [ RunTime:0.0033s ]
SQL: UPDATE `tp_cart` SET `goods_cart_count`='10' WHERE ( goods_id=32 and uid=4 ) [ RunTime:0.0001s ]

[ 2017-09-28T15:16:00+08:00 ] 127.0.0.1 /index.php/Home/cart/edit.html?goods_id=32&goods_cart_count=9
INFO: [ app_begin ] --START--
INFO: Run Behavior\ReadHtmlCacheBehavior [ RunTime:0.000192s ]
INFO: [ app_begin ] --END-- [ RunTime:0.000350s ]
SQL: SHOW COLUMNS FROM `tp_category` [ RunTime:0.0047s ]
SQL: SELECT * FROM `tp_category` WHERE ( display=1 )  [ RunTime:0.0001s ]
SQL: SHOW COLUMNS FROM `tp_cart` [ RunTime:0.0035s ]
SQL: UPDATE `tp_cart` SET `goods_cart_count`='9' WHERE ( goods_id=32 and uid=4 ) [ RunTime:0.0001s ]

[ 2017-09-28T15:16:00+08:00 ] 127.0.0.1 /index.php/Home/cart/edit.html?goods_id=32&goods_cart_count=8
INFO: [ app_begin ] --START--
INFO: Run Behavior\ReadHtmlCacheBehavior [ RunTime:0.000193s ]
INFO: [ app_begin ] --END-- [ RunTime:0.000353s ]
SQL: SHOW COLUMNS FROM `tp_category` [ RunTime:0.0048s ]
SQL: SELECT * FROM `tp_category` WHERE ( display=1 )  [ RunTime:0.0001s ]
SQL: SHOW COLUMNS FROM `tp_cart` [ RunTime:0.0034s ]
SQL: UPDATE `tp_cart` SET `goods_cart_count`='8' WHERE ( goods_id=32 and uid=4 ) [ RunTime:0.0001s ]

[ 2017-09-28T15:16:00+08:00 ] 127.0.0.1 /index.php/Home/cart/edit.html?goods_id=32&goods_cart_count=7
INFO: [ app_begin ] --START--
INFO: Run Behavior\ReadHtmlCacheBehavior [ RunTime:0.000194s ]
INFO: [ app_begin ] --END-- [ RunTime:0.000352s ]
SQL: SHOW COLUMNS FROM `tp_category` [ RunTime:0.0049s ]
SQL: SELECT * FROM `tp_category` WHERE ( display=1 )  [ RunTime:0.0001s ]
SQL: SHOW COLUMNS FROM `tp_cart` [ RunTime:0.0033s ]
SQL: UPDATE `tp_cart` SET `goods_cart_count`='7' WHERE ( goods_id=32 and uid=4 ) [ RunTime:0.0001s ]

[ 2017-09-28T15:16:00+08:00 ] 127.0.0.1 /index.php/Home/cart/edit.html?goods_id=32&goods_cart_count=6
INFO: [ app_begin ] --START--
INFO: Run Behavior\ReadHtmlCacheBehavior [ RunTime:0.000192s ]
INFO: [ app_begin ] --END-- [ RunTime:0.000348s ]
SQL: SHOW COLUMNS FROM `tp_category` [ RunTime:0.0047s ]
SQL: SELECT * FROM `tp_category` WHERE ( display=1 )  [ RunTime:0.0001s ]
SQL: SHOW COLUMNS FROM `tp_cart` [ RunTime:0.0033s ]
SQL: UPDATE `tp_cart` SET `goods_cart_count`='6' WHERE ( goods_id=32 and uid=4 ) [ RunTime:0.0001s ]

[ 2017-09-28T15:16:00+08:00 ] 127.0.0.1 /index.php/Home/cart/edit.html?goods_id=32&goods_cart_count=5
INFO: [ app_begin ] --START--
INFO: Run Behavior\ReadHtmlCacheBehavior [ RunTime:0.000192s ]
INFO: [ app_begin ] --END-- [ RunTime:0.000348s ]
SQL: SHOW COLUMNS FROM `tp_category` [ RunTime:0.0046s ]
SQL: SELECT * FROM `tp_category` WHERE ( display=1 )  [ RunTime:0.0001s ]
SQL: SHOW COLUMNS FROM `tp_cart` [ RunTime:0.0035s ]
SQL: UPDATE `tp_cart` SET `goods_cart_count`='5' WHERE ( goods_id=32 and uid=4 ) [ RunTime:0.0001s ]

[ 2017-09-28T15:16:00+08:00 ] 127.0.0.1 /index.php/Home/cart/edit.html?goods_id=32&goods_cart_count=4
INFO: [ app_begin ] --START--
INFO: Run Behavior\ReadHtmlCacheBehavior [ RunTime:0.000194s ]
INFO: [ app_begin ] --END-- [ RunTime:0.000352s ]
SQL: SHOW COLUMNS FROM `tp_category` [ RunTime:0.0047s ]
SQL: SELECT * FROM `tp_category` WHERE ( display=1 )  [ RunTime:0.0001s ]
SQL: SHOW COLUMNS FROM `tp_cart` [ RunTime:0.0035s ]
SQL: UPDATE `tp_cart` SET `goods_cart_count`='4' WHERE ( goods_id=32 and uid=4 ) [ RunTime:0.0001s ]

[ 2017-09-28T15:16:01+08:00 ] 127.0.0.1 /index.php/Home/cart/edit.html?goods_id=32&goods_cart_count=3
INFO: [ app_begin ] --START--
INFO: Run Behavior\ReadHtmlCacheBehavior [ RunTime:0.000206s ]
INFO: [ app_begin ] --END-- [ RunTime:0.000372s ]
SQL: SHOW COLUMNS FROM `tp_category` [ RunTime:0.0046s ]
SQL: SELECT * FROM `tp_category` WHERE ( display=1 )  [ RunTime:0.0001s ]
SQL: SHOW COLUMNS FROM `tp_cart` [ RunTime:0.0033s ]
SQL: UPDATE `tp_cart` SET `goods_cart_count`='3' WHERE ( goods_id=32 and uid=4 ) [ RunTime:0.0001s ]

[ 2017-09-28T15:16:01+08:00 ] 127.0.0.1 /index.php/Home/cart/edit.html?goods_id=32&goods_cart_count=2
INFO: [ app_begin ] --START--
INFO: Run Behavior\ReadHtmlCacheBehavior [ RunTime:0.000200s ]
INFO: [ app_begin ] --END-- [ RunTime:0.000362s ]
SQL: SHOW COLUMNS FROM `tp_category` [ RunTime:0.0046s ]
SQL: SELECT * FROM `tp_category` WHERE ( display=1 )  [ RunTime:0.0001s ]
SQL: SHOW COLUMNS FROM `tp_cart` [ RunTime:0.0032s ]
SQL: UPDATE `tp_cart` SET `goods_cart_count`='2' WHERE ( goods_id=32 and uid=4 ) [ RunTime:0.0001s ]

[ 2017-09-28T15:16:01+08:00 ] 127.0.0.1 /index.php/Home/cart/edit.html?goods_id=32&goods_cart_count=1
INFO: [ app_begin ] --START--
INFO: Run Behavior\ReadHtmlCacheBehavior [ RunTime:0.000193s ]
INFO: [ app_begin ] --END-- [ RunTime:0.000352s ]
SQL: SHOW COLUMNS FROM `tp_category` [ RunTime:0.0047s ]
SQL: SELECT * FROM `tp_category` WHERE ( display=1 )  [ RunTime:0.0001s ]
SQL: SHOW COLUMNS FROM `tp_cart` [ RunTime:0.0033s ]
SQL: UPDATE `tp_cart` SET `goods_cart_count`='1' WHERE ( goods_id=32 and uid=4 ) [ RunTime:0.0001s ]

[ 2017-09-28T15:18:36+08:00 ] 127.0.0.1 /index.php/Home/cart/edit.html?goods_id=32&goods_cart_count=23
INFO: [ app_begin ] --START--
INFO: Run Behavior\ReadHtmlCacheBehavior [ RunTime:0.000194s ]
INFO: [ app_begin ] --END-- [ RunTime:0.000354s ]
SQL: SHOW COLUMNS FROM `tp_category` [ RunTime:0.0039s ]
SQL: SELECT * FROM `tp_category` WHERE ( display=1 )  [ RunTime:0.0001s ]
SQL: SHOW COLUMNS FROM `tp_cart` [ RunTime:0.0034s ]
SQL: UPDATE `tp_cart` SET `goods_cart_count`='23' WHERE ( goods_id=32 and uid=1 ) [ RunTime:0.0001s ]

[ 2017-09-28T15:18:37+08:00 ] 127.0.0.1 /index.php/Home/cart/edit.html?goods_id=32&goods_cart_count=22
INFO: [ app_begin ] --START--
INFO: Run Behavior\ReadHtmlCacheBehavior [ RunTime:0.000196s ]
INFO: [ app_begin ] --END-- [ RunTime:0.000353s ]
SQL: SHOW COLUMNS FROM `tp_category` [ RunTime:0.0046s ]
SQL: SELECT * FROM `tp_category` WHERE ( display=1 )  [ RunTime:0.0001s ]
SQL: SHOW COLUMNS FROM `tp_cart` [ RunTime:0.0035s ]
SQL: UPDATE `tp_cart` SET `goods_cart_count`='22' WHERE ( goods_id=32 and uid=1 ) [ RunTime:0.0001s ]

[ 2017-09-28T15:18:38+08:00 ] 127.0.0.1 /index.php/Home/cart/edit.html?goods_id=32&goods_cart_count=21
INFO: [ app_begin ] --START--
INFO: Run Behavior\ReadHtmlCacheBehavior [ RunTime:0.000192s ]
INFO: [ app_begin ] --END-- [ RunTime:0.000349s ]
SQL: SHOW COLUMNS FROM `tp_category` [ RunTime:0.0047s ]
SQL: SELECT * FROM `tp_category` WHERE ( display=1 )  [ RunTime:0.0001s ]
SQL: SHOW COLUMNS FROM `tp_cart` [ RunTime:0.0036s ]
SQL: UPDATE `tp_cart` SET `goods_cart_count`='21' WHERE ( goods_id=32 and uid=1 ) [ RunTime:0.0001s ]

[ 2017-09-28T15:33:10+08:00 ] 127.0.0.1 /index.php/Home/cart/edit.html?goods_id=1&goods_cart_count=4
INFO: [ app_begin ] --START--
INFO: Run Behavior\ReadHtmlCacheBehavior [ RunTime:0.000192s ]
INFO: [ app_begin ] --END-- [ RunTime:0.000349s ]
SQL: SHOW COLUMNS FROM `tp_category` [ RunTime:0.0061s ]
SQL: SELECT * FROM `tp_category` WHERE ( display=1 )  [ RunTime:0.0001s ]
SQL: SHOW COLUMNS FROM `tp_cart` [ RunTime:0.0020s ]

[ 2017-09-28T15:33:10+08:00 ] 127.0.0.1 /index.php/Home/cart/edit.html?goods_id=1&goods_cart_count=3
INFO: [ app_begin ] --START--
INFO: Run Behavior\ReadHtmlCacheBehavior [ RunTime:0.000194s ]
INFO: [ app_begin ] --END-- [ RunTime:0.000354s ]
SQL: SHOW COLUMNS FROM `tp_category` [ RunTime:0.0021s ]
SQL: SELECT * FROM `tp_category` WHERE ( display=1 )  [ RunTime:0.0001s ]
SQL: SHOW COLUMNS FROM `tp_cart` [ RunTime:0.0020s ]

[ 2017-09-28T15:33:10+08:00 ] 127.0.0.1 /index.php/Home/cart/edit.html?goods_id=1&goods_cart_count=2
INFO: [ app_begin ] --START--
INFO: Run Behavior\ReadHtmlCacheBehavior [ RunTime:0.000194s ]
INFO: [ app_begin ] --END-- [ RunTime:0.000352s ]
SQL: SHOW COLUMNS FROM `tp_category` [ RunTime:0.0034s ]
SQL: SELECT * FROM `tp_category` WHERE ( display=1 )  [ RunTime:0.0001s ]
SQL: SHOW COLUMNS FROM `tp_cart` [ RunTime:0.0020s ]

[ 2017-09-28T15:33:11+08:00 ] 127.0.0.1 /index.php/Home/cart/edit.html?goods_id=1&goods_cart_count=1
INFO: [ app_begin ] --START--
INFO: Run Behavior\ReadHtmlCacheBehavior [ RunTime:0.000194s ]
INFO: [ app_begin ] --END-- [ RunTime:0.000354s ]
SQL: SHOW COLUMNS FROM `tp_category` [ RunTime:0.0034s ]
SQL: SELECT * FROM `tp_category` WHERE ( display=1 )  [ RunTime:0.0001s ]
SQL: SHOW COLUMNS FROM `tp_cart` [ RunTime:0.0022s ]

[ 2017-09-28T15:33:22+08:00 ] 127.0.0.1 /index.php/Home/cart/edit.html?goods_id=2&goods_cart_count=4
INFO: [ app_begin ] --START--
INFO: Run Behavior\ReadHtmlCacheBehavior [ RunTime:0.000194s ]
INFO: [ app_begin ] --END-- [ RunTime:0.000353s ]
SQL: SHOW COLUMNS FROM `tp_category` [ RunTime:0.0073s ]
SQL: SELECT * FROM `tp_category` WHERE ( display=1 )  [ RunTime:0.0001s ]
SQL: SHOW COLUMNS FROM `tp_cart` [ RunTime:0.0034s ]

[ 2017-09-28T15:33:35+08:00 ] 127.0.0.1 /index.php/Home/cart/edit.html?goods_id=2&goods_cart_count=3
INFO: [ app_begin ] --START--
INFO: Run Behavior\ReadHtmlCacheBehavior [ RunTime:0.000195s ]
INFO: [ app_begin ] --END-- [ RunTime:0.000353s ]
SQL: SHOW COLUMNS FROM `tp_category` [ RunTime:0.0046s ]
SQL: SELECT * FROM `tp_category` WHERE ( display=1 )  [ RunTime:0.0001s ]
SQL: SHOW COLUMNS FROM `tp_cart` [ RunTime:0.0033s ]
SQL: UPDATE `tp_cart` SET `goods_cart_count`='3' WHERE ( goods_id=2 and uid=2 ) [ RunTime:0.0001s ]

[ 2017-09-28T16:00:21+08:00 ] 127.0.0.1 /index.php/Home/cart/index.html
ERR: Think\Controller:assgin方法不存在！

[ 2017-09-28T16:00:33+08:00 ] 127.0.0.1 /index.php/Home/cart/edit.html?goods_id=1&goods_cart_count=2
INFO: [ app_begin ] --START--
INFO: Run Behavior\ReadHtmlCacheBehavior [ RunTime:0.000198s ]
INFO: [ app_begin ] --END-- [ RunTime:0.000357s ]
SQL: SHOW COLUMNS FROM `tp_category` [ RunTime:0.0045s ]
SQL: SELECT * FROM `tp_category` WHERE ( display=1 )  [ RunTime:0.0001s ]
SQL: SHOW COLUMNS FROM `tp_cart` [ RunTime:0.0033s ]

[ 2017-09-28T16:00:33+08:00 ] 127.0.0.1 /index.php/Home/cart/edit.html?goods_id=1&goods_cart_count=3
INFO: [ app_begin ] --START--
INFO: Run Behavior\ReadHtmlCacheBehavior [ RunTime:0.000193s ]
INFO: [ app_begin ] --END-- [ RunTime:0.000350s ]
SQL: SHOW COLUMNS FROM `tp_category` [ RunTime:0.0042s ]
SQL: SELECT * FROM `tp_category` WHERE ( display=1 )  [ RunTime:0.0001s ]
SQL: SHOW COLUMNS FROM `tp_cart` [ RunTime:0.0033s ]

[ 2017-09-28T16:06:46+08:00 ] 127.0.0.1 /index.php/Home/cart/edit.html?goods_id=1&goods_cart_count=12
INFO: [ app_begin ] --START--
INFO: Run Behavior\ReadHtmlCacheBehavior [ RunTime:0.000197s ]
INFO: [ app_begin ] --END-- [ RunTime:0.000355s ]
SQL: SHOW COLUMNS FROM `tp_category` [ RunTime:0.0055s ]
SQL: SELECT * FROM `tp_category` WHERE ( display=1 )  [ RunTime:0.0001s ]
SQL: SHOW COLUMNS FROM `tp_cart` [ RunTime:0.0034s ]
SQL: UPDATE `tp_cart` SET `goods_cart_count`='12' WHERE ( goods_id=1 and uid=2 ) [ RunTime:0.0001s ]

[ 2017-09-28T16:06:48+08:00 ] 127.0.0.1 /index.php/Home/cart/edit.html?goods_id=1&goods_cart_count=11
INFO: [ app_begin ] --START--
INFO: Run Behavior\ReadHtmlCacheBehavior [ RunTime:0.000194s ]
INFO: [ app_begin ] --END-- [ RunTime:0.000351s ]
SQL: SHOW COLUMNS FROM `tp_category` [ RunTime:0.0034s ]
SQL: SELECT * FROM `tp_category` WHERE ( display=1 )  [ RunTime:0.0001s ]
SQL: SHOW COLUMNS FROM `tp_cart` [ RunTime:0.0034s ]
SQL: UPDATE `tp_cart` SET `goods_cart_count`='11' WHERE ( goods_id=1 and uid=2 ) [ RunTime:0.0001s ]

[ 2017-09-28T16:14:24+08:00 ] 127.0.0.1 /
ERR: SQLSTATE[HY000] [2006] MySQL server has gone away

[ 2017-09-28T16:14:40+08:00 ] 127.0.0.1 /index.php/Home/cart/edit.html?goods_id=1&goods_cart_count=3
INFO: [ app_begin ] --START--
INFO: Run Behavior\ReadHtmlCacheBehavior [ RunTime:0.000194s ]
INFO: [ app_begin ] --END-- [ RunTime:0.000353s ]
SQL: SHOW COLUMNS FROM `tp_category` [ RunTime:0.0045s ]
SQL: SELECT * FROM `tp_category` WHERE ( display=1 )  [ RunTime:0.0001s ]
SQL: SHOW COLUMNS FROM `tp_cart` [ RunTime:0.0033s ]
SQL: UPDATE `tp_cart` SET `goods_cart_count`='3' WHERE ( goods_id=1 and uid=2 ) [ RunTime:0.0002s ]

[ 2017-09-28T16:14:53+08:00 ] 127.0.0.1 /index.php/Home/cart/edit.html?goods_id=1&goods_cart_count=2
INFO: [ app_begin ] --START--
INFO: Run Behavior\ReadHtmlCacheBehavior [ RunTime:0.000192s ]
INFO: [ app_begin ] --END-- [ RunTime:0.000347s ]
SQL: SHOW COLUMNS FROM `tp_category` [ RunTime:0.0045s ]
SQL: SELECT * FROM `tp_category` WHERE ( display=1 )  [ RunTime:0.0001s ]
SQL: SHOW COLUMNS FROM `tp_cart` [ RunTime:0.0033s ]
SQL: UPDATE `tp_cart` SET `goods_cart_count`='2' WHERE ( goods_id=1 and uid=2 ) [ RunTime:0.0001s ]

[ 2017-09-28T16:14:54+08:00 ] 127.0.0.1 /index.php/Home/cart/edit.html?goods_id=1&goods_cart_count=3
INFO: [ app_begin ] --START--
INFO: Run Behavior\ReadHtmlCacheBehavior [ RunTime:0.000193s ]
INFO: [ app_begin ] --END-- [ RunTime:0.000349s ]
SQL: SHOW COLUMNS FROM `tp_category` [ RunTime:0.0106s ]
SQL: SELECT * FROM `tp_category` WHERE ( display=1 )  [ RunTime:0.0001s ]
SQL: SHOW COLUMNS FROM `tp_cart` [ RunTime:0.0032s ]
SQL: UPDATE `tp_cart` SET `goods_cart_count`='3' WHERE ( goods_id=1 and uid=2 ) [ RunTime:0.0001s ]

[ 2017-09-28T16:14:54+08:00 ] 127.0.0.1 /index.php/Home/cart/edit.html?goods_id=1&goods_cart_count=4
INFO: [ app_begin ] --START--
INFO: Run Behavior\ReadHtmlCacheBehavior [ RunTime:0.000194s ]
INFO: [ app_begin ] --END-- [ RunTime:0.000351s ]
SQL: SHOW COLUMNS FROM `tp_category` [ RunTime:0.0046s ]
SQL: SELECT * FROM `tp_category` WHERE ( display=1 )  [ RunTime:0.0001s ]
SQL: SHOW COLUMNS FROM `tp_cart` [ RunTime:0.0032s ]
SQL: UPDATE `tp_cart` SET `goods_cart_count`='4' WHERE ( goods_id=1 and uid=2 ) [ RunTime:0.0001s ]

[ 2017-09-28T16:15:38+08:00 ] 127.0.0.1 /index.php/Home/cart/edit.html?goods_id=1&goods_cart_count=2
INFO: [ app_begin ] --START--
INFO: Run Behavior\ReadHtmlCacheBehavior [ RunTime:0.000194s ]
INFO: [ app_begin ] --END-- [ RunTime:0.000352s ]
SQL: SHOW COLUMNS FROM `tp_category` [ RunTime:0.0061s ]
SQL: SELECT * FROM `tp_category` WHERE ( display=1 )  [ RunTime:0.0002s ]
SQL: SHOW COLUMNS FROM `tp_cart` [ RunTime:0.0021s ]

[ 2017-09-28T16:15:51+08:00 ] 127.0.0.1 /index.php/Home/cart/edit.html?goods_id=2&goods_cart_count=2
INFO: [ app_begin ] --START--
INFO: Run Behavior\ReadHtmlCacheBehavior [ RunTime:0.000193s ]
INFO: [ app_begin ] --END-- [ RunTime:0.000350s ]
SQL: SHOW COLUMNS FROM `tp_category` [ RunTime:0.0034s ]
SQL: SELECT * FROM `tp_category` WHERE ( display=1 )  [ RunTime:0.0001s ]
SQL: SHOW COLUMNS FROM `tp_cart` [ RunTime:0.0021s ]

[ 2017-09-28T16:15:51+08:00 ] 127.0.0.1 /index.php/Home/cart/edit.html?goods_id=2&goods_cart_count=3
INFO: [ app_begin ] --START--
INFO: Run Behavior\ReadHtmlCacheBehavior [ RunTime:0.000192s ]
INFO: [ app_begin ] --END-- [ RunTime:0.000349s ]
SQL: SHOW COLUMNS FROM `tp_category` [ RunTime:0.0033s ]
SQL: SELECT * FROM `tp_category` WHERE ( display=1 )  [ RunTime:0.0001s ]
SQL: SHOW COLUMNS FROM `tp_cart` [ RunTime:0.0022s ]

[ 2017-09-28T16:16:13+08:00 ] 127.0.0.1 /index.php/Home/cart/edit.html?goods_id=1&goods_cart_count=3
INFO: [ app_begin ] --START--
INFO: Run Behavior\ReadHtmlCacheBehavior [ RunTime:0.000192s ]
INFO: [ app_begin ] --END-- [ RunTime:0.000348s ]
SQL: SHOW COLUMNS FROM `tp_category` [ RunTime:0.0059s ]
SQL: SELECT * FROM `tp_category` WHERE ( display=1 )  [ RunTime:0.0001s ]
SQL: SHOW COLUMNS FROM `tp_cart` [ RunTime:0.0020s ]
SQL: UPDATE `tp_cart` SET `goods_cart_count`='3' WHERE ( goods_id=1 and uid=2 ) [ RunTime:0.0001s ]

[ 2017-09-28T16:16:13+08:00 ] 127.0.0.1 /index.php/Home/cart/edit.html?goods_id=1&goods_cart_count=4
INFO: [ app_begin ] --START--
INFO: Run Behavior\ReadHtmlCacheBehavior [ RunTime:0.000198s ]
INFO: [ app_begin ] --END-- [ RunTime:0.000357s ]
SQL: SHOW COLUMNS FROM `tp_category` [ RunTime:0.0032s ]
SQL: SELECT * FROM `tp_category` WHERE ( display=1 )  [ RunTime:0.0001s ]
SQL: SHOW COLUMNS FROM `tp_cart` [ RunTime:0.0019s ]
SQL: UPDATE `tp_cart` SET `goods_cart_count`='4' WHERE ( goods_id=1 and uid=2 ) [ RunTime:0.0001s ]

[ 2017-09-28T16:32:18+08:00 ] 127.0.0.1 /index.php/Home/cart/edit.html?goods_id=1&goods_cart_count=2
INFO: [ app_begin ] --START--
INFO: Run Behavior\ReadHtmlCacheBehavior [ RunTime:0.000195s ]
INFO: [ app_begin ] --END-- [ RunTime:0.000353s ]
SQL: SHOW COLUMNS FROM `tp_category` [ RunTime:0.0033s ]
SQL: SELECT * FROM `tp_category` WHERE ( display=1 )  [ RunTime:0.0001s ]
SQL: SHOW COLUMNS FROM `tp_cart` [ RunTime:0.0019s ]

[ 2017-09-28T16:32:20+08:00 ] 127.0.0.1 /index.php/Home/cart/edit.html?goods_id=32&goods_cart_count=2
INFO: [ app_begin ] --START--
INFO: Run Behavior\ReadHtmlCacheBehavior [ RunTime:0.000198s ]
INFO: [ app_begin ] --END-- [ RunTime:0.000353s ]
SQL: SHOW COLUMNS FROM `tp_category` [ RunTime:0.0033s ]
SQL: SELECT * FROM `tp_category` WHERE ( display=1 )  [ RunTime:0.0001s ]
SQL: SHOW COLUMNS FROM `tp_cart` [ RunTime:0.0020s ]

[ 2017-09-28T16:32:20+08:00 ] 127.0.0.1 /index.php/Home/cart/edit.html?goods_id=32&goods_cart_count=3
INFO: [ app_begin ] --START--
INFO: Run Behavior\ReadHtmlCacheBehavior [ RunTime:0.000192s ]
INFO: [ app_begin ] --END-- [ RunTime:0.000348s ]
SQL: SHOW COLUMNS FROM `tp_category` [ RunTime:0.0034s ]
SQL: SELECT * FROM `tp_category` WHERE ( display=1 )  [ RunTime:0.0001s ]
SQL: SHOW COLUMNS FROM `tp_cart` [ RunTime:0.0020s ]

[ 2017-09-28T16:32:22+08:00 ] 127.0.0.1 /index.php/Home/cart/edit.html?goods_id=32&goods_cart_count=2
INFO: [ app_begin ] --START--
INFO: Run Behavior\ReadHtmlCacheBehavior [ RunTime:0.000193s ]
INFO: [ app_begin ] --END-- [ RunTime:0.000349s ]
SQL: SHOW COLUMNS FROM `tp_category` [ RunTime:0.0033s ]
SQL: SELECT * FROM `tp_category` WHERE ( display=1 )  [ RunTime:0.0001s ]
SQL: SHOW COLUMNS FROM `tp_cart` [ RunTime:0.0019s ]

[ 2017-09-28T16:32:22+08:00 ] 127.0.0.1 /index.php/Home/cart/edit.html?goods_id=32&goods_cart_count=1
INFO: [ app_begin ] --START--
INFO: Run Behavior\ReadHtmlCacheBehavior [ RunTime:0.000192s ]
INFO: [ app_begin ] --END-- [ RunTime:0.000349s ]
SQL: SHOW COLUMNS FROM `tp_category` [ RunTime:0.0034s ]
SQL: SELECT * FROM `tp_category` WHERE ( display=1 )  [ RunTime:0.0001s ]
SQL: SHOW COLUMNS FROM `tp_cart` [ RunTime:0.0021s ]

[ 2017-09-28T16:33:04+08:00 ] 127.0.0.1 /index.php/Home/cart/edit.html?goods_id=1&goods_cart_count=111
INFO: [ app_begin ] --START--
INFO: Run Behavior\ReadHtmlCacheBehavior [ RunTime:0.000195s ]
INFO: [ app_begin ] --END-- [ RunTime:0.000352s ]
SQL: SHOW COLUMNS FROM `tp_category` [ RunTime:0.0058s ]
SQL: SELECT * FROM `tp_category` WHERE ( display=1 )  [ RunTime:0.0001s ]
SQL: SHOW COLUMNS FROM `tp_cart` [ RunTime:0.0020s ]
SQL: UPDATE `tp_cart` SET `goods_cart_count`='111' WHERE ( goods_id=1 and uid=2 ) [ RunTime:0.0001s ]

[ 2017-09-28T16:33:04+08:00 ] 127.0.0.1 /index.php/Home/cart/edit.html?goods_id=1&goods_cart_count=112
INFO: [ app_begin ] --START--
INFO: Run Behavior\ReadHtmlCacheBehavior [ RunTime:0.000191s ]
INFO: [ app_begin ] --END-- [ RunTime:0.000346s ]
SQL: SHOW COLUMNS FROM `tp_category` [ RunTime:0.0034s ]
SQL: SELECT * FROM `tp_category` WHERE ( display=1 )  [ RunTime:0.0002s ]
SQL: SHOW COLUMNS FROM `tp_cart` [ RunTime:0.0019s ]
SQL: UPDATE `tp_cart` SET `goods_cart_count`='112' WHERE ( goods_id=1 and uid=2 ) [ RunTime:0.0001s ]

[ 2017-09-28T16:33:08+08:00 ] 127.0.0.1 /index.php/Home/cart/edit.html?goods_id=1&goods_cart_count=111
INFO: [ app_begin ] --START--
INFO: Run Behavior\ReadHtmlCacheBehavior [ RunTime:0.000199s ]
INFO: [ app_begin ] --END-- [ RunTime:0.000366s ]
SQL: SHOW COLUMNS FROM `tp_category` [ RunTime:0.0024s ]
SQL: SELECT * FROM `tp_category` WHERE ( display=1 )  [ RunTime:0.0001s ]
SQL: SHOW COLUMNS FROM `tp_cart` [ RunTime:0.0019s ]
SQL: UPDATE `tp_cart` SET `goods_cart_count`='111' WHERE ( goods_id=1 and uid=2 ) [ RunTime:0.0001s ]

[ 2017-09-28T16:33:08+08:00 ] 127.0.0.1 /index.php/Home/cart/edit.html?goods_id=1&goods_cart_count=110
INFO: [ app_begin ] --START--
INFO: Run Behavior\ReadHtmlCacheBehavior [ RunTime:0.000192s ]
INFO: [ app_begin ] --END-- [ RunTime:0.000349s ]
SQL: SHOW COLUMNS FROM `tp_category` [ RunTime:0.0033s ]
SQL: SELECT * FROM `tp_category` WHERE ( display=1 )  [ RunTime:0.0001s ]
SQL: SHOW COLUMNS FROM `tp_cart` [ RunTime:0.0019s ]
SQL: UPDATE `tp_cart` SET `goods_cart_count`='110' WHERE ( goods_id=1 and uid=2 ) [ RunTime:0.0001s ]

[ 2017-09-28T16:33:08+08:00 ] 127.0.0.1 /index.php/Home/cart/edit.html?goods_id=1&goods_cart_count=109
INFO: [ app_begin ] --START--
INFO: Run Behavior\ReadHtmlCacheBehavior [ RunTime:0.000193s ]
INFO: [ app_begin ] --END-- [ RunTime:0.000353s ]
SQL: SHOW COLUMNS FROM `tp_category` [ RunTime:0.0033s ]
SQL: SELECT * FROM `tp_category` WHERE ( display=1 )  [ RunTime:0.0001s ]
SQL: SHOW COLUMNS FROM `tp_cart` [ RunTime:0.0020s ]
SQL: UPDATE `tp_cart` SET `goods_cart_count`='109' WHERE ( goods_id=1 and uid=2 ) [ RunTime:0.0001s ]

[ 2017-09-28T16:33:08+08:00 ] 127.0.0.1 /index.php/Home/cart/edit.html?goods_id=1&goods_cart_count=108
INFO: [ app_begin ] --START--
INFO: Run Behavior\ReadHtmlCacheBehavior [ RunTime:0.000191s ]
INFO: [ app_begin ] --END-- [ RunTime:0.000346s ]
SQL: SHOW COLUMNS FROM `tp_category` [ RunTime:0.0034s ]
SQL: SELECT * FROM `tp_category` WHERE ( display=1 )  [ RunTime:0.0001s ]
SQL: SHOW COLUMNS FROM `tp_cart` [ RunTime:0.0022s ]
SQL: UPDATE `tp_cart` SET `goods_cart_count`='108' WHERE ( goods_id=1 and uid=2 ) [ RunTime:0.0001s ]

[ 2017-09-28T16:33:08+08:00 ] 127.0.0.1 /index.php/Home/cart/edit.html?goods_id=1&goods_cart_count=107
INFO: [ app_begin ] --START--
INFO: Run Behavior\ReadHtmlCacheBehavior [ RunTime:0.000191s ]
INFO: [ app_begin ] --END-- [ RunTime:0.000352s ]
SQL: SHOW COLUMNS FROM `tp_category` [ RunTime:0.0037s ]
SQL: SELECT * FROM `tp_category` WHERE ( display=1 )  [ RunTime:0.0001s ]
SQL: SHOW COLUMNS FROM `tp_cart` [ RunTime:0.0022s ]
SQL: UPDATE `tp_cart` SET `goods_cart_count`='107' WHERE ( goods_id=1 and uid=2 ) [ RunTime:0.0001s ]

[ 2017-09-28T16:47:29+08:00 ] 127.0.0.1 /index.php/Home/cart/edit.html?goods_id=1&goods_cart_count=2
INFO: [ app_begin ] --START--
INFO: Run Behavior\ReadHtmlCacheBehavior [ RunTime:0.000194s ]
INFO: [ app_begin ] --END-- [ RunTime:0.000353s ]
SQL: SHOW COLUMNS FROM `tp_category` [ RunTime:0.0059s ]
SQL: SELECT * FROM `tp_category` WHERE ( display=1 )  [ RunTime:0.0001s ]
SQL: SHOW COLUMNS FROM `tp_cart` [ RunTime:0.0021s ]

