[ 2017-10-16T08:32:14+08:00 ] 127.0.0.1 /index.php/Home/cart/css/style.css
ERR: 非法操作:css

[ 2017-10-16T08:32:23+08:00 ] 127.0.0.1 /index.php/Home/cart/css/style.css
ERR: 非法操作:css

[ 2017-10-16T08:32:23+08:00 ] 127.0.0.1 /index.php/Home/cart/images/flow.htm
ERR: 非法操作:images

[ 2017-10-16T08:36:22+08:00 ] 127.0.0.1 /index.php/Home/cart/css/style.css
ERR: 非法操作:css

[ 2017-10-16T08:36:22+08:00 ] 127.0.0.1 /index.php/Home/cart/images/flow.htm
ERR: 非法操作:images

[ 2017-10-16T08:36:29+08:00 ] 127.0.0.1 /index.php/Home/cart/history(-1)
ERR: 非法操作:history(-1)

[ 2017-10-16T18:44:23+08:00 ] 127.0.0.1 /index.php/Home/Cart/test/iframe.html
ERR: 非法操作:test

[ 2017-10-16T18:45:34+08:00 ] 127.0.0.1 /index.php/Home/Cart/mobile/
ERR: 非法操作:mobile

[ 2017-10-16T18:47:17+08:00 ] 127.0.0.1 /index.php/Home/Cart/%3Cform%20action=
ERR: 非法操作:

[ 2017-10-16T18:47:23+08:00 ] 127.0.0.1 /index.php/Home/Cart/%3Cform%20action=
ERR: 非法操作:

[ 2017-10-16T18:48:03+08:00 ] 127.0.0.1 /index.php/Home/Cart/%3Cform%20action=
ERR: 非法操作:

[ 2017-10-16T19:23:14+08:00 ] 127.0.0.1 /index.php/Home/login/login.html
INFO: [ app_begin ] --START--
INFO: Run Behavior\ReadHtmlCacheBehavior [ RunTime:0.001000s ]
INFO: [ app_begin ] --END-- [ RunTime:0.001000s ]
SQL: SHOW COLUMNS FROM `tp_category` [ RunTime:0.0050s ]
SQL: SELECT * FROM `tp_category` WHERE ( display=1 )  [ RunTime:0.0000s ]
SQL: SHOW COLUMNS FROM `tp_user` [ RunTime:0.0230s ]
NOTIC: [8] Undefined index: validate F:\wamp\tbtwo\ThinkPHP\Library\Think\Model.class.php 第 1185 行.
NOTIC: [8] Undefined index: auto F:\wamp\tbtwo\ThinkPHP\Library\Think\Model.class.php 第 1128 行.
SQL: SELECT * FROM `tp_user` WHERE `username` = '' AND `password` = 'd41d8cd98f00b204e9800998ecf8427e' LIMIT 1   [ RunTime:0.0010s ]

[ 2017-10-16T19:23:18+08:00 ] 127.0.0.1 /index.php/Home/login/login.html
INFO: [ app_begin ] --START--
INFO: Run Behavior\ReadHtmlCacheBehavior [ RunTime:0.000000s ]
INFO: [ app_begin ] --END-- [ RunTime:0.000000s ]
SQL: SHOW COLUMNS FROM `tp_category` [ RunTime:0.0060s ]
SQL: SELECT * FROM `tp_category` WHERE ( display=1 )  [ RunTime:0.0000s ]
SQL: SHOW COLUMNS FROM `tp_user` [ RunTime:0.0070s ]
NOTIC: [8] Undefined index: validate F:\wamp\tbtwo\ThinkPHP\Library\Think\Model.class.php 第 1185 行.
NOTIC: [8] Undefined index: auto F:\wamp\tbtwo\ThinkPHP\Library\Think\Model.class.php 第 1128 行.
SQL: SELECT * FROM `tp_user` WHERE `username` = '' AND `password` = 'd41d8cd98f00b204e9800998ecf8427e' LIMIT 1   [ RunTime:0.0010s ]

[ 2017-10-16T19:23:23+08:00 ] 127.0.0.1 /index.php/Home/login/login.html
INFO: [ app_begin ] --START--
INFO: Run Behavior\ReadHtmlCacheBehavior [ RunTime:0.000000s ]
INFO: [ app_begin ] --END-- [ RunTime:0.000000s ]
SQL: SHOW COLUMNS FROM `tp_category` [ RunTime:0.0040s ]
SQL: SELECT * FROM `tp_category` WHERE ( display=1 )  [ RunTime:0.0010s ]
SQL: SHOW COLUMNS FROM `tp_user` [ RunTime:0.0070s ]
NOTIC: [8] Undefined index: validate F:\wamp\tbtwo\ThinkPHP\Library\Think\Model.class.php 第 1185 行.
NOTIC: [8] Undefined index: auto F:\wamp\tbtwo\ThinkPHP\Library\Think\Model.class.php 第 1128 行.
SQL: SELECT * FROM `tp_user` WHERE `username` = '' AND `password` = 'd41d8cd98f00b204e9800998ecf8427e' LIMIT 1   [ RunTime:0.0010s ]

[ 2017-10-16T19:23:44+08:00 ] 127.0.0.1 /index.php/Home/login/login.html
INFO: [ app_begin ] --START--
INFO: Run Behavior\ReadHtmlCacheBehavior [ RunTime:0.000000s ]
INFO: [ app_begin ] --END-- [ RunTime:0.001000s ]
SQL: SHOW COLUMNS FROM `tp_category` [ RunTime:0.0060s ]
SQL: SELECT * FROM `tp_category` WHERE ( display=1 )  [ RunTime:0.0000s ]
SQL: SHOW COLUMNS FROM `tp_user` [ RunTime:0.0080s ]
NOTIC: [8] Undefined index: validate F:\wamp\tbtwo\ThinkPHP\Library\Think\Model.class.php 第 1185 行.
NOTIC: [8] Undefined index: auto F:\wamp\tbtwo\ThinkPHP\Library\Think\Model.class.php 第 1128 行.
SQL: SELECT * FROM `tp_user` WHERE `username` = '' AND `password` = 'd41d8cd98f00b204e9800998ecf8427e' LIMIT 1   [ RunTime:0.0010s ]

[ 2017-10-16T19:23:46+08:00 ] 127.0.0.1 /index.php/Home/login/login.html
INFO: [ app_begin ] --START--
INFO: Run Behavior\ReadHtmlCacheBehavior [ RunTime:0.000000s ]
INFO: [ app_begin ] --END-- [ RunTime:0.000000s ]
SQL: SHOW COLUMNS FROM `tp_category` [ RunTime:0.0050s ]
SQL: SELECT * FROM `tp_category` WHERE ( display=1 )  [ RunTime:0.0000s ]
SQL: SHOW COLUMNS FROM `tp_user` [ RunTime:0.0070s ]
NOTIC: [8] Undefined index: validate F:\wamp\tbtwo\ThinkPHP\Library\Think\Model.class.php 第 1185 行.
NOTIC: [8] Undefined index: auto F:\wamp\tbtwo\ThinkPHP\Library\Think\Model.class.php 第 1128 行.
SQL: SELECT * FROM `tp_user` WHERE `username` = '' AND `password` = 'd41d8cd98f00b204e9800998ecf8427e' LIMIT 1   [ RunTime:0.0000s ]

[ 2017-10-16T19:23:48+08:00 ] 127.0.0.1 /index.php/Home/login/login.html
INFO: [ app_begin ] --START--
INFO: Run Behavior\ReadHtmlCacheBehavior [ RunTime:0.001000s ]
INFO: [ app_begin ] --END-- [ RunTime:0.001000s ]
SQL: SHOW COLUMNS FROM `tp_category` [ RunTime:0.0070s ]
SQL: SELECT * FROM `tp_category` WHERE ( display=1 )  [ RunTime:0.0000s ]
SQL: SHOW COLUMNS FROM `tp_user` [ RunTime:0.0080s ]
NOTIC: [8] Undefined index: validate F:\wamp\tbtwo\ThinkPHP\Library\Think\Model.class.php 第 1185 行.
NOTIC: [8] Undefined index: auto F:\wamp\tbtwo\ThinkPHP\Library\Think\Model.class.php 第 1128 行.
SQL: SELECT * FROM `tp_user` WHERE `username` = '' AND `password` = 'd41d8cd98f00b204e9800998ecf8427e' LIMIT 1   [ RunTime:0.0000s ]

[ 2017-10-16T19:23:52+08:00 ] 127.0.0.1 /index.php/Home/login/login.html
INFO: [ app_begin ] --START--
INFO: Run Behavior\ReadHtmlCacheBehavior [ RunTime:0.001000s ]
INFO: [ app_begin ] --END-- [ RunTime:0.001000s ]
SQL: SHOW COLUMNS FROM `tp_category` [ RunTime:0.0070s ]
SQL: SELECT * FROM `tp_category` WHERE ( display=1 )  [ RunTime:0.0000s ]
SQL: SHOW COLUMNS FROM `tp_user` [ RunTime:0.0080s ]
NOTIC: [8] Undefined index: validate F:\wamp\tbtwo\ThinkPHP\Library\Think\Model.class.php 第 1185 行.
NOTIC: [8] Undefined index: auto F:\wamp\tbtwo\ThinkPHP\Library\Think\Model.class.php 第 1128 行.
SQL: SELECT * FROM `tp_user` WHERE `username` = '' AND `password` = 'd41d8cd98f00b204e9800998ecf8427e' LIMIT 1   [ RunTime:0.0000s ]

[ 2017-10-16T19:23:54+08:00 ] 127.0.0.1 /index.php/Home/login/login.html
INFO: [ app_begin ] --START--
INFO: Run Behavior\ReadHtmlCacheBehavior [ RunTime:0.001000s ]
INFO: [ app_begin ] --END-- [ RunTime:0.001000s ]
SQL: SHOW COLUMNS FROM `tp_category` [ RunTime:0.0060s ]
SQL: SELECT * FROM `tp_category` WHERE ( display=1 )  [ RunTime:0.0010s ]
SQL: SHOW COLUMNS FROM `tp_user` [ RunTime:0.0040s ]
NOTIC: [8] Undefined index: validate F:\wamp\tbtwo\ThinkPHP\Library\Think\Model.class.php 第 1185 行.
NOTIC: [8] Undefined index: auto F:\wamp\tbtwo\ThinkPHP\Library\Think\Model.class.php 第 1128 行.
SQL: SELECT * FROM `tp_user` WHERE `username` = '' AND `password` = 'd41d8cd98f00b204e9800998ecf8427e' LIMIT 1   [ RunTime:0.0010s ]

[ 2017-10-16T19:23:59+08:00 ] 127.0.0.1 /index.php/Home/login/login.html
INFO: [ app_begin ] --START--
INFO: Run Behavior\ReadHtmlCacheBehavior [ RunTime:0.000000s ]
INFO: [ app_begin ] --END-- [ RunTime:0.000000s ]
SQL: SHOW COLUMNS FROM `tp_category` [ RunTime:0.0040s ]
SQL: SELECT * FROM `tp_category` WHERE ( display=1 )  [ RunTime:0.0000s ]
SQL: SHOW COLUMNS FROM `tp_user` [ RunTime:0.0060s ]
NOTIC: [8] Undefined index: validate F:\wamp\tbtwo\ThinkPHP\Library\Think\Model.class.php 第 1185 行.
NOTIC: [8] Undefined index: auto F:\wamp\tbtwo\ThinkPHP\Library\Think\Model.class.php 第 1128 行.
SQL: SELECT * FROM `tp_user` WHERE `username` = '' AND `password` = 'd41d8cd98f00b204e9800998ecf8427e' LIMIT 1   [ RunTime:0.0000s ]

[ 2017-10-16T19:24:02+08:00 ] 127.0.0.1 /index.php/Home/login/login.html
INFO: [ app_begin ] --START--
INFO: Run Behavior\ReadHtmlCacheBehavior [ RunTime:0.001000s ]
INFO: [ app_begin ] --END-- [ RunTime:0.001000s ]
SQL: SHOW COLUMNS FROM `tp_category` [ RunTime:0.0060s ]
SQL: SELECT * FROM `tp_category` WHERE ( display=1 )  [ RunTime:0.0010s ]
SQL: SHOW COLUMNS FROM `tp_user` [ RunTime:0.0070s ]
NOTIC: [8] Undefined index: validate F:\wamp\tbtwo\ThinkPHP\Library\Think\Model.class.php 第 1185 行.
NOTIC: [8] Undefined index: auto F:\wamp\tbtwo\ThinkPHP\Library\Think\Model.class.php 第 1128 行.
SQL: SELECT * FROM `tp_user` WHERE `username` = '' AND `password` = 'd41d8cd98f00b204e9800998ecf8427e' LIMIT 1   [ RunTime:0.0000s ]

[ 2017-10-16T19:24:08+08:00 ] 127.0.0.1 /index.php/Home/login/login.html
INFO: [ app_begin ] --START--
INFO: Run Behavior\ReadHtmlCacheBehavior [ RunTime:0.000000s ]
INFO: [ app_begin ] --END-- [ RunTime:0.000000s ]
SQL: SHOW COLUMNS FROM `tp_category` [ RunTime:0.0070s ]
SQL: SELECT * FROM `tp_category` WHERE ( display=1 )  [ RunTime:0.0010s ]
SQL: SHOW COLUMNS FROM `tp_user` [ RunTime:0.0060s ]
NOTIC: [8] Undefined index: validate F:\wamp\tbtwo\ThinkPHP\Library\Think\Model.class.php 第 1185 行.
NOTIC: [8] Undefined index: auto F:\wamp\tbtwo\ThinkPHP\Library\Think\Model.class.php 第 1128 行.
SQL: SELECT * FROM `tp_user` WHERE `username` = '' AND `password` = 'd41d8cd98f00b204e9800998ecf8427e' LIMIT 1   [ RunTime:0.0000s ]

[ 2017-10-16T19:24:11+08:00 ] 127.0.0.1 /index.php/Home/login/login.html
INFO: [ app_begin ] --START--
INFO: Run Behavior\ReadHtmlCacheBehavior [ RunTime:0.001000s ]
INFO: [ app_begin ] --END-- [ RunTime:0.001000s ]
SQL: SHOW COLUMNS FROM `tp_category` [ RunTime:0.0060s ]
SQL: SELECT * FROM `tp_category` WHERE ( display=1 )  [ RunTime:0.0000s ]
SQL: SHOW COLUMNS FROM `tp_user` [ RunTime:0.0060s ]
NOTIC: [8] Undefined index: validate F:\wamp\tbtwo\ThinkPHP\Library\Think\Model.class.php 第 1185 行.
NOTIC: [8] Undefined index: auto F:\wamp\tbtwo\ThinkPHP\Library\Think\Model.class.php 第 1128 行.
SQL: SELECT * FROM `tp_user` WHERE `username` = '' AND `password` = 'd41d8cd98f00b204e9800998ecf8427e' LIMIT 1   [ RunTime:0.0010s ]

[ 2017-10-16T19:25:27+08:00 ] 127.0.0.1 /index.php/Home/login/login.html
INFO: [ app_begin ] --START--
INFO: Run Behavior\ReadHtmlCacheBehavior [ RunTime:0.000000s ]
INFO: [ app_begin ] --END-- [ RunTime:0.001000s ]
SQL: SHOW COLUMNS FROM `tp_category` [ RunTime:0.0050s ]
SQL: SELECT * FROM `tp_category` WHERE ( display=1 )  [ RunTime:0.0010s ]
SQL: SHOW COLUMNS FROM `tp_user` [ RunTime:0.0070s ]
NOTIC: [8] Undefined index: validate F:\wamp\tbtwo\ThinkPHP\Library\Think\Model.class.php 第 1185 行.
NOTIC: [8] Undefined index: auto F:\wamp\tbtwo\ThinkPHP\Library\Think\Model.class.php 第 1128 行.
SQL: SELECT * FROM `tp_user` WHERE `username` = '' AND `password` = 'd41d8cd98f00b204e9800998ecf8427e' LIMIT 1   [ RunTime:0.0010s ]

[ 2017-10-16T19:25:30+08:00 ] 127.0.0.1 /index.php/Home/login/login.html
INFO: [ app_begin ] --START--
INFO: Run Behavior\ReadHtmlCacheBehavior [ RunTime:0.001000s ]
INFO: [ app_begin ] --END-- [ RunTime:0.001000s ]
SQL: SHOW COLUMNS FROM `tp_category` [ RunTime:0.0070s ]
SQL: SELECT * FROM `tp_category` WHERE ( display=1 )  [ RunTime:0.0000s ]
SQL: SHOW COLUMNS FROM `tp_user` [ RunTime:0.0050s ]
NOTIC: [8] Undefined index: validate F:\wamp\tbtwo\ThinkPHP\Library\Think\Model.class.php 第 1185 行.
NOTIC: [8] Undefined index: auto F:\wamp\tbtwo\ThinkPHP\Library\Think\Model.class.php 第 1128 行.
SQL: SELECT * FROM `tp_user` WHERE `username` = '' AND `password` = 'd41d8cd98f00b204e9800998ecf8427e' LIMIT 1   [ RunTime:0.0000s ]

[ 2017-10-16T19:25:32+08:00 ] 127.0.0.1 /index.php/Home/login/login.html
INFO: [ app_begin ] --START--
INFO: Run Behavior\ReadHtmlCacheBehavior [ RunTime:0.000000s ]
INFO: [ app_begin ] --END-- [ RunTime:0.000000s ]
SQL: SHOW COLUMNS FROM `tp_category` [ RunTime:0.0060s ]
SQL: SELECT * FROM `tp_category` WHERE ( display=1 )  [ RunTime:0.0000s ]
SQL: SHOW COLUMNS FROM `tp_user` [ RunTime:0.0070s ]
NOTIC: [8] Undefined index: validate F:\wamp\tbtwo\ThinkPHP\Library\Think\Model.class.php 第 1185 行.
NOTIC: [8] Undefined index: auto F:\wamp\tbtwo\ThinkPHP\Library\Think\Model.class.php 第 1128 行.
SQL: SELECT * FROM `tp_user` WHERE `username` = '' AND `password` = 'd41d8cd98f00b204e9800998ecf8427e' LIMIT 1   [ RunTime:0.0010s ]

[ 2017-10-16T19:25:35+08:00 ] 127.0.0.1 /index.php/Home/login/login.html
INFO: [ app_begin ] --START--
INFO: Run Behavior\ReadHtmlCacheBehavior [ RunTime:0.000000s ]
INFO: [ app_begin ] --END-- [ RunTime:0.000000s ]
SQL: SHOW COLUMNS FROM `tp_category` [ RunTime:0.0070s ]
SQL: SELECT * FROM `tp_category` WHERE ( display=1 )  [ RunTime:0.0010s ]
SQL: SHOW COLUMNS FROM `tp_user` [ RunTime:0.0050s ]
NOTIC: [8] Undefined index: validate F:\wamp\tbtwo\ThinkPHP\Library\Think\Model.class.php 第 1185 行.
NOTIC: [8] Undefined index: auto F:\wamp\tbtwo\ThinkPHP\Library\Think\Model.class.php 第 1128 行.
SQL: SELECT * FROM `tp_user` WHERE `username` = '' AND `password` = 'd41d8cd98f00b204e9800998ecf8427e' LIMIT 1   [ RunTime:0.0000s ]

[ 2017-10-16T19:26:28+08:00 ] 127.0.0.1 /index.php/Home/login/login.html
INFO: [ app_begin ] --START--
INFO: Run Behavior\ReadHtmlCacheBehavior [ RunTime:0.001001s ]
INFO: [ app_begin ] --END-- [ RunTime:0.001001s ]
SQL: SHOW COLUMNS FROM `tp_category` [ RunTime:0.0070s ]
SQL: SELECT * FROM `tp_category` WHERE ( display=1 )  [ RunTime:0.0000s ]
SQL: SHOW COLUMNS FROM `tp_user` [ RunTime:0.0070s ]
NOTIC: [8] Undefined index: validate F:\wamp\tbtwo\ThinkPHP\Library\Think\Model.class.php 第 1185 行.
NOTIC: [8] Undefined index: auto F:\wamp\tbtwo\ThinkPHP\Library\Think\Model.class.php 第 1128 行.

[ 2017-10-16T19:26:36+08:00 ] 127.0.0.1 /index.php/Home/login/login.html
INFO: [ app_begin ] --START--
INFO: Run Behavior\ReadHtmlCacheBehavior [ RunTime:0.001000s ]
INFO: [ app_begin ] --END-- [ RunTime:0.001000s ]
SQL: SHOW COLUMNS FROM `tp_category` [ RunTime:0.0060s ]
SQL: SELECT * FROM `tp_category` WHERE ( display=1 )  [ RunTime:0.0010s ]
SQL: SHOW COLUMNS FROM `tp_user` [ RunTime:0.0060s ]
NOTIC: [8] Undefined index: validate F:\wamp\tbtwo\ThinkPHP\Library\Think\Model.class.php 第 1185 行.
NOTIC: [8] Undefined index: auto F:\wamp\tbtwo\ThinkPHP\Library\Think\Model.class.php 第 1128 行.

[ 2017-10-16T19:29:31+08:00 ] 127.0.0.1 /index.php/Home/login/login.html
INFO: [ app_begin ] --START--
INFO: Run Behavior\ReadHtmlCacheBehavior [ RunTime:0.001000s ]
INFO: [ app_begin ] --END-- [ RunTime:0.001000s ]
SQL: SHOW COLUMNS FROM `tp_category` [ RunTime:0.0070s ]
SQL: SELECT * FROM `tp_category` WHERE ( display=1 )  [ RunTime:0.0000s ]
SQL: SHOW COLUMNS FROM `tp_user` [ RunTime:0.0060s ]
NOTIC: [8] Undefined index: validate F:\wamp\tbtwo\ThinkPHP\Library\Think\Model.class.php 第 1185 行.
NOTIC: [8] Undefined index: auto F:\wamp\tbtwo\ThinkPHP\Library\Think\Model.class.php 第 1128 行.
SQL: SELECT * FROM `tp_user` WHERE `username` = 'user' AND `password` = '202cb962ac59075b964b07152d234b70' LIMIT 1   [ RunTime:0.0000s ]

[ 2017-10-16T19:29:31+08:00 ] 127.0.0.1 /index.php/Home/order/css/style.css
ERR: 非法操作:css

