[ 2017-09-12T09:35:49+08:00 ] 127.0.0.1 /index.php
INFO: [ app_init ] --START--
INFO: Run Behavior\BuildLiteBehavior [ RunTime:0.000009s ]
INFO: [ app_init ] --END-- [ RunTime:0.000330s ]
INFO: [ app_begin ] --START--
INFO: Run Behavior\ReadHtmlCacheBehavior [ RunTime:0.000347s ]
INFO: [ app_begin ] --END-- [ RunTime:0.000384s ]
INFO: [ view_parse ] --START--
INFO: [ template_filter ] --START--
INFO: Run Behavior\ContentReplaceBehavior [ RunTime:0.000023s ]
INFO: [ template_filter ] --END-- [ RunTime:0.000057s ]
INFO: Run Behavior\ParseTemplateBehavior [ RunTime:0.003586s ]
INFO: [ view_parse ] --END-- [ RunTime:0.003624s ]
INFO: [ view_filter ] --START--
INFO: Run Behavior\WriteHtmlCacheBehavior [ RunTime:0.000217s ]
INFO: [ view_filter ] --END-- [ RunTime:0.000246s ]
INFO: [ app_end ] --START--
INFO: Run Behavior\ShowPageTraceBehavior [ RunTime:0.000344s ]
INFO: [ app_end ] --END-- [ RunTime:0.000375s ]

[ 2017-09-12T09:48:26+08:00 ] 127.0.0.1 /index.php/admin/login/index
INFO: [ app_init ] --START--
INFO: Run Behavior\BuildLiteBehavior [ RunTime:0.000008s ]
INFO: [ app_init ] --END-- [ RunTime:0.000208s ]
INFO: [ app_begin ] --START--
INFO: Run Behavior\ReadHtmlCacheBehavior [ RunTime:0.000313s ]
INFO: [ app_begin ] --END-- [ RunTime:0.000347s ]
ERR: 无法加载控制器:Login

[ 2017-09-12T09:49:15+08:00 ] 127.0.0.1 /index.php?m=admin&c=login&a=index
INFO: [ app_init ] --START--
INFO: Run Behavior\BuildLiteBehavior [ RunTime:0.000009s ]
INFO: [ app_init ] --END-- [ RunTime:0.000185s ]
INFO: [ app_begin ] --START--
INFO: Run Behavior\ReadHtmlCacheBehavior [ RunTime:0.000253s ]
INFO: [ app_begin ] --END-- [ RunTime:0.000288s ]
ERR: 无法加载控制器:Login

[ 2017-09-12T09:50:51+08:00 ] 127.0.0.1 /index.php?m=admin&c=login&a=login
INFO: [ app_init ] --START--
INFO: Run Behavior\BuildLiteBehavior [ RunTime:0.000009s ]
INFO: [ app_init ] --END-- [ RunTime:0.000208s ]
INFO: [ app_begin ] --START--
INFO: Run Behavior\ReadHtmlCacheBehavior [ RunTime:0.000311s ]
INFO: [ app_begin ] --END-- [ RunTime:0.000348s ]
ERR: 无法加载控制器:Login

[ 2017-09-12T09:51:02+08:00 ] 127.0.0.1 /index.php?m=admin&c=login&a=login
INFO: [ app_init ] --START--
INFO: Run Behavior\BuildLiteBehavior [ RunTime:0.000009s ]
INFO: [ app_init ] --END-- [ RunTime:0.000193s ]
INFO: [ app_begin ] --START--
INFO: Run Behavior\ReadHtmlCacheBehavior [ RunTime:0.000276s ]
INFO: [ app_begin ] --END-- [ RunTime:0.000312s ]
ERR: 无法加载控制器:Login

[ 2017-09-12T09:51:03+08:00 ] 127.0.0.1 /index.php?m=admin&c=login&a=login
INFO: [ app_init ] --START--
INFO: Run Behavior\BuildLiteBehavior [ RunTime:0.000009s ]
INFO: [ app_init ] --END-- [ RunTime:0.000185s ]
INFO: [ app_begin ] --START--
INFO: Run Behavior\ReadHtmlCacheBehavior [ RunTime:0.000273s ]
INFO: [ app_begin ] --END-- [ RunTime:0.000308s ]
ERR: 无法加载控制器:Login

[ 2017-09-12T09:51:03+08:00 ] 127.0.0.1 /index.php?m=admin&c=login&a=login
INFO: [ app_init ] --START--
INFO: Run Behavior\BuildLiteBehavior [ RunTime:0.000009s ]
INFO: [ app_init ] --END-- [ RunTime:0.000188s ]
INFO: [ app_begin ] --START--
INFO: Run Behavior\ReadHtmlCacheBehavior [ RunTime:0.000270s ]
INFO: [ app_begin ] --END-- [ RunTime:0.000306s ]
ERR: 无法加载控制器:Login

[ 2017-09-12T09:51:03+08:00 ] 127.0.0.1 /index.php?m=admin&c=login&a=login
INFO: [ app_init ] --START--
INFO: Run Behavior\BuildLiteBehavior [ RunTime:0.000008s ]
INFO: [ app_init ] --END-- [ RunTime:0.000180s ]
INFO: [ app_begin ] --START--
INFO: Run Behavior\ReadHtmlCacheBehavior [ RunTime:0.000267s ]
INFO: [ app_begin ] --END-- [ RunTime:0.000302s ]
ERR: 无法加载控制器:Login

[ 2017-09-12T09:51:04+08:00 ] 127.0.0.1 /index.php?m=admin&c=login&a=login
INFO: [ app_init ] --START--
INFO: Run Behavior\BuildLiteBehavior [ RunTime:0.000009s ]
INFO: [ app_init ] --END-- [ RunTime:0.000182s ]
INFO: [ app_begin ] --START--
INFO: Run Behavior\ReadHtmlCacheBehavior [ RunTime:0.000266s ]
INFO: [ app_begin ] --END-- [ RunTime:0.000302s ]
ERR: 无法加载控制器:Login

[ 2017-09-12T09:51:04+08:00 ] 127.0.0.1 /index.php?m=admin&c=login&a=login
INFO: [ app_init ] --START--
INFO: Run Behavior\BuildLiteBehavior [ RunTime:0.000009s ]
INFO: [ app_init ] --END-- [ RunTime:0.000185s ]
INFO: [ app_begin ] --START--
INFO: Run Behavior\ReadHtmlCacheBehavior [ RunTime:0.000268s ]
INFO: [ app_begin ] --END-- [ RunTime:0.000304s ]
ERR: 无法加载控制器:Login

[ 2017-09-12T09:51:04+08:00 ] 127.0.0.1 /index.php?m=admin&c=login&a=login
INFO: [ app_init ] --START--
INFO: Run Behavior\BuildLiteBehavior [ RunTime:0.000008s ]
INFO: [ app_init ] --END-- [ RunTime:0.000179s ]
INFO: [ app_begin ] --START--
INFO: Run Behavior\ReadHtmlCacheBehavior [ RunTime:0.000267s ]
INFO: [ app_begin ] --END-- [ RunTime:0.000302s ]
ERR: 无法加载控制器:Login

[ 2017-09-12T09:56:11+08:00 ] 127.0.0.1 /admin/login/login
INFO: [ app_init ] --START--
INFO: Run Behavior\BuildLiteBehavior [ RunTime:0.000008s ]
INFO: [ app_init ] --END-- [ RunTime:0.000205s ]
INFO: [ app_begin ] --START--
INFO: Run Behavior\ReadHtmlCacheBehavior [ RunTime:0.000307s ]
INFO: [ app_begin ] --END-- [ RunTime:0.000343s ]
ERR: 无法加载控制器:Login

[ 2017-09-12T09:57:46+08:00 ] 127.0.0.1 /admin/login/login
INFO: [ app_init ] --START--
INFO: Run Behavior\BuildLiteBehavior [ RunTime:0.000010s ]
INFO: [ app_init ] --END-- [ RunTime:0.000212s ]
INFO: [ app_begin ] --START--
INFO: Run Behavior\ReadHtmlCacheBehavior [ RunTime:0.000306s ]
INFO: [ app_begin ] --END-- [ RunTime:0.000341s ]
ERR: 无法加载控制器:Login

[ 2017-09-12T09:57:47+08:00 ] 127.0.0.1 /admin/login/login
INFO: [ app_init ] --START--
INFO: Run Behavior\BuildLiteBehavior [ RunTime:0.000009s ]
INFO: [ app_init ] --END-- [ RunTime:0.000179s ]
INFO: [ app_begin ] --START--
INFO: Run Behavior\ReadHtmlCacheBehavior [ RunTime:0.000242s ]
INFO: [ app_begin ] --END-- [ RunTime:0.000276s ]
ERR: 无法加载控制器:Login

[ 2017-09-12T09:57:47+08:00 ] 127.0.0.1 /admin/login/login
INFO: [ app_init ] --START--
INFO: Run Behavior\BuildLiteBehavior [ RunTime:0.000008s ]
INFO: [ app_init ] --END-- [ RunTime:0.000180s ]
INFO: [ app_begin ] --START--
INFO: Run Behavior\ReadHtmlCacheBehavior [ RunTime:0.000240s ]
INFO: [ app_begin ] --END-- [ RunTime:0.000274s ]
ERR: 无法加载控制器:Login

[ 2017-09-12T09:57:47+08:00 ] 127.0.0.1 /admin/login/login
INFO: [ app_init ] --START--
INFO: Run Behavior\BuildLiteBehavior [ RunTime:0.000008s ]
INFO: [ app_init ] --END-- [ RunTime:0.000182s ]
INFO: [ app_begin ] --START--
INFO: Run Behavior\ReadHtmlCacheBehavior [ RunTime:0.000240s ]
INFO: [ app_begin ] --END-- [ RunTime:0.000274s ]
ERR: 无法加载控制器:Login

[ 2017-09-12T09:58:42+08:00 ] 127.0.0.1 /admin/login/login
INFO: [ app_init ] --START--
INFO: Run Behavior\BuildLiteBehavior [ RunTime:0.000009s ]
INFO: [ app_init ] --END-- [ RunTime:0.000211s ]
INFO: [ app_begin ] --START--
INFO: Run Behavior\ReadHtmlCacheBehavior [ RunTime:0.000309s ]
INFO: [ app_begin ] --END-- [ RunTime:0.000345s ]
INFO: [ view_parse ] --START--
INFO: [ template_filter ] --START--
INFO: Run Behavior\ContentReplaceBehavior [ RunTime:0.000032s ]
INFO: [ template_filter ] --END-- [ RunTime:0.000067s ]
INFO: Run Behavior\ParseTemplateBehavior [ RunTime:0.003576s ]
INFO: [ view_parse ] --END-- [ RunTime:0.003612s ]
INFO: [ view_filter ] --START--
INFO: Run Behavior\WriteHtmlCacheBehavior [ RunTime:0.000173s ]
INFO: [ view_filter ] --END-- [ RunTime:0.000202s ]
INFO: [ app_end ] --START--
INFO: Run Behavior\ShowPageTraceBehavior [ RunTime:0.000308s ]
INFO: [ app_end ] --END-- [ RunTime:0.000340s ]

[ 2017-09-12T09:58:42+08:00 ] 127.0.0.1 /admin/login/img/admin.png
INFO: [ app_init ] --START--
INFO: Run Behavior\BuildLiteBehavior [ RunTime:0.000013s ]
INFO: [ app_init ] --END-- [ RunTime:0.000266s ]

[ 2017-09-12T09:58:42+08:00 ] 127.0.0.1 /admin/login/css/User_Login.css
INFO: [ app_init ] --START--
INFO: Run Behavior\BuildLiteBehavior [ RunTime:0.000010s ]
INFO: [ app_init ] --END-- [ RunTime:0.000248s ]
INFO: [ app_begin ] --START--
INFO: Run Behavior\ReadHtmlCacheBehavior [ RunTime:0.000281s ]
INFO: [ app_begin ] --END-- [ RunTime:0.000321s ]
ERR: 非法操作:css

[ 2017-09-12T09:58:42+08:00 ] 127.0.0.1 /admin/login/img/user_botton.gif
INFO: [ app_init ] --START--
INFO: Run Behavior\BuildLiteBehavior [ RunTime:0.000010s ]
INFO: [ app_init ] --END-- [ RunTime:0.000217s ]

[ 2017-09-12T10:03:40+08:00 ] 127.0.0.1 /admin/login/login
INFO: [ app_init ] --START--
INFO: Run Behavior\BuildLiteBehavior [ RunTime:0.000008s ]
INFO: [ app_init ] --END-- [ RunTime:0.000204s ]
INFO: [ app_begin ] --START--
INFO: Run Behavior\ReadHtmlCacheBehavior [ RunTime:0.000322s ]
INFO: [ app_begin ] --END-- [ RunTime:0.000361s ]
INFO: [ view_parse ] --START--
INFO: [ template_filter ] --START--
INFO: Run Behavior\ContentReplaceBehavior [ RunTime:0.000044s ]
INFO: [ template_filter ] --END-- [ RunTime:0.000081s ]
INFO: Run Behavior\ParseTemplateBehavior [ RunTime:0.003848s ]
INFO: [ view_parse ] --END-- [ RunTime:0.003887s ]
INFO: [ view_filter ] --START--
INFO: Run Behavior\WriteHtmlCacheBehavior [ RunTime:0.000207s ]
INFO: [ view_filter ] --END-- [ RunTime:0.000237s ]
INFO: [ app_end ] --START--
INFO: Run Behavior\ShowPageTraceBehavior [ RunTime:0.000293s ]
INFO: [ app_end ] --END-- [ RunTime:0.000325s ]

[ 2017-09-12T10:03:40+08:00 ] 127.0.0.1 /admin/login/Public/Admin/User_Login.css
INFO: [ app_init ] --START--
INFO: Run Behavior\BuildLiteBehavior [ RunTime:0.000009s ]
INFO: [ app_init ] --END-- [ RunTime:0.000189s ]
INFO: [ app_begin ] --START--
INFO: Run Behavior\ReadHtmlCacheBehavior [ RunTime:0.000362s ]
INFO: [ app_begin ] --END-- [ RunTime:0.000416s ]
ERR: 非法操作:Public

[ 2017-09-12T10:03:40+08:00 ] 127.0.0.1 /admin/login/img/admin.png
INFO: [ app_init ] --START--
INFO: Run Behavior\BuildLiteBehavior [ RunTime:0.000012s ]
INFO: [ app_init ] --END-- [ RunTime:0.000287s ]

[ 2017-09-12T10:03:40+08:00 ] 127.0.0.1 /admin/login/img/user_botton.gif
INFO: [ app_init ] --START--
INFO: Run Behavior\BuildLiteBehavior [ RunTime:0.000009s ]
INFO: [ app_init ] --END-- [ RunTime:0.000207s ]

[ 2017-09-12T10:03:41+08:00 ] 127.0.0.1 /admin/login/login
INFO: [ app_init ] --START--
INFO: Run Behavior\BuildLiteBehavior [ RunTime:0.000009s ]
INFO: [ app_init ] --END-- [ RunTime:0.000211s ]
INFO: [ app_begin ] --START--
INFO: Run Behavior\ReadHtmlCacheBehavior [ RunTime:0.000342s ]
INFO: [ app_begin ] --END-- [ RunTime:0.000377s ]
INFO: [ view_parse ] --START--
INFO: [ template_filter ] --START--
INFO: Run Behavior\ContentReplaceBehavior [ RunTime:0.000043s ]
INFO: [ template_filter ] --END-- [ RunTime:0.000077s ]
INFO: Run Behavior\ParseTemplateBehavior [ RunTime:0.003671s ]
INFO: [ view_parse ] --END-- [ RunTime:0.003708s ]
INFO: [ view_filter ] --START--
INFO: Run Behavior\WriteHtmlCacheBehavior [ RunTime:0.000221s ]
INFO: [ view_filter ] --END-- [ RunTime:0.000251s ]
INFO: [ app_end ] --START--
INFO: Run Behavior\ShowPageTraceBehavior [ RunTime:0.000348s ]
INFO: [ app_end ] --END-- [ RunTime:0.000380s ]

[ 2017-09-12T10:03:41+08:00 ] 127.0.0.1 /admin/login/img/admin.png
INFO: [ app_init ] --START--
INFO: Run Behavior\BuildLiteBehavior [ RunTime:0.000008s ]
INFO: [ app_init ] --END-- [ RunTime:0.000183s ]

[ 2017-09-12T10:03:41+08:00 ] 127.0.0.1 /admin/login/img/user_botton.gif
INFO: [ app_init ] --START--
INFO: Run Behavior\BuildLiteBehavior [ RunTime:0.000011s ]
INFO: [ app_init ] --END-- [ RunTime:0.000260s ]

[ 2017-09-12T10:03:41+08:00 ] 127.0.0.1 /admin/login/Public/Admin/User_Login.css
INFO: [ app_init ] --START--
INFO: Run Behavior\BuildLiteBehavior [ RunTime:0.000008s ]
INFO: [ app_init ] --END-- [ RunTime:0.000216s ]
INFO: [ app_begin ] --START--
INFO: Run Behavior\ReadHtmlCacheBehavior [ RunTime:0.000346s ]
INFO: [ app_begin ] --END-- [ RunTime:0.000385s ]
ERR: 非法操作:Public

[ 2017-09-12T10:03:41+08:00 ] 127.0.0.1 /admin/login/login
INFO: [ app_init ] --START--
INFO: Run Behavior\BuildLiteBehavior [ RunTime:0.000008s ]
INFO: [ app_init ] --END-- [ RunTime:0.000210s ]
INFO: [ app_begin ] --START--
INFO: Run Behavior\ReadHtmlCacheBehavior [ RunTime:0.000324s ]
INFO: [ app_begin ] --END-- [ RunTime:0.000360s ]
INFO: [ view_parse ] --START--
INFO: [ template_filter ] --START--
INFO: Run Behavior\ContentReplaceBehavior [ RunTime:0.000043s ]
INFO: [ template_filter ] --END-- [ RunTime:0.000081s ]
INFO: Run Behavior\ParseTemplateBehavior [ RunTime:0.003813s ]
INFO: [ view_parse ] --END-- [ RunTime:0.003856s ]
INFO: [ view_filter ] --START--
INFO: Run Behavior\WriteHtmlCacheBehavior [ RunTime:0.000223s ]
INFO: [ view_filter ] --END-- [ RunTime:0.000256s ]
INFO: [ app_end ] --START--
INFO: Run Behavior\ShowPageTraceBehavior [ RunTime:0.000355s ]
INFO: [ app_end ] --END-- [ RunTime:0.000389s ]

[ 2017-09-12T10:03:41+08:00 ] 127.0.0.1 /admin/login/img/admin.png
INFO: [ app_init ] --START--
INFO: Run Behavior\BuildLiteBehavior [ RunTime:0.000008s ]
INFO: [ app_init ] --END-- [ RunTime:0.000183s ]

[ 2017-09-12T10:03:41+08:00 ] 127.0.0.1 /admin/login/img/user_botton.gif
INFO: [ app_init ] --START--
INFO: Run Behavior\BuildLiteBehavior [ RunTime:0.000012s ]
INFO: [ app_init ] --END-- [ RunTime:0.000254s ]

[ 2017-09-12T10:03:41+08:00 ] 127.0.0.1 /admin/login/Public/Admin/User_Login.css
INFO: [ app_init ] --START--
INFO: Run Behavior\BuildLiteBehavior [ RunTime:0.000008s ]
INFO: [ app_init ] --END-- [ RunTime:0.000224s ]
INFO: [ app_begin ] --START--
INFO: Run Behavior\ReadHtmlCacheBehavior [ RunTime:0.000340s ]
INFO: [ app_begin ] --END-- [ RunTime:0.000375s ]
ERR: 非法操作:Public

[ 2017-09-12T10:04:16+08:00 ] 127.0.0.1 /admin/login/Public/Admin/User_Login.css
INFO: [ app_init ] --START--
INFO: Run Behavior\BuildLiteBehavior [ RunTime:0.000009s ]
INFO: [ app_init ] --END-- [ RunTime:0.000209s ]
INFO: [ app_begin ] --START--
INFO: Run Behavior\ReadHtmlCacheBehavior [ RunTime:0.000313s ]
INFO: [ app_begin ] --END-- [ RunTime:0.000349s ]
ERR: 非法操作:Public

[ 2017-09-12T10:04:57+08:00 ] 127.0.0.1 /admin/login/login
INFO: [ app_init ] --START--
INFO: Run Behavior\BuildLiteBehavior [ RunTime:0.000008s ]
INFO: [ app_init ] --END-- [ RunTime:0.000179s ]
INFO: [ app_begin ] --START--
INFO: Run Behavior\ReadHtmlCacheBehavior [ RunTime:0.000300s ]
INFO: [ app_begin ] --END-- [ RunTime:0.000337s ]
INFO: [ view_parse ] --START--
INFO: [ template_filter ] --START--
INFO: Run Behavior\ContentReplaceBehavior [ RunTime:0.000043s ]
INFO: [ template_filter ] --END-- [ RunTime:0.000078s ]
INFO: Run Behavior\ParseTemplateBehavior [ RunTime:0.003511s ]
INFO: [ view_parse ] --END-- [ RunTime:0.003548s ]
INFO: [ view_filter ] --START--
INFO: Run Behavior\WriteHtmlCacheBehavior [ RunTime:0.000231s ]
INFO: [ view_filter ] --END-- [ RunTime:0.000260s ]
INFO: [ app_end ] --START--
INFO: Run Behavior\ShowPageTraceBehavior [ RunTime:0.000357s ]
INFO: [ app_end ] --END-- [ RunTime:0.000388s ]

[ 2017-09-12T10:04:57+08:00 ] 127.0.0.1 /admin/login/Public/Admin/css/User_Login.css
INFO: [ app_init ] --START--
INFO: Run Behavior\BuildLiteBehavior [ RunTime:0.000010s ]
INFO: [ app_init ] --END-- [ RunTime:0.000190s ]
INFO: [ app_begin ] --START--
INFO: Run Behavior\ReadHtmlCacheBehavior [ RunTime:0.000317s ]
INFO: [ app_begin ] --END-- [ RunTime:0.000355s ]
ERR: 非法操作:Public

[ 2017-09-12T10:04:57+08:00 ] 127.0.0.1 /admin/login/img/user_botton.gif
INFO: [ app_init ] --START--
INFO: Run Behavior\BuildLiteBehavior [ RunTime:0.000009s ]
INFO: [ app_init ] --END-- [ RunTime:0.000229s ]

[ 2017-09-12T10:04:57+08:00 ] 127.0.0.1 /admin/login/img/admin.png
INFO: [ app_init ] --START--
INFO: Run Behavior\BuildLiteBehavior [ RunTime:0.000027s ]
INFO: [ app_init ] --END-- [ RunTime:0.000296s ]

[ 2017-09-12T10:04:58+08:00 ] 127.0.0.1 /admin/login/login
INFO: [ app_init ] --START--
INFO: Run Behavior\BuildLiteBehavior [ RunTime:0.000009s ]
INFO: [ app_init ] --END-- [ RunTime:0.000185s ]
INFO: [ app_begin ] --START--
INFO: Run Behavior\ReadHtmlCacheBehavior [ RunTime:0.000309s ]
INFO: [ app_begin ] --END-- [ RunTime:0.000345s ]
INFO: [ view_parse ] --START--
INFO: [ template_filter ] --START--
INFO: Run Behavior\ContentReplaceBehavior [ RunTime:0.000043s ]
INFO: [ template_filter ] --END-- [ RunTime:0.000077s ]
INFO: Run Behavior\ParseTemplateBehavior [ RunTime:0.003402s ]
INFO: [ view_parse ] --END-- [ RunTime:0.003438s ]
INFO: [ view_filter ] --START--
INFO: Run Behavior\WriteHtmlCacheBehavior [ RunTime:0.000172s ]
INFO: [ view_filter ] --END-- [ RunTime:0.000200s ]
INFO: [ app_end ] --START--
INFO: Run Behavior\ShowPageTraceBehavior [ RunTime:0.000295s ]
INFO: [ app_end ] --END-- [ RunTime:0.000326s ]

[ 2017-09-12T10:04:58+08:00 ] 127.0.0.1 /admin/login/Public/Admin/css/User_Login.css
INFO: [ app_init ] --START--
INFO: Run Behavior\BuildLiteBehavior [ RunTime:0.000010s ]
INFO: [ app_init ] --END-- [ RunTime:0.000199s ]
INFO: [ app_begin ] --START--
INFO: Run Behavior\ReadHtmlCacheBehavior [ RunTime:0.000246s ]
INFO: [ app_begin ] --END-- [ RunTime:0.000282s ]
ERR: 非法操作:Public

[ 2017-09-12T10:04:58+08:00 ] 127.0.0.1 /admin/login/img/admin.png
INFO: [ app_init ] --START--
INFO: Run Behavior\BuildLiteBehavior [ RunTime:0.000013s ]
INFO: [ app_init ] --END-- [ RunTime:0.000306s ]

[ 2017-09-12T10:04:58+08:00 ] 127.0.0.1 /admin/login/img/user_botton.gif
INFO: [ app_init ] --START--
INFO: Run Behavior\BuildLiteBehavior [ RunTime:0.000009s ]
INFO: [ app_init ] --END-- [ RunTime:0.000205s ]

[ 2017-09-12T10:06:59+08:00 ] 127.0.0.1 /admin/login/login
INFO: [ app_init ] --START--
INFO: Run Behavior\BuildLiteBehavior [ RunTime:0.000011s ]
INFO: [ app_init ] --END-- [ RunTime:0.000215s ]
INFO: [ app_begin ] --START--
INFO: Run Behavior\ReadHtmlCacheBehavior [ RunTime:0.000311s ]
INFO: [ app_begin ] --END-- [ RunTime:0.000347s ]
INFO: [ view_parse ] --START--
INFO: [ template_filter ] --START--
INFO: Run Behavior\ContentReplaceBehavior [ RunTime:0.000040s ]
INFO: [ template_filter ] --END-- [ RunTime:0.000075s ]
INFO: Run Behavior\ParseTemplateBehavior [ RunTime:0.003367s ]
INFO: [ view_parse ] --END-- [ RunTime:0.003406s ]
INFO: [ view_filter ] --START--
INFO: Run Behavior\WriteHtmlCacheBehavior [ RunTime:0.000183s ]
INFO: [ view_filter ] --END-- [ RunTime:0.000212s ]
INFO: [ app_end ] --START--
INFO: Run Behavior\ShowPageTraceBehavior [ RunTime:0.000296s ]
INFO: [ app_end ] --END-- [ RunTime:0.000328s ]

[ 2017-09-12T10:06:59+08:00 ] 127.0.0.1 /admin/login/Public/Admin/css/User_Login.css
INFO: [ app_init ] --START--
INFO: Run Behavior\BuildLiteBehavior [ RunTime:0.000011s ]
INFO: [ app_init ] --END-- [ RunTime:0.000257s ]
INFO: [ app_begin ] --START--
INFO: Run Behavior\ReadHtmlCacheBehavior [ RunTime:0.000265s ]
INFO: [ app_begin ] --END-- [ RunTime:0.000304s ]
ERR: 非法操作:Public

[ 2017-09-12T10:06:59+08:00 ] 127.0.0.1 /admin/login/img/user_botton.gif
INFO: [ app_init ] --START--
INFO: Run Behavior\BuildLiteBehavior [ RunTime:0.000010s ]
INFO: [ app_init ] --END-- [ RunTime:0.000240s ]

[ 2017-09-12T10:06:59+08:00 ] 127.0.0.1 /admin/login/img/admin.png
INFO: [ app_init ] --START--
INFO: Run Behavior\BuildLiteBehavior [ RunTime:0.000013s ]
INFO: [ app_init ] --END-- [ RunTime:0.000289s ]

[ 2017-09-12T10:07:06+08:00 ] 127.0.0.1 /admin/login/login
INFO: [ app_init ] --START--
INFO: Run Behavior\BuildLiteBehavior [ RunTime:0.000009s ]
INFO: [ app_init ] --END-- [ RunTime:0.000183s ]
INFO: [ app_begin ] --START--
INFO: Run Behavior\ReadHtmlCacheBehavior [ RunTime:0.000240s ]
INFO: [ app_begin ] --END-- [ RunTime:0.000275s ]
INFO: [ view_parse ] --START--
INFO: [ template_filter ] --START--
INFO: Run Behavior\ContentReplaceBehavior [ RunTime:0.000040s ]
INFO: [ template_filter ] --END-- [ RunTime:0.000075s ]
INFO: Run Behavior\ParseTemplateBehavior [ RunTime:0.003138s ]
INFO: [ view_parse ] --END-- [ RunTime:0.003175s ]
INFO: [ view_filter ] --START--
INFO: Run Behavior\WriteHtmlCacheBehavior [ RunTime:0.000117s ]
INFO: [ view_filter ] --END-- [ RunTime:0.000146s ]
INFO: [ app_end ] --START--
INFO: Run Behavior\ShowPageTraceBehavior [ RunTime:0.000252s ]
INFO: [ app_end ] --END-- [ RunTime:0.000283s ]

[ 2017-09-12T10:07:06+08:00 ] 127.0.0.1 /admin/login/Public/Admin/css/User_Login.css
INFO: [ app_init ] --START--
INFO: Run Behavior\BuildLiteBehavior [ RunTime:0.000009s ]
INFO: [ app_init ] --END-- [ RunTime:0.000187s ]
INFO: [ app_begin ] --START--
INFO: Run Behavior\ReadHtmlCacheBehavior [ RunTime:0.000255s ]
INFO: [ app_begin ] --END-- [ RunTime:0.000291s ]
ERR: 非法操作:Public

[ 2017-09-12T10:07:06+08:00 ] 127.0.0.1 /admin/login/img/admin.png
INFO: [ app_init ] --START--
INFO: Run Behavior\BuildLiteBehavior [ RunTime:0.000009s ]
INFO: [ app_init ] --END-- [ RunTime:0.000201s ]

[ 2017-09-12T10:07:06+08:00 ] 127.0.0.1 /admin/login/img/user_botton.gif
INFO: [ app_init ] --START--
INFO: Run Behavior\BuildLiteBehavior [ RunTime:0.000016s ]
INFO: [ app_init ] --END-- [ RunTime:0.000341s ]

[ 2017-09-12T10:07:07+08:00 ] 127.0.0.1 /admin/login/login
INFO: [ app_init ] --START--
INFO: Run Behavior\BuildLiteBehavior [ RunTime:0.000009s ]
INFO: [ app_init ] --END-- [ RunTime:0.000273s ]
INFO: [ app_begin ] --START--
INFO: Run Behavior\ReadHtmlCacheBehavior [ RunTime:0.000362s ]
INFO: [ app_begin ] --END-- [ RunTime:0.000398s ]
INFO: [ view_parse ] --START--
INFO: [ template_filter ] --START--
INFO: Run Behavior\ContentReplaceBehavior [ RunTime:0.000046s ]
INFO: [ template_filter ] --END-- [ RunTime:0.000082s ]
INFO: Run Behavior\ParseTemplateBehavior [ RunTime:0.003863s ]
INFO: [ view_parse ] --END-- [ RunTime:0.003900s ]
INFO: [ view_filter ] --START--
INFO: Run Behavior\WriteHtmlCacheBehavior [ RunTime:0.000205s ]
INFO: [ view_filter ] --END-- [ RunTime:0.000235s ]
INFO: [ app_end ] --START--
INFO: Run Behavior\ShowPageTraceBehavior [ RunTime:0.000331s ]
INFO: [ app_end ] --END-- [ RunTime:0.000364s ]

[ 2017-09-12T10:07:07+08:00 ] 127.0.0.1 /admin/login/img/user_botton.gif
INFO: [ app_init ] --START--
INFO: Run Behavior\BuildLiteBehavior [ RunTime:0.000010s ]
INFO: [ app_init ] --END-- [ RunTime:0.000225s ]

[ 2017-09-12T10:07:07+08:00 ] 127.0.0.1 /admin/login/img/admin.png
INFO: [ app_init ] --START--
INFO: Run Behavior\BuildLiteBehavior [ RunTime:0.000013s ]
INFO: [ app_init ] --END-- [ RunTime:0.000271s ]

[ 2017-09-12T10:07:07+08:00 ] 127.0.0.1 /admin/login/Public/Admin/css/User_Login.css
INFO: [ app_init ] --START--
INFO: Run Behavior\BuildLiteBehavior [ RunTime:0.000014s ]
INFO: [ app_init ] --END-- [ RunTime:0.000303s ]
INFO: [ app_begin ] --START--
INFO: Run Behavior\ReadHtmlCacheBehavior [ RunTime:0.000495s ]
INFO: [ app_begin ] --END-- [ RunTime:0.000562s ]
ERR: 非法操作:Public

[ 2017-09-12T10:07:07+08:00 ] 127.0.0.1 /admin/login/login
INFO: [ app_init ] --START--
INFO: Run Behavior\BuildLiteBehavior [ RunTime:0.000009s ]
INFO: [ app_init ] --END-- [ RunTime:0.000211s ]
INFO: [ app_begin ] --START--
INFO: Run Behavior\ReadHtmlCacheBehavior [ RunTime:0.000333s ]
INFO: [ app_begin ] --END-- [ RunTime:0.000369s ]
INFO: [ view_parse ] --START--
INFO: [ template_filter ] --START--
INFO: Run Behavior\ContentReplaceBehavior [ RunTime:0.000045s ]
INFO: [ template_filter ] --END-- [ RunTime:0.000092s ]
INFO: Run Behavior\ParseTemplateBehavior [ RunTime:0.004495s ]
INFO: [ view_parse ] --END-- [ RunTime:0.004533s ]
INFO: [ view_filter ] --START--
INFO: Run Behavior\WriteHtmlCacheBehavior [ RunTime:0.000217s ]
INFO: [ view_filter ] --END-- [ RunTime:0.000247s ]
INFO: [ app_end ] --START--
INFO: Run Behavior\ShowPageTraceBehavior [ RunTime:0.000346s ]
INFO: [ app_end ] --END-- [ RunTime:0.000378s ]

[ 2017-09-12T10:07:07+08:00 ] 127.0.0.1 /admin/login/Public/Admin/css/User_Login.css
INFO: [ app_init ] --START--
INFO: Run Behavior\BuildLiteBehavior [ RunTime:0.000015s ]
INFO: [ app_init ] --END-- [ RunTime:0.000324s ]
INFO: [ app_begin ] --START--
INFO: Run Behavior\ReadHtmlCacheBehavior [ RunTime:0.000360s ]
INFO: [ app_begin ] --END-- [ RunTime:0.000406s ]
ERR: 非法操作:Public

[ 2017-09-12T10:07:07+08:00 ] 127.0.0.1 /admin/login/img/user_botton.gif
INFO: [ app_init ] --START--
INFO: Run Behavior\BuildLiteBehavior [ RunTime:0.000009s ]
INFO: [ app_init ] --END-- [ RunTime:0.000187s ]

[ 2017-09-12T10:07:07+08:00 ] 127.0.0.1 /admin/login/img/admin.png
INFO: [ app_init ] --START--
INFO: Run Behavior\BuildLiteBehavior [ RunTime:0.000014s ]
INFO: [ app_init ] --END-- [ RunTime:0.000304s ]

[ 2017-09-12T10:07:42+08:00 ] 127.0.0.1 /admin/login/login
INFO: [ app_init ] --START--
INFO: Run Behavior\BuildLiteBehavior [ RunTime:0.000008s ]
INFO: [ app_init ] --END-- [ RunTime:0.000182s ]
INFO: [ app_begin ] --START--
INFO: Run Behavior\ReadHtmlCacheBehavior [ RunTime:0.000311s ]
INFO: [ app_begin ] --END-- [ RunTime:0.000346s ]
INFO: [ view_parse ] --START--
INFO: [ template_filter ] --START--
INFO: Run Behavior\ContentReplaceBehavior [ RunTime:0.000044s ]
INFO: [ template_filter ] --END-- [ RunTime:0.000085s ]
INFO: Run Behavior\ParseTemplateBehavior [ RunTime:0.003852s ]
INFO: [ view_parse ] --END-- [ RunTime:0.003901s ]
INFO: [ view_filter ] --START--
INFO: Run Behavior\WriteHtmlCacheBehavior [ RunTime:0.000337s ]
INFO: [ view_filter ] --END-- [ RunTime:0.000376s ]
INFO: [ app_end ] --START--
INFO: Run Behavior\ShowPageTraceBehavior [ RunTime:0.000396s ]
INFO: [ app_end ] --END-- [ RunTime:0.000431s ]

[ 2017-09-12T10:07:42+08:00 ] 127.0.0.1 /admin/login/img/admin.png
INFO: [ app_init ] --START--
INFO: Run Behavior\BuildLiteBehavior [ RunTime:0.000016s ]
INFO: [ app_init ] --END-- [ RunTime:0.000286s ]

[ 2017-09-12T10:07:42+08:00 ] 127.0.0.1 /admin/login/img/user_botton.gif
INFO: [ app_init ] --START--
INFO: Run Behavior\BuildLiteBehavior [ RunTime:0.000010s ]
INFO: [ app_init ] --END-- [ RunTime:0.000187s ]

[ 2017-09-12T10:08:26+08:00 ] 127.0.0.1 /admin/login/login
INFO: [ app_init ] --START--
INFO: Run Behavior\BuildLiteBehavior [ RunTime:0.000009s ]
INFO: [ app_init ] --END-- [ RunTime:0.000211s ]
INFO: [ app_begin ] --START--
INFO: Run Behavior\ReadHtmlCacheBehavior [ RunTime:0.000326s ]
INFO: [ app_begin ] --END-- [ RunTime:0.000361s ]
INFO: [ view_parse ] --START--
INFO: [ template_filter ] --START--
INFO: Run Behavior\ContentReplaceBehavior [ RunTime:0.000042s ]
INFO: [ template_filter ] --END-- [ RunTime:0.000079s ]
INFO: Run Behavior\ParseTemplateBehavior [ RunTime:0.003718s ]
INFO: [ view_parse ] --END-- [ RunTime:0.003756s ]
INFO: [ view_filter ] --START--
INFO: Run Behavior\WriteHtmlCacheBehavior [ RunTime:0.000209s ]
INFO: [ view_filter ] --END-- [ RunTime:0.000239s ]
INFO: [ app_end ] --START--
INFO: Run Behavior\ShowPageTraceBehavior [ RunTime:0.000330s ]
INFO: [ app_end ] --END-- [ RunTime:0.000362s ]

[ 2017-09-12T10:08:26+08:00 ] 127.0.0.1 /admin/login/img/admin.png
INFO: [ app_init ] --START--
INFO: Run Behavior\BuildLiteBehavior [ RunTime:0.000014s ]
INFO: [ app_init ] --END-- [ RunTime:0.000324s ]

[ 2017-09-12T10:08:26+08:00 ] 127.0.0.1 /admin/login/img/user_botton.gif
INFO: [ app_init ] --START--
INFO: Run Behavior\BuildLiteBehavior [ RunTime:0.000009s ]
INFO: [ app_init ] --END-- [ RunTime:0.000190s ]

[ 2017-09-12T10:08:27+08:00 ] 127.0.0.1 /admin/login/login
INFO: [ app_init ] --START--
INFO: Run Behavior\BuildLiteBehavior [ RunTime:0.000010s ]
INFO: [ app_init ] --END-- [ RunTime:0.000186s ]
INFO: [ app_begin ] --START--
INFO: Run Behavior\ReadHtmlCacheBehavior [ RunTime:0.000246s ]
INFO: [ app_begin ] --END-- [ RunTime:0.000280s ]
INFO: [ view_parse ] --START--
INFO: [ template_filter ] --START--
INFO: Run Behavior\ContentReplaceBehavior [ RunTime:0.000048s ]
INFO: [ template_filter ] --END-- [ RunTime:0.000089s ]
INFO: Run Behavior\ParseTemplateBehavior [ RunTime:0.003162s ]
INFO: [ view_parse ] --END-- [ RunTime:0.003201s ]
INFO: [ view_filter ] --START--
INFO: Run Behavior\WriteHtmlCacheBehavior [ RunTime:0.000122s ]
INFO: [ view_filter ] --END-- [ RunTime:0.000150s ]
INFO: [ app_end ] --START--
INFO: Run Behavior\ShowPageTraceBehavior [ RunTime:0.000252s ]
INFO: [ app_end ] --END-- [ RunTime:0.000288s ]

[ 2017-09-12T10:08:27+08:00 ] 127.0.0.1 /admin/login/img/admin.png
INFO: [ app_init ] --START--
INFO: Run Behavior\BuildLiteBehavior [ RunTime:0.000014s ]
INFO: [ app_init ] --END-- [ RunTime:0.000264s ]

[ 2017-09-12T10:08:27+08:00 ] 127.0.0.1 /admin/login/img/user_botton.gif
INFO: [ app_init ] --START--
INFO: Run Behavior\BuildLiteBehavior [ RunTime:0.000017s ]
INFO: [ app_init ] --END-- [ RunTime:0.000335s ]

[ 2017-09-12T10:08:27+08:00 ] 127.0.0.1 /admin/login/login
INFO: [ app_init ] --START--
INFO: Run Behavior\BuildLiteBehavior [ RunTime:0.000010s ]
INFO: [ app_init ] --END-- [ RunTime:0.000211s ]
INFO: [ app_begin ] --START--
INFO: Run Behavior\ReadHtmlCacheBehavior [ RunTime:0.000326s ]
INFO: [ app_begin ] --END-- [ RunTime:0.000361s ]
INFO: [ view_parse ] --START--
INFO: [ template_filter ] --START--
INFO: Run Behavior\ContentReplaceBehavior [ RunTime:0.000043s ]
INFO: [ template_filter ] --END-- [ RunTime:0.000077s ]
INFO: Run Behavior\ParseTemplateBehavior [ RunTime:0.003667s ]
INFO: [ view_parse ] --END-- [ RunTime:0.003703s ]
INFO: [ view_filter ] --START--
INFO: Run Behavior\WriteHtmlCacheBehavior [ RunTime:0.000202s ]
INFO: [ view_filter ] --END-- [ RunTime:0.000233s ]
INFO: [ app_end ] --START--
INFO: Run Behavior\ShowPageTraceBehavior [ RunTime:0.000330s ]
INFO: [ app_end ] --END-- [ RunTime:0.000361s ]

[ 2017-09-12T10:08:27+08:00 ] 127.0.0.1 /admin/login/img/admin.png
INFO: [ app_init ] --START--
INFO: Run Behavior\BuildLiteBehavior [ RunTime:0.000009s ]
INFO: [ app_init ] --END-- [ RunTime:0.000216s ]

[ 2017-09-12T10:08:27+08:00 ] 127.0.0.1 /admin/login/img/user_botton.gif
INFO: [ app_init ] --START--
INFO: Run Behavior\BuildLiteBehavior [ RunTime:0.000013s ]
INFO: [ app_init ] --END-- [ RunTime:0.000222s ]

[ 2017-09-12T10:09:43+08:00 ] 127.0.0.1 /admin/login/login
INFO: [ app_init ] --START--
INFO: Run Behavior\BuildLiteBehavior [ RunTime:0.000010s ]
INFO: [ app_init ] --END-- [ RunTime:0.000221s ]
INFO: [ app_begin ] --START--
INFO: Run Behavior\ReadHtmlCacheBehavior [ RunTime:0.000350s ]
INFO: [ app_begin ] --END-- [ RunTime:0.000387s ]
INFO: [ view_parse ] --START--
INFO: [ template_filter ] --START--
INFO: Run Behavior\ContentReplaceBehavior [ RunTime:0.000042s ]
INFO: [ template_filter ] --END-- [ RunTime:0.000077s ]
INFO: Run Behavior\ParseTemplateBehavior [ RunTime:0.003317s ]
INFO: [ view_parse ] --END-- [ RunTime:0.003354s ]
INFO: [ view_filter ] --START--
INFO: Run Behavior\WriteHtmlCacheBehavior [ RunTime:0.000173s ]
INFO: [ view_filter ] --END-- [ RunTime:0.000203s ]
INFO: [ app_end ] --START--
INFO: Run Behavior\ShowPageTraceBehavior [ RunTime:0.000299s ]
INFO: [ app_end ] --END-- [ RunTime:0.000331s ]

[ 2017-09-12T10:09:44+08:00 ] 127.0.0.1 /admin/login/__ADMIN/img/admin.png
INFO: [ app_init ] --START--
INFO: Run Behavior\BuildLiteBehavior [ RunTime:0.000010s ]
INFO: [ app_init ] --END-- [ RunTime:0.000196s ]

[ 2017-09-12T10:09:44+08:00 ] 127.0.0.1 /admin/login/__ADMIN/img/user_botton.gif
INFO: [ app_init ] --START--
INFO: Run Behavior\BuildLiteBehavior [ RunTime:0.000010s ]
INFO: [ app_init ] --END-- [ RunTime:0.000208s ]

[ 2017-09-12T10:09:58+08:00 ] 127.0.0.1 /admin/login/login
INFO: [ app_init ] --START--
INFO: Run Behavior\BuildLiteBehavior [ RunTime:0.000010s ]
INFO: [ app_init ] --END-- [ RunTime:0.000214s ]
INFO: [ app_begin ] --START--
INFO: Run Behavior\ReadHtmlCacheBehavior [ RunTime:0.000346s ]
INFO: [ app_begin ] --END-- [ RunTime:0.000382s ]
INFO: [ view_parse ] --START--
INFO: [ template_filter ] --START--
INFO: Run Behavior\ContentReplaceBehavior [ RunTime:0.000043s ]
INFO: [ template_filter ] --END-- [ RunTime:0.000078s ]
INFO: Run Behavior\ParseTemplateBehavior [ RunTime:0.003795s ]
INFO: [ view_parse ] --END-- [ RunTime:0.003832s ]
INFO: [ view_filter ] --START--
INFO: Run Behavior\WriteHtmlCacheBehavior [ RunTime:0.000207s ]
INFO: [ view_filter ] --END-- [ RunTime:0.000236s ]
INFO: [ app_end ] --START--
INFO: Run Behavior\ShowPageTraceBehavior [ RunTime:0.000336s ]
INFO: [ app_end ] --END-- [ RunTime:0.000367s ]

[ 2017-09-12T10:09:58+08:00 ] 127.0.0.1 /admin/login/img/admin.png
INFO: [ app_init ] --START--
INFO: Run Behavior\BuildLiteBehavior [ RunTime:0.000015s ]
INFO: [ app_init ] --END-- [ RunTime:0.000327s ]

[ 2017-09-12T10:09:58+08:00 ] 127.0.0.1 /admin/login/img/user_botton.gif
INFO: [ app_init ] --START--
INFO: Run Behavior\BuildLiteBehavior [ RunTime:0.000010s ]
INFO: [ app_init ] --END-- [ RunTime:0.000214s ]

[ 2017-09-12T10:10:03+08:00 ] 127.0.0.1 /admin/login/login
INFO: [ app_init ] --START--
INFO: Run Behavior\BuildLiteBehavior [ RunTime:0.000008s ]
INFO: [ app_init ] --END-- [ RunTime:0.000183s ]
INFO: [ app_begin ] --START--
INFO: Run Behavior\ReadHtmlCacheBehavior [ RunTime:0.000240s ]
INFO: [ app_begin ] --END-- [ RunTime:0.000274s ]
INFO: [ view_parse ] --START--
INFO: [ template_filter ] --START--
INFO: Run Behavior\ContentReplaceBehavior [ RunTime:0.000044s ]
INFO: [ template_filter ] --END-- [ RunTime:0.000079s ]
INFO: Run Behavior\ParseTemplateBehavior [ RunTime:0.003069s ]
INFO: [ view_parse ] --END-- [ RunTime:0.003104s ]
INFO: [ view_filter ] --START--
INFO: Run Behavior\WriteHtmlCacheBehavior [ RunTime:0.000120s ]
INFO: [ view_filter ] --END-- [ RunTime:0.000150s ]
INFO: [ app_end ] --START--
INFO: Run Behavior\ShowPageTraceBehavior [ RunTime:0.000262s ]
INFO: [ app_end ] --END-- [ RunTime:0.000294s ]

[ 2017-09-12T10:11:20+08:00 ] 127.0.0.1 /admin/index/index
INFO: [ app_init ] --START--
INFO: Run Behavior\BuildLiteBehavior [ RunTime:0.000009s ]
INFO: [ app_init ] --END-- [ RunTime:0.000186s ]
INFO: [ app_begin ] --START--
INFO: Run Behavior\ReadHtmlCacheBehavior [ RunTime:0.000242s ]
INFO: [ app_begin ] --END-- [ RunTime:0.000279s ]
INFO: [ view_parse ] --START--
INFO: [ template_filter ] --START--
INFO: Run Behavior\ContentReplaceBehavior [ RunTime:0.000029s ]
INFO: [ template_filter ] --END-- [ RunTime:0.000065s ]
INFO: Run Behavior\ParseTemplateBehavior [ RunTime:0.003002s ]
INFO: [ view_parse ] --END-- [ RunTime:0.003041s ]
INFO: [ view_filter ] --START--
INFO: Run Behavior\WriteHtmlCacheBehavior [ RunTime:0.000122s ]
INFO: [ view_filter ] --END-- [ RunTime:0.000149s ]
INFO: [ app_end ] --START--
INFO: Run Behavior\ShowPageTraceBehavior [ RunTime:0.000256s ]
INFO: [ app_end ] --END-- [ RunTime:0.000287s ]

[ 2017-09-12T10:11:20+08:00 ] 127.0.0.1 /admin/index/head22.html
INFO: [ app_init ] --START--
INFO: Run Behavior\BuildLiteBehavior [ RunTime:0.000010s ]
INFO: [ app_init ] --END-- [ RunTime:0.000192s ]
INFO: [ app_begin ] --START--
INFO: Run Behavior\ReadHtmlCacheBehavior [ RunTime:0.000354s ]
INFO: [ app_begin ] --END-- [ RunTime:0.000402s ]
ERR: 非法操作:head22

[ 2017-09-12T10:11:20+08:00 ] 127.0.0.1 /admin/index/left22.html
INFO: [ app_init ] --START--
INFO: Run Behavior\BuildLiteBehavior [ RunTime:0.000009s ]
INFO: [ app_init ] --END-- [ RunTime:0.000211s ]
INFO: [ app_begin ] --START--
INFO: Run Behavior\ReadHtmlCacheBehavior [ RunTime:0.000344s ]
INFO: [ app_begin ] --END-- [ RunTime:0.000383s ]
ERR: 非法操作:left22

[ 2017-09-12T10:11:20+08:00 ] 127.0.0.1 /admin/index/right22.html
INFO: [ app_init ] --START--
INFO: Run Behavior\BuildLiteBehavior [ RunTime:0.000014s ]
INFO: [ app_init ] --END-- [ RunTime:0.000321s ]
INFO: [ app_begin ] --START--
INFO: Run Behavior\ReadHtmlCacheBehavior [ RunTime:0.000471s ]
INFO: [ app_begin ] --END-- [ RunTime:0.000533s ]
ERR: 非法操作:right22

[ 2017-09-12T10:11:48+08:00 ] 127.0.0.1 /admin/index/index
INFO: [ app_init ] --START--
INFO: Run Behavior\BuildLiteBehavior [ RunTime:0.000008s ]
INFO: [ app_init ] --END-- [ RunTime:0.000205s ]
INFO: [ app_begin ] --START--
INFO: Run Behavior\ReadHtmlCacheBehavior [ RunTime:0.000311s ]
INFO: [ app_begin ] --END-- [ RunTime:0.000347s ]
INFO: [ view_parse ] --START--
INFO: [ template_filter ] --START--
INFO: Run Behavior\ContentReplaceBehavior [ RunTime:0.000037s ]
INFO: [ template_filter ] --END-- [ RunTime:0.000090s ]
INFO: Run Behavior\ParseTemplateBehavior [ RunTime:0.003708s ]
INFO: [ view_parse ] --END-- [ RunTime:0.003752s ]
INFO: [ view_filter ] --START--
INFO: Run Behavior\WriteHtmlCacheBehavior [ RunTime:0.000218s ]
INFO: [ view_filter ] --END-- [ RunTime:0.000248s ]
INFO: [ app_end ] --START--
INFO: Run Behavior\ShowPageTraceBehavior [ RunTime:0.000310s ]
INFO: [ app_end ] --END-- [ RunTime:0.000343s ]

[ 2017-09-12T10:11:48+08:00 ] 127.0.0.1 /admin/index/head22.html
INFO: [ app_init ] --START--
INFO: Run Behavior\BuildLiteBehavior [ RunTime:0.000009s ]
INFO: [ app_init ] --END-- [ RunTime:0.000192s ]
INFO: [ app_begin ] --START--
INFO: Run Behavior\ReadHtmlCacheBehavior [ RunTime:0.000254s ]
INFO: [ app_begin ] --END-- [ RunTime:0.000290s ]
ERR: 非法操作:head22

[ 2017-09-12T10:11:48+08:00 ] 127.0.0.1 /admin/index/left22.html
INFO: [ app_init ] --START--
INFO: Run Behavior\BuildLiteBehavior [ RunTime:0.000014s ]
INFO: [ app_init ] --END-- [ RunTime:0.000358s ]
INFO: [ app_begin ] --START--
INFO: Run Behavior\ReadHtmlCacheBehavior [ RunTime:0.000449s ]
INFO: [ app_begin ] --END-- [ RunTime:0.000513s ]
ERR: 非法操作:left22

[ 2017-09-12T10:11:48+08:00 ] 127.0.0.1 /admin/index/right22.html
INFO: [ app_init ] --START--
INFO: Run Behavior\BuildLiteBehavior [ RunTime:0.000017s ]
INFO: [ app_init ] --END-- [ RunTime:0.000327s ]
INFO: [ app_begin ] --START--
INFO: Run Behavior\ReadHtmlCacheBehavior [ RunTime:0.000490s ]
INFO: [ app_begin ] --END-- [ RunTime:0.000549s ]
ERR: 非法操作:right22

[ 2017-09-12T10:11:48+08:00 ] 127.0.0.1 /admin/index/index
INFO: [ app_init ] --START--
INFO: Run Behavior\BuildLiteBehavior [ RunTime:0.000010s ]
INFO: [ app_init ] --END-- [ RunTime:0.000191s ]
INFO: [ app_begin ] --START--
INFO: Run Behavior\ReadHtmlCacheBehavior [ RunTime:0.000302s ]
INFO: [ app_begin ] --END-- [ RunTime:0.000362s ]
INFO: [ view_parse ] --START--
INFO: [ template_filter ] --START--
INFO: Run Behavior\ContentReplaceBehavior [ RunTime:0.000038s ]
INFO: [ template_filter ] --END-- [ RunTime:0.000073s ]
INFO: Run Behavior\ParseTemplateBehavior [ RunTime:0.003108s ]
INFO: [ view_parse ] --END-- [ RunTime:0.003146s ]
INFO: [ view_filter ] --START--
INFO: Run Behavior\WriteHtmlCacheBehavior [ RunTime:0.000173s ]
INFO: [ view_filter ] --END-- [ RunTime:0.000208s ]
INFO: [ app_end ] --START--
INFO: Run Behavior\ShowPageTraceBehavior [ RunTime:0.000297s ]
INFO: [ app_end ] --END-- [ RunTime:0.000328s ]

[ 2017-09-12T10:11:49+08:00 ] 127.0.0.1 /admin/index/head22.html
INFO: [ app_init ] --START--
INFO: Run Behavior\BuildLiteBehavior [ RunTime:0.000014s ]
INFO: [ app_init ] --END-- [ RunTime:0.000292s ]
INFO: [ app_begin ] --START--
INFO: Run Behavior\ReadHtmlCacheBehavior [ RunTime:0.000361s ]
INFO: [ app_begin ] --END-- [ RunTime:0.000420s ]
ERR: 非法操作:head22

[ 2017-09-12T10:11:49+08:00 ] 127.0.0.1 /admin/index/left22.html
INFO: [ app_init ] --START--
INFO: Run Behavior\BuildLiteBehavior [ RunTime:0.000012s ]
INFO: [ app_init ] --END-- [ RunTime:0.000250s ]
INFO: [ app_begin ] --START--
INFO: Run Behavior\ReadHtmlCacheBehavior [ RunTime:0.000344s ]
INFO: [ app_begin ] --END-- [ RunTime:0.000395s ]
ERR: 非法操作:left22

[ 2017-09-12T10:11:49+08:00 ] 127.0.0.1 /admin/index/right22.html
INFO: [ app_init ] --START--
INFO: Run Behavior\BuildLiteBehavior [ RunTime:0.000012s ]
INFO: [ app_init ] --END-- [ RunTime:0.000259s ]
INFO: [ app_begin ] --START--
INFO: Run Behavior\ReadHtmlCacheBehavior [ RunTime:0.000324s ]
INFO: [ app_begin ] --END-- [ RunTime:0.000377s ]
ERR: 非法操作:right22

[ 2017-09-12T10:11:49+08:00 ] 127.0.0.1 /admin/index/index
INFO: [ app_init ] --START--
INFO: Run Behavior\BuildLiteBehavior [ RunTime:0.000009s ]
INFO: [ app_init ] --END-- [ RunTime:0.000182s ]
INFO: [ app_begin ] --START--
INFO: Run Behavior\ReadHtmlCacheBehavior [ RunTime:0.000239s ]
INFO: [ app_begin ] --END-- [ RunTime:0.000275s ]
INFO: [ view_parse ] --START--
INFO: [ template_filter ] --START--
INFO: Run Behavior\ContentReplaceBehavior [ RunTime:0.000028s ]
INFO: [ template_filter ] --END-- [ RunTime:0.000062s ]
INFO: Run Behavior\ParseTemplateBehavior [ RunTime:0.003398s ]
INFO: [ view_parse ] --END-- [ RunTime:0.003434s ]
INFO: [ view_filter ] --START--
INFO: Run Behavior\WriteHtmlCacheBehavior [ RunTime:0.000206s ]
INFO: [ view_filter ] --END-- [ RunTime:0.000236s ]
INFO: [ app_end ] --START--
INFO: Run Behavior\ShowPageTraceBehavior [ RunTime:0.000276s ]
INFO: [ app_end ] --END-- [ RunTime:0.000308s ]

[ 2017-09-12T10:11:49+08:00 ] 127.0.0.1 /admin/index/head22.html
INFO: [ app_init ] --START--
INFO: Run Behavior\BuildLiteBehavior [ RunTime:0.000009s ]
INFO: [ app_init ] --END-- [ RunTime:0.000188s ]
INFO: [ app_begin ] --START--
INFO: Run Behavior\ReadHtmlCacheBehavior [ RunTime:0.000279s ]
INFO: [ app_begin ] --END-- [ RunTime:0.000325s ]
ERR: 非法操作:head22

[ 2017-09-12T10:11:49+08:00 ] 127.0.0.1 /admin/index/left22.html
INFO: [ app_init ] --START--
INFO: Run Behavior\BuildLiteBehavior [ RunTime:0.000014s ]
INFO: [ app_init ] --END-- [ RunTime:0.000262s ]
INFO: [ app_begin ] --START--
INFO: Run Behavior\ReadHtmlCacheBehavior [ RunTime:0.000256s ]
INFO: [ app_begin ] --END-- [ RunTime:0.000301s ]
ERR: 非法操作:left22

[ 2017-09-12T10:11:49+08:00 ] 127.0.0.1 /admin/index/right22.html
INFO: [ app_init ] --START--
INFO: Run Behavior\BuildLiteBehavior [ RunTime:0.000009s ]
INFO: [ app_init ] --END-- [ RunTime:0.000193s ]
INFO: [ app_begin ] --START--
INFO: Run Behavior\ReadHtmlCacheBehavior [ RunTime:0.000252s ]
INFO: [ app_begin ] --END-- [ RunTime:0.000289s ]
ERR: 非法操作:right22

[ 2017-09-12T10:11:49+08:00 ] 127.0.0.1 /admin/index/index
INFO: [ app_init ] --START--
INFO: Run Behavior\BuildLiteBehavior [ RunTime:0.000009s ]
INFO: [ app_init ] --END-- [ RunTime:0.000186s ]
INFO: [ app_begin ] --START--
INFO: Run Behavior\ReadHtmlCacheBehavior [ RunTime:0.000246s ]
INFO: [ app_begin ] --END-- [ RunTime:0.000280s ]
INFO: [ view_parse ] --START--
INFO: [ template_filter ] --START--
INFO: Run Behavior\ContentReplaceBehavior [ RunTime:0.000030s ]
INFO: [ template_filter ] --END-- [ RunTime:0.000064s ]
INFO: Run Behavior\ParseTemplateBehavior [ RunTime:0.002769s ]
INFO: [ view_parse ] --END-- [ RunTime:0.002805s ]
INFO: [ view_filter ] --START--
INFO: Run Behavior\WriteHtmlCacheBehavior [ RunTime:0.000118s ]
INFO: [ view_filter ] --END-- [ RunTime:0.000147s ]
INFO: [ app_end ] --START--
INFO: Run Behavior\ShowPageTraceBehavior [ RunTime:0.000249s ]
INFO: [ app_end ] --END-- [ RunTime:0.000280s ]

[ 2017-09-12T10:11:49+08:00 ] 127.0.0.1 /admin/index/head22.html
INFO: [ app_init ] --START--
INFO: Run Behavior\BuildLiteBehavior [ RunTime:0.000010s ]
INFO: [ app_init ] --END-- [ RunTime:0.000203s ]
INFO: [ app_begin ] --START--
INFO: Run Behavior\ReadHtmlCacheBehavior [ RunTime:0.000251s ]
INFO: [ app_begin ] --END-- [ RunTime:0.000286s ]
ERR: 非法操作:head22

[ 2017-09-12T10:11:49+08:00 ] 127.0.0.1 /admin/index/left22.html
INFO: [ app_init ] --START--
INFO: Run Behavior\BuildLiteBehavior [ RunTime:0.000009s ]
INFO: [ app_init ] --END-- [ RunTime:0.000184s ]
INFO: [ app_begin ] --START--
INFO: Run Behavior\ReadHtmlCacheBehavior [ RunTime:0.000259s ]
INFO: [ app_begin ] --END-- [ RunTime:0.000295s ]
ERR: 非法操作:left22

[ 2017-09-12T10:11:49+08:00 ] 127.0.0.1 /admin/index/right22.html
INFO: [ app_init ] --START--
INFO: Run Behavior\BuildLiteBehavior [ RunTime:0.000009s ]
INFO: [ app_init ] --END-- [ RunTime:0.000184s ]
INFO: [ app_begin ] --START--
INFO: Run Behavior\ReadHtmlCacheBehavior [ RunTime:0.000257s ]
INFO: [ app_begin ] --END-- [ RunTime:0.000293s ]
ERR: 非法操作:right22

[ 2017-09-12T10:13:05+08:00 ] 127.0.0.1 /admin/index/index
INFO: [ app_init ] --START--
INFO: Run Behavior\BuildLiteBehavior [ RunTime:0.000008s ]
INFO: [ app_init ] --END-- [ RunTime:0.000178s ]
INFO: [ app_begin ] --START--
INFO: Run Behavior\ReadHtmlCacheBehavior [ RunTime:0.000241s ]
INFO: [ app_begin ] --END-- [ RunTime:0.000275s ]
INFO: [ view_parse ] --START--
INFO: [ template_filter ] --START--
INFO: Run Behavior\ContentReplaceBehavior [ RunTime:0.000033s ]
INFO: [ template_filter ] --END-- [ RunTime:0.000075s ]
INFO: Run Behavior\ParseTemplateBehavior [ RunTime:0.003656s ]
INFO: [ view_parse ] --END-- [ RunTime:0.003694s ]
INFO: [ view_filter ] --START--
INFO: Run Behavior\WriteHtmlCacheBehavior [ RunTime:0.000213s ]
INFO: [ view_filter ] --END-- [ RunTime:0.000242s ]
INFO: [ app_end ] --START--
INFO: Run Behavior\ShowPageTraceBehavior [ RunTime:0.000276s ]
INFO: [ app_end ] --END-- [ RunTime:0.000307s ]

[ 2017-09-12T10:13:06+08:00 ] 127.0.0.1 /admin/index/index
INFO: [ app_init ] --START--
INFO: Run Behavior\BuildLiteBehavior [ RunTime:0.000008s ]
INFO: [ app_init ] --END-- [ RunTime:0.000182s ]
INFO: [ app_begin ] --START--
INFO: Run Behavior\ReadHtmlCacheBehavior [ RunTime:0.000243s ]
INFO: [ app_begin ] --END-- [ RunTime:0.000277s ]
INFO: [ view_parse ] --START--
INFO: [ template_filter ] --START--
INFO: Run Behavior\ContentReplaceBehavior [ RunTime:0.000031s ]
INFO: [ template_filter ] --END-- [ RunTime:0.000070s ]
INFO: Run Behavior\ParseTemplateBehavior [ RunTime:0.003036s ]
INFO: [ view_parse ] --END-- [ RunTime:0.003079s ]
INFO: [ view_filter ] --START--
INFO: Run Behavior\WriteHtmlCacheBehavior [ RunTime:0.000134s ]
INFO: [ view_filter ] --END-- [ RunTime:0.000166s ]
INFO: [ app_end ] --START--
INFO: Run Behavior\ShowPageTraceBehavior [ RunTime:0.000267s ]
INFO: [ app_end ] --END-- [ RunTime:0.000298s ]

[ 2017-09-12T10:13:06+08:00 ] 127.0.0.1 /admin/index/index
INFO: [ app_init ] --START--
INFO: Run Behavior\BuildLiteBehavior [ RunTime:0.000008s ]
INFO: [ app_init ] --END-- [ RunTime:0.000179s ]
INFO: [ app_begin ] --START--
INFO: Run Behavior\ReadHtmlCacheBehavior [ RunTime:0.000238s ]
INFO: [ app_begin ] --END-- [ RunTime:0.000272s ]
INFO: [ view_parse ] --START--
INFO: [ template_filter ] --START--
INFO: Run Behavior\ContentReplaceBehavior [ RunTime:0.000030s ]
INFO: [ template_filter ] --END-- [ RunTime:0.000063s ]
INFO: Run Behavior\ParseTemplateBehavior [ RunTime:0.003421s ]
INFO: [ view_parse ] --END-- [ RunTime:0.003460s ]
INFO: [ view_filter ] --START--
INFO: Run Behavior\WriteHtmlCacheBehavior [ RunTime:0.000208s ]
INFO: [ view_filter ] --END-- [ RunTime:0.000240s ]
INFO: [ app_end ] --START--
INFO: Run Behavior\ShowPageTraceBehavior [ RunTime:0.000282s ]
INFO: [ app_end ] --END-- [ RunTime:0.000313s ]

[ 2017-09-12T10:13:06+08:00 ] 127.0.0.1 /admin/index/index
INFO: [ app_init ] --START--
INFO: Run Behavior\BuildLiteBehavior [ RunTime:0.000010s ]
INFO: [ app_init ] --END-- [ RunTime:0.000190s ]
INFO: [ app_begin ] --START--
INFO: Run Behavior\ReadHtmlCacheBehavior [ RunTime:0.000249s ]
INFO: [ app_begin ] --END-- [ RunTime:0.000285s ]
INFO: [ view_parse ] --START--
INFO: [ template_filter ] --START--
INFO: Run Behavior\ContentReplaceBehavior [ RunTime:0.000033s ]
INFO: [ template_filter ] --END-- [ RunTime:0.000075s ]
INFO: Run Behavior\ParseTemplateBehavior [ RunTime:0.003067s ]
INFO: [ view_parse ] --END-- [ RunTime:0.003117s ]
INFO: [ view_filter ] --START--
INFO: Run Behavior\WriteHtmlCacheBehavior [ RunTime:0.000136s ]
INFO: [ view_filter ] --END-- [ RunTime:0.000165s ]
INFO: [ app_end ] --START--
INFO: Run Behavior\ShowPageTraceBehavior [ RunTime:0.000260s ]
INFO: [ app_end ] --END-- [ RunTime:0.000293s ]

[ 2017-09-12T10:13:07+08:00 ] 127.0.0.1 /admin/index/index
INFO: [ app_init ] --START--
INFO: Run Behavior\BuildLiteBehavior [ RunTime:0.000010s ]
INFO: [ app_init ] --END-- [ RunTime:0.000216s ]
INFO: [ app_begin ] --START--
INFO: Run Behavior\ReadHtmlCacheBehavior [ RunTime:0.000246s ]
INFO: [ app_begin ] --END-- [ RunTime:0.000282s ]
INFO: [ view_parse ] --START--
INFO: [ template_filter ] --START--
INFO: Run Behavior\ContentReplaceBehavior [ RunTime:0.000033s ]
INFO: [ template_filter ] --END-- [ RunTime:0.000073s ]
INFO: Run Behavior\ParseTemplateBehavior [ RunTime:0.003566s ]
INFO: [ view_parse ] --END-- [ RunTime:0.003613s ]
INFO: [ view_filter ] --START--
INFO: Run Behavior\WriteHtmlCacheBehavior [ RunTime:0.000208s ]
INFO: [ view_filter ] --END-- [ RunTime:0.000237s ]
INFO: [ app_end ] --START--
INFO: Run Behavior\ShowPageTraceBehavior [ RunTime:0.000277s ]
INFO: [ app_end ] --END-- [ RunTime:0.000309s ]

[ 2017-09-12T10:14:16+08:00 ] 127.0.0.1 /admin/index/index
INFO: [ app_init ] --START--
INFO: Run Behavior\BuildLiteBehavior [ RunTime:0.000008s ]
INFO: [ app_init ] --END-- [ RunTime:0.000205s ]
INFO: [ app_begin ] --START--
INFO: Run Behavior\ReadHtmlCacheBehavior [ RunTime:0.000305s ]
INFO: [ app_begin ] --END-- [ RunTime:0.000339s ]
INFO: [ view_parse ] --START--
INFO: [ template_filter ] --START--
INFO: Run Behavior\ContentReplaceBehavior [ RunTime:0.000033s ]
INFO: [ template_filter ] --END-- [ RunTime:0.000077s ]
INFO: Run Behavior\ParseTemplateBehavior [ RunTime:0.003531s ]
INFO: [ view_parse ] --END-- [ RunTime:0.003572s ]
INFO: [ view_filter ] --START--
INFO: Run Behavior\WriteHtmlCacheBehavior [ RunTime:0.000182s ]
INFO: [ view_filter ] --END-- [ RunTime:0.000212s ]
INFO: [ app_end ] --START--
INFO: Run Behavior\ShowPageTraceBehavior [ RunTime:0.000302s ]
INFO: [ app_end ] --END-- [ RunTime:0.000333s ]

[ 2017-09-12T10:14:16+08:00 ] 127.0.0.1 /admin/index/head.html
INFO: [ app_init ] --START--
INFO: Run Behavior\BuildLiteBehavior [ RunTime:0.000016s ]
INFO: [ app_init ] --END-- [ RunTime:0.000260s ]
INFO: [ app_begin ] --START--
INFO: Run Behavior\ReadHtmlCacheBehavior [ RunTime:0.000354s ]
INFO: [ app_begin ] --END-- [ RunTime:0.000411s ]
INFO: [ view_parse ] --START--
INFO: [ template_filter ] --START--
INFO: Run Behavior\ContentReplaceBehavior [ RunTime:0.000033s ]
INFO: [ template_filter ] --END-- [ RunTime:0.000072s ]
INFO: Run Behavior\ParseTemplateBehavior [ RunTime:0.007240s ]
INFO: [ view_parse ] --END-- [ RunTime:0.007291s ]
INFO: [ view_filter ] --START--
INFO: Run Behavior\WriteHtmlCacheBehavior [ RunTime:0.000122s ]
INFO: [ view_filter ] --END-- [ RunTime:0.000151s ]
INFO: [ app_end ] --START--
INFO: Run Behavior\ShowPageTraceBehavior [ RunTime:0.000248s ]
INFO: [ app_end ] --END-- [ RunTime:0.000279s ]

[ 2017-09-12T10:14:16+08:00 ] 127.0.0.1 /admin/index/left.html
INFO: [ app_init ] --START--
INFO: Run Behavior\BuildLiteBehavior [ RunTime:0.000013s ]
INFO: [ app_init ] --END-- [ RunTime:0.000294s ]
INFO: [ app_begin ] --START--
INFO: Run Behavior\ReadHtmlCacheBehavior [ RunTime:0.000315s ]
INFO: [ app_begin ] --END-- [ RunTime:0.000352s ]
INFO: [ view_parse ] --START--
INFO: [ template_filter ] --START--
INFO: Run Behavior\ContentReplaceBehavior [ RunTime:0.000084s ]
INFO: [ template_filter ] --END-- [ RunTime:0.000133s ]
INFO: Run Behavior\ParseTemplateBehavior [ RunTime:0.005746s ]
INFO: [ view_parse ] --END-- [ RunTime:0.005800s ]
INFO: [ view_filter ] --START--
INFO: Run Behavior\WriteHtmlCacheBehavior [ RunTime:0.000231s ]
INFO: [ view_filter ] --END-- [ RunTime:0.000269s ]
INFO: [ app_end ] --START--
INFO: Run Behavior\ShowPageTraceBehavior [ RunTime:0.000320s ]
INFO: [ app_end ] --END-- [ RunTime:0.000357s ]

[ 2017-09-12T10:14:16+08:00 ] 127.0.0.1 /admin/index/right.html
INFO: [ app_init ] --START--
INFO: Run Behavior\BuildLiteBehavior [ RunTime:0.000008s ]
INFO: [ app_init ] --END-- [ RunTime:0.000204s ]
INFO: [ app_begin ] --START--
INFO: Run Behavior\ReadHtmlCacheBehavior [ RunTime:0.000309s ]
INFO: [ app_begin ] --END-- [ RunTime:0.000345s ]
INFO: [ view_parse ] --START--
INFO: [ template_filter ] --START--
INFO: Run Behavior\ContentReplaceBehavior [ RunTime:0.000038s ]
INFO: [ template_filter ] --END-- [ RunTime:0.000088s ]
INFO: Run Behavior\ParseTemplateBehavior [ RunTime:0.004514s ]
INFO: [ view_parse ] --END-- [ RunTime:0.004568s ]
INFO: [ view_filter ] --START--
INFO: Run Behavior\WriteHtmlCacheBehavior [ RunTime:0.000246s ]
INFO: [ view_filter ] --END-- [ RunTime:0.000277s ]
INFO: [ app_end ] --START--
INFO: Run Behavior\ShowPageTraceBehavior [ RunTime:0.000316s ]
INFO: [ app_end ] --END-- [ RunTime:0.000351s ]

[ 2017-09-12T10:14:16+08:00 ] 127.0.0.1 /admin/index/css/admin.css
INFO: [ app_init ] --START--
INFO: Run Behavior\BuildLiteBehavior [ RunTime:0.000012s ]
INFO: [ app_init ] --END-- [ RunTime:0.000201s ]
INFO: [ app_begin ] --START--
INFO: Run Behavior\ReadHtmlCacheBehavior [ RunTime:0.000316s ]
INFO: [ app_begin ] --END-- [ RunTime:0.000360s ]
ERR: 非法操作:css

[ 2017-09-12T10:14:16+08:00 ] 127.0.0.1 /admin/index/img/header_left.jpg
INFO: [ app_init ] --START--
INFO: Run Behavior\BuildLiteBehavior [ RunTime:0.000015s ]
INFO: [ app_init ] --END-- [ RunTime:0.000324s ]

[ 2017-09-12T10:14:16+08:00 ] 127.0.0.1 /admin/index/img/header_right.jpg
INFO: [ app_init ] --START--
INFO: Run Behavior\BuildLiteBehavior [ RunTime:0.000014s ]
INFO: [ app_init ] --END-- [ RunTime:0.000314s ]

[ 2017-09-12T10:14:16+08:00 ] 127.0.0.1 /admin/index/img/menu_icon.gif
INFO: [ app_init ] --START--
INFO: Run Behavior\BuildLiteBehavior [ RunTime:0.000015s ]
INFO: [ app_init ] --END-- [ RunTime:0.000273s ]

[ 2017-09-12T10:14:16+08:00 ] 127.0.0.1 /admin/index/css/admin.css
INFO: [ app_init ] --START--
INFO: Run Behavior\BuildLiteBehavior [ RunTime:0.000008s ]
INFO: [ app_init ] --END-- [ RunTime:0.000185s ]
INFO: [ app_begin ] --START--
INFO: Run Behavior\ReadHtmlCacheBehavior [ RunTime:0.000246s ]
INFO: [ app_begin ] --END-- [ RunTime:0.000281s ]
ERR: 非法操作:css

[ 2017-09-12T10:14:16+08:00 ] 127.0.0.1 /admin/index/img/admin_p.gif
INFO: [ app_init ] --START--
INFO: Run Behavior\BuildLiteBehavior [ RunTime:0.000009s ]
INFO: [ app_init ] --END-- [ RunTime:0.000209s ]

[ 2017-09-12T10:14:16+08:00 ] 127.0.0.1 /admin/index/img/header_bg.jpg
INFO: [ app_init ] --START--
INFO: Run Behavior\BuildLiteBehavior [ RunTime:0.000014s ]
INFO: [ app_init ] --END-- [ RunTime:0.000278s ]

[ 2017-09-12T10:14:16+08:00 ] 127.0.0.1 /admin/index/css/admin.css
INFO: [ app_init ] --START--
INFO: Run Behavior\BuildLiteBehavior [ RunTime:0.000009s ]
INFO: [ app_init ] --END-- [ RunTime:0.000192s ]
INFO: [ app_begin ] --START--
INFO: Run Behavior\ReadHtmlCacheBehavior [ RunTime:0.000251s ]
INFO: [ app_begin ] --END-- [ RunTime:0.000286s ]
ERR: 非法操作:css

[ 2017-09-12T10:14:16+08:00 ] 127.0.0.1 /admin/index/img/menu_icon.gif
INFO: [ app_init ] --START--
INFO: Run Behavior\BuildLiteBehavior [ RunTime:0.000009s ]
INFO: [ app_init ] --END-- [ RunTime:0.000183s ]

[ 2017-09-12T10:14:16+08:00 ] 127.0.0.1 /admin/index/img/menu_bg.jpg
INFO: [ app_init ] --START--
INFO: Run Behavior\BuildLiteBehavior [ RunTime:0.000007s ]
INFO: [ app_init ] --END-- [ RunTime:0.000181s ]

[ 2017-09-12T10:14:16+08:00 ] 127.0.0.1 /admin/index/img/menu_bt.jpg
INFO: [ app_init ] --START--
INFO: Run Behavior\BuildLiteBehavior [ RunTime:0.000010s ]
INFO: [ app_init ] --END-- [ RunTime:0.000258s ]

[ 2017-09-12T10:14:16+08:00 ] 127.0.0.1 /admin/index/img/title_bg2.jpg
INFO: [ app_init ] --START--
INFO: Run Behavior\BuildLiteBehavior [ RunTime:0.000013s ]
INFO: [ app_init ] --END-- [ RunTime:0.000263s ]

[ 2017-09-12T10:14:16+08:00 ] 127.0.0.1 /admin/index/img/title_bg1.jpg
INFO: [ app_init ] --START--
INFO: Run Behavior\BuildLiteBehavior [ RunTime:0.000013s ]
INFO: [ app_init ] --END-- [ RunTime:0.000294s ]

[ 2017-09-12T10:14:16+08:00 ] 127.0.0.1 /admin/index/img/shadow_bg.jpg
INFO: [ app_init ] --START--
INFO: Run Behavior\BuildLiteBehavior [ RunTime:0.000009s ]
INFO: [ app_init ] --END-- [ RunTime:0.000184s ]

[ 2017-09-12T10:16:14+08:00 ] 127.0.0.1 /admin/index/index
INFO: [ app_init ] --START--
INFO: Run Behavior\BuildLiteBehavior [ RunTime:0.000008s ]
INFO: [ app_init ] --END-- [ RunTime:0.000200s ]
INFO: [ app_begin ] --START--
INFO: Run Behavior\ReadHtmlCacheBehavior [ RunTime:0.000336s ]
INFO: [ app_begin ] --END-- [ RunTime:0.000371s ]
INFO: [ view_parse ] --START--
INFO: [ template_filter ] --START--
INFO: Run Behavior\ContentReplaceBehavior [ RunTime:0.000032s ]
INFO: [ template_filter ] --END-- [ RunTime:0.000076s ]
INFO: Run Behavior\ParseTemplateBehavior [ RunTime:0.003748s ]
INFO: [ view_parse ] --END-- [ RunTime:0.003788s ]
INFO: [ view_filter ] --START--
INFO: Run Behavior\WriteHtmlCacheBehavior [ RunTime:0.000213s ]
INFO: [ view_filter ] --END-- [ RunTime:0.000243s ]
INFO: [ app_end ] --START--
INFO: Run Behavior\ShowPageTraceBehavior [ RunTime:0.000338s ]
INFO: [ app_end ] --END-- [ RunTime:0.000370s ]

[ 2017-09-12T10:16:14+08:00 ] 127.0.0.1 /admin/index/head.html
INFO: [ app_init ] --START--
INFO: Run Behavior\BuildLiteBehavior [ RunTime:0.000017s ]
INFO: [ app_init ] --END-- [ RunTime:0.000353s ]
INFO: [ app_begin ] --START--
INFO: Run Behavior\ReadHtmlCacheBehavior [ RunTime:0.000409s ]
INFO: [ app_begin ] --END-- [ RunTime:0.000462s ]
INFO: [ view_parse ] --START--
INFO: [ template_filter ] --START--
INFO: Run Behavior\ContentReplaceBehavior [ RunTime:0.000036s ]
INFO: [ template_filter ] --END-- [ RunTime:0.000073s ]
INFO: Run Behavior\ParseTemplateBehavior [ RunTime:0.004049s ]
INFO: [ view_parse ] --END-- [ RunTime:0.004100s ]
INFO: [ view_filter ] --START--
INFO: Run Behavior\WriteHtmlCacheBehavior [ RunTime:0.000209s ]
INFO: [ view_filter ] --END-- [ RunTime:0.000239s ]
INFO: [ app_end ] --START--
INFO: Run Behavior\ShowPageTraceBehavior [ RunTime:0.000334s ]
INFO: [ app_end ] --END-- [ RunTime:0.000365s ]

[ 2017-09-12T10:16:14+08:00 ] 127.0.0.1 /admin/index/left.html
INFO: [ app_init ] --START--
INFO: Run Behavior\BuildLiteBehavior [ RunTime:0.000008s ]
INFO: [ app_init ] --END-- [ RunTime:0.000186s ]
INFO: [ app_begin ] --START--
INFO: Run Behavior\ReadHtmlCacheBehavior [ RunTime:0.000258s ]
INFO: [ app_begin ] --END-- [ RunTime:0.000294s ]
INFO: [ view_parse ] --START--
INFO: [ template_filter ] --START--
INFO: Run Behavior\ContentReplaceBehavior [ RunTime:0.000111s ]
INFO: [ template_filter ] --END-- [ RunTime:0.000165s ]
INFO: Run Behavior\ParseTemplateBehavior [ RunTime:0.005203s ]
INFO: [ view_parse ] --END-- [ RunTime:0.005252s ]
INFO: [ view_filter ] --START--
INFO: Run Behavior\WriteHtmlCacheBehavior [ RunTime:0.000152s ]
INFO: [ view_filter ] --END-- [ RunTime:0.000184s ]
INFO: [ app_end ] --START--
INFO: Run Behavior\ShowPageTraceBehavior [ RunTime:0.000403s ]
INFO: [ app_end ] --END-- [ RunTime:0.000456s ]

[ 2017-09-12T10:16:14+08:00 ] 127.0.0.1 /admin/index/right.html
INFO: [ app_init ] --START--
INFO: Run Behavior\BuildLiteBehavior [ RunTime:0.000008s ]
INFO: [ app_init ] --END-- [ RunTime:0.000185s ]
INFO: [ app_begin ] --START--
INFO: Run Behavior\ReadHtmlCacheBehavior [ RunTime:0.000242s ]
INFO: [ app_begin ] --END-- [ RunTime:0.000275s ]
INFO: [ view_parse ] --START--
INFO: [ template_filter ] --START--
INFO: Run Behavior\ContentReplaceBehavior [ RunTime:0.000042s ]
INFO: [ template_filter ] --END-- [ RunTime:0.000087s ]
INFO: Run Behavior\ParseTemplateBehavior [ RunTime:0.005066s ]
INFO: [ view_parse ] --END-- [ RunTime:0.005129s ]
INFO: [ view_filter ] --START--
INFO: Run Behavior\WriteHtmlCacheBehavior [ RunTime:0.000238s ]
INFO: [ view_filter ] --END-- [ RunTime:0.000275s ]
INFO: [ app_end ] --START--
INFO: Run Behavior\ShowPageTraceBehavior [ RunTime:0.000405s ]
INFO: [ app_end ] --END-- [ RunTime:0.000457s ]

[ 2017-09-12T10:26:57+08:00 ] 127.0.0.1 /admin/login/login
INFO: [ app_init ] --START--
INFO: Run Behavior\BuildLiteBehavior [ RunTime:0.000009s ]
INFO: [ app_init ] --END-- [ RunTime:0.000207s ]
INFO: [ app_begin ] --START--
INFO: Run Behavior\ReadHtmlCacheBehavior [ RunTime:0.000366s ]
INFO: [ app_begin ] --END-- [ RunTime:0.000406s ]
INFO: [ view_parse ] --START--
INFO: [ template_filter ] --START--
INFO: Run Behavior\ContentReplaceBehavior [ RunTime:0.000045s ]
INFO: [ template_filter ] --END-- [ RunTime:0.000080s ]
INFO: Run Behavior\ParseTemplateBehavior [ RunTime:0.003644s ]
INFO: [ view_parse ] --END-- [ RunTime:0.003681s ]
INFO: [ view_filter ] --START--
INFO: Run Behavior\WriteHtmlCacheBehavior [ RunTime:0.000205s ]
INFO: [ view_filter ] --END-- [ RunTime:0.000235s ]
INFO: [ app_end ] --START--
INFO: Run Behavior\ShowPageTraceBehavior [ RunTime:0.000329s ]
INFO: [ app_end ] --END-- [ RunTime:0.000361s ]

[ 2017-09-12T10:28:00+08:00 ] 127.0.0.1 /admin/login/login
INFO: [ app_init ] --START--
INFO: Run Behavior\BuildLiteBehavior [ RunTime:0.000009s ]
INFO: [ app_init ] --END-- [ RunTime:0.000219s ]
INFO: [ app_begin ] --START--
INFO: Run Behavior\ReadHtmlCacheBehavior [ RunTime:0.000336s ]
INFO: [ app_begin ] --END-- [ RunTime:0.000378s ]
INFO: [ view_parse ] --START--
INFO: [ template_filter ] --START--
INFO: Run Behavior\ContentReplaceBehavior [ RunTime:0.000047s ]
INFO: [ template_filter ] --END-- [ RunTime:0.000084s ]
INFO: Run Behavior\ParseTemplateBehavior [ RunTime:0.003597s ]
INFO: [ view_parse ] --END-- [ RunTime:0.003638s ]
INFO: [ view_filter ] --START--
INFO: Run Behavior\WriteHtmlCacheBehavior [ RunTime:0.000237s ]
INFO: [ view_filter ] --END-- [ RunTime:0.000266s ]
INFO: [ app_end ] --START--
INFO: Run Behavior\ShowPageTraceBehavior [ RunTime:0.000354s ]
INFO: [ app_end ] --END-- [ RunTime:0.000386s ]

[ 2017-09-12T10:28:02+08:00 ] 127.0.0.1 /admin/login/index.php?m=admin&c=index&a=index
INFO: [ app_init ] --START--
INFO: Run Behavior\BuildLiteBehavior [ RunTime:0.000008s ]
INFO: [ app_init ] --END-- [ RunTime:0.000181s ]
INFO: [ app_begin ] --START--
INFO: Run Behavior\ReadHtmlCacheBehavior [ RunTime:0.000298s ]
INFO: [ app_begin ] --END-- [ RunTime:0.000334s ]
ERR: 非法操作:index.php

[ 2017-09-12T10:33:30+08:00 ] 127.0.0.1 /admin/login/login
INFO: [ app_init ] --START--
INFO: Run Behavior\BuildLiteBehavior [ RunTime:0.000011s ]
INFO: [ app_init ] --END-- [ RunTime:0.000214s ]
INFO: [ app_begin ] --START--
INFO: Run Behavior\ReadHtmlCacheBehavior [ RunTime:0.000363s ]
INFO: [ app_begin ] --END-- [ RunTime:0.000402s ]
INFO: [ view_parse ] --START--
INFO: [ template_filter ] --START--
INFO: Run Behavior\ContentReplaceBehavior [ RunTime:0.000048s ]
INFO: [ template_filter ] --END-- [ RunTime:0.000084s ]
INFO: Run Behavior\ParseTemplateBehavior [ RunTime:0.003724s ]
INFO: [ view_parse ] --END-- [ RunTime:0.003764s ]
INFO: [ view_filter ] --START--
INFO: Run Behavior\WriteHtmlCacheBehavior [ RunTime:0.000207s ]
INFO: [ view_filter ] --END-- [ RunTime:0.000235s ]
INFO: [ app_end ] --START--
INFO: Run Behavior\ShowPageTraceBehavior [ RunTime:0.000335s ]
INFO: [ app_end ] --END-- [ RunTime:0.000367s ]

[ 2017-09-12T10:33:31+08:00 ] 127.0.0.1 /index.php/Admin/Login/index/index
INFO: [ app_init ] --START--
INFO: Run Behavior\BuildLiteBehavior [ RunTime:0.000009s ]
INFO: [ app_init ] --END-- [ RunTime:0.000212s ]
INFO: [ app_begin ] --START--
INFO: Run Behavior\ReadHtmlCacheBehavior [ RunTime:0.000331s ]
INFO: [ app_begin ] --END-- [ RunTime:0.000368s ]
ERR: 非法操作:index

[ 2017-09-12T10:34:07+08:00 ] 127.0.0.1 /index.php/Admin/Login/index/index
INFO: [ app_init ] --START--
INFO: Run Behavior\BuildLiteBehavior [ RunTime:0.000009s ]
INFO: [ app_init ] --END-- [ RunTime:0.000206s ]
INFO: [ app_begin ] --START--
INFO: Run Behavior\ReadHtmlCacheBehavior [ RunTime:0.000311s ]
INFO: [ app_begin ] --END-- [ RunTime:0.000348s ]
ERR: 非法操作:index

[ 2017-09-12T10:35:44+08:00 ] 127.0.0.1 /admin/login/login
INFO: [ app_init ] --START--
INFO: Run Behavior\BuildLiteBehavior [ RunTime:0.000008s ]
INFO: [ app_init ] --END-- [ RunTime:0.000201s ]
INFO: [ app_begin ] --START--
INFO: Run Behavior\ReadHtmlCacheBehavior [ RunTime:0.000338s ]
INFO: [ app_begin ] --END-- [ RunTime:0.000374s ]
INFO: [ view_parse ] --START--
INFO: [ template_filter ] --START--
INFO: Run Behavior\ContentReplaceBehavior [ RunTime:0.000050s ]
INFO: [ template_filter ] --END-- [ RunTime:0.000093s ]
INFO: Run Behavior\ParseTemplateBehavior [ RunTime:0.003876s ]
INFO: [ view_parse ] --END-- [ RunTime:0.003916s ]
INFO: [ view_filter ] --START--
INFO: Run Behavior\WriteHtmlCacheBehavior [ RunTime:0.000211s ]
INFO: [ view_filter ] --END-- [ RunTime:0.000240s ]
INFO: [ app_end ] --START--
INFO: Run Behavior\ShowPageTraceBehavior [ RunTime:0.000333s ]
INFO: [ app_end ] --END-- [ RunTime:0.000366s ]

[ 2017-09-12T10:35:45+08:00 ] 127.0.0.1 /index.php/Admin/index/index
INFO: [ app_init ] --START--
INFO: Run Behavior\BuildLiteBehavior [ RunTime:0.000009s ]
INFO: [ app_init ] --END-- [ RunTime:0.000220s ]
INFO: [ app_begin ] --START--
INFO: Run Behavior\ReadHtmlCacheBehavior [ RunTime:0.000328s ]
INFO: [ app_begin ] --END-- [ RunTime:0.000365s ]
INFO: [ view_parse ] --START--
INFO: [ template_filter ] --START--
INFO: Run Behavior\ContentReplaceBehavior [ RunTime:0.000029s ]
INFO: [ template_filter ] --END-- [ RunTime:0.000065s ]
INFO: Run Behavior\ParseTemplateBehavior [ RunTime:0.003483s ]
INFO: [ view_parse ] --END-- [ RunTime:0.003521s ]
INFO: [ view_filter ] --START--
INFO: Run Behavior\WriteHtmlCacheBehavior [ RunTime:0.000208s ]
INFO: [ view_filter ] --END-- [ RunTime:0.000238s ]
INFO: [ app_end ] --START--
INFO: Run Behavior\ShowPageTraceBehavior [ RunTime:0.000337s ]
INFO: [ app_end ] --END-- [ RunTime:0.000369s ]

[ 2017-09-12T10:35:45+08:00 ] 127.0.0.1 /index.php/Admin/index/head.html
INFO: [ app_init ] --START--
INFO: Run Behavior\BuildLiteBehavior [ RunTime:0.000009s ]
INFO: [ app_init ] --END-- [ RunTime:0.000216s ]
INFO: [ app_begin ] --START--
INFO: Run Behavior\ReadHtmlCacheBehavior [ RunTime:0.000339s ]
INFO: [ app_begin ] --END-- [ RunTime:0.000375s ]
INFO: [ view_parse ] --START--
INFO: [ template_filter ] --START--
INFO: Run Behavior\ContentReplaceBehavior [ RunTime:0.000034s ]
INFO: [ template_filter ] --END-- [ RunTime:0.000070s ]
INFO: Run Behavior\ParseTemplateBehavior [ RunTime:0.003541s ]
INFO: [ view_parse ] --END-- [ RunTime:0.003577s ]
INFO: [ view_filter ] --START--
INFO: Run Behavior\WriteHtmlCacheBehavior [ RunTime:0.000202s ]
INFO: [ view_filter ] --END-- [ RunTime:0.000231s ]
INFO: [ app_end ] --START--
INFO: Run Behavior\ShowPageTraceBehavior [ RunTime:0.000331s ]
INFO: [ app_end ] --END-- [ RunTime:0.000363s ]

[ 2017-09-12T10:35:45+08:00 ] 127.0.0.1 /index.php/Admin/index/left.html
INFO: [ app_init ] --START--
INFO: Run Behavior\BuildLiteBehavior [ RunTime:0.000008s ]
INFO: [ app_init ] --END-- [ RunTime:0.000211s ]
INFO: [ app_begin ] --START--
INFO: Run Behavior\ReadHtmlCacheBehavior [ RunTime:0.000318s ]
INFO: [ app_begin ] --END-- [ RunTime:0.000355s ]
INFO: [ view_parse ] --START--
INFO: [ template_filter ] --START--
INFO: Run Behavior\ContentReplaceBehavior [ RunTime:0.000125s ]
INFO: [ template_filter ] --END-- [ RunTime:0.000178s ]
INFO: Run Behavior\ParseTemplateBehavior [ RunTime:0.005964s ]
INFO: [ view_parse ] --END-- [ RunTime:0.006018s ]
INFO: [ view_filter ] --START--
INFO: Run Behavior\WriteHtmlCacheBehavior [ RunTime:0.000269s ]
INFO: [ view_filter ] --END-- [ RunTime:0.000310s ]
INFO: [ app_end ] --START--
INFO: Run Behavior\ShowPageTraceBehavior [ RunTime:0.000328s ]
INFO: [ app_end ] --END-- [ RunTime:0.000367s ]

[ 2017-09-12T10:35:45+08:00 ] 127.0.0.1 /index.php/Admin/index/right.html
INFO: [ app_init ] --START--
INFO: Run Behavior\BuildLiteBehavior [ RunTime:0.000008s ]
INFO: [ app_init ] --END-- [ RunTime:0.000209s ]
INFO: [ app_begin ] --START--
INFO: Run Behavior\ReadHtmlCacheBehavior [ RunTime:0.000322s ]
INFO: [ app_begin ] --END-- [ RunTime:0.000359s ]
INFO: [ view_parse ] --START--
INFO: [ template_filter ] --START--
INFO: Run Behavior\ContentReplaceBehavior [ RunTime:0.000044s ]
INFO: [ template_filter ] --END-- [ RunTime:0.000089s ]
INFO: Run Behavior\ParseTemplateBehavior [ RunTime:0.003688s ]
INFO: [ view_parse ] --END-- [ RunTime:0.003736s ]
INFO: [ view_filter ] --START--
INFO: Run Behavior\WriteHtmlCacheBehavior [ RunTime:0.000186s ]
INFO: [ view_filter ] --END-- [ RunTime:0.000215s ]
INFO: [ app_end ] --START--
INFO: Run Behavior\ShowPageTraceBehavior [ RunTime:0.000306s ]
INFO: [ app_end ] --END-- [ RunTime:0.000337s ]

[ 2017-09-12T11:51:33+08:00 ] 127.0.0.1 /admin/test/test
INFO: [ app_init ] --START--
INFO: Run Behavior\BuildLiteBehavior [ RunTime:0.000009s ]
INFO: [ app_init ] --END-- [ RunTime:0.000209s ]
INFO: [ app_begin ] --START--
INFO: Run Behavior\ReadHtmlCacheBehavior [ RunTime:0.000308s ]
INFO: [ app_begin ] --END-- [ RunTime:0.000344s ]

[ 2017-09-12T11:51:43+08:00 ] 127.0.0.1 /admin/test/test
INFO: [ app_init ] --START--
INFO: Run Behavior\BuildLiteBehavior [ RunTime:0.000009s ]
INFO: [ app_init ] --END-- [ RunTime:0.000210s ]
INFO: [ app_begin ] --START--
INFO: Run Behavior\ReadHtmlCacheBehavior [ RunTime:0.000378s ]
INFO: [ app_begin ] --END-- [ RunTime:0.000423s ]

[ 2017-09-12T11:52:27+08:00 ] 127.0.0.1 /admin/test/test
INFO: [ app_init ] --START--
INFO: Run Behavior\BuildLiteBehavior [ RunTime:0.000009s ]
INFO: [ app_init ] --END-- [ RunTime:0.000183s ]
INFO: [ app_begin ] --START--
INFO: Run Behavior\ReadHtmlCacheBehavior [ RunTime:0.000316s ]
INFO: [ app_begin ] --END-- [ RunTime:0.000357s ]
INFO: [ view_parse ] --START--
INFO: [ template_filter ] --START--
INFO: Run Behavior\ContentReplaceBehavior [ RunTime:0.000028s ]
INFO: [ template_filter ] --END-- [ RunTime:0.000062s ]
INFO: Run Behavior\ParseTemplateBehavior [ RunTime:0.003181s ]
INFO: [ view_parse ] --END-- [ RunTime:0.003218s ]
INFO: [ view_filter ] --START--
INFO: Run Behavior\WriteHtmlCacheBehavior [ RunTime:0.000174s ]
INFO: [ view_filter ] --END-- [ RunTime:0.000204s ]
INFO: [ app_end ] --START--
INFO: Run Behavior\ShowPageTraceBehavior [ RunTime:0.000299s ]
INFO: [ app_end ] --END-- [ RunTime:0.000330s ]

[ 2017-09-12T11:54:05+08:00 ] 127.0.0.1 /admin/test/test
INFO: [ app_init ] --START--
INFO: Run Behavior\BuildLiteBehavior [ RunTime:0.000008s ]
INFO: [ app_init ] --END-- [ RunTime:0.000204s ]
INFO: [ app_begin ] --START--
INFO: Run Behavior\ReadHtmlCacheBehavior [ RunTime:0.000303s ]
INFO: [ app_begin ] --END-- [ RunTime:0.000339s ]
INFO: [ view_parse ] --START--
INFO: [ template_filter ] --START--
INFO: Run Behavior\ContentReplaceBehavior [ RunTime:0.000028s ]
INFO: [ template_filter ] --END-- [ RunTime:0.000061s ]
NOTIC: [8] A non well formed numeric value encountered D:\wamp\works\tbtwo\Application\Runtime\Cache\Admin\a116c4cae6dc3c086c943fe8f5bdd110.php 第 9 行.
INFO: Run Behavior\ParseTemplateBehavior [ RunTime:0.003525s ]
INFO: [ view_parse ] --END-- [ RunTime:0.003570s ]
INFO: [ view_filter ] --START--
INFO: Run Behavior\WriteHtmlCacheBehavior [ RunTime:0.000226s ]
INFO: [ view_filter ] --END-- [ RunTime:0.000260s ]
INFO: [ app_end ] --START--
INFO: Run Behavior\ShowPageTraceBehavior [ RunTime:0.000297s ]
INFO: [ app_end ] --END-- [ RunTime:0.000328s ]

[ 2017-09-12T11:54:19+08:00 ] 127.0.0.1 /admin/test/test
INFO: [ app_init ] --START--
INFO: Run Behavior\BuildLiteBehavior [ RunTime:0.000010s ]
INFO: [ app_init ] --END-- [ RunTime:0.000214s ]
INFO: [ app_begin ] --START--
INFO: Run Behavior\ReadHtmlCacheBehavior [ RunTime:0.000610s ]
INFO: [ app_begin ] --END-- [ RunTime:0.000667s ]
INFO: [ view_parse ] --START--
INFO: [ template_filter ] --START--
INFO: Run Behavior\ContentReplaceBehavior [ RunTime:0.000028s ]
INFO: [ template_filter ] --END-- [ RunTime:0.000063s ]
INFO: Run Behavior\ParseTemplateBehavior [ RunTime:0.003406s ]
INFO: [ view_parse ] --END-- [ RunTime:0.003452s ]
INFO: [ view_filter ] --START--
INFO: Run Behavior\WriteHtmlCacheBehavior [ RunTime:0.000174s ]
INFO: [ view_filter ] --END-- [ RunTime:0.000203s ]
INFO: [ app_end ] --START--
INFO: Run Behavior\ShowPageTraceBehavior [ RunTime:0.000297s ]
INFO: [ app_end ] --END-- [ RunTime:0.000328s ]

[ 2017-09-12T15:37:48+08:00 ] 127.0.0.1 /admin/test/test
INFO: [ app_init ] --START--
INFO: Run Behavior\BuildLiteBehavior [ RunTime:0.000009s ]
INFO: [ app_init ] --END-- [ RunTime:0.000217s ]
INFO: [ app_begin ] --START--
INFO: Run Behavior\ReadHtmlCacheBehavior [ RunTime:0.000433s ]
INFO: [ app_begin ] --END-- [ RunTime:0.000472s ]
INFO: [ view_parse ] --START--
INFO: [ template_filter ] --START--
INFO: Run Behavior\ContentReplaceBehavior [ RunTime:0.000031s ]
INFO: [ template_filter ] --END-- [ RunTime:0.000070s ]
INFO: Run Behavior\ParseTemplateBehavior [ RunTime:0.005585s ]
INFO: [ view_parse ] --END-- [ RunTime:0.005626s ]
INFO: [ view_filter ] --START--
INFO: Run Behavior\WriteHtmlCacheBehavior [ RunTime:0.000184s ]
INFO: [ view_filter ] --END-- [ RunTime:0.000213s ]
INFO: [ app_end ] --START--
INFO: Run Behavior\ShowPageTraceBehavior [ RunTime:0.000303s ]
INFO: [ app_end ] --END-- [ RunTime:0.000334s ]

[ 2017-09-12T15:39:24+08:00 ] 127.0.0.1 /admin/test/test
INFO: [ app_init ] --START--
INFO: Run Behavior\BuildLiteBehavior [ RunTime:0.000009s ]
INFO: [ app_init ] --END-- [ RunTime:0.000209s ]
INFO: [ app_begin ] --START--
INFO: Run Behavior\ReadHtmlCacheBehavior [ RunTime:0.000342s ]
INFO: [ app_begin ] --END-- [ RunTime:0.000377s ]
INFO: [ view_parse ] --START--
INFO: [ template_filter ] --START--
INFO: Run Behavior\ContentReplaceBehavior [ RunTime:0.000027s ]
INFO: [ template_filter ] --END-- [ RunTime:0.000059s ]
INFO: Run Behavior\ParseTemplateBehavior [ RunTime:0.003765s ]
INFO: [ view_parse ] --END-- [ RunTime:0.003803s ]
INFO: [ view_filter ] --START--
INFO: Run Behavior\WriteHtmlCacheBehavior [ RunTime:0.000207s ]
INFO: [ view_filter ] --END-- [ RunTime:0.000237s ]
INFO: [ app_end ] --START--
INFO: Run Behavior\ShowPageTraceBehavior [ RunTime:0.000333s ]
INFO: [ app_end ] --END-- [ RunTime:0.000366s ]

[ 2017-09-12T15:39:35+08:00 ] 127.0.0.1 /admin/test/test
INFO: [ app_init ] --START--
INFO: Run Behavior\BuildLiteBehavior [ RunTime:0.000009s ]
INFO: [ app_init ] --END-- [ RunTime:0.000208s ]
INFO: [ app_begin ] --START--
INFO: Run Behavior\ReadHtmlCacheBehavior [ RunTime:0.000323s ]
INFO: [ app_begin ] --END-- [ RunTime:0.000358s ]
INFO: [ view_parse ] --START--
INFO: [ template_filter ] --START--
INFO: Run Behavior\ContentReplaceBehavior [ RunTime:0.000027s ]
INFO: [ template_filter ] --END-- [ RunTime:0.000062s ]
INFO: Run Behavior\ParseTemplateBehavior [ RunTime:0.003950s ]
INFO: [ view_parse ] --END-- [ RunTime:0.003996s ]
INFO: [ view_filter ] --START--
INFO: Run Behavior\WriteHtmlCacheBehavior [ RunTime:0.000231s ]
INFO: [ view_filter ] --END-- [ RunTime:0.000267s ]
INFO: [ app_end ] --START--
INFO: Run Behavior\ShowPageTraceBehavior [ RunTime:0.000379s ]
INFO: [ app_end ] --END-- [ RunTime:0.000415s ]

[ 2017-09-12T16:13:01+08:00 ] 127.0.0.1 /admin/test/test
INFO: [ app_init ] --START--
INFO: Run Behavior\BuildLiteBehavior [ RunTime:0.000009s ]
INFO: [ app_init ] --END-- [ RunTime:0.000211s ]
INFO: [ app_begin ] --START--
INFO: Run Behavior\ReadHtmlCacheBehavior [ RunTime:0.000356s ]
INFO: [ app_begin ] --END-- [ RunTime:0.000392s ]
INFO: [ view_parse ] --START--
INFO: [ template_filter ] --START--
INFO: Run Behavior\ContentReplaceBehavior [ RunTime:0.000032s ]
INFO: [ template_filter ] --END-- [ RunTime:0.000072s ]

[ 2017-09-12T16:13:38+08:00 ] 127.0.0.1 /admin/test/test
INFO: [ app_init ] --START--
INFO: Run Behavior\BuildLiteBehavior [ RunTime:0.000009s ]
INFO: [ app_init ] --END-- [ RunTime:0.000211s ]
INFO: [ app_begin ] --START--
INFO: Run Behavior\ReadHtmlCacheBehavior [ RunTime:0.000328s ]
INFO: [ app_begin ] --END-- [ RunTime:0.000364s ]
INFO: [ view_parse ] --START--
INFO: [ template_filter ] --START--
INFO: Run Behavior\ContentReplaceBehavior [ RunTime:0.000028s ]
INFO: [ template_filter ] --END-- [ RunTime:0.000061s ]

[ 2017-09-12T16:13:38+08:00 ] 127.0.0.1 /admin/test/test
INFO: [ app_init ] --START--
INFO: Run Behavior\BuildLiteBehavior [ RunTime:0.000009s ]
INFO: [ app_init ] --END-- [ RunTime:0.000222s ]
INFO: [ app_begin ] --START--
INFO: Run Behavior\ReadHtmlCacheBehavior [ RunTime:0.000336s ]
INFO: [ app_begin ] --END-- [ RunTime:0.000375s ]
INFO: [ view_parse ] --START--
INFO: [ template_filter ] --START--
INFO: Run Behavior\ContentReplaceBehavior [ RunTime:0.000031s ]
INFO: [ template_filter ] --END-- [ RunTime:0.000066s ]

[ 2017-09-12T16:13:39+08:00 ] 127.0.0.1 /admin/test/test
INFO: [ app_init ] --START--
INFO: Run Behavior\BuildLiteBehavior [ RunTime:0.000009s ]
INFO: [ app_init ] --END-- [ RunTime:0.000208s ]
INFO: [ app_begin ] --START--
INFO: Run Behavior\ReadHtmlCacheBehavior [ RunTime:0.000335s ]
INFO: [ app_begin ] --END-- [ RunTime:0.000371s ]
INFO: [ view_parse ] --START--
INFO: [ template_filter ] --START--
INFO: Run Behavior\ContentReplaceBehavior [ RunTime:0.000029s ]
INFO: [ template_filter ] --END-- [ RunTime:0.000064s ]

[ 2017-09-12T16:13:59+08:00 ] 127.0.0.1 /admin/test/test
INFO: [ app_init ] --START--
INFO: Run Behavior\BuildLiteBehavior [ RunTime:0.000009s ]
INFO: [ app_init ] --END-- [ RunTime:0.000211s ]
INFO: [ app_begin ] --START--
INFO: Run Behavior\ReadHtmlCacheBehavior [ RunTime:0.000323s ]
INFO: [ app_begin ] --END-- [ RunTime:0.000359s ]
INFO: [ view_parse ] --START--
INFO: [ template_filter ] --START--
INFO: Run Behavior\ContentReplaceBehavior [ RunTime:0.000027s ]
INFO: [ template_filter ] --END-- [ RunTime:0.000060s ]

[ 2017-09-12T16:14:00+08:00 ] 127.0.0.1 /admin/test/test
INFO: [ app_init ] --START--
INFO: Run Behavior\BuildLiteBehavior [ RunTime:0.000248s ]
INFO: [ app_init ] --END-- [ RunTime:0.000463s ]
INFO: [ app_begin ] --START--
INFO: Run Behavior\ReadHtmlCacheBehavior [ RunTime:0.000669s ]
INFO: [ app_begin ] --END-- [ RunTime:0.000713s ]
INFO: [ view_parse ] --START--
INFO: [ template_filter ] --START--
INFO: Run Behavior\ContentReplaceBehavior [ RunTime:0.000029s ]
INFO: [ template_filter ] --END-- [ RunTime:0.000067s ]

[ 2017-09-12T16:14:00+08:00 ] 127.0.0.1 /admin/test/test
INFO: [ app_init ] --START--
INFO: Run Behavior\BuildLiteBehavior [ RunTime:0.000009s ]
INFO: [ app_init ] --END-- [ RunTime:0.000217s ]
INFO: [ app_begin ] --START--
INFO: Run Behavior\ReadHtmlCacheBehavior [ RunTime:0.000330s ]
INFO: [ app_begin ] --END-- [ RunTime:0.000365s ]
INFO: [ view_parse ] --START--
INFO: [ template_filter ] --START--
INFO: Run Behavior\ContentReplaceBehavior [ RunTime:0.000028s ]
INFO: [ template_filter ] --END-- [ RunTime:0.000066s ]

[ 2017-09-12T16:14:00+08:00 ] 127.0.0.1 /admin/test/test
INFO: [ app_init ] --START--
INFO: Run Behavior\BuildLiteBehavior [ RunTime:0.000009s ]
INFO: [ app_init ] --END-- [ RunTime:0.000210s ]
INFO: [ app_begin ] --START--
INFO: Run Behavior\ReadHtmlCacheBehavior [ RunTime:0.000322s ]
INFO: [ app_begin ] --END-- [ RunTime:0.000358s ]
INFO: [ view_parse ] --START--
INFO: [ template_filter ] --START--
INFO: Run Behavior\ContentReplaceBehavior [ RunTime:0.000028s ]
INFO: [ template_filter ] --END-- [ RunTime:0.000062s ]

[ 2017-09-12T16:14:00+08:00 ] 127.0.0.1 /admin/test/test
INFO: [ app_init ] --START--
INFO: Run Behavior\BuildLiteBehavior [ RunTime:0.000009s ]
INFO: [ app_init ] --END-- [ RunTime:0.000211s ]
INFO: [ app_begin ] --START--
INFO: Run Behavior\ReadHtmlCacheBehavior [ RunTime:0.000323s ]
INFO: [ app_begin ] --END-- [ RunTime:0.000358s ]
INFO: [ view_parse ] --START--
INFO: [ template_filter ] --START--
INFO: Run Behavior\ContentReplaceBehavior [ RunTime:0.000028s ]
INFO: [ template_filter ] --END-- [ RunTime:0.000060s ]

[ 2017-09-12T16:14:01+08:00 ] 127.0.0.1 /admin/test/test
INFO: [ app_init ] --START--
INFO: Run Behavior\BuildLiteBehavior [ RunTime:0.000009s ]
INFO: [ app_init ] --END-- [ RunTime:0.000221s ]
INFO: [ app_begin ] --START--
INFO: Run Behavior\ReadHtmlCacheBehavior [ RunTime:0.000326s ]
INFO: [ app_begin ] --END-- [ RunTime:0.000362s ]
INFO: [ view_parse ] --START--
INFO: [ template_filter ] --START--
INFO: Run Behavior\ContentReplaceBehavior [ RunTime:0.000031s ]
INFO: [ template_filter ] --END-- [ RunTime:0.000070s ]

[ 2017-09-12T16:14:11+08:00 ] 127.0.0.1 /admin/test/test
INFO: [ app_init ] --START--
INFO: Run Behavior\BuildLiteBehavior [ RunTime:0.000009s ]
INFO: [ app_init ] --END-- [ RunTime:0.000215s ]
INFO: [ app_begin ] --START--
INFO: Run Behavior\ReadHtmlCacheBehavior [ RunTime:0.000309s ]
INFO: [ app_begin ] --END-- [ RunTime:0.000345s ]
INFO: [ view_parse ] --START--
INFO: [ template_filter ] --START--
INFO: Run Behavior\ContentReplaceBehavior [ RunTime:0.000030s ]
INFO: [ template_filter ] --END-- [ RunTime:0.000091s ]
INFO: Run Behavior\ParseTemplateBehavior [ RunTime:0.003984s ]
INFO: [ view_parse ] --END-- [ RunTime:0.004026s ]
INFO: [ view_filter ] --START--
INFO: Run Behavior\WriteHtmlCacheBehavior [ RunTime:0.000192s ]
INFO: [ view_filter ] --END-- [ RunTime:0.000223s ]
INFO: [ app_end ] --START--
INFO: Run Behavior\ShowPageTraceBehavior [ RunTime:0.000299s ]
INFO: [ app_end ] --END-- [ RunTime:0.000330s ]

[ 2017-09-12T16:15:46+08:00 ] 127.0.0.1 /admin/test/test
INFO: [ app_init ] --START--
INFO: Run Behavior\BuildLiteBehavior [ RunTime:0.000009s ]
INFO: [ app_init ] --END-- [ RunTime:0.000209s ]
INFO: [ app_begin ] --START--
INFO: Run Behavior\ReadHtmlCacheBehavior [ RunTime:0.000344s ]
INFO: [ app_begin ] --END-- [ RunTime:0.000379s ]
INFO: [ view_parse ] --START--
INFO: [ template_filter ] --START--
INFO: Run Behavior\ContentReplaceBehavior [ RunTime:0.000028s ]
INFO: [ template_filter ] --END-- [ RunTime:0.000063s ]
NOTIC: [8] Undefined variable: 2 D:\wamp\works\tbtwo\Application\Runtime\Cache\Admin\a116c4cae6dc3c086c943fe8f5bdd110.php 第 15 行.
INFO: Run Behavior\ParseTemplateBehavior [ RunTime:0.004179s ]
INFO: [ view_parse ] --END-- [ RunTime:0.004215s ]
INFO: [ view_filter ] --START--
INFO: Run Behavior\WriteHtmlCacheBehavior [ RunTime:0.000209s ]
INFO: [ view_filter ] --END-- [ RunTime:0.000240s ]
INFO: [ app_end ] --START--
INFO: Run Behavior\ShowPageTraceBehavior [ RunTime:0.000331s ]
INFO: [ app_end ] --END-- [ RunTime:0.000362s ]

[ 2017-09-12T16:15:47+08:00 ] 127.0.0.1 /admin/test/test
INFO: [ app_init ] --START--
INFO: Run Behavior\BuildLiteBehavior [ RunTime:0.000010s ]
INFO: [ app_init ] --END-- [ RunTime:0.000229s ]
INFO: [ app_begin ] --START--
INFO: Run Behavior\ReadHtmlCacheBehavior [ RunTime:0.000334s ]
INFO: [ app_begin ] --END-- [ RunTime:0.000370s ]
INFO: [ view_parse ] --START--
INFO: [ template_filter ] --START--
INFO: Run Behavior\ContentReplaceBehavior [ RunTime:0.000029s ]
INFO: [ template_filter ] --END-- [ RunTime:0.000063s ]
NOTIC: [8] Undefined variable: 2 D:\wamp\works\tbtwo\Application\Runtime\Cache\Admin\a116c4cae6dc3c086c943fe8f5bdd110.php 第 15 行.
INFO: Run Behavior\ParseTemplateBehavior [ RunTime:0.004224s ]
INFO: [ view_parse ] --END-- [ RunTime:0.004258s ]
INFO: [ view_filter ] --START--
INFO: Run Behavior\WriteHtmlCacheBehavior [ RunTime:0.000210s ]
INFO: [ view_filter ] --END-- [ RunTime:0.000240s ]
INFO: [ app_end ] --START--
INFO: Run Behavior\ShowPageTraceBehavior [ RunTime:0.000330s ]
INFO: [ app_end ] --END-- [ RunTime:0.000362s ]

[ 2017-09-12T16:15:47+08:00 ] 127.0.0.1 /admin/test/test
INFO: [ app_init ] --START--
INFO: Run Behavior\BuildLiteBehavior [ RunTime:0.000009s ]
INFO: [ app_init ] --END-- [ RunTime:0.000209s ]
INFO: [ app_begin ] --START--
INFO: Run Behavior\ReadHtmlCacheBehavior [ RunTime:0.000322s ]
INFO: [ app_begin ] --END-- [ RunTime:0.000358s ]
INFO: [ view_parse ] --START--
INFO: [ template_filter ] --START--
INFO: Run Behavior\ContentReplaceBehavior [ RunTime:0.000029s ]
INFO: [ template_filter ] --END-- [ RunTime:0.000065s ]
NOTIC: [8] Undefined variable: 2 D:\wamp\works\tbtwo\Application\Runtime\Cache\Admin\a116c4cae6dc3c086c943fe8f5bdd110.php 第 15 行.
INFO: Run Behavior\ParseTemplateBehavior [ RunTime:0.004305s ]
INFO: [ view_parse ] --END-- [ RunTime:0.004341s ]
INFO: [ view_filter ] --START--
INFO: Run Behavior\WriteHtmlCacheBehavior [ RunTime:0.000225s ]
INFO: [ view_filter ] --END-- [ RunTime:0.000257s ]
INFO: [ app_end ] --START--
INFO: Run Behavior\ShowPageTraceBehavior [ RunTime:0.000341s ]
INFO: [ app_end ] --END-- [ RunTime:0.000376s ]

