[ 2017-09-22T14:13:34+08:00 ] 127.0.0.1 /index.php/Admin/login/quit.html
ERR: 非法操作:quit

[ 2017-09-22T14:15:55+08:00 ] 127.0.0.1 /index.php/Admin/login/quit.html
ERR: 非法操作:quit

[ 2017-09-22T14:16:20+08:00 ] 127.0.0.1 /index.php/Admin/login/quit.html
ERR: 非法操作:quit

[ 2017-09-22T14:16:22+08:00 ] 127.0.0.1 /index.php/Admin/login/quit.html
ERR: 非法操作:quit

[ 2017-09-22T14:30:29+08:00 ] 127.0.0.1 /index.php/Admin/Cate/category_del/id/undefined
ERR: 非法操作:category_del

[ 2017-09-22T14:30:33+08:00 ] 127.0.0.1 /index.php/Admin/Cate/category_del/id/undefined
ERR: 非法操作:category_del

[ 2017-09-22T16:29:28+08:00 ] 127.0.0.1 /index.php/Admin/Attribute/getAttribute.html?cate_id=1
INFO: [ app_begin ] --START--
INFO: Run Behavior\ReadHtmlCacheBehavior [ RunTime:0.000212s ]
INFO: [ app_begin ] --END-- [ RunTime:0.000381s ]
SQL: SHOW COLUMNS FROM `tp_access` [ RunTime:0.0032s ]
SQL: SHOW COLUMNS FROM `tp_access` [ RunTime:0.0031s ]
SQL: SELECT `menu_id` FROM `tp_access` WHERE ( role_id=5 )  [ RunTime:0.0001s ]
SQL: SHOW COLUMNS FROM `tp_menu` [ RunTime:0.0038s ]
SQL: SELECT `id`,`menu_name`,`menu_controller`,`menu_action`,`pid`,`is_show` FROM `tp_menu` WHERE `id` = 14 LIMIT 1   [ RunTime:0.0001s ]
SQL: SELECT `id`,`menu_name`,`menu_controller`,`menu_action`,`pid`,`is_show` FROM `tp_menu` WHERE `id` = 6 LIMIT 1   [ RunTime:0.0001s ]
SQL: SELECT `id`,`menu_name`,`menu_controller`,`menu_action`,`pid`,`is_show` FROM `tp_menu` WHERE `id` = 20 LIMIT 1   [ RunTime:0.0001s ]
SQL: SELECT `id`,`menu_name`,`menu_controller`,`menu_action`,`pid`,`is_show` FROM `tp_menu` WHERE `id` = 19 LIMIT 1   [ RunTime:0.0001s ]
SQL: SELECT `id`,`menu_name`,`menu_controller`,`menu_action`,`pid`,`is_show` FROM `tp_menu` WHERE `id` = 18 LIMIT 1   [ RunTime:0.0001s ]
SQL: SELECT `id`,`menu_name`,`menu_controller`,`menu_action`,`pid`,`is_show` FROM `tp_menu` WHERE `id` = 5 LIMIT 1   [ RunTime:0.0001s ]
SQL: SELECT `id`,`menu_name`,`menu_controller`,`menu_action`,`pid`,`is_show` FROM `tp_menu` WHERE `id` = 13 LIMIT 1   [ RunTime:0.0001s ]
SQL: SELECT `id`,`menu_name`,`menu_controller`,`menu_action`,`pid`,`is_show` FROM `tp_menu` WHERE `id` = 12 LIMIT 1   [ RunTime:0.0001s ]
SQL: SELECT `id`,`menu_name`,`menu_controller`,`menu_action`,`pid`,`is_show` FROM `tp_menu` WHERE `id` = 11 LIMIT 1   [ RunTime:0.0001s ]
SQL: SELECT `id`,`menu_name`,`menu_controller`,`menu_action`,`pid`,`is_show` FROM `tp_menu` WHERE `id` = 4 LIMIT 1   [ RunTime:0.0001s ]
SQL: SELECT `id`,`menu_name`,`menu_controller`,`menu_action`,`pid`,`is_show` FROM `tp_menu` WHERE `id` = 3 LIMIT 1   [ RunTime:0.0001s ]
SQL: SELECT `id`,`menu_name`,`menu_controller`,`menu_action`,`pid`,`is_show` FROM `tp_menu` WHERE `id` = 7 LIMIT 1   [ RunTime:0.0001s ]
SQL: SELECT `id`,`menu_name`,`menu_controller`,`menu_action`,`pid`,`is_show` FROM `tp_menu` WHERE `id` = 2 LIMIT 1   [ RunTime:0.0001s ]
SQL: SELECT `id`,`menu_name`,`menu_controller`,`menu_action`,`pid`,`is_show` FROM `tp_menu` WHERE `id` = 1 LIMIT 1   [ RunTime:0.0001s ]
SQL: SELECT `id`,`menu_name`,`menu_controller`,`menu_action`,`pid`,`is_show` FROM `tp_menu` WHERE `id` = 15 LIMIT 1   [ RunTime:0.0001s ]
SQL: SELECT `id`,`menu_name`,`menu_controller`,`menu_action`,`pid`,`is_show` FROM `tp_menu` WHERE `id` = 16 LIMIT 1   [ RunTime:0.0001s ]
SQL: SELECT `id`,`menu_name`,`menu_controller`,`menu_action`,`pid`,`is_show` FROM `tp_menu` WHERE `id` = 17 LIMIT 1   [ RunTime:0.0001s ]
SQL: SELECT `id`,`menu_name`,`menu_controller`,`menu_action`,`pid`,`is_show` FROM `tp_menu` WHERE `id` = 8 LIMIT 1   [ RunTime:0.0001s ]
SQL: SELECT `id`,`menu_name`,`menu_controller`,`menu_action`,`pid`,`is_show` FROM `tp_menu` WHERE `id` = 9 LIMIT 1   [ RunTime:0.0001s ]
SQL: SELECT `id`,`menu_name`,`menu_controller`,`menu_action`,`pid`,`is_show` FROM `tp_menu` WHERE `id` = 10 LIMIT 1   [ RunTime:0.0001s ]
SQL: SELECT `id`,`menu_name`,`menu_controller`,`menu_action`,`pid`,`is_show` FROM `tp_menu` WHERE `id` = 21 LIMIT 1   [ RunTime:0.0001s ]
SQL: SELECT `id`,`menu_name`,`menu_controller`,`menu_action`,`pid`,`is_show` FROM `tp_menu` WHERE `id` = 22 LIMIT 1   [ RunTime:0.0001s ]
SQL: SELECT `id`,`menu_name`,`menu_controller`,`menu_action`,`pid`,`is_show` FROM `tp_menu` WHERE `id` = 23 LIMIT 1   [ RunTime:0.0001s ]
SQL: SELECT `id`,`menu_name`,`menu_controller`,`menu_action`,`pid`,`is_show` FROM `tp_menu` WHERE `id` = 24 LIMIT 1   [ RunTime:0.0001s ]
ERR: 参数错误或者未定义:id

[ 2017-09-22T16:29:29+08:00 ] 127.0.0.1 /index.php/Admin/Attribute/getAttribute.html?cate_id=3
INFO: [ app_begin ] --START--
INFO: Run Behavior\ReadHtmlCacheBehavior [ RunTime:0.000199s ]
INFO: [ app_begin ] --END-- [ RunTime:0.000361s ]
SQL: SHOW COLUMNS FROM `tp_access` [ RunTime:0.0031s ]
SQL: SHOW COLUMNS FROM `tp_access` [ RunTime:0.0030s ]
SQL: SELECT `menu_id` FROM `tp_access` WHERE ( role_id=5 )  [ RunTime:0.0001s ]
SQL: SHOW COLUMNS FROM `tp_menu` [ RunTime:0.0030s ]
SQL: SELECT `id`,`menu_name`,`menu_controller`,`menu_action`,`pid`,`is_show` FROM `tp_menu` WHERE `id` = 14 LIMIT 1   [ RunTime:0.0001s ]
SQL: SELECT `id`,`menu_name`,`menu_controller`,`menu_action`,`pid`,`is_show` FROM `tp_menu` WHERE `id` = 6 LIMIT 1   [ RunTime:0.0001s ]
SQL: SELECT `id`,`menu_name`,`menu_controller`,`menu_action`,`pid`,`is_show` FROM `tp_menu` WHERE `id` = 20 LIMIT 1   [ RunTime:0.0001s ]
SQL: SELECT `id`,`menu_name`,`menu_controller`,`menu_action`,`pid`,`is_show` FROM `tp_menu` WHERE `id` = 19 LIMIT 1   [ RunTime:0.0001s ]
SQL: SELECT `id`,`menu_name`,`menu_controller`,`menu_action`,`pid`,`is_show` FROM `tp_menu` WHERE `id` = 18 LIMIT 1   [ RunTime:0.0001s ]
SQL: SELECT `id`,`menu_name`,`menu_controller`,`menu_action`,`pid`,`is_show` FROM `tp_menu` WHERE `id` = 5 LIMIT 1   [ RunTime:0.0001s ]
SQL: SELECT `id`,`menu_name`,`menu_controller`,`menu_action`,`pid`,`is_show` FROM `tp_menu` WHERE `id` = 13 LIMIT 1   [ RunTime:0.0001s ]
SQL: SELECT `id`,`menu_name`,`menu_controller`,`menu_action`,`pid`,`is_show` FROM `tp_menu` WHERE `id` = 12 LIMIT 1   [ RunTime:0.0001s ]
SQL: SELECT `id`,`menu_name`,`menu_controller`,`menu_action`,`pid`,`is_show` FROM `tp_menu` WHERE `id` = 11 LIMIT 1   [ RunTime:0.0001s ]
SQL: SELECT `id`,`menu_name`,`menu_controller`,`menu_action`,`pid`,`is_show` FROM `tp_menu` WHERE `id` = 4 LIMIT 1   [ RunTime:0.0001s ]
SQL: SELECT `id`,`menu_name`,`menu_controller`,`menu_action`,`pid`,`is_show` FROM `tp_menu` WHERE `id` = 3 LIMIT 1   [ RunTime:0.0001s ]
SQL: SELECT `id`,`menu_name`,`menu_controller`,`menu_action`,`pid`,`is_show` FROM `tp_menu` WHERE `id` = 7 LIMIT 1   [ RunTime:0.0001s ]
SQL: SELECT `id`,`menu_name`,`menu_controller`,`menu_action`,`pid`,`is_show` FROM `tp_menu` WHERE `id` = 2 LIMIT 1   [ RunTime:0.0001s ]
SQL: SELECT `id`,`menu_name`,`menu_controller`,`menu_action`,`pid`,`is_show` FROM `tp_menu` WHERE `id` = 1 LIMIT 1   [ RunTime:0.0001s ]
SQL: SELECT `id`,`menu_name`,`menu_controller`,`menu_action`,`pid`,`is_show` FROM `tp_menu` WHERE `id` = 15 LIMIT 1   [ RunTime:0.0001s ]
SQL: SELECT `id`,`menu_name`,`menu_controller`,`menu_action`,`pid`,`is_show` FROM `tp_menu` WHERE `id` = 16 LIMIT 1   [ RunTime:0.0001s ]
SQL: SELECT `id`,`menu_name`,`menu_controller`,`menu_action`,`pid`,`is_show` FROM `tp_menu` WHERE `id` = 17 LIMIT 1   [ RunTime:0.0001s ]
SQL: SELECT `id`,`menu_name`,`menu_controller`,`menu_action`,`pid`,`is_show` FROM `tp_menu` WHERE `id` = 8 LIMIT 1   [ RunTime:0.0001s ]
SQL: SELECT `id`,`menu_name`,`menu_controller`,`menu_action`,`pid`,`is_show` FROM `tp_menu` WHERE `id` = 9 LIMIT 1   [ RunTime:0.0001s ]
SQL: SELECT `id`,`menu_name`,`menu_controller`,`menu_action`,`pid`,`is_show` FROM `tp_menu` WHERE `id` = 10 LIMIT 1   [ RunTime:0.0001s ]
SQL: SELECT `id`,`menu_name`,`menu_controller`,`menu_action`,`pid`,`is_show` FROM `tp_menu` WHERE `id` = 21 LIMIT 1   [ RunTime:0.0001s ]
SQL: SELECT `id`,`menu_name`,`menu_controller`,`menu_action`,`pid`,`is_show` FROM `tp_menu` WHERE `id` = 22 LIMIT 1   [ RunTime:0.0001s ]
SQL: SELECT `id`,`menu_name`,`menu_controller`,`menu_action`,`pid`,`is_show` FROM `tp_menu` WHERE `id` = 23 LIMIT 1   [ RunTime:0.0001s ]
SQL: SELECT `id`,`menu_name`,`menu_controller`,`menu_action`,`pid`,`is_show` FROM `tp_menu` WHERE `id` = 24 LIMIT 1   [ RunTime:0.0001s ]
ERR: 参数错误或者未定义:id

[ 2017-09-22T16:29:44+08:00 ] 127.0.0.1 /index.php/Admin/Attribute/getAttribute.html?cate_id=1
INFO: [ app_begin ] --START--
INFO: Run Behavior\ReadHtmlCacheBehavior [ RunTime:0.000201s ]
INFO: [ app_begin ] --END-- [ RunTime:0.000363s ]
SQL: SHOW COLUMNS FROM `tp_access` [ RunTime:0.0044s ]
SQL: SHOW COLUMNS FROM `tp_access` [ RunTime:0.0033s ]
SQL: SELECT `menu_id` FROM `tp_access` WHERE ( role_id=5 )  [ RunTime:0.0001s ]
SQL: SHOW COLUMNS FROM `tp_menu` [ RunTime:0.0030s ]
SQL: SELECT `id`,`menu_name`,`menu_controller`,`menu_action`,`pid`,`is_show` FROM `tp_menu` WHERE `id` = 14 LIMIT 1   [ RunTime:0.0001s ]
SQL: SELECT `id`,`menu_name`,`menu_controller`,`menu_action`,`pid`,`is_show` FROM `tp_menu` WHERE `id` = 6 LIMIT 1   [ RunTime:0.0001s ]
SQL: SELECT `id`,`menu_name`,`menu_controller`,`menu_action`,`pid`,`is_show` FROM `tp_menu` WHERE `id` = 20 LIMIT 1   [ RunTime:0.0001s ]
SQL: SELECT `id`,`menu_name`,`menu_controller`,`menu_action`,`pid`,`is_show` FROM `tp_menu` WHERE `id` = 19 LIMIT 1   [ RunTime:0.0001s ]
SQL: SELECT `id`,`menu_name`,`menu_controller`,`menu_action`,`pid`,`is_show` FROM `tp_menu` WHERE `id` = 18 LIMIT 1   [ RunTime:0.0001s ]
SQL: SELECT `id`,`menu_name`,`menu_controller`,`menu_action`,`pid`,`is_show` FROM `tp_menu` WHERE `id` = 5 LIMIT 1   [ RunTime:0.0001s ]
SQL: SELECT `id`,`menu_name`,`menu_controller`,`menu_action`,`pid`,`is_show` FROM `tp_menu` WHERE `id` = 13 LIMIT 1   [ RunTime:0.0001s ]
SQL: SELECT `id`,`menu_name`,`menu_controller`,`menu_action`,`pid`,`is_show` FROM `tp_menu` WHERE `id` = 12 LIMIT 1   [ RunTime:0.0001s ]
SQL: SELECT `id`,`menu_name`,`menu_controller`,`menu_action`,`pid`,`is_show` FROM `tp_menu` WHERE `id` = 11 LIMIT 1   [ RunTime:0.0001s ]
SQL: SELECT `id`,`menu_name`,`menu_controller`,`menu_action`,`pid`,`is_show` FROM `tp_menu` WHERE `id` = 4 LIMIT 1   [ RunTime:0.0001s ]
SQL: SELECT `id`,`menu_name`,`menu_controller`,`menu_action`,`pid`,`is_show` FROM `tp_menu` WHERE `id` = 3 LIMIT 1   [ RunTime:0.0001s ]
SQL: SELECT `id`,`menu_name`,`menu_controller`,`menu_action`,`pid`,`is_show` FROM `tp_menu` WHERE `id` = 7 LIMIT 1   [ RunTime:0.0001s ]
SQL: SELECT `id`,`menu_name`,`menu_controller`,`menu_action`,`pid`,`is_show` FROM `tp_menu` WHERE `id` = 2 LIMIT 1   [ RunTime:0.0001s ]
SQL: SELECT `id`,`menu_name`,`menu_controller`,`menu_action`,`pid`,`is_show` FROM `tp_menu` WHERE `id` = 1 LIMIT 1   [ RunTime:0.0001s ]
SQL: SELECT `id`,`menu_name`,`menu_controller`,`menu_action`,`pid`,`is_show` FROM `tp_menu` WHERE `id` = 15 LIMIT 1   [ RunTime:0.0001s ]
SQL: SELECT `id`,`menu_name`,`menu_controller`,`menu_action`,`pid`,`is_show` FROM `tp_menu` WHERE `id` = 16 LIMIT 1   [ RunTime:0.0001s ]
SQL: SELECT `id`,`menu_name`,`menu_controller`,`menu_action`,`pid`,`is_show` FROM `tp_menu` WHERE `id` = 17 LIMIT 1   [ RunTime:0.0001s ]
SQL: SELECT `id`,`menu_name`,`menu_controller`,`menu_action`,`pid`,`is_show` FROM `tp_menu` WHERE `id` = 8 LIMIT 1   [ RunTime:0.0001s ]
SQL: SELECT `id`,`menu_name`,`menu_controller`,`menu_action`,`pid`,`is_show` FROM `tp_menu` WHERE `id` = 9 LIMIT 1   [ RunTime:0.0001s ]
SQL: SELECT `id`,`menu_name`,`menu_controller`,`menu_action`,`pid`,`is_show` FROM `tp_menu` WHERE `id` = 10 LIMIT 1   [ RunTime:0.0001s ]
SQL: SELECT `id`,`menu_name`,`menu_controller`,`menu_action`,`pid`,`is_show` FROM `tp_menu` WHERE `id` = 21 LIMIT 1   [ RunTime:0.0001s ]
SQL: SELECT `id`,`menu_name`,`menu_controller`,`menu_action`,`pid`,`is_show` FROM `tp_menu` WHERE `id` = 22 LIMIT 1   [ RunTime:0.0001s ]
SQL: SELECT `id`,`menu_name`,`menu_controller`,`menu_action`,`pid`,`is_show` FROM `tp_menu` WHERE `id` = 23 LIMIT 1   [ RunTime:0.0001s ]
SQL: SELECT `id`,`menu_name`,`menu_controller`,`menu_action`,`pid`,`is_show` FROM `tp_menu` WHERE `id` = 24 LIMIT 1   [ RunTime:0.0001s ]
ERR: 参数错误或者未定义:cid

[ 2017-09-22T16:30:05+08:00 ] 127.0.0.1 /index.php/Admin/Attribute/getAttribute.html?cate_id=1
INFO: [ app_begin ] --START--
INFO: Run Behavior\ReadHtmlCacheBehavior [ RunTime:0.000201s ]
INFO: [ app_begin ] --END-- [ RunTime:0.000364s ]
SQL: SHOW COLUMNS FROM `tp_access` [ RunTime:0.0069s ]
SQL: SHOW COLUMNS FROM `tp_access` [ RunTime:0.0030s ]
SQL: SELECT `menu_id` FROM `tp_access` WHERE ( role_id=5 )  [ RunTime:0.0001s ]
SQL: SHOW COLUMNS FROM `tp_menu` [ RunTime:0.0031s ]
SQL: SELECT `id`,`menu_name`,`menu_controller`,`menu_action`,`pid`,`is_show` FROM `tp_menu` WHERE `id` = 14 LIMIT 1   [ RunTime:0.0001s ]
SQL: SELECT `id`,`menu_name`,`menu_controller`,`menu_action`,`pid`,`is_show` FROM `tp_menu` WHERE `id` = 6 LIMIT 1   [ RunTime:0.0001s ]
SQL: SELECT `id`,`menu_name`,`menu_controller`,`menu_action`,`pid`,`is_show` FROM `tp_menu` WHERE `id` = 20 LIMIT 1   [ RunTime:0.0001s ]
SQL: SELECT `id`,`menu_name`,`menu_controller`,`menu_action`,`pid`,`is_show` FROM `tp_menu` WHERE `id` = 19 LIMIT 1   [ RunTime:0.0001s ]
SQL: SELECT `id`,`menu_name`,`menu_controller`,`menu_action`,`pid`,`is_show` FROM `tp_menu` WHERE `id` = 18 LIMIT 1   [ RunTime:0.0001s ]
SQL: SELECT `id`,`menu_name`,`menu_controller`,`menu_action`,`pid`,`is_show` FROM `tp_menu` WHERE `id` = 5 LIMIT 1   [ RunTime:0.0001s ]
SQL: SELECT `id`,`menu_name`,`menu_controller`,`menu_action`,`pid`,`is_show` FROM `tp_menu` WHERE `id` = 13 LIMIT 1   [ RunTime:0.0001s ]
SQL: SELECT `id`,`menu_name`,`menu_controller`,`menu_action`,`pid`,`is_show` FROM `tp_menu` WHERE `id` = 12 LIMIT 1   [ RunTime:0.0001s ]
SQL: SELECT `id`,`menu_name`,`menu_controller`,`menu_action`,`pid`,`is_show` FROM `tp_menu` WHERE `id` = 11 LIMIT 1   [ RunTime:0.0001s ]
SQL: SELECT `id`,`menu_name`,`menu_controller`,`menu_action`,`pid`,`is_show` FROM `tp_menu` WHERE `id` = 4 LIMIT 1   [ RunTime:0.0001s ]
SQL: SELECT `id`,`menu_name`,`menu_controller`,`menu_action`,`pid`,`is_show` FROM `tp_menu` WHERE `id` = 3 LIMIT 1   [ RunTime:0.0001s ]
SQL: SELECT `id`,`menu_name`,`menu_controller`,`menu_action`,`pid`,`is_show` FROM `tp_menu` WHERE `id` = 7 LIMIT 1   [ RunTime:0.0001s ]
SQL: SELECT `id`,`menu_name`,`menu_controller`,`menu_action`,`pid`,`is_show` FROM `tp_menu` WHERE `id` = 2 LIMIT 1   [ RunTime:0.0001s ]
SQL: SELECT `id`,`menu_name`,`menu_controller`,`menu_action`,`pid`,`is_show` FROM `tp_menu` WHERE `id` = 1 LIMIT 1   [ RunTime:0.0001s ]
SQL: SELECT `id`,`menu_name`,`menu_controller`,`menu_action`,`pid`,`is_show` FROM `tp_menu` WHERE `id` = 15 LIMIT 1   [ RunTime:0.0001s ]
SQL: SELECT `id`,`menu_name`,`menu_controller`,`menu_action`,`pid`,`is_show` FROM `tp_menu` WHERE `id` = 16 LIMIT 1   [ RunTime:0.0001s ]
SQL: SELECT `id`,`menu_name`,`menu_controller`,`menu_action`,`pid`,`is_show` FROM `tp_menu` WHERE `id` = 17 LIMIT 1   [ RunTime:0.0001s ]
SQL: SELECT `id`,`menu_name`,`menu_controller`,`menu_action`,`pid`,`is_show` FROM `tp_menu` WHERE `id` = 8 LIMIT 1   [ RunTime:0.0001s ]
SQL: SELECT `id`,`menu_name`,`menu_controller`,`menu_action`,`pid`,`is_show` FROM `tp_menu` WHERE `id` = 9 LIMIT 1   [ RunTime:0.0001s ]
SQL: SELECT `id`,`menu_name`,`menu_controller`,`menu_action`,`pid`,`is_show` FROM `tp_menu` WHERE `id` = 10 LIMIT 1   [ RunTime:0.0001s ]
SQL: SELECT `id`,`menu_name`,`menu_controller`,`menu_action`,`pid`,`is_show` FROM `tp_menu` WHERE `id` = 21 LIMIT 1   [ RunTime:0.0001s ]
SQL: SELECT `id`,`menu_name`,`menu_controller`,`menu_action`,`pid`,`is_show` FROM `tp_menu` WHERE `id` = 22 LIMIT 1   [ RunTime:0.0001s ]
SQL: SELECT `id`,`menu_name`,`menu_controller`,`menu_action`,`pid`,`is_show` FROM `tp_menu` WHERE `id` = 23 LIMIT 1   [ RunTime:0.0001s ]
SQL: SELECT `id`,`menu_name`,`menu_controller`,`menu_action`,`pid`,`is_show` FROM `tp_menu` WHERE `id` = 24 LIMIT 1   [ RunTime:0.0001s ]
ERR: 参数错误或者未定义:cid

[ 2017-09-22T16:32:35+08:00 ] 127.0.0.1 /index.php/Admin/Attribute/getAttribute.html?cate_id=1
INFO: [ app_begin ] --START--
INFO: Run Behavior\ReadHtmlCacheBehavior [ RunTime:0.000205s ]
INFO: [ app_begin ] --END-- [ RunTime:0.000368s ]
SQL: SHOW COLUMNS FROM `tp_access` [ RunTime:0.0046s ]
SQL: SHOW COLUMNS FROM `tp_access` [ RunTime:0.0031s ]
SQL: SELECT `menu_id` FROM `tp_access` WHERE ( role_id=5 )  [ RunTime:0.0001s ]
SQL: SHOW COLUMNS FROM `tp_menu` [ RunTime:0.0031s ]
SQL: SELECT `id`,`menu_name`,`menu_controller`,`menu_action`,`pid`,`is_show` FROM `tp_menu` WHERE `id` = 14 LIMIT 1   [ RunTime:0.0001s ]
SQL: SELECT `id`,`menu_name`,`menu_controller`,`menu_action`,`pid`,`is_show` FROM `tp_menu` WHERE `id` = 6 LIMIT 1   [ RunTime:0.0001s ]
SQL: SELECT `id`,`menu_name`,`menu_controller`,`menu_action`,`pid`,`is_show` FROM `tp_menu` WHERE `id` = 20 LIMIT 1   [ RunTime:0.0001s ]
SQL: SELECT `id`,`menu_name`,`menu_controller`,`menu_action`,`pid`,`is_show` FROM `tp_menu` WHERE `id` = 19 LIMIT 1   [ RunTime:0.0001s ]
SQL: SELECT `id`,`menu_name`,`menu_controller`,`menu_action`,`pid`,`is_show` FROM `tp_menu` WHERE `id` = 18 LIMIT 1   [ RunTime:0.0001s ]
SQL: SELECT `id`,`menu_name`,`menu_controller`,`menu_action`,`pid`,`is_show` FROM `tp_menu` WHERE `id` = 5 LIMIT 1   [ RunTime:0.0001s ]
SQL: SELECT `id`,`menu_name`,`menu_controller`,`menu_action`,`pid`,`is_show` FROM `tp_menu` WHERE `id` = 13 LIMIT 1   [ RunTime:0.0001s ]
SQL: SELECT `id`,`menu_name`,`menu_controller`,`menu_action`,`pid`,`is_show` FROM `tp_menu` WHERE `id` = 12 LIMIT 1   [ RunTime:0.0001s ]
SQL: SELECT `id`,`menu_name`,`menu_controller`,`menu_action`,`pid`,`is_show` FROM `tp_menu` WHERE `id` = 11 LIMIT 1   [ RunTime:0.0001s ]
SQL: SELECT `id`,`menu_name`,`menu_controller`,`menu_action`,`pid`,`is_show` FROM `tp_menu` WHERE `id` = 4 LIMIT 1   [ RunTime:0.0001s ]
SQL: SELECT `id`,`menu_name`,`menu_controller`,`menu_action`,`pid`,`is_show` FROM `tp_menu` WHERE `id` = 3 LIMIT 1   [ RunTime:0.0001s ]
SQL: SELECT `id`,`menu_name`,`menu_controller`,`menu_action`,`pid`,`is_show` FROM `tp_menu` WHERE `id` = 7 LIMIT 1   [ RunTime:0.0001s ]
SQL: SELECT `id`,`menu_name`,`menu_controller`,`menu_action`,`pid`,`is_show` FROM `tp_menu` WHERE `id` = 2 LIMIT 1   [ RunTime:0.0001s ]
SQL: SELECT `id`,`menu_name`,`menu_controller`,`menu_action`,`pid`,`is_show` FROM `tp_menu` WHERE `id` = 1 LIMIT 1   [ RunTime:0.0001s ]
SQL: SELECT `id`,`menu_name`,`menu_controller`,`menu_action`,`pid`,`is_show` FROM `tp_menu` WHERE `id` = 15 LIMIT 1   [ RunTime:0.0001s ]
SQL: SELECT `id`,`menu_name`,`menu_controller`,`menu_action`,`pid`,`is_show` FROM `tp_menu` WHERE `id` = 16 LIMIT 1   [ RunTime:0.0001s ]
SQL: SELECT `id`,`menu_name`,`menu_controller`,`menu_action`,`pid`,`is_show` FROM `tp_menu` WHERE `id` = 17 LIMIT 1   [ RunTime:0.0001s ]
SQL: SELECT `id`,`menu_name`,`menu_controller`,`menu_action`,`pid`,`is_show` FROM `tp_menu` WHERE `id` = 8 LIMIT 1   [ RunTime:0.0001s ]
SQL: SELECT `id`,`menu_name`,`menu_controller`,`menu_action`,`pid`,`is_show` FROM `tp_menu` WHERE `id` = 9 LIMIT 1   [ RunTime:0.0001s ]
SQL: SELECT `id`,`menu_name`,`menu_controller`,`menu_action`,`pid`,`is_show` FROM `tp_menu` WHERE `id` = 10 LIMIT 1   [ RunTime:0.0001s ]
SQL: SELECT `id`,`menu_name`,`menu_controller`,`menu_action`,`pid`,`is_show` FROM `tp_menu` WHERE `id` = 21 LIMIT 1   [ RunTime:0.0001s ]
SQL: SELECT `id`,`menu_name`,`menu_controller`,`menu_action`,`pid`,`is_show` FROM `tp_menu` WHERE `id` = 22 LIMIT 1   [ RunTime:0.0001s ]
SQL: SELECT `id`,`menu_name`,`menu_controller`,`menu_action`,`pid`,`is_show` FROM `tp_menu` WHERE `id` = 23 LIMIT 1   [ RunTime:0.0001s ]
SQL: SELECT `id`,`menu_name`,`menu_controller`,`menu_action`,`pid`,`is_show` FROM `tp_menu` WHERE `id` = 24 LIMIT 1   [ RunTime:0.0001s ]
ERR: 参数错误或者未定义:cid

[ 2017-09-22T16:32:48+08:00 ] 127.0.0.1 /index.php/Admin/Attribute/getAttribute.html?cate_id=1
INFO: [ app_begin ] --START--
INFO: Run Behavior\ReadHtmlCacheBehavior [ RunTime:0.000223s ]
INFO: [ app_begin ] --END-- [ RunTime:0.000392s ]
SQL: SHOW COLUMNS FROM `tp_access` [ RunTime:0.0057s ]
SQL: SHOW COLUMNS FROM `tp_access` [ RunTime:0.0018s ]
SQL: SELECT `menu_id` FROM `tp_access` WHERE ( role_id=5 )  [ RunTime:0.0001s ]
SQL: SHOW COLUMNS FROM `tp_menu` [ RunTime:0.0019s ]
SQL: SELECT `id`,`menu_name`,`menu_controller`,`menu_action`,`pid`,`is_show` FROM `tp_menu` WHERE `id` = 14 LIMIT 1   [ RunTime:0.0001s ]
SQL: SELECT `id`,`menu_name`,`menu_controller`,`menu_action`,`pid`,`is_show` FROM `tp_menu` WHERE `id` = 6 LIMIT 1   [ RunTime:0.0001s ]
SQL: SELECT `id`,`menu_name`,`menu_controller`,`menu_action`,`pid`,`is_show` FROM `tp_menu` WHERE `id` = 20 LIMIT 1   [ RunTime:0.0001s ]
SQL: SELECT `id`,`menu_name`,`menu_controller`,`menu_action`,`pid`,`is_show` FROM `tp_menu` WHERE `id` = 19 LIMIT 1   [ RunTime:0.0001s ]
SQL: SELECT `id`,`menu_name`,`menu_controller`,`menu_action`,`pid`,`is_show` FROM `tp_menu` WHERE `id` = 18 LIMIT 1   [ RunTime:0.0001s ]
SQL: SELECT `id`,`menu_name`,`menu_controller`,`menu_action`,`pid`,`is_show` FROM `tp_menu` WHERE `id` = 5 LIMIT 1   [ RunTime:0.0001s ]
SQL: SELECT `id`,`menu_name`,`menu_controller`,`menu_action`,`pid`,`is_show` FROM `tp_menu` WHERE `id` = 13 LIMIT 1   [ RunTime:0.0001s ]
SQL: SELECT `id`,`menu_name`,`menu_controller`,`menu_action`,`pid`,`is_show` FROM `tp_menu` WHERE `id` = 12 LIMIT 1   [ RunTime:0.0001s ]
SQL: SELECT `id`,`menu_name`,`menu_controller`,`menu_action`,`pid`,`is_show` FROM `tp_menu` WHERE `id` = 11 LIMIT 1   [ RunTime:0.0001s ]
SQL: SELECT `id`,`menu_name`,`menu_controller`,`menu_action`,`pid`,`is_show` FROM `tp_menu` WHERE `id` = 4 LIMIT 1   [ RunTime:0.0001s ]
SQL: SELECT `id`,`menu_name`,`menu_controller`,`menu_action`,`pid`,`is_show` FROM `tp_menu` WHERE `id` = 3 LIMIT 1   [ RunTime:0.0001s ]
SQL: SELECT `id`,`menu_name`,`menu_controller`,`menu_action`,`pid`,`is_show` FROM `tp_menu` WHERE `id` = 7 LIMIT 1   [ RunTime:0.0001s ]
SQL: SELECT `id`,`menu_name`,`menu_controller`,`menu_action`,`pid`,`is_show` FROM `tp_menu` WHERE `id` = 2 LIMIT 1   [ RunTime:0.0002s ]
SQL: SELECT `id`,`menu_name`,`menu_controller`,`menu_action`,`pid`,`is_show` FROM `tp_menu` WHERE `id` = 1 LIMIT 1   [ RunTime:0.0001s ]
SQL: SELECT `id`,`menu_name`,`menu_controller`,`menu_action`,`pid`,`is_show` FROM `tp_menu` WHERE `id` = 15 LIMIT 1   [ RunTime:0.0001s ]
SQL: SELECT `id`,`menu_name`,`menu_controller`,`menu_action`,`pid`,`is_show` FROM `tp_menu` WHERE `id` = 16 LIMIT 1   [ RunTime:0.0001s ]
SQL: SELECT `id`,`menu_name`,`menu_controller`,`menu_action`,`pid`,`is_show` FROM `tp_menu` WHERE `id` = 17 LIMIT 1   [ RunTime:0.0001s ]
SQL: SELECT `id`,`menu_name`,`menu_controller`,`menu_action`,`pid`,`is_show` FROM `tp_menu` WHERE `id` = 8 LIMIT 1   [ RunTime:0.0001s ]
SQL: SELECT `id`,`menu_name`,`menu_controller`,`menu_action`,`pid`,`is_show` FROM `tp_menu` WHERE `id` = 9 LIMIT 1   [ RunTime:0.0001s ]
SQL: SELECT `id`,`menu_name`,`menu_controller`,`menu_action`,`pid`,`is_show` FROM `tp_menu` WHERE `id` = 10 LIMIT 1   [ RunTime:0.0001s ]
SQL: SELECT `id`,`menu_name`,`menu_controller`,`menu_action`,`pid`,`is_show` FROM `tp_menu` WHERE `id` = 21 LIMIT 1   [ RunTime:0.0001s ]
SQL: SELECT `id`,`menu_name`,`menu_controller`,`menu_action`,`pid`,`is_show` FROM `tp_menu` WHERE `id` = 22 LIMIT 1   [ RunTime:0.0001s ]
SQL: SELECT `id`,`menu_name`,`menu_controller`,`menu_action`,`pid`,`is_show` FROM `tp_menu` WHERE `id` = 23 LIMIT 1   [ RunTime:0.0001s ]
SQL: SELECT `id`,`menu_name`,`menu_controller`,`menu_action`,`pid`,`is_show` FROM `tp_menu` WHERE `id` = 24 LIMIT 1   [ RunTime:0.0001s ]
ERR: 参数错误或者未定义:cid

[ 2017-09-22T16:33:13+08:00 ] 127.0.0.1 /index.php/Admin/Attribute/getAttribute.html?cid=1
INFO: [ app_begin ] --START--
INFO: Run Behavior\ReadHtmlCacheBehavior [ RunTime:0.000206s ]
INFO: [ app_begin ] --END-- [ RunTime:0.000374s ]
SQL: SHOW COLUMNS FROM `tp_access` [ RunTime:0.0044s ]
SQL: SHOW COLUMNS FROM `tp_access` [ RunTime:0.0030s ]
SQL: SELECT `menu_id` FROM `tp_access` WHERE ( role_id=5 )  [ RunTime:0.0001s ]
SQL: SHOW COLUMNS FROM `tp_menu` [ RunTime:0.0033s ]
SQL: SELECT `id`,`menu_name`,`menu_controller`,`menu_action`,`pid`,`is_show` FROM `tp_menu` WHERE `id` = 14 LIMIT 1   [ RunTime:0.0002s ]
SQL: SELECT `id`,`menu_name`,`menu_controller`,`menu_action`,`pid`,`is_show` FROM `tp_menu` WHERE `id` = 6 LIMIT 1   [ RunTime:0.0001s ]
SQL: SELECT `id`,`menu_name`,`menu_controller`,`menu_action`,`pid`,`is_show` FROM `tp_menu` WHERE `id` = 20 LIMIT 1   [ RunTime:0.0001s ]
SQL: SELECT `id`,`menu_name`,`menu_controller`,`menu_action`,`pid`,`is_show` FROM `tp_menu` WHERE `id` = 19 LIMIT 1   [ RunTime:0.0001s ]
SQL: SELECT `id`,`menu_name`,`menu_controller`,`menu_action`,`pid`,`is_show` FROM `tp_menu` WHERE `id` = 18 LIMIT 1   [ RunTime:0.0001s ]
SQL: SELECT `id`,`menu_name`,`menu_controller`,`menu_action`,`pid`,`is_show` FROM `tp_menu` WHERE `id` = 5 LIMIT 1   [ RunTime:0.0001s ]
SQL: SELECT `id`,`menu_name`,`menu_controller`,`menu_action`,`pid`,`is_show` FROM `tp_menu` WHERE `id` = 13 LIMIT 1   [ RunTime:0.0001s ]
SQL: SELECT `id`,`menu_name`,`menu_controller`,`menu_action`,`pid`,`is_show` FROM `tp_menu` WHERE `id` = 12 LIMIT 1   [ RunTime:0.0001s ]
SQL: SELECT `id`,`menu_name`,`menu_controller`,`menu_action`,`pid`,`is_show` FROM `tp_menu` WHERE `id` = 11 LIMIT 1   [ RunTime:0.0001s ]
SQL: SELECT `id`,`menu_name`,`menu_controller`,`menu_action`,`pid`,`is_show` FROM `tp_menu` WHERE `id` = 4 LIMIT 1   [ RunTime:0.0001s ]
SQL: SELECT `id`,`menu_name`,`menu_controller`,`menu_action`,`pid`,`is_show` FROM `tp_menu` WHERE `id` = 3 LIMIT 1   [ RunTime:0.0001s ]
SQL: SELECT `id`,`menu_name`,`menu_controller`,`menu_action`,`pid`,`is_show` FROM `tp_menu` WHERE `id` = 7 LIMIT 1   [ RunTime:0.0001s ]
SQL: SELECT `id`,`menu_name`,`menu_controller`,`menu_action`,`pid`,`is_show` FROM `tp_menu` WHERE `id` = 2 LIMIT 1   [ RunTime:0.0001s ]
SQL: SELECT `id`,`menu_name`,`menu_controller`,`menu_action`,`pid`,`is_show` FROM `tp_menu` WHERE `id` = 1 LIMIT 1   [ RunTime:0.0001s ]
SQL: SELECT `id`,`menu_name`,`menu_controller`,`menu_action`,`pid`,`is_show` FROM `tp_menu` WHERE `id` = 15 LIMIT 1   [ RunTime:0.0001s ]
SQL: SELECT `id`,`menu_name`,`menu_controller`,`menu_action`,`pid`,`is_show` FROM `tp_menu` WHERE `id` = 16 LIMIT 1   [ RunTime:0.0001s ]
SQL: SELECT `id`,`menu_name`,`menu_controller`,`menu_action`,`pid`,`is_show` FROM `tp_menu` WHERE `id` = 17 LIMIT 1   [ RunTime:0.0001s ]
SQL: SELECT `id`,`menu_name`,`menu_controller`,`menu_action`,`pid`,`is_show` FROM `tp_menu` WHERE `id` = 8 LIMIT 1   [ RunTime:0.0001s ]
SQL: SELECT `id`,`menu_name`,`menu_controller`,`menu_action`,`pid`,`is_show` FROM `tp_menu` WHERE `id` = 9 LIMIT 1   [ RunTime:0.0001s ]
SQL: SELECT `id`,`menu_name`,`menu_controller`,`menu_action`,`pid`,`is_show` FROM `tp_menu` WHERE `id` = 10 LIMIT 1   [ RunTime:0.0001s ]
SQL: SELECT `id`,`menu_name`,`menu_controller`,`menu_action`,`pid`,`is_show` FROM `tp_menu` WHERE `id` = 21 LIMIT 1   [ RunTime:0.0001s ]
SQL: SELECT `id`,`menu_name`,`menu_controller`,`menu_action`,`pid`,`is_show` FROM `tp_menu` WHERE `id` = 22 LIMIT 1   [ RunTime:0.0001s ]
SQL: SELECT `id`,`menu_name`,`menu_controller`,`menu_action`,`pid`,`is_show` FROM `tp_menu` WHERE `id` = 23 LIMIT 1   [ RunTime:0.0001s ]
SQL: SELECT `id`,`menu_name`,`menu_controller`,`menu_action`,`pid`,`is_show` FROM `tp_menu` WHERE `id` = 24 LIMIT 1   [ RunTime:0.0001s ]
INFO: [ app_end ] --START--
INFO: Run Behavior\ShowPageTraceBehavior [ RunTime:0.000291s ]
INFO: [ app_end ] --END-- [ RunTime:0.000311s ]

[ 2017-09-22T16:33:15+08:00 ] 127.0.0.1 /index.php/Admin/Attribute/getAttribute.html?cid=3
INFO: [ app_begin ] --START--
INFO: Run Behavior\ReadHtmlCacheBehavior [ RunTime:0.000219s ]
INFO: [ app_begin ] --END-- [ RunTime:0.000400s ]
SQL: SHOW COLUMNS FROM `tp_access` [ RunTime:0.0068s ]
SQL: SHOW COLUMNS FROM `tp_access` [ RunTime:0.0031s ]
SQL: SELECT `menu_id` FROM `tp_access` WHERE ( role_id=5 )  [ RunTime:0.0001s ]
SQL: SHOW COLUMNS FROM `tp_menu` [ RunTime:0.0034s ]
SQL: SELECT `id`,`menu_name`,`menu_controller`,`menu_action`,`pid`,`is_show` FROM `tp_menu` WHERE `id` = 14 LIMIT 1   [ RunTime:0.0001s ]
SQL: SELECT `id`,`menu_name`,`menu_controller`,`menu_action`,`pid`,`is_show` FROM `tp_menu` WHERE `id` = 6 LIMIT 1   [ RunTime:0.0001s ]
SQL: SELECT `id`,`menu_name`,`menu_controller`,`menu_action`,`pid`,`is_show` FROM `tp_menu` WHERE `id` = 20 LIMIT 1   [ RunTime:0.0001s ]
SQL: SELECT `id`,`menu_name`,`menu_controller`,`menu_action`,`pid`,`is_show` FROM `tp_menu` WHERE `id` = 19 LIMIT 1   [ RunTime:0.0001s ]
SQL: SELECT `id`,`menu_name`,`menu_controller`,`menu_action`,`pid`,`is_show` FROM `tp_menu` WHERE `id` = 18 LIMIT 1   [ RunTime:0.0001s ]
SQL: SELECT `id`,`menu_name`,`menu_controller`,`menu_action`,`pid`,`is_show` FROM `tp_menu` WHERE `id` = 5 LIMIT 1   [ RunTime:0.0001s ]
SQL: SELECT `id`,`menu_name`,`menu_controller`,`menu_action`,`pid`,`is_show` FROM `tp_menu` WHERE `id` = 13 LIMIT 1   [ RunTime:0.0001s ]
SQL: SELECT `id`,`menu_name`,`menu_controller`,`menu_action`,`pid`,`is_show` FROM `tp_menu` WHERE `id` = 12 LIMIT 1   [ RunTime:0.0001s ]
SQL: SELECT `id`,`menu_name`,`menu_controller`,`menu_action`,`pid`,`is_show` FROM `tp_menu` WHERE `id` = 11 LIMIT 1   [ RunTime:0.0001s ]
SQL: SELECT `id`,`menu_name`,`menu_controller`,`menu_action`,`pid`,`is_show` FROM `tp_menu` WHERE `id` = 4 LIMIT 1   [ RunTime:0.0001s ]
SQL: SELECT `id`,`menu_name`,`menu_controller`,`menu_action`,`pid`,`is_show` FROM `tp_menu` WHERE `id` = 3 LIMIT 1   [ RunTime:0.0001s ]
SQL: SELECT `id`,`menu_name`,`menu_controller`,`menu_action`,`pid`,`is_show` FROM `tp_menu` WHERE `id` = 7 LIMIT 1   [ RunTime:0.0001s ]
SQL: SELECT `id`,`menu_name`,`menu_controller`,`menu_action`,`pid`,`is_show` FROM `tp_menu` WHERE `id` = 2 LIMIT 1   [ RunTime:0.0001s ]
SQL: SELECT `id`,`menu_name`,`menu_controller`,`menu_action`,`pid`,`is_show` FROM `tp_menu` WHERE `id` = 1 LIMIT 1   [ RunTime:0.0001s ]
SQL: SELECT `id`,`menu_name`,`menu_controller`,`menu_action`,`pid`,`is_show` FROM `tp_menu` WHERE `id` = 15 LIMIT 1   [ RunTime:0.0001s ]
SQL: SELECT `id`,`menu_name`,`menu_controller`,`menu_action`,`pid`,`is_show` FROM `tp_menu` WHERE `id` = 16 LIMIT 1   [ RunTime:0.0001s ]
SQL: SELECT `id`,`menu_name`,`menu_controller`,`menu_action`,`pid`,`is_show` FROM `tp_menu` WHERE `id` = 17 LIMIT 1   [ RunTime:0.0001s ]
SQL: SELECT `id`,`menu_name`,`menu_controller`,`menu_action`,`pid`,`is_show` FROM `tp_menu` WHERE `id` = 8 LIMIT 1   [ RunTime:0.0001s ]
SQL: SELECT `id`,`menu_name`,`menu_controller`,`menu_action`,`pid`,`is_show` FROM `tp_menu` WHERE `id` = 9 LIMIT 1   [ RunTime:0.0001s ]
SQL: SELECT `id`,`menu_name`,`menu_controller`,`menu_action`,`pid`,`is_show` FROM `tp_menu` WHERE `id` = 10 LIMIT 1   [ RunTime:0.0001s ]
SQL: SELECT `id`,`menu_name`,`menu_controller`,`menu_action`,`pid`,`is_show` FROM `tp_menu` WHERE `id` = 21 LIMIT 1   [ RunTime:0.0001s ]
SQL: SELECT `id`,`menu_name`,`menu_controller`,`menu_action`,`pid`,`is_show` FROM `tp_menu` WHERE `id` = 22 LIMIT 1   [ RunTime:0.0001s ]
SQL: SELECT `id`,`menu_name`,`menu_controller`,`menu_action`,`pid`,`is_show` FROM `tp_menu` WHERE `id` = 23 LIMIT 1   [ RunTime:0.0001s ]
SQL: SELECT `id`,`menu_name`,`menu_controller`,`menu_action`,`pid`,`is_show` FROM `tp_menu` WHERE `id` = 24 LIMIT 1   [ RunTime:0.0001s ]
INFO: [ app_end ] --START--
INFO: Run Behavior\ShowPageTraceBehavior [ RunTime:0.000392s ]
INFO: [ app_end ] --END-- [ RunTime:0.000422s ]

[ 2017-09-22T16:38:04+08:00 ] 127.0.0.1 /index.php/Admin/Attribute/getAttribute.html?cate_id=1
INFO: [ app_begin ] --START--
INFO: Run Behavior\ReadHtmlCacheBehavior [ RunTime:0.000210s ]
INFO: [ app_begin ] --END-- [ RunTime:0.000380s ]
SQL: SHOW COLUMNS FROM `tp_access` [ RunTime:0.0046s ]
SQL: SHOW COLUMNS FROM `tp_access` [ RunTime:0.0030s ]
SQL: SELECT `menu_id` FROM `tp_access` WHERE ( role_id=5 )  [ RunTime:0.0001s ]
SQL: SHOW COLUMNS FROM `tp_menu` [ RunTime:0.0030s ]
SQL: SELECT `id`,`menu_name`,`menu_controller`,`menu_action`,`pid`,`is_show` FROM `tp_menu` WHERE `id` = 14 LIMIT 1   [ RunTime:0.0001s ]
SQL: SELECT `id`,`menu_name`,`menu_controller`,`menu_action`,`pid`,`is_show` FROM `tp_menu` WHERE `id` = 6 LIMIT 1   [ RunTime:0.0001s ]
SQL: SELECT `id`,`menu_name`,`menu_controller`,`menu_action`,`pid`,`is_show` FROM `tp_menu` WHERE `id` = 20 LIMIT 1   [ RunTime:0.0001s ]
SQL: SELECT `id`,`menu_name`,`menu_controller`,`menu_action`,`pid`,`is_show` FROM `tp_menu` WHERE `id` = 19 LIMIT 1   [ RunTime:0.0001s ]
SQL: SELECT `id`,`menu_name`,`menu_controller`,`menu_action`,`pid`,`is_show` FROM `tp_menu` WHERE `id` = 18 LIMIT 1   [ RunTime:0.0001s ]
SQL: SELECT `id`,`menu_name`,`menu_controller`,`menu_action`,`pid`,`is_show` FROM `tp_menu` WHERE `id` = 5 LIMIT 1   [ RunTime:0.0001s ]
SQL: SELECT `id`,`menu_name`,`menu_controller`,`menu_action`,`pid`,`is_show` FROM `tp_menu` WHERE `id` = 13 LIMIT 1   [ RunTime:0.0001s ]
SQL: SELECT `id`,`menu_name`,`menu_controller`,`menu_action`,`pid`,`is_show` FROM `tp_menu` WHERE `id` = 12 LIMIT 1   [ RunTime:0.0001s ]
SQL: SELECT `id`,`menu_name`,`menu_controller`,`menu_action`,`pid`,`is_show` FROM `tp_menu` WHERE `id` = 11 LIMIT 1   [ RunTime:0.0001s ]
SQL: SELECT `id`,`menu_name`,`menu_controller`,`menu_action`,`pid`,`is_show` FROM `tp_menu` WHERE `id` = 4 LIMIT 1   [ RunTime:0.0001s ]
SQL: SELECT `id`,`menu_name`,`menu_controller`,`menu_action`,`pid`,`is_show` FROM `tp_menu` WHERE `id` = 3 LIMIT 1   [ RunTime:0.0001s ]
SQL: SELECT `id`,`menu_name`,`menu_controller`,`menu_action`,`pid`,`is_show` FROM `tp_menu` WHERE `id` = 7 LIMIT 1   [ RunTime:0.0001s ]
SQL: SELECT `id`,`menu_name`,`menu_controller`,`menu_action`,`pid`,`is_show` FROM `tp_menu` WHERE `id` = 2 LIMIT 1   [ RunTime:0.0001s ]
SQL: SELECT `id`,`menu_name`,`menu_controller`,`menu_action`,`pid`,`is_show` FROM `tp_menu` WHERE `id` = 1 LIMIT 1   [ RunTime:0.0001s ]
SQL: SELECT `id`,`menu_name`,`menu_controller`,`menu_action`,`pid`,`is_show` FROM `tp_menu` WHERE `id` = 15 LIMIT 1   [ RunTime:0.0001s ]
SQL: SELECT `id`,`menu_name`,`menu_controller`,`menu_action`,`pid`,`is_show` FROM `tp_menu` WHERE `id` = 16 LIMIT 1   [ RunTime:0.0001s ]
SQL: SELECT `id`,`menu_name`,`menu_controller`,`menu_action`,`pid`,`is_show` FROM `tp_menu` WHERE `id` = 17 LIMIT 1   [ RunTime:0.0001s ]
SQL: SELECT `id`,`menu_name`,`menu_controller`,`menu_action`,`pid`,`is_show` FROM `tp_menu` WHERE `id` = 8 LIMIT 1   [ RunTime:0.0001s ]
SQL: SELECT `id`,`menu_name`,`menu_controller`,`menu_action`,`pid`,`is_show` FROM `tp_menu` WHERE `id` = 9 LIMIT 1   [ RunTime:0.0001s ]
SQL: SELECT `id`,`menu_name`,`menu_controller`,`menu_action`,`pid`,`is_show` FROM `tp_menu` WHERE `id` = 10 LIMIT 1   [ RunTime:0.0001s ]
SQL: SELECT `id`,`menu_name`,`menu_controller`,`menu_action`,`pid`,`is_show` FROM `tp_menu` WHERE `id` = 21 LIMIT 1   [ RunTime:0.0001s ]
SQL: SELECT `id`,`menu_name`,`menu_controller`,`menu_action`,`pid`,`is_show` FROM `tp_menu` WHERE `id` = 22 LIMIT 1   [ RunTime:0.0001s ]
SQL: SELECT `id`,`menu_name`,`menu_controller`,`menu_action`,`pid`,`is_show` FROM `tp_menu` WHERE `id` = 23 LIMIT 1   [ RunTime:0.0001s ]
SQL: SELECT `id`,`menu_name`,`menu_controller`,`menu_action`,`pid`,`is_show` FROM `tp_menu` WHERE `id` = 24 LIMIT 1   [ RunTime:0.0001s ]
SQL: SHOW COLUMNS FROM `tp_attribute` [ RunTime:0.0032s ]
SQL: SELECT * FROM `tp_attribute` WHERE `cate_id` = 1  [ RunTime:0.0001s ]
NOTIC: [8] Array to string conversion D:\wamp\works\tbtwo\Application\Admin\Controller\AttributeController.class.php 第 75 行.
INFO: [ app_end ] --START--
INFO: Run Behavior\ShowPageTraceBehavior [ RunTime:0.000266s ]
INFO: [ app_end ] --END-- [ RunTime:0.000284s ]

[ 2017-09-22T16:39:06+08:00 ] 127.0.0.1 /index.php/Admin/Attribute/getAttribute.html?cate_id=1
INFO: [ app_begin ] --START--
INFO: Run Behavior\ReadHtmlCacheBehavior [ RunTime:0.000210s ]
INFO: [ app_begin ] --END-- [ RunTime:0.000508s ]
SQL: SHOW COLUMNS FROM `tp_access` [ RunTime:0.0069s ]
SQL: SHOW COLUMNS FROM `tp_access` [ RunTime:0.0030s ]
SQL: SELECT `menu_id` FROM `tp_access` WHERE ( role_id=5 )  [ RunTime:0.0001s ]
SQL: SHOW COLUMNS FROM `tp_menu` [ RunTime:0.0030s ]
SQL: SELECT `id`,`menu_name`,`menu_controller`,`menu_action`,`pid`,`is_show` FROM `tp_menu` WHERE `id` = 14 LIMIT 1   [ RunTime:0.0001s ]
SQL: SELECT `id`,`menu_name`,`menu_controller`,`menu_action`,`pid`,`is_show` FROM `tp_menu` WHERE `id` = 6 LIMIT 1   [ RunTime:0.0001s ]
SQL: SELECT `id`,`menu_name`,`menu_controller`,`menu_action`,`pid`,`is_show` FROM `tp_menu` WHERE `id` = 20 LIMIT 1   [ RunTime:0.0001s ]
SQL: SELECT `id`,`menu_name`,`menu_controller`,`menu_action`,`pid`,`is_show` FROM `tp_menu` WHERE `id` = 19 LIMIT 1   [ RunTime:0.0001s ]
SQL: SELECT `id`,`menu_name`,`menu_controller`,`menu_action`,`pid`,`is_show` FROM `tp_menu` WHERE `id` = 18 LIMIT 1   [ RunTime:0.0001s ]
SQL: SELECT `id`,`menu_name`,`menu_controller`,`menu_action`,`pid`,`is_show` FROM `tp_menu` WHERE `id` = 5 LIMIT 1   [ RunTime:0.0001s ]
SQL: SELECT `id`,`menu_name`,`menu_controller`,`menu_action`,`pid`,`is_show` FROM `tp_menu` WHERE `id` = 13 LIMIT 1   [ RunTime:0.0001s ]
SQL: SELECT `id`,`menu_name`,`menu_controller`,`menu_action`,`pid`,`is_show` FROM `tp_menu` WHERE `id` = 12 LIMIT 1   [ RunTime:0.0001s ]
SQL: SELECT `id`,`menu_name`,`menu_controller`,`menu_action`,`pid`,`is_show` FROM `tp_menu` WHERE `id` = 11 LIMIT 1   [ RunTime:0.0001s ]
SQL: SELECT `id`,`menu_name`,`menu_controller`,`menu_action`,`pid`,`is_show` FROM `tp_menu` WHERE `id` = 4 LIMIT 1   [ RunTime:0.0001s ]
SQL: SELECT `id`,`menu_name`,`menu_controller`,`menu_action`,`pid`,`is_show` FROM `tp_menu` WHERE `id` = 3 LIMIT 1   [ RunTime:0.0001s ]
SQL: SELECT `id`,`menu_name`,`menu_controller`,`menu_action`,`pid`,`is_show` FROM `tp_menu` WHERE `id` = 7 LIMIT 1   [ RunTime:0.0001s ]
SQL: SELECT `id`,`menu_name`,`menu_controller`,`menu_action`,`pid`,`is_show` FROM `tp_menu` WHERE `id` = 2 LIMIT 1   [ RunTime:0.0001s ]
SQL: SELECT `id`,`menu_name`,`menu_controller`,`menu_action`,`pid`,`is_show` FROM `tp_menu` WHERE `id` = 1 LIMIT 1   [ RunTime:0.0001s ]
SQL: SELECT `id`,`menu_name`,`menu_controller`,`menu_action`,`pid`,`is_show` FROM `tp_menu` WHERE `id` = 15 LIMIT 1   [ RunTime:0.0001s ]
SQL: SELECT `id`,`menu_name`,`menu_controller`,`menu_action`,`pid`,`is_show` FROM `tp_menu` WHERE `id` = 16 LIMIT 1   [ RunTime:0.0001s ]
SQL: SELECT `id`,`menu_name`,`menu_controller`,`menu_action`,`pid`,`is_show` FROM `tp_menu` WHERE `id` = 17 LIMIT 1   [ RunTime:0.0001s ]
SQL: SELECT `id`,`menu_name`,`menu_controller`,`menu_action`,`pid`,`is_show` FROM `tp_menu` WHERE `id` = 8 LIMIT 1   [ RunTime:0.0001s ]
SQL: SELECT `id`,`menu_name`,`menu_controller`,`menu_action`,`pid`,`is_show` FROM `tp_menu` WHERE `id` = 9 LIMIT 1   [ RunTime:0.0001s ]
SQL: SELECT `id`,`menu_name`,`menu_controller`,`menu_action`,`pid`,`is_show` FROM `tp_menu` WHERE `id` = 10 LIMIT 1   [ RunTime:0.0001s ]
SQL: SELECT `id`,`menu_name`,`menu_controller`,`menu_action`,`pid`,`is_show` FROM `tp_menu` WHERE `id` = 21 LIMIT 1   [ RunTime:0.0001s ]
SQL: SELECT `id`,`menu_name`,`menu_controller`,`menu_action`,`pid`,`is_show` FROM `tp_menu` WHERE `id` = 22 LIMIT 1   [ RunTime:0.0001s ]
SQL: SELECT `id`,`menu_name`,`menu_controller`,`menu_action`,`pid`,`is_show` FROM `tp_menu` WHERE `id` = 23 LIMIT 1   [ RunTime:0.0001s ]
SQL: SELECT `id`,`menu_name`,`menu_controller`,`menu_action`,`pid`,`is_show` FROM `tp_menu` WHERE `id` = 24 LIMIT 1   [ RunTime:0.0001s ]

[ 2017-09-22T16:39:07+08:00 ] 127.0.0.1 /index.php/Admin/Attribute/getAttribute.html?cate_id=3
INFO: [ app_begin ] --START--
INFO: Run Behavior\ReadHtmlCacheBehavior [ RunTime:0.000202s ]
INFO: [ app_begin ] --END-- [ RunTime:0.000365s ]
SQL: SHOW COLUMNS FROM `tp_access` [ RunTime:0.0044s ]
SQL: SHOW COLUMNS FROM `tp_access` [ RunTime:0.0030s ]
SQL: SELECT `menu_id` FROM `tp_access` WHERE ( role_id=5 )  [ RunTime:0.0001s ]
SQL: SHOW COLUMNS FROM `tp_menu` [ RunTime:0.0031s ]
SQL: SELECT `id`,`menu_name`,`menu_controller`,`menu_action`,`pid`,`is_show` FROM `tp_menu` WHERE `id` = 14 LIMIT 1   [ RunTime:0.0001s ]
SQL: SELECT `id`,`menu_name`,`menu_controller`,`menu_action`,`pid`,`is_show` FROM `tp_menu` WHERE `id` = 6 LIMIT 1   [ RunTime:0.0001s ]
SQL: SELECT `id`,`menu_name`,`menu_controller`,`menu_action`,`pid`,`is_show` FROM `tp_menu` WHERE `id` = 20 LIMIT 1   [ RunTime:0.0001s ]
SQL: SELECT `id`,`menu_name`,`menu_controller`,`menu_action`,`pid`,`is_show` FROM `tp_menu` WHERE `id` = 19 LIMIT 1   [ RunTime:0.0001s ]
SQL: SELECT `id`,`menu_name`,`menu_controller`,`menu_action`,`pid`,`is_show` FROM `tp_menu` WHERE `id` = 18 LIMIT 1   [ RunTime:0.0001s ]
SQL: SELECT `id`,`menu_name`,`menu_controller`,`menu_action`,`pid`,`is_show` FROM `tp_menu` WHERE `id` = 5 LIMIT 1   [ RunTime:0.0001s ]
SQL: SELECT `id`,`menu_name`,`menu_controller`,`menu_action`,`pid`,`is_show` FROM `tp_menu` WHERE `id` = 13 LIMIT 1   [ RunTime:0.0001s ]
SQL: SELECT `id`,`menu_name`,`menu_controller`,`menu_action`,`pid`,`is_show` FROM `tp_menu` WHERE `id` = 12 LIMIT 1   [ RunTime:0.0001s ]
SQL: SELECT `id`,`menu_name`,`menu_controller`,`menu_action`,`pid`,`is_show` FROM `tp_menu` WHERE `id` = 11 LIMIT 1   [ RunTime:0.0001s ]
SQL: SELECT `id`,`menu_name`,`menu_controller`,`menu_action`,`pid`,`is_show` FROM `tp_menu` WHERE `id` = 4 LIMIT 1   [ RunTime:0.0001s ]
SQL: SELECT `id`,`menu_name`,`menu_controller`,`menu_action`,`pid`,`is_show` FROM `tp_menu` WHERE `id` = 3 LIMIT 1   [ RunTime:0.0001s ]
SQL: SELECT `id`,`menu_name`,`menu_controller`,`menu_action`,`pid`,`is_show` FROM `tp_menu` WHERE `id` = 7 LIMIT 1   [ RunTime:0.0001s ]
SQL: SELECT `id`,`menu_name`,`menu_controller`,`menu_action`,`pid`,`is_show` FROM `tp_menu` WHERE `id` = 2 LIMIT 1   [ RunTime:0.0001s ]
SQL: SELECT `id`,`menu_name`,`menu_controller`,`menu_action`,`pid`,`is_show` FROM `tp_menu` WHERE `id` = 1 LIMIT 1   [ RunTime:0.0001s ]
SQL: SELECT `id`,`menu_name`,`menu_controller`,`menu_action`,`pid`,`is_show` FROM `tp_menu` WHERE `id` = 15 LIMIT 1   [ RunTime:0.0001s ]
SQL: SELECT `id`,`menu_name`,`menu_controller`,`menu_action`,`pid`,`is_show` FROM `tp_menu` WHERE `id` = 16 LIMIT 1   [ RunTime:0.0001s ]
SQL: SELECT `id`,`menu_name`,`menu_controller`,`menu_action`,`pid`,`is_show` FROM `tp_menu` WHERE `id` = 17 LIMIT 1   [ RunTime:0.0001s ]
SQL: SELECT `id`,`menu_name`,`menu_controller`,`menu_action`,`pid`,`is_show` FROM `tp_menu` WHERE `id` = 8 LIMIT 1   [ RunTime:0.0001s ]
SQL: SELECT `id`,`menu_name`,`menu_controller`,`menu_action`,`pid`,`is_show` FROM `tp_menu` WHERE `id` = 9 LIMIT 1   [ RunTime:0.0001s ]
SQL: SELECT `id`,`menu_name`,`menu_controller`,`menu_action`,`pid`,`is_show` FROM `tp_menu` WHERE `id` = 10 LIMIT 1   [ RunTime:0.0001s ]
SQL: SELECT `id`,`menu_name`,`menu_controller`,`menu_action`,`pid`,`is_show` FROM `tp_menu` WHERE `id` = 21 LIMIT 1   [ RunTime:0.0001s ]
SQL: SELECT `id`,`menu_name`,`menu_controller`,`menu_action`,`pid`,`is_show` FROM `tp_menu` WHERE `id` = 22 LIMIT 1   [ RunTime:0.0001s ]
SQL: SELECT `id`,`menu_name`,`menu_controller`,`menu_action`,`pid`,`is_show` FROM `tp_menu` WHERE `id` = 23 LIMIT 1   [ RunTime:0.0001s ]
SQL: SELECT `id`,`menu_name`,`menu_controller`,`menu_action`,`pid`,`is_show` FROM `tp_menu` WHERE `id` = 24 LIMIT 1   [ RunTime:0.0001s ]

[ 2017-09-22T16:40:06+08:00 ] 127.0.0.1 /index.php/Admin/Attribute/getAttribute.html?cate_id=1
INFO: [ app_begin ] --START--
INFO: Run Behavior\ReadHtmlCacheBehavior [ RunTime:0.000209s ]
INFO: [ app_begin ] --END-- [ RunTime:0.000375s ]
SQL: SHOW COLUMNS FROM `tp_access` [ RunTime:0.0068s ]
SQL: SHOW COLUMNS FROM `tp_access` [ RunTime:0.0029s ]
SQL: SELECT `menu_id` FROM `tp_access` WHERE ( role_id=5 )  [ RunTime:0.0001s ]
SQL: SHOW COLUMNS FROM `tp_menu` [ RunTime:0.0030s ]
SQL: SELECT `id`,`menu_name`,`menu_controller`,`menu_action`,`pid`,`is_show` FROM `tp_menu` WHERE `id` = 14 LIMIT 1   [ RunTime:0.0001s ]
SQL: SELECT `id`,`menu_name`,`menu_controller`,`menu_action`,`pid`,`is_show` FROM `tp_menu` WHERE `id` = 6 LIMIT 1   [ RunTime:0.0001s ]
SQL: SELECT `id`,`menu_name`,`menu_controller`,`menu_action`,`pid`,`is_show` FROM `tp_menu` WHERE `id` = 20 LIMIT 1   [ RunTime:0.0001s ]
SQL: SELECT `id`,`menu_name`,`menu_controller`,`menu_action`,`pid`,`is_show` FROM `tp_menu` WHERE `id` = 19 LIMIT 1   [ RunTime:0.0001s ]
SQL: SELECT `id`,`menu_name`,`menu_controller`,`menu_action`,`pid`,`is_show` FROM `tp_menu` WHERE `id` = 18 LIMIT 1   [ RunTime:0.0001s ]
SQL: SELECT `id`,`menu_name`,`menu_controller`,`menu_action`,`pid`,`is_show` FROM `tp_menu` WHERE `id` = 5 LIMIT 1   [ RunTime:0.0001s ]
SQL: SELECT `id`,`menu_name`,`menu_controller`,`menu_action`,`pid`,`is_show` FROM `tp_menu` WHERE `id` = 13 LIMIT 1   [ RunTime:0.0001s ]
SQL: SELECT `id`,`menu_name`,`menu_controller`,`menu_action`,`pid`,`is_show` FROM `tp_menu` WHERE `id` = 12 LIMIT 1   [ RunTime:0.0001s ]
SQL: SELECT `id`,`menu_name`,`menu_controller`,`menu_action`,`pid`,`is_show` FROM `tp_menu` WHERE `id` = 11 LIMIT 1   [ RunTime:0.0001s ]
SQL: SELECT `id`,`menu_name`,`menu_controller`,`menu_action`,`pid`,`is_show` FROM `tp_menu` WHERE `id` = 4 LIMIT 1   [ RunTime:0.0001s ]
SQL: SELECT `id`,`menu_name`,`menu_controller`,`menu_action`,`pid`,`is_show` FROM `tp_menu` WHERE `id` = 3 LIMIT 1   [ RunTime:0.0001s ]
SQL: SELECT `id`,`menu_name`,`menu_controller`,`menu_action`,`pid`,`is_show` FROM `tp_menu` WHERE `id` = 7 LIMIT 1   [ RunTime:0.0001s ]
SQL: SELECT `id`,`menu_name`,`menu_controller`,`menu_action`,`pid`,`is_show` FROM `tp_menu` WHERE `id` = 2 LIMIT 1   [ RunTime:0.0002s ]
SQL: SELECT `id`,`menu_name`,`menu_controller`,`menu_action`,`pid`,`is_show` FROM `tp_menu` WHERE `id` = 1 LIMIT 1   [ RunTime:0.0001s ]
SQL: SELECT `id`,`menu_name`,`menu_controller`,`menu_action`,`pid`,`is_show` FROM `tp_menu` WHERE `id` = 15 LIMIT 1   [ RunTime:0.0001s ]
SQL: SELECT `id`,`menu_name`,`menu_controller`,`menu_action`,`pid`,`is_show` FROM `tp_menu` WHERE `id` = 16 LIMIT 1   [ RunTime:0.0001s ]
SQL: SELECT `id`,`menu_name`,`menu_controller`,`menu_action`,`pid`,`is_show` FROM `tp_menu` WHERE `id` = 17 LIMIT 1   [ RunTime:0.0001s ]
SQL: SELECT `id`,`menu_name`,`menu_controller`,`menu_action`,`pid`,`is_show` FROM `tp_menu` WHERE `id` = 8 LIMIT 1   [ RunTime:0.0001s ]
SQL: SELECT `id`,`menu_name`,`menu_controller`,`menu_action`,`pid`,`is_show` FROM `tp_menu` WHERE `id` = 9 LIMIT 1   [ RunTime:0.0001s ]
SQL: SELECT `id`,`menu_name`,`menu_controller`,`menu_action`,`pid`,`is_show` FROM `tp_menu` WHERE `id` = 10 LIMIT 1   [ RunTime:0.0001s ]
SQL: SELECT `id`,`menu_name`,`menu_controller`,`menu_action`,`pid`,`is_show` FROM `tp_menu` WHERE `id` = 21 LIMIT 1   [ RunTime:0.0001s ]
SQL: SELECT `id`,`menu_name`,`menu_controller`,`menu_action`,`pid`,`is_show` FROM `tp_menu` WHERE `id` = 22 LIMIT 1   [ RunTime:0.0001s ]
SQL: SELECT `id`,`menu_name`,`menu_controller`,`menu_action`,`pid`,`is_show` FROM `tp_menu` WHERE `id` = 23 LIMIT 1   [ RunTime:0.0001s ]
SQL: SELECT `id`,`menu_name`,`menu_controller`,`menu_action`,`pid`,`is_show` FROM `tp_menu` WHERE `id` = 24 LIMIT 1   [ RunTime:0.0001s ]
SQL: SHOW COLUMNS FROM `tp_attribute` [ RunTime:0.0032s ]
SQL: SELECT * FROM `tp_attribute` WHERE `cate_id` = 1  [ RunTime:0.0001s ]

[ 2017-09-22T16:49:48+08:00 ] 127.0.0.1 /index.php/Admin/Attribute/getAttribute.html?cate_id=1
INFO: [ app_begin ] --START--
INFO: Run Behavior\ReadHtmlCacheBehavior [ RunTime:0.000218s ]
INFO: [ app_begin ] --END-- [ RunTime:0.000394s ]
SQL: SHOW COLUMNS FROM `tp_access` [ RunTime:0.0031s ]
SQL: SHOW COLUMNS FROM `tp_access` [ RunTime:0.0029s ]
SQL: SELECT `menu_id` FROM `tp_access` WHERE ( role_id=5 )  [ RunTime:0.0001s ]
SQL: SHOW COLUMNS FROM `tp_menu` [ RunTime:0.0030s ]
SQL: SELECT `id`,`menu_name`,`menu_controller`,`menu_action`,`pid`,`is_show` FROM `tp_menu` WHERE `id` = 14 LIMIT 1   [ RunTime:0.0001s ]
SQL: SELECT `id`,`menu_name`,`menu_controller`,`menu_action`,`pid`,`is_show` FROM `tp_menu` WHERE `id` = 6 LIMIT 1   [ RunTime:0.0001s ]
SQL: SELECT `id`,`menu_name`,`menu_controller`,`menu_action`,`pid`,`is_show` FROM `tp_menu` WHERE `id` = 20 LIMIT 1   [ RunTime:0.0001s ]
SQL: SELECT `id`,`menu_name`,`menu_controller`,`menu_action`,`pid`,`is_show` FROM `tp_menu` WHERE `id` = 19 LIMIT 1   [ RunTime:0.0001s ]
SQL: SELECT `id`,`menu_name`,`menu_controller`,`menu_action`,`pid`,`is_show` FROM `tp_menu` WHERE `id` = 18 LIMIT 1   [ RunTime:0.0001s ]
SQL: SELECT `id`,`menu_name`,`menu_controller`,`menu_action`,`pid`,`is_show` FROM `tp_menu` WHERE `id` = 5 LIMIT 1   [ RunTime:0.0001s ]
SQL: SELECT `id`,`menu_name`,`menu_controller`,`menu_action`,`pid`,`is_show` FROM `tp_menu` WHERE `id` = 13 LIMIT 1   [ RunTime:0.0001s ]
SQL: SELECT `id`,`menu_name`,`menu_controller`,`menu_action`,`pid`,`is_show` FROM `tp_menu` WHERE `id` = 12 LIMIT 1   [ RunTime:0.0001s ]
SQL: SELECT `id`,`menu_name`,`menu_controller`,`menu_action`,`pid`,`is_show` FROM `tp_menu` WHERE `id` = 11 LIMIT 1   [ RunTime:0.0001s ]
SQL: SELECT `id`,`menu_name`,`menu_controller`,`menu_action`,`pid`,`is_show` FROM `tp_menu` WHERE `id` = 4 LIMIT 1   [ RunTime:0.0001s ]
SQL: SELECT `id`,`menu_name`,`menu_controller`,`menu_action`,`pid`,`is_show` FROM `tp_menu` WHERE `id` = 3 LIMIT 1   [ RunTime:0.0001s ]
SQL: SELECT `id`,`menu_name`,`menu_controller`,`menu_action`,`pid`,`is_show` FROM `tp_menu` WHERE `id` = 7 LIMIT 1   [ RunTime:0.0001s ]
SQL: SELECT `id`,`menu_name`,`menu_controller`,`menu_action`,`pid`,`is_show` FROM `tp_menu` WHERE `id` = 2 LIMIT 1   [ RunTime:0.0001s ]
SQL: SELECT `id`,`menu_name`,`menu_controller`,`menu_action`,`pid`,`is_show` FROM `tp_menu` WHERE `id` = 1 LIMIT 1   [ RunTime:0.0001s ]
SQL: SELECT `id`,`menu_name`,`menu_controller`,`menu_action`,`pid`,`is_show` FROM `tp_menu` WHERE `id` = 15 LIMIT 1   [ RunTime:0.0001s ]
SQL: SELECT `id`,`menu_name`,`menu_controller`,`menu_action`,`pid`,`is_show` FROM `tp_menu` WHERE `id` = 16 LIMIT 1   [ RunTime:0.0001s ]
SQL: SELECT `id`,`menu_name`,`menu_controller`,`menu_action`,`pid`,`is_show` FROM `tp_menu` WHERE `id` = 17 LIMIT 1   [ RunTime:0.0001s ]
SQL: SELECT `id`,`menu_name`,`menu_controller`,`menu_action`,`pid`,`is_show` FROM `tp_menu` WHERE `id` = 8 LIMIT 1   [ RunTime:0.0001s ]
SQL: SELECT `id`,`menu_name`,`menu_controller`,`menu_action`,`pid`,`is_show` FROM `tp_menu` WHERE `id` = 9 LIMIT 1   [ RunTime:0.0001s ]
SQL: SELECT `id`,`menu_name`,`menu_controller`,`menu_action`,`pid`,`is_show` FROM `tp_menu` WHERE `id` = 10 LIMIT 1   [ RunTime:0.0001s ]
SQL: SELECT `id`,`menu_name`,`menu_controller`,`menu_action`,`pid`,`is_show` FROM `tp_menu` WHERE `id` = 21 LIMIT 1   [ RunTime:0.0001s ]
SQL: SELECT `id`,`menu_name`,`menu_controller`,`menu_action`,`pid`,`is_show` FROM `tp_menu` WHERE `id` = 22 LIMIT 1   [ RunTime:0.0001s ]
SQL: SELECT `id`,`menu_name`,`menu_controller`,`menu_action`,`pid`,`is_show` FROM `tp_menu` WHERE `id` = 23 LIMIT 1   [ RunTime:0.0001s ]
SQL: SELECT `id`,`menu_name`,`menu_controller`,`menu_action`,`pid`,`is_show` FROM `tp_menu` WHERE `id` = 24 LIMIT 1   [ RunTime:0.0001s ]
SQL: SHOW COLUMNS FROM `tp_attribute` [ RunTime:0.0035s ]
SQL: SELECT * FROM `tp_attribute` WHERE `cate_id` = 1  [ RunTime:0.0001s ]

[ 2017-09-22T16:50:54+08:00 ] 127.0.0.1 /index.php/Admin/Attribute/getAttribute.html?cate_id=1
INFO: [ app_begin ] --START--
INFO: Run Behavior\ReadHtmlCacheBehavior [ RunTime:0.000208s ]
INFO: [ app_begin ] --END-- [ RunTime:0.000374s ]
SQL: SHOW COLUMNS FROM `tp_access` [ RunTime:0.0043s ]
SQL: SHOW COLUMNS FROM `tp_access` [ RunTime:0.0029s ]
SQL: SELECT `menu_id` FROM `tp_access` WHERE ( role_id=5 )  [ RunTime:0.0001s ]
SQL: SHOW COLUMNS FROM `tp_menu` [ RunTime:0.0031s ]
SQL: SELECT `id`,`menu_name`,`menu_controller`,`menu_action`,`pid`,`is_show` FROM `tp_menu` WHERE `id` = 14 LIMIT 1   [ RunTime:0.0001s ]
SQL: SELECT `id`,`menu_name`,`menu_controller`,`menu_action`,`pid`,`is_show` FROM `tp_menu` WHERE `id` = 6 LIMIT 1   [ RunTime:0.0001s ]
SQL: SELECT `id`,`menu_name`,`menu_controller`,`menu_action`,`pid`,`is_show` FROM `tp_menu` WHERE `id` = 20 LIMIT 1   [ RunTime:0.0001s ]
SQL: SELECT `id`,`menu_name`,`menu_controller`,`menu_action`,`pid`,`is_show` FROM `tp_menu` WHERE `id` = 19 LIMIT 1   [ RunTime:0.0001s ]
SQL: SELECT `id`,`menu_name`,`menu_controller`,`menu_action`,`pid`,`is_show` FROM `tp_menu` WHERE `id` = 18 LIMIT 1   [ RunTime:0.0001s ]
SQL: SELECT `id`,`menu_name`,`menu_controller`,`menu_action`,`pid`,`is_show` FROM `tp_menu` WHERE `id` = 5 LIMIT 1   [ RunTime:0.0001s ]
SQL: SELECT `id`,`menu_name`,`menu_controller`,`menu_action`,`pid`,`is_show` FROM `tp_menu` WHERE `id` = 13 LIMIT 1   [ RunTime:0.0001s ]
SQL: SELECT `id`,`menu_name`,`menu_controller`,`menu_action`,`pid`,`is_show` FROM `tp_menu` WHERE `id` = 12 LIMIT 1   [ RunTime:0.0001s ]
SQL: SELECT `id`,`menu_name`,`menu_controller`,`menu_action`,`pid`,`is_show` FROM `tp_menu` WHERE `id` = 11 LIMIT 1   [ RunTime:0.0001s ]
SQL: SELECT `id`,`menu_name`,`menu_controller`,`menu_action`,`pid`,`is_show` FROM `tp_menu` WHERE `id` = 4 LIMIT 1   [ RunTime:0.0001s ]
SQL: SELECT `id`,`menu_name`,`menu_controller`,`menu_action`,`pid`,`is_show` FROM `tp_menu` WHERE `id` = 3 LIMIT 1   [ RunTime:0.0001s ]
SQL: SELECT `id`,`menu_name`,`menu_controller`,`menu_action`,`pid`,`is_show` FROM `tp_menu` WHERE `id` = 7 LIMIT 1   [ RunTime:0.0001s ]
SQL: SELECT `id`,`menu_name`,`menu_controller`,`menu_action`,`pid`,`is_show` FROM `tp_menu` WHERE `id` = 2 LIMIT 1   [ RunTime:0.0001s ]
SQL: SELECT `id`,`menu_name`,`menu_controller`,`menu_action`,`pid`,`is_show` FROM `tp_menu` WHERE `id` = 1 LIMIT 1   [ RunTime:0.0001s ]
SQL: SELECT `id`,`menu_name`,`menu_controller`,`menu_action`,`pid`,`is_show` FROM `tp_menu` WHERE `id` = 15 LIMIT 1   [ RunTime:0.0001s ]
SQL: SELECT `id`,`menu_name`,`menu_controller`,`menu_action`,`pid`,`is_show` FROM `tp_menu` WHERE `id` = 16 LIMIT 1   [ RunTime:0.0001s ]
SQL: SELECT `id`,`menu_name`,`menu_controller`,`menu_action`,`pid`,`is_show` FROM `tp_menu` WHERE `id` = 17 LIMIT 1   [ RunTime:0.0001s ]
SQL: SELECT `id`,`menu_name`,`menu_controller`,`menu_action`,`pid`,`is_show` FROM `tp_menu` WHERE `id` = 8 LIMIT 1   [ RunTime:0.0001s ]
SQL: SELECT `id`,`menu_name`,`menu_controller`,`menu_action`,`pid`,`is_show` FROM `tp_menu` WHERE `id` = 9 LIMIT 1   [ RunTime:0.0001s ]
SQL: SELECT `id`,`menu_name`,`menu_controller`,`menu_action`,`pid`,`is_show` FROM `tp_menu` WHERE `id` = 10 LIMIT 1   [ RunTime:0.0001s ]
SQL: SELECT `id`,`menu_name`,`menu_controller`,`menu_action`,`pid`,`is_show` FROM `tp_menu` WHERE `id` = 21 LIMIT 1   [ RunTime:0.0001s ]
SQL: SELECT `id`,`menu_name`,`menu_controller`,`menu_action`,`pid`,`is_show` FROM `tp_menu` WHERE `id` = 22 LIMIT 1   [ RunTime:0.0001s ]
SQL: SELECT `id`,`menu_name`,`menu_controller`,`menu_action`,`pid`,`is_show` FROM `tp_menu` WHERE `id` = 23 LIMIT 1   [ RunTime:0.0001s ]
SQL: SELECT `id`,`menu_name`,`menu_controller`,`menu_action`,`pid`,`is_show` FROM `tp_menu` WHERE `id` = 24 LIMIT 1   [ RunTime:0.0001s ]
SQL: SHOW COLUMNS FROM `tp_attribute` [ RunTime:0.0033s ]
SQL: SELECT * FROM `tp_attribute` WHERE `cate_id` = 1  [ RunTime:0.0001s ]

[ 2017-09-22T16:50:59+08:00 ] 127.0.0.1 /index.php/Admin/Attribute/getAttribute.html?cate_id=3
INFO: [ app_begin ] --START--
INFO: Run Behavior\ReadHtmlCacheBehavior [ RunTime:0.000202s ]
INFO: [ app_begin ] --END-- [ RunTime:0.000368s ]
SQL: SHOW COLUMNS FROM `tp_access` [ RunTime:0.0043s ]
SQL: SHOW COLUMNS FROM `tp_access` [ RunTime:0.0034s ]
SQL: SELECT `menu_id` FROM `tp_access` WHERE ( role_id=5 )  [ RunTime:0.0001s ]
SQL: SHOW COLUMNS FROM `tp_menu` [ RunTime:0.0031s ]
SQL: SELECT `id`,`menu_name`,`menu_controller`,`menu_action`,`pid`,`is_show` FROM `tp_menu` WHERE `id` = 14 LIMIT 1   [ RunTime:0.0001s ]
SQL: SELECT `id`,`menu_name`,`menu_controller`,`menu_action`,`pid`,`is_show` FROM `tp_menu` WHERE `id` = 6 LIMIT 1   [ RunTime:0.0001s ]
SQL: SELECT `id`,`menu_name`,`menu_controller`,`menu_action`,`pid`,`is_show` FROM `tp_menu` WHERE `id` = 20 LIMIT 1   [ RunTime:0.0001s ]
SQL: SELECT `id`,`menu_name`,`menu_controller`,`menu_action`,`pid`,`is_show` FROM `tp_menu` WHERE `id` = 19 LIMIT 1   [ RunTime:0.0001s ]
SQL: SELECT `id`,`menu_name`,`menu_controller`,`menu_action`,`pid`,`is_show` FROM `tp_menu` WHERE `id` = 18 LIMIT 1   [ RunTime:0.0001s ]
SQL: SELECT `id`,`menu_name`,`menu_controller`,`menu_action`,`pid`,`is_show` FROM `tp_menu` WHERE `id` = 5 LIMIT 1   [ RunTime:0.0001s ]
SQL: SELECT `id`,`menu_name`,`menu_controller`,`menu_action`,`pid`,`is_show` FROM `tp_menu` WHERE `id` = 13 LIMIT 1   [ RunTime:0.0001s ]
SQL: SELECT `id`,`menu_name`,`menu_controller`,`menu_action`,`pid`,`is_show` FROM `tp_menu` WHERE `id` = 12 LIMIT 1   [ RunTime:0.0001s ]
SQL: SELECT `id`,`menu_name`,`menu_controller`,`menu_action`,`pid`,`is_show` FROM `tp_menu` WHERE `id` = 11 LIMIT 1   [ RunTime:0.0001s ]
SQL: SELECT `id`,`menu_name`,`menu_controller`,`menu_action`,`pid`,`is_show` FROM `tp_menu` WHERE `id` = 4 LIMIT 1   [ RunTime:0.0001s ]
SQL: SELECT `id`,`menu_name`,`menu_controller`,`menu_action`,`pid`,`is_show` FROM `tp_menu` WHERE `id` = 3 LIMIT 1   [ RunTime:0.0001s ]
SQL: SELECT `id`,`menu_name`,`menu_controller`,`menu_action`,`pid`,`is_show` FROM `tp_menu` WHERE `id` = 7 LIMIT 1   [ RunTime:0.0001s ]
SQL: SELECT `id`,`menu_name`,`menu_controller`,`menu_action`,`pid`,`is_show` FROM `tp_menu` WHERE `id` = 2 LIMIT 1   [ RunTime:0.0001s ]
SQL: SELECT `id`,`menu_name`,`menu_controller`,`menu_action`,`pid`,`is_show` FROM `tp_menu` WHERE `id` = 1 LIMIT 1   [ RunTime:0.0001s ]
SQL: SELECT `id`,`menu_name`,`menu_controller`,`menu_action`,`pid`,`is_show` FROM `tp_menu` WHERE `id` = 15 LIMIT 1   [ RunTime:0.0001s ]
SQL: SELECT `id`,`menu_name`,`menu_controller`,`menu_action`,`pid`,`is_show` FROM `tp_menu` WHERE `id` = 16 LIMIT 1   [ RunTime:0.0001s ]
SQL: SELECT `id`,`menu_name`,`menu_controller`,`menu_action`,`pid`,`is_show` FROM `tp_menu` WHERE `id` = 17 LIMIT 1   [ RunTime:0.0001s ]
SQL: SELECT `id`,`menu_name`,`menu_controller`,`menu_action`,`pid`,`is_show` FROM `tp_menu` WHERE `id` = 8 LIMIT 1   [ RunTime:0.0001s ]
SQL: SELECT `id`,`menu_name`,`menu_controller`,`menu_action`,`pid`,`is_show` FROM `tp_menu` WHERE `id` = 9 LIMIT 1   [ RunTime:0.0001s ]
SQL: SELECT `id`,`menu_name`,`menu_controller`,`menu_action`,`pid`,`is_show` FROM `tp_menu` WHERE `id` = 10 LIMIT 1   [ RunTime:0.0001s ]
SQL: SELECT `id`,`menu_name`,`menu_controller`,`menu_action`,`pid`,`is_show` FROM `tp_menu` WHERE `id` = 21 LIMIT 1   [ RunTime:0.0001s ]
SQL: SELECT `id`,`menu_name`,`menu_controller`,`menu_action`,`pid`,`is_show` FROM `tp_menu` WHERE `id` = 22 LIMIT 1   [ RunTime:0.0001s ]
SQL: SELECT `id`,`menu_name`,`menu_controller`,`menu_action`,`pid`,`is_show` FROM `tp_menu` WHERE `id` = 23 LIMIT 1   [ RunTime:0.0001s ]
SQL: SELECT `id`,`menu_name`,`menu_controller`,`menu_action`,`pid`,`is_show` FROM `tp_menu` WHERE `id` = 24 LIMIT 1   [ RunTime:0.0001s ]
SQL: SHOW COLUMNS FROM `tp_attribute` [ RunTime:0.0030s ]
SQL: SELECT * FROM `tp_attribute` WHERE `cate_id` = 3  [ RunTime:0.0001s ]

[ 2017-09-22T16:51:03+08:00 ] 127.0.0.1 /index.php/Admin/Attribute/getAttribute.html?cate_id=1
INFO: [ app_begin ] --START--
INFO: Run Behavior\ReadHtmlCacheBehavior [ RunTime:0.000206s ]
INFO: [ app_begin ] --END-- [ RunTime:0.000372s ]
SQL: SHOW COLUMNS FROM `tp_access` [ RunTime:0.0044s ]
SQL: SHOW COLUMNS FROM `tp_access` [ RunTime:0.0029s ]
SQL: SELECT `menu_id` FROM `tp_access` WHERE ( role_id=5 )  [ RunTime:0.0001s ]
SQL: SHOW COLUMNS FROM `tp_menu` [ RunTime:0.0030s ]
SQL: SELECT `id`,`menu_name`,`menu_controller`,`menu_action`,`pid`,`is_show` FROM `tp_menu` WHERE `id` = 14 LIMIT 1   [ RunTime:0.0001s ]
SQL: SELECT `id`,`menu_name`,`menu_controller`,`menu_action`,`pid`,`is_show` FROM `tp_menu` WHERE `id` = 6 LIMIT 1   [ RunTime:0.0001s ]
SQL: SELECT `id`,`menu_name`,`menu_controller`,`menu_action`,`pid`,`is_show` FROM `tp_menu` WHERE `id` = 20 LIMIT 1   [ RunTime:0.0001s ]
SQL: SELECT `id`,`menu_name`,`menu_controller`,`menu_action`,`pid`,`is_show` FROM `tp_menu` WHERE `id` = 19 LIMIT 1   [ RunTime:0.0001s ]
SQL: SELECT `id`,`menu_name`,`menu_controller`,`menu_action`,`pid`,`is_show` FROM `tp_menu` WHERE `id` = 18 LIMIT 1   [ RunTime:0.0001s ]
SQL: SELECT `id`,`menu_name`,`menu_controller`,`menu_action`,`pid`,`is_show` FROM `tp_menu` WHERE `id` = 5 LIMIT 1   [ RunTime:0.0001s ]
SQL: SELECT `id`,`menu_name`,`menu_controller`,`menu_action`,`pid`,`is_show` FROM `tp_menu` WHERE `id` = 13 LIMIT 1   [ RunTime:0.0001s ]
SQL: SELECT `id`,`menu_name`,`menu_controller`,`menu_action`,`pid`,`is_show` FROM `tp_menu` WHERE `id` = 12 LIMIT 1   [ RunTime:0.0001s ]
SQL: SELECT `id`,`menu_name`,`menu_controller`,`menu_action`,`pid`,`is_show` FROM `tp_menu` WHERE `id` = 11 LIMIT 1   [ RunTime:0.0001s ]
SQL: SELECT `id`,`menu_name`,`menu_controller`,`menu_action`,`pid`,`is_show` FROM `tp_menu` WHERE `id` = 4 LIMIT 1   [ RunTime:0.0001s ]
SQL: SELECT `id`,`menu_name`,`menu_controller`,`menu_action`,`pid`,`is_show` FROM `tp_menu` WHERE `id` = 3 LIMIT 1   [ RunTime:0.0001s ]
SQL: SELECT `id`,`menu_name`,`menu_controller`,`menu_action`,`pid`,`is_show` FROM `tp_menu` WHERE `id` = 7 LIMIT 1   [ RunTime:0.0001s ]
SQL: SELECT `id`,`menu_name`,`menu_controller`,`menu_action`,`pid`,`is_show` FROM `tp_menu` WHERE `id` = 2 LIMIT 1   [ RunTime:0.0001s ]
SQL: SELECT `id`,`menu_name`,`menu_controller`,`menu_action`,`pid`,`is_show` FROM `tp_menu` WHERE `id` = 1 LIMIT 1   [ RunTime:0.0001s ]
SQL: SELECT `id`,`menu_name`,`menu_controller`,`menu_action`,`pid`,`is_show` FROM `tp_menu` WHERE `id` = 15 LIMIT 1   [ RunTime:0.0001s ]
SQL: SELECT `id`,`menu_name`,`menu_controller`,`menu_action`,`pid`,`is_show` FROM `tp_menu` WHERE `id` = 16 LIMIT 1   [ RunTime:0.0001s ]
SQL: SELECT `id`,`menu_name`,`menu_controller`,`menu_action`,`pid`,`is_show` FROM `tp_menu` WHERE `id` = 17 LIMIT 1   [ RunTime:0.0001s ]
SQL: SELECT `id`,`menu_name`,`menu_controller`,`menu_action`,`pid`,`is_show` FROM `tp_menu` WHERE `id` = 8 LIMIT 1   [ RunTime:0.0001s ]
SQL: SELECT `id`,`menu_name`,`menu_controller`,`menu_action`,`pid`,`is_show` FROM `tp_menu` WHERE `id` = 9 LIMIT 1   [ RunTime:0.0001s ]
SQL: SELECT `id`,`menu_name`,`menu_controller`,`menu_action`,`pid`,`is_show` FROM `tp_menu` WHERE `id` = 10 LIMIT 1   [ RunTime:0.0001s ]
SQL: SELECT `id`,`menu_name`,`menu_controller`,`menu_action`,`pid`,`is_show` FROM `tp_menu` WHERE `id` = 21 LIMIT 1   [ RunTime:0.0001s ]
SQL: SELECT `id`,`menu_name`,`menu_controller`,`menu_action`,`pid`,`is_show` FROM `tp_menu` WHERE `id` = 22 LIMIT 1   [ RunTime:0.0001s ]
SQL: SELECT `id`,`menu_name`,`menu_controller`,`menu_action`,`pid`,`is_show` FROM `tp_menu` WHERE `id` = 23 LIMIT 1   [ RunTime:0.0001s ]
SQL: SELECT `id`,`menu_name`,`menu_controller`,`menu_action`,`pid`,`is_show` FROM `tp_menu` WHERE `id` = 24 LIMIT 1   [ RunTime:0.0001s ]
SQL: SHOW COLUMNS FROM `tp_attribute` [ RunTime:0.0032s ]
SQL: SELECT * FROM `tp_attribute` WHERE `cate_id` = 1  [ RunTime:0.0001s ]

[ 2017-09-22T16:51:33+08:00 ] 127.0.0.1 /index.php/Admin/Attribute/getAttribute.html?cate_id=3
INFO: [ app_begin ] --START--
INFO: Run Behavior\ReadHtmlCacheBehavior [ RunTime:0.000211s ]
INFO: [ app_begin ] --END-- [ RunTime:0.000393s ]
SQL: SHOW COLUMNS FROM `tp_access` [ RunTime:0.0044s ]
SQL: SHOW COLUMNS FROM `tp_access` [ RunTime:0.0030s ]
SQL: SELECT `menu_id` FROM `tp_access` WHERE ( role_id=5 )  [ RunTime:0.0001s ]
SQL: SHOW COLUMNS FROM `tp_menu` [ RunTime:0.0030s ]
SQL: SELECT `id`,`menu_name`,`menu_controller`,`menu_action`,`pid`,`is_show` FROM `tp_menu` WHERE `id` = 14 LIMIT 1   [ RunTime:0.0001s ]
SQL: SELECT `id`,`menu_name`,`menu_controller`,`menu_action`,`pid`,`is_show` FROM `tp_menu` WHERE `id` = 6 LIMIT 1   [ RunTime:0.0001s ]
SQL: SELECT `id`,`menu_name`,`menu_controller`,`menu_action`,`pid`,`is_show` FROM `tp_menu` WHERE `id` = 20 LIMIT 1   [ RunTime:0.0001s ]
SQL: SELECT `id`,`menu_name`,`menu_controller`,`menu_action`,`pid`,`is_show` FROM `tp_menu` WHERE `id` = 19 LIMIT 1   [ RunTime:0.0001s ]
SQL: SELECT `id`,`menu_name`,`menu_controller`,`menu_action`,`pid`,`is_show` FROM `tp_menu` WHERE `id` = 18 LIMIT 1   [ RunTime:0.0001s ]
SQL: SELECT `id`,`menu_name`,`menu_controller`,`menu_action`,`pid`,`is_show` FROM `tp_menu` WHERE `id` = 5 LIMIT 1   [ RunTime:0.0001s ]
SQL: SELECT `id`,`menu_name`,`menu_controller`,`menu_action`,`pid`,`is_show` FROM `tp_menu` WHERE `id` = 13 LIMIT 1   [ RunTime:0.0001s ]
SQL: SELECT `id`,`menu_name`,`menu_controller`,`menu_action`,`pid`,`is_show` FROM `tp_menu` WHERE `id` = 12 LIMIT 1   [ RunTime:0.0001s ]
SQL: SELECT `id`,`menu_name`,`menu_controller`,`menu_action`,`pid`,`is_show` FROM `tp_menu` WHERE `id` = 11 LIMIT 1   [ RunTime:0.0001s ]
SQL: SELECT `id`,`menu_name`,`menu_controller`,`menu_action`,`pid`,`is_show` FROM `tp_menu` WHERE `id` = 4 LIMIT 1   [ RunTime:0.0001s ]
SQL: SELECT `id`,`menu_name`,`menu_controller`,`menu_action`,`pid`,`is_show` FROM `tp_menu` WHERE `id` = 3 LIMIT 1   [ RunTime:0.0001s ]
SQL: SELECT `id`,`menu_name`,`menu_controller`,`menu_action`,`pid`,`is_show` FROM `tp_menu` WHERE `id` = 7 LIMIT 1   [ RunTime:0.0001s ]
SQL: SELECT `id`,`menu_name`,`menu_controller`,`menu_action`,`pid`,`is_show` FROM `tp_menu` WHERE `id` = 2 LIMIT 1   [ RunTime:0.0001s ]
SQL: SELECT `id`,`menu_name`,`menu_controller`,`menu_action`,`pid`,`is_show` FROM `tp_menu` WHERE `id` = 1 LIMIT 1   [ RunTime:0.0001s ]
SQL: SELECT `id`,`menu_name`,`menu_controller`,`menu_action`,`pid`,`is_show` FROM `tp_menu` WHERE `id` = 15 LIMIT 1   [ RunTime:0.0001s ]
SQL: SELECT `id`,`menu_name`,`menu_controller`,`menu_action`,`pid`,`is_show` FROM `tp_menu` WHERE `id` = 16 LIMIT 1   [ RunTime:0.0001s ]
SQL: SELECT `id`,`menu_name`,`menu_controller`,`menu_action`,`pid`,`is_show` FROM `tp_menu` WHERE `id` = 17 LIMIT 1   [ RunTime:0.0001s ]
SQL: SELECT `id`,`menu_name`,`menu_controller`,`menu_action`,`pid`,`is_show` FROM `tp_menu` WHERE `id` = 8 LIMIT 1   [ RunTime:0.0001s ]
SQL: SELECT `id`,`menu_name`,`menu_controller`,`menu_action`,`pid`,`is_show` FROM `tp_menu` WHERE `id` = 9 LIMIT 1   [ RunTime:0.0001s ]
SQL: SELECT `id`,`menu_name`,`menu_controller`,`menu_action`,`pid`,`is_show` FROM `tp_menu` WHERE `id` = 10 LIMIT 1   [ RunTime:0.0001s ]
SQL: SELECT `id`,`menu_name`,`menu_controller`,`menu_action`,`pid`,`is_show` FROM `tp_menu` WHERE `id` = 21 LIMIT 1   [ RunTime:0.0001s ]
SQL: SELECT `id`,`menu_name`,`menu_controller`,`menu_action`,`pid`,`is_show` FROM `tp_menu` WHERE `id` = 22 LIMIT 1   [ RunTime:0.0001s ]
SQL: SELECT `id`,`menu_name`,`menu_controller`,`menu_action`,`pid`,`is_show` FROM `tp_menu` WHERE `id` = 23 LIMIT 1   [ RunTime:0.0001s ]
SQL: SELECT `id`,`menu_name`,`menu_controller`,`menu_action`,`pid`,`is_show` FROM `tp_menu` WHERE `id` = 24 LIMIT 1   [ RunTime:0.0001s ]
SQL: SHOW COLUMNS FROM `tp_attribute` [ RunTime:0.0032s ]
SQL: SELECT * FROM `tp_attribute` WHERE `cate_id` = 3  [ RunTime:0.0001s ]

[ 2017-09-22T16:51:36+08:00 ] 127.0.0.1 /index.php/Admin/Attribute/getAttribute.html?cate_id=1
INFO: [ app_begin ] --START--
INFO: Run Behavior\ReadHtmlCacheBehavior [ RunTime:0.000206s ]
INFO: [ app_begin ] --END-- [ RunTime:0.000383s ]
SQL: SHOW COLUMNS FROM `tp_access` [ RunTime:0.0044s ]
SQL: SHOW COLUMNS FROM `tp_access` [ RunTime:0.0030s ]
SQL: SELECT `menu_id` FROM `tp_access` WHERE ( role_id=5 )  [ RunTime:0.0001s ]
SQL: SHOW COLUMNS FROM `tp_menu` [ RunTime:0.0032s ]
SQL: SELECT `id`,`menu_name`,`menu_controller`,`menu_action`,`pid`,`is_show` FROM `tp_menu` WHERE `id` = 14 LIMIT 1   [ RunTime:0.0001s ]
SQL: SELECT `id`,`menu_name`,`menu_controller`,`menu_action`,`pid`,`is_show` FROM `tp_menu` WHERE `id` = 6 LIMIT 1   [ RunTime:0.0001s ]
SQL: SELECT `id`,`menu_name`,`menu_controller`,`menu_action`,`pid`,`is_show` FROM `tp_menu` WHERE `id` = 20 LIMIT 1   [ RunTime:0.0001s ]
SQL: SELECT `id`,`menu_name`,`menu_controller`,`menu_action`,`pid`,`is_show` FROM `tp_menu` WHERE `id` = 19 LIMIT 1   [ RunTime:0.0001s ]
SQL: SELECT `id`,`menu_name`,`menu_controller`,`menu_action`,`pid`,`is_show` FROM `tp_menu` WHERE `id` = 18 LIMIT 1   [ RunTime:0.0001s ]
SQL: SELECT `id`,`menu_name`,`menu_controller`,`menu_action`,`pid`,`is_show` FROM `tp_menu` WHERE `id` = 5 LIMIT 1   [ RunTime:0.0001s ]
SQL: SELECT `id`,`menu_name`,`menu_controller`,`menu_action`,`pid`,`is_show` FROM `tp_menu` WHERE `id` = 13 LIMIT 1   [ RunTime:0.0001s ]
SQL: SELECT `id`,`menu_name`,`menu_controller`,`menu_action`,`pid`,`is_show` FROM `tp_menu` WHERE `id` = 12 LIMIT 1   [ RunTime:0.0001s ]
SQL: SELECT `id`,`menu_name`,`menu_controller`,`menu_action`,`pid`,`is_show` FROM `tp_menu` WHERE `id` = 11 LIMIT 1   [ RunTime:0.0001s ]
SQL: SELECT `id`,`menu_name`,`menu_controller`,`menu_action`,`pid`,`is_show` FROM `tp_menu` WHERE `id` = 4 LIMIT 1   [ RunTime:0.0001s ]
SQL: SELECT `id`,`menu_name`,`menu_controller`,`menu_action`,`pid`,`is_show` FROM `tp_menu` WHERE `id` = 3 LIMIT 1   [ RunTime:0.0001s ]
SQL: SELECT `id`,`menu_name`,`menu_controller`,`menu_action`,`pid`,`is_show` FROM `tp_menu` WHERE `id` = 7 LIMIT 1   [ RunTime:0.0001s ]
SQL: SELECT `id`,`menu_name`,`menu_controller`,`menu_action`,`pid`,`is_show` FROM `tp_menu` WHERE `id` = 2 LIMIT 1   [ RunTime:0.0001s ]
SQL: SELECT `id`,`menu_name`,`menu_controller`,`menu_action`,`pid`,`is_show` FROM `tp_menu` WHERE `id` = 1 LIMIT 1   [ RunTime:0.0001s ]
SQL: SELECT `id`,`menu_name`,`menu_controller`,`menu_action`,`pid`,`is_show` FROM `tp_menu` WHERE `id` = 15 LIMIT 1   [ RunTime:0.0001s ]
SQL: SELECT `id`,`menu_name`,`menu_controller`,`menu_action`,`pid`,`is_show` FROM `tp_menu` WHERE `id` = 16 LIMIT 1   [ RunTime:0.0001s ]
SQL: SELECT `id`,`menu_name`,`menu_controller`,`menu_action`,`pid`,`is_show` FROM `tp_menu` WHERE `id` = 17 LIMIT 1   [ RunTime:0.0001s ]
SQL: SELECT `id`,`menu_name`,`menu_controller`,`menu_action`,`pid`,`is_show` FROM `tp_menu` WHERE `id` = 8 LIMIT 1   [ RunTime:0.0001s ]
SQL: SELECT `id`,`menu_name`,`menu_controller`,`menu_action`,`pid`,`is_show` FROM `tp_menu` WHERE `id` = 9 LIMIT 1   [ RunTime:0.0001s ]
SQL: SELECT `id`,`menu_name`,`menu_controller`,`menu_action`,`pid`,`is_show` FROM `tp_menu` WHERE `id` = 10 LIMIT 1   [ RunTime:0.0001s ]
SQL: SELECT `id`,`menu_name`,`menu_controller`,`menu_action`,`pid`,`is_show` FROM `tp_menu` WHERE `id` = 21 LIMIT 1   [ RunTime:0.0001s ]
SQL: SELECT `id`,`menu_name`,`menu_controller`,`menu_action`,`pid`,`is_show` FROM `tp_menu` WHERE `id` = 22 LIMIT 1   [ RunTime:0.0001s ]
SQL: SELECT `id`,`menu_name`,`menu_controller`,`menu_action`,`pid`,`is_show` FROM `tp_menu` WHERE `id` = 23 LIMIT 1   [ RunTime:0.0001s ]
SQL: SELECT `id`,`menu_name`,`menu_controller`,`menu_action`,`pid`,`is_show` FROM `tp_menu` WHERE `id` = 24 LIMIT 1   [ RunTime:0.0001s ]
SQL: SHOW COLUMNS FROM `tp_attribute` [ RunTime:0.0032s ]
SQL: SELECT * FROM `tp_attribute` WHERE `cate_id` = 1  [ RunTime:0.0001s ]

