[ 2017-09-25T15:17:06+08:00 ] 127.0.0.1 /index.php/Admin/Goods/ajaxindex?page=17
INFO: [ app_begin ] --START--
INFO: Run Behavior\ReadHtmlCacheBehavior [ RunTime:0.001000s ]
INFO: [ app_begin ] --END-- [ RunTime:0.001000s ]
SQL: SHOW COLUMNS FROM `tp_access` [ RunTime:0.0160s ]
SQL: SHOW COLUMNS FROM `tp_access` [ RunTime:0.0140s ]
SQL: SELECT `menu_id` FROM `tp_access` WHERE ( role_id=5 )  [ RunTime:0.0010s ]
SQL: SHOW COLUMNS FROM `tp_menu` [ RunTime:0.0120s ]
SQL: SELECT `id`,`menu_name`,`menu_controller`,`menu_action`,`pid`,`is_show` FROM `tp_menu` WHERE `id` = 22 LIMIT 1   [ RunTime:0.0010s ]
SQL: SELECT `id`,`menu_name`,`menu_controller`,`menu_action`,`pid`,`is_show` FROM `tp_menu` WHERE `id` = 29 LIMIT 1   [ RunTime:0.0010s ]
SQL: SELECT `id`,`menu_name`,`menu_controller`,`menu_action`,`pid`,`is_show` FROM `tp_menu` WHERE `id` = 8 LIMIT 1   [ RunTime:0.0010s ]
SQL: SELECT `id`,`menu_name`,`menu_controller`,`menu_action`,`pid`,`is_show` FROM `tp_menu` WHERE `id` = 17 LIMIT 1   [ RunTime:0.0010s ]
SQL: SELECT `id`,`menu_name`,`menu_controller`,`menu_action`,`pid`,`is_show` FROM `tp_menu` WHERE `id` = 16 LIMIT 1   [ RunTime:0.0010s ]
SQL: SELECT `id`,`menu_name`,`menu_controller`,`menu_action`,`pid`,`is_show` FROM `tp_menu` WHERE `id` = 15 LIMIT 1   [ RunTime:0.0020s ]
SQL: SELECT `id`,`menu_name`,`menu_controller`,`menu_action`,`pid`,`is_show` FROM `tp_menu` WHERE `id` = 14 LIMIT 1   [ RunTime:0.0010s ]
SQL: SELECT `id`,`menu_name`,`menu_controller`,`menu_action`,`pid`,`is_show` FROM `tp_menu` WHERE `id` = 27 LIMIT 1   [ RunTime:0.0010s ]
SQL: SELECT `id`,`menu_name`,`menu_controller`,`menu_action`,`pid`,`is_show` FROM `tp_menu` WHERE `id` = 26 LIMIT 1   [ RunTime:0.0000s ]
SQL: SELECT `id`,`menu_name`,`menu_controller`,`menu_action`,`pid`,`is_show` FROM `tp_menu` WHERE `id` = 25 LIMIT 1   [ RunTime:0.0010s ]
SQL: SELECT `id`,`menu_name`,`menu_controller`,`menu_action`,`pid`,`is_show` FROM `tp_menu` WHERE `id` = 6 LIMIT 1   [ RunTime:0.0000s ]
SQL: SELECT `id`,`menu_name`,`menu_controller`,`menu_action`,`pid`,`is_show` FROM `tp_menu` WHERE `id` = 20 LIMIT 1   [ RunTime:0.0000s ]
SQL: SELECT `id`,`menu_name`,`menu_controller`,`menu_action`,`pid`,`is_show` FROM `tp_menu` WHERE `id` = 19 LIMIT 1   [ RunTime:0.0010s ]
SQL: SELECT `id`,`menu_name`,`menu_controller`,`menu_action`,`pid`,`is_show` FROM `tp_menu` WHERE `id` = 18 LIMIT 1   [ RunTime:0.0010s ]
SQL: SELECT `id`,`menu_name`,`menu_controller`,`menu_action`,`pid`,`is_show` FROM `tp_menu` WHERE `id` = 5 LIMIT 1   [ RunTime:0.0010s ]
SQL: SELECT `id`,`menu_name`,`menu_controller`,`menu_action`,`pid`,`is_show` FROM `tp_menu` WHERE `id` = 13 LIMIT 1   [ RunTime:0.0010s ]
SQL: SELECT `id`,`menu_name`,`menu_controller`,`menu_action`,`pid`,`is_show` FROM `tp_menu` WHERE `id` = 12 LIMIT 1   [ RunTime:0.0000s ]
SQL: SELECT `id`,`menu_name`,`menu_controller`,`menu_action`,`pid`,`is_show` FROM `tp_menu` WHERE `id` = 11 LIMIT 1   [ RunTime:0.0000s ]
SQL: SELECT `id`,`menu_name`,`menu_controller`,`menu_action`,`pid`,`is_show` FROM `tp_menu` WHERE `id` = 4 LIMIT 1   [ RunTime:0.0000s ]
SQL: SELECT `id`,`menu_name`,`menu_controller`,`menu_action`,`pid`,`is_show` FROM `tp_menu` WHERE `id` = 28 LIMIT 1   [ RunTime:0.0000s ]
SQL: SELECT `id`,`menu_name`,`menu_controller`,`menu_action`,`pid`,`is_show` FROM `tp_menu` WHERE `id` = 3 LIMIT 1   [ RunTime:0.0000s ]
SQL: SELECT `id`,`menu_name`,`menu_controller`,`menu_action`,`pid`,`is_show` FROM `tp_menu` WHERE `id` = 24 LIMIT 1   [ RunTime:0.0000s ]
SQL: SELECT `id`,`menu_name`,`menu_controller`,`menu_action`,`pid`,`is_show` FROM `tp_menu` WHERE `id` = 7 LIMIT 1   [ RunTime:0.0010s ]
SQL: SELECT `id`,`menu_name`,`menu_controller`,`menu_action`,`pid`,`is_show` FROM `tp_menu` WHERE `id` = 2 LIMIT 1   [ RunTime:0.0000s ]
SQL: SELECT `id`,`menu_name`,`menu_controller`,`menu_action`,`pid`,`is_show` FROM `tp_menu` WHERE `id` = 1 LIMIT 1   [ RunTime:0.0000s ]
SQL: SELECT `id`,`menu_name`,`menu_controller`,`menu_action`,`pid`,`is_show` FROM `tp_menu` WHERE `id` = 10 LIMIT 1   [ RunTime:0.0000s ]
SQL: SELECT `id`,`menu_name`,`menu_controller`,`menu_action`,`pid`,`is_show` FROM `tp_menu` WHERE `id` = 23 LIMIT 1   [ RunTime:0.0000s ]
NOTIC: [2048] Declaration of Common\Model\BasegoodsModel::_after_select() should be compatible with that of Think\Model::_after_select() F:\wamp\tbtwo\Application\Common\Model\BasegoodsModel.class.php 第 30 行.
NOTIC: [2048] Declaration of Common\Model\BasegoodsModel::_after_find() should be compatible with that of Think\Model::_after_find() F:\wamp\tbtwo\Application\Common\Model\BasegoodsModel.class.php 第 30 行.
NOTIC: [2048] Declaration of Admin\Model\GoodsModel::_before_insert() should be compatible with that of Think\Model::_before_insert() F:\wamp\tbtwo\Application\Admin\Model\GoodsModel.class.php 第 13 行.
NOTIC: [2048] Declaration of Admin\Model\GoodsModel::_before_update() should be compatible with that of Think\Model::_before_update() F:\wamp\tbtwo\Application\Admin\Model\GoodsModel.class.php 第 13 行.
SQL: SHOW COLUMNS FROM `tp_goods` [ RunTime:0.0140s ]
SQL: SELECT COUNT(*) AS tp_count FROM `tp_goods` WHERE ( display<>0 ) LIMIT 1   [ RunTime:0.0000s ]
SQL: SELECT a.* FROM tp_goods a WHERE ( a.display<>0 ) LIMIT 32,2   [ RunTime:0.0010s ]
SQL: SHOW COLUMNS FROM `tp_brand` [ RunTime:0.0180s ]
SQL: SELECT `brand_name` FROM `tp_brand` WHERE `id` = 22 LIMIT 1   [ RunTime:0.0010s ]
SQL: SHOW COLUMNS FROM `tp_category` [ RunTime:0.0120s ]
SQL: SELECT `category_name` FROM `tp_category` WHERE `id` = 6 LIMIT 1   [ RunTime:0.0000s ]
SQL: SELECT `brand_name` FROM `tp_brand` WHERE `id` = 18 LIMIT 1   [ RunTime:0.0000s ]
SQL: SELECT `category_name` FROM `tp_category` WHERE `id` = 1 LIMIT 1   [ RunTime:0.0000s ]

[ 2017-09-25T15:17:11+08:00 ] 127.0.0.1 /index.php/Admin/Goods/ajaxindex?page=16
INFO: [ app_begin ] --START--
INFO: Run Behavior\ReadHtmlCacheBehavior [ RunTime:0.000000s ]
INFO: [ app_begin ] --END-- [ RunTime:0.001000s ]
SQL: SHOW COLUMNS FROM `tp_access` [ RunTime:0.0120s ]
SQL: SHOW COLUMNS FROM `tp_access` [ RunTime:0.0140s ]
SQL: SELECT `menu_id` FROM `tp_access` WHERE ( role_id=5 )  [ RunTime:0.0000s ]
SQL: SHOW COLUMNS FROM `tp_menu` [ RunTime:0.0150s ]
SQL: SELECT `id`,`menu_name`,`menu_controller`,`menu_action`,`pid`,`is_show` FROM `tp_menu` WHERE `id` = 22 LIMIT 1   [ RunTime:0.0010s ]
SQL: SELECT `id`,`menu_name`,`menu_controller`,`menu_action`,`pid`,`is_show` FROM `tp_menu` WHERE `id` = 29 LIMIT 1   [ RunTime:0.0010s ]
SQL: SELECT `id`,`menu_name`,`menu_controller`,`menu_action`,`pid`,`is_show` FROM `tp_menu` WHERE `id` = 8 LIMIT 1   [ RunTime:0.0000s ]
SQL: SELECT `id`,`menu_name`,`menu_controller`,`menu_action`,`pid`,`is_show` FROM `tp_menu` WHERE `id` = 17 LIMIT 1   [ RunTime:0.0010s ]
SQL: SELECT `id`,`menu_name`,`menu_controller`,`menu_action`,`pid`,`is_show` FROM `tp_menu` WHERE `id` = 16 LIMIT 1   [ RunTime:0.0000s ]
SQL: SELECT `id`,`menu_name`,`menu_controller`,`menu_action`,`pid`,`is_show` FROM `tp_menu` WHERE `id` = 15 LIMIT 1   [ RunTime:0.0010s ]
SQL: SELECT `id`,`menu_name`,`menu_controller`,`menu_action`,`pid`,`is_show` FROM `tp_menu` WHERE `id` = 14 LIMIT 1   [ RunTime:0.0000s ]
SQL: SELECT `id`,`menu_name`,`menu_controller`,`menu_action`,`pid`,`is_show` FROM `tp_menu` WHERE `id` = 27 LIMIT 1   [ RunTime:0.0000s ]
SQL: SELECT `id`,`menu_name`,`menu_controller`,`menu_action`,`pid`,`is_show` FROM `tp_menu` WHERE `id` = 26 LIMIT 1   [ RunTime:0.0000s ]
SQL: SELECT `id`,`menu_name`,`menu_controller`,`menu_action`,`pid`,`is_show` FROM `tp_menu` WHERE `id` = 25 LIMIT 1   [ RunTime:0.0000s ]
SQL: SELECT `id`,`menu_name`,`menu_controller`,`menu_action`,`pid`,`is_show` FROM `tp_menu` WHERE `id` = 6 LIMIT 1   [ RunTime:0.0010s ]
SQL: SELECT `id`,`menu_name`,`menu_controller`,`menu_action`,`pid`,`is_show` FROM `tp_menu` WHERE `id` = 20 LIMIT 1   [ RunTime:0.0000s ]
SQL: SELECT `id`,`menu_name`,`menu_controller`,`menu_action`,`pid`,`is_show` FROM `tp_menu` WHERE `id` = 19 LIMIT 1   [ RunTime:0.0000s ]
SQL: SELECT `id`,`menu_name`,`menu_controller`,`menu_action`,`pid`,`is_show` FROM `tp_menu` WHERE `id` = 18 LIMIT 1   [ RunTime:0.0000s ]
SQL: SELECT `id`,`menu_name`,`menu_controller`,`menu_action`,`pid`,`is_show` FROM `tp_menu` WHERE `id` = 5 LIMIT 1   [ RunTime:0.0000s ]
SQL: SELECT `id`,`menu_name`,`menu_controller`,`menu_action`,`pid`,`is_show` FROM `tp_menu` WHERE `id` = 13 LIMIT 1   [ RunTime:0.0000s ]
SQL: SELECT `id`,`menu_name`,`menu_controller`,`menu_action`,`pid`,`is_show` FROM `tp_menu` WHERE `id` = 12 LIMIT 1   [ RunTime:0.0000s ]
SQL: SELECT `id`,`menu_name`,`menu_controller`,`menu_action`,`pid`,`is_show` FROM `tp_menu` WHERE `id` = 11 LIMIT 1   [ RunTime:0.0000s ]
SQL: SELECT `id`,`menu_name`,`menu_controller`,`menu_action`,`pid`,`is_show` FROM `tp_menu` WHERE `id` = 4 LIMIT 1   [ RunTime:0.0000s ]
SQL: SELECT `id`,`menu_name`,`menu_controller`,`menu_action`,`pid`,`is_show` FROM `tp_menu` WHERE `id` = 28 LIMIT 1   [ RunTime:0.0000s ]
SQL: SELECT `id`,`menu_name`,`menu_controller`,`menu_action`,`pid`,`is_show` FROM `tp_menu` WHERE `id` = 3 LIMIT 1   [ RunTime:0.0000s ]
SQL: SELECT `id`,`menu_name`,`menu_controller`,`menu_action`,`pid`,`is_show` FROM `tp_menu` WHERE `id` = 24 LIMIT 1   [ RunTime:0.0000s ]
SQL: SELECT `id`,`menu_name`,`menu_controller`,`menu_action`,`pid`,`is_show` FROM `tp_menu` WHERE `id` = 7 LIMIT 1   [ RunTime:0.0000s ]
SQL: SELECT `id`,`menu_name`,`menu_controller`,`menu_action`,`pid`,`is_show` FROM `tp_menu` WHERE `id` = 2 LIMIT 1   [ RunTime:0.0000s ]
SQL: SELECT `id`,`menu_name`,`menu_controller`,`menu_action`,`pid`,`is_show` FROM `tp_menu` WHERE `id` = 1 LIMIT 1   [ RunTime:0.0000s ]
SQL: SELECT `id`,`menu_name`,`menu_controller`,`menu_action`,`pid`,`is_show` FROM `tp_menu` WHERE `id` = 10 LIMIT 1   [ RunTime:0.0000s ]
SQL: SELECT `id`,`menu_name`,`menu_controller`,`menu_action`,`pid`,`is_show` FROM `tp_menu` WHERE `id` = 23 LIMIT 1   [ RunTime:0.0010s ]
NOTIC: [2048] Declaration of Common\Model\BasegoodsModel::_after_select() should be compatible with that of Think\Model::_after_select() F:\wamp\tbtwo\Application\Common\Model\BasegoodsModel.class.php 第 30 行.
NOTIC: [2048] Declaration of Common\Model\BasegoodsModel::_after_find() should be compatible with that of Think\Model::_after_find() F:\wamp\tbtwo\Application\Common\Model\BasegoodsModel.class.php 第 30 行.
NOTIC: [2048] Declaration of Admin\Model\GoodsModel::_before_insert() should be compatible with that of Think\Model::_before_insert() F:\wamp\tbtwo\Application\Admin\Model\GoodsModel.class.php 第 13 行.
NOTIC: [2048] Declaration of Admin\Model\GoodsModel::_before_update() should be compatible with that of Think\Model::_before_update() F:\wamp\tbtwo\Application\Admin\Model\GoodsModel.class.php 第 13 行.
SQL: SHOW COLUMNS FROM `tp_goods` [ RunTime:0.0170s ]
SQL: SELECT COUNT(*) AS tp_count FROM `tp_goods` WHERE ( display<>0 ) LIMIT 1   [ RunTime:0.0000s ]
SQL: SELECT a.* FROM tp_goods a WHERE ( a.display<>0 ) LIMIT 30,2   [ RunTime:0.0000s ]
SQL: SHOW COLUMNS FROM `tp_brand` [ RunTime:0.0140s ]
SQL: SELECT `brand_name` FROM `tp_brand` WHERE `id` = 22 LIMIT 1   [ RunTime:0.0000s ]
SQL: SHOW COLUMNS FROM `tp_category` [ RunTime:0.0160s ]
SQL: SELECT `category_name` FROM `tp_category` WHERE `id` = 1 LIMIT 1   [ RunTime:0.0000s ]
SQL: SELECT `brand_name` FROM `tp_brand` WHERE `id` = 22 LIMIT 1   [ RunTime:0.0000s ]
SQL: SELECT `category_name` FROM `tp_category` WHERE `id` = 1 LIMIT 1   [ RunTime:0.0000s ]

[ 2017-09-25T15:18:24+08:00 ] 127.0.0.1 /index.php/Admin/Goods/ajaxindex?page=2
INFO: [ app_begin ] --START--
INFO: Run Behavior\ReadHtmlCacheBehavior [ RunTime:0.001000s ]
INFO: [ app_begin ] --END-- [ RunTime:0.002000s ]
SQL: SHOW COLUMNS FROM `tp_access` [ RunTime:0.0130s ]
SQL: SHOW COLUMNS FROM `tp_access` [ RunTime:0.0110s ]
SQL: SELECT `menu_id` FROM `tp_access` WHERE ( role_id=5 )  [ RunTime:0.0000s ]
SQL: SHOW COLUMNS FROM `tp_menu` [ RunTime:0.0180s ]
SQL: SELECT `id`,`menu_name`,`menu_controller`,`menu_action`,`pid`,`is_show` FROM `tp_menu` WHERE `id` = 22 LIMIT 1   [ RunTime:0.0010s ]
SQL: SELECT `id`,`menu_name`,`menu_controller`,`menu_action`,`pid`,`is_show` FROM `tp_menu` WHERE `id` = 29 LIMIT 1   [ RunTime:0.0000s ]
SQL: SELECT `id`,`menu_name`,`menu_controller`,`menu_action`,`pid`,`is_show` FROM `tp_menu` WHERE `id` = 8 LIMIT 1   [ RunTime:0.0010s ]
SQL: SELECT `id`,`menu_name`,`menu_controller`,`menu_action`,`pid`,`is_show` FROM `tp_menu` WHERE `id` = 17 LIMIT 1   [ RunTime:0.0000s ]
SQL: SELECT `id`,`menu_name`,`menu_controller`,`menu_action`,`pid`,`is_show` FROM `tp_menu` WHERE `id` = 16 LIMIT 1   [ RunTime:0.0010s ]
SQL: SELECT `id`,`menu_name`,`menu_controller`,`menu_action`,`pid`,`is_show` FROM `tp_menu` WHERE `id` = 15 LIMIT 1   [ RunTime:0.0000s ]
SQL: SELECT `id`,`menu_name`,`menu_controller`,`menu_action`,`pid`,`is_show` FROM `tp_menu` WHERE `id` = 14 LIMIT 1   [ RunTime:0.0000s ]
SQL: SELECT `id`,`menu_name`,`menu_controller`,`menu_action`,`pid`,`is_show` FROM `tp_menu` WHERE `id` = 27 LIMIT 1   [ RunTime:0.0000s ]
SQL: SELECT `id`,`menu_name`,`menu_controller`,`menu_action`,`pid`,`is_show` FROM `tp_menu` WHERE `id` = 26 LIMIT 1   [ RunTime:0.0000s ]
SQL: SELECT `id`,`menu_name`,`menu_controller`,`menu_action`,`pid`,`is_show` FROM `tp_menu` WHERE `id` = 25 LIMIT 1   [ RunTime:0.0000s ]
SQL: SELECT `id`,`menu_name`,`menu_controller`,`menu_action`,`pid`,`is_show` FROM `tp_menu` WHERE `id` = 6 LIMIT 1   [ RunTime:0.0000s ]
SQL: SELECT `id`,`menu_name`,`menu_controller`,`menu_action`,`pid`,`is_show` FROM `tp_menu` WHERE `id` = 20 LIMIT 1   [ RunTime:0.0000s ]
SQL: SELECT `id`,`menu_name`,`menu_controller`,`menu_action`,`pid`,`is_show` FROM `tp_menu` WHERE `id` = 19 LIMIT 1   [ RunTime:0.0010s ]
SQL: SELECT `id`,`menu_name`,`menu_controller`,`menu_action`,`pid`,`is_show` FROM `tp_menu` WHERE `id` = 18 LIMIT 1   [ RunTime:0.0000s ]
SQL: SELECT `id`,`menu_name`,`menu_controller`,`menu_action`,`pid`,`is_show` FROM `tp_menu` WHERE `id` = 5 LIMIT 1   [ RunTime:0.0010s ]
SQL: SELECT `id`,`menu_name`,`menu_controller`,`menu_action`,`pid`,`is_show` FROM `tp_menu` WHERE `id` = 13 LIMIT 1   [ RunTime:0.0000s ]
SQL: SELECT `id`,`menu_name`,`menu_controller`,`menu_action`,`pid`,`is_show` FROM `tp_menu` WHERE `id` = 12 LIMIT 1   [ RunTime:0.0000s ]
SQL: SELECT `id`,`menu_name`,`menu_controller`,`menu_action`,`pid`,`is_show` FROM `tp_menu` WHERE `id` = 11 LIMIT 1   [ RunTime:0.0000s ]
SQL: SELECT `id`,`menu_name`,`menu_controller`,`menu_action`,`pid`,`is_show` FROM `tp_menu` WHERE `id` = 4 LIMIT 1   [ RunTime:0.0000s ]
SQL: SELECT `id`,`menu_name`,`menu_controller`,`menu_action`,`pid`,`is_show` FROM `tp_menu` WHERE `id` = 28 LIMIT 1   [ RunTime:0.0010s ]
SQL: SELECT `id`,`menu_name`,`menu_controller`,`menu_action`,`pid`,`is_show` FROM `tp_menu` WHERE `id` = 3 LIMIT 1   [ RunTime:0.0000s ]
SQL: SELECT `id`,`menu_name`,`menu_controller`,`menu_action`,`pid`,`is_show` FROM `tp_menu` WHERE `id` = 24 LIMIT 1   [ RunTime:0.0000s ]
SQL: SELECT `id`,`menu_name`,`menu_controller`,`menu_action`,`pid`,`is_show` FROM `tp_menu` WHERE `id` = 7 LIMIT 1   [ RunTime:0.0000s ]
SQL: SELECT `id`,`menu_name`,`menu_controller`,`menu_action`,`pid`,`is_show` FROM `tp_menu` WHERE `id` = 2 LIMIT 1   [ RunTime:0.0000s ]
SQL: SELECT `id`,`menu_name`,`menu_controller`,`menu_action`,`pid`,`is_show` FROM `tp_menu` WHERE `id` = 1 LIMIT 1   [ RunTime:0.0010s ]
SQL: SELECT `id`,`menu_name`,`menu_controller`,`menu_action`,`pid`,`is_show` FROM `tp_menu` WHERE `id` = 10 LIMIT 1   [ RunTime:0.0000s ]
SQL: SELECT `id`,`menu_name`,`menu_controller`,`menu_action`,`pid`,`is_show` FROM `tp_menu` WHERE `id` = 23 LIMIT 1   [ RunTime:0.0000s ]
NOTIC: [2048] Declaration of Common\Model\BasegoodsModel::_after_select() should be compatible with that of Think\Model::_after_select() F:\wamp\tbtwo\Application\Common\Model\BasegoodsModel.class.php 第 30 行.
NOTIC: [2048] Declaration of Common\Model\BasegoodsModel::_after_find() should be compatible with that of Think\Model::_after_find() F:\wamp\tbtwo\Application\Common\Model\BasegoodsModel.class.php 第 30 行.
NOTIC: [2048] Declaration of Admin\Model\GoodsModel::_before_insert() should be compatible with that of Think\Model::_before_insert() F:\wamp\tbtwo\Application\Admin\Model\GoodsModel.class.php 第 13 行.
NOTIC: [2048] Declaration of Admin\Model\GoodsModel::_before_update() should be compatible with that of Think\Model::_before_update() F:\wamp\tbtwo\Application\Admin\Model\GoodsModel.class.php 第 13 行.
SQL: SHOW COLUMNS FROM `tp_goods` [ RunTime:0.0160s ]
SQL: SELECT COUNT(*) AS tp_count FROM `tp_goods` WHERE ( display<>0 ) LIMIT 1   [ RunTime:0.0000s ]
SQL: SELECT a.* FROM tp_goods a WHERE ( a.display<>0 ) LIMIT 2,2   [ RunTime:0.0010s ]
SQL: SHOW COLUMNS FROM `tp_brand` [ RunTime:0.0160s ]
SQL: SELECT `brand_name` FROM `tp_brand` WHERE `id` = 18 LIMIT 1   [ RunTime:0.0000s ]
SQL: SHOW COLUMNS FROM `tp_category` [ RunTime:0.0160s ]
SQL: SELECT `category_name` FROM `tp_category` WHERE `id` = 1 LIMIT 1   [ RunTime:0.0000s ]
SQL: SELECT `brand_name` FROM `tp_brand` WHERE `id` = 21 LIMIT 1   [ RunTime:0.0000s ]
SQL: SELECT `category_name` FROM `tp_category` WHERE `id` = 5 LIMIT 1   [ RunTime:0.0000s ]

[ 2017-09-25T15:19:33+08:00 ] 127.0.0.1 /index.php/Admin/Goods/ajaxindex?page=2
INFO: [ app_begin ] --START--
INFO: Run Behavior\ReadHtmlCacheBehavior [ RunTime:0.000000s ]
INFO: [ app_begin ] --END-- [ RunTime:0.001000s ]
SQL: SHOW COLUMNS FROM `tp_access` [ RunTime:0.0090s ]
SQL: SHOW COLUMNS FROM `tp_access` [ RunTime:0.0110s ]
SQL: SELECT `menu_id` FROM `tp_access` WHERE ( role_id=5 )  [ RunTime:0.0010s ]
SQL: SHOW COLUMNS FROM `tp_menu` [ RunTime:0.0070s ]
SQL: SELECT `id`,`menu_name`,`menu_controller`,`menu_action`,`pid`,`is_show` FROM `tp_menu` WHERE `id` = 22 LIMIT 1   [ RunTime:0.0020s ]
SQL: SELECT `id`,`menu_name`,`menu_controller`,`menu_action`,`pid`,`is_show` FROM `tp_menu` WHERE `id` = 29 LIMIT 1   [ RunTime:0.0000s ]
SQL: SELECT `id`,`menu_name`,`menu_controller`,`menu_action`,`pid`,`is_show` FROM `tp_menu` WHERE `id` = 8 LIMIT 1   [ RunTime:0.0000s ]
SQL: SELECT `id`,`menu_name`,`menu_controller`,`menu_action`,`pid`,`is_show` FROM `tp_menu` WHERE `id` = 17 LIMIT 1   [ RunTime:0.0000s ]
SQL: SELECT `id`,`menu_name`,`menu_controller`,`menu_action`,`pid`,`is_show` FROM `tp_menu` WHERE `id` = 16 LIMIT 1   [ RunTime:0.0000s ]
SQL: SELECT `id`,`menu_name`,`menu_controller`,`menu_action`,`pid`,`is_show` FROM `tp_menu` WHERE `id` = 15 LIMIT 1   [ RunTime:0.0000s ]
SQL: SELECT `id`,`menu_name`,`menu_controller`,`menu_action`,`pid`,`is_show` FROM `tp_menu` WHERE `id` = 14 LIMIT 1   [ RunTime:0.0000s ]
SQL: SELECT `id`,`menu_name`,`menu_controller`,`menu_action`,`pid`,`is_show` FROM `tp_menu` WHERE `id` = 27 LIMIT 1   [ RunTime:0.0020s ]
SQL: SELECT `id`,`menu_name`,`menu_controller`,`menu_action`,`pid`,`is_show` FROM `tp_menu` WHERE `id` = 26 LIMIT 1   [ RunTime:0.0010s ]
SQL: SELECT `id`,`menu_name`,`menu_controller`,`menu_action`,`pid`,`is_show` FROM `tp_menu` WHERE `id` = 25 LIMIT 1   [ RunTime:0.0010s ]
SQL: SELECT `id`,`menu_name`,`menu_controller`,`menu_action`,`pid`,`is_show` FROM `tp_menu` WHERE `id` = 6 LIMIT 1   [ RunTime:0.0000s ]
SQL: SELECT `id`,`menu_name`,`menu_controller`,`menu_action`,`pid`,`is_show` FROM `tp_menu` WHERE `id` = 20 LIMIT 1   [ RunTime:0.0000s ]
SQL: SELECT `id`,`menu_name`,`menu_controller`,`menu_action`,`pid`,`is_show` FROM `tp_menu` WHERE `id` = 19 LIMIT 1   [ RunTime:0.0010s ]
SQL: SELECT `id`,`menu_name`,`menu_controller`,`menu_action`,`pid`,`is_show` FROM `tp_menu` WHERE `id` = 18 LIMIT 1   [ RunTime:0.0010s ]
SQL: SELECT `id`,`menu_name`,`menu_controller`,`menu_action`,`pid`,`is_show` FROM `tp_menu` WHERE `id` = 5 LIMIT 1   [ RunTime:0.0020s ]
SQL: SELECT `id`,`menu_name`,`menu_controller`,`menu_action`,`pid`,`is_show` FROM `tp_menu` WHERE `id` = 13 LIMIT 1   [ RunTime:0.0010s ]
SQL: SELECT `id`,`menu_name`,`menu_controller`,`menu_action`,`pid`,`is_show` FROM `tp_menu` WHERE `id` = 12 LIMIT 1   [ RunTime:0.0010s ]
SQL: SELECT `id`,`menu_name`,`menu_controller`,`menu_action`,`pid`,`is_show` FROM `tp_menu` WHERE `id` = 11 LIMIT 1   [ RunTime:0.0000s ]
SQL: SELECT `id`,`menu_name`,`menu_controller`,`menu_action`,`pid`,`is_show` FROM `tp_menu` WHERE `id` = 4 LIMIT 1   [ RunTime:0.0000s ]
SQL: SELECT `id`,`menu_name`,`menu_controller`,`menu_action`,`pid`,`is_show` FROM `tp_menu` WHERE `id` = 28 LIMIT 1   [ RunTime:0.0010s ]
SQL: SELECT `id`,`menu_name`,`menu_controller`,`menu_action`,`pid`,`is_show` FROM `tp_menu` WHERE `id` = 3 LIMIT 1   [ RunTime:0.0000s ]
SQL: SELECT `id`,`menu_name`,`menu_controller`,`menu_action`,`pid`,`is_show` FROM `tp_menu` WHERE `id` = 24 LIMIT 1   [ RunTime:0.0000s ]
SQL: SELECT `id`,`menu_name`,`menu_controller`,`menu_action`,`pid`,`is_show` FROM `tp_menu` WHERE `id` = 7 LIMIT 1   [ RunTime:0.0000s ]
SQL: SELECT `id`,`menu_name`,`menu_controller`,`menu_action`,`pid`,`is_show` FROM `tp_menu` WHERE `id` = 2 LIMIT 1   [ RunTime:0.0000s ]
SQL: SELECT `id`,`menu_name`,`menu_controller`,`menu_action`,`pid`,`is_show` FROM `tp_menu` WHERE `id` = 1 LIMIT 1   [ RunTime:0.0000s ]
SQL: SELECT `id`,`menu_name`,`menu_controller`,`menu_action`,`pid`,`is_show` FROM `tp_menu` WHERE `id` = 10 LIMIT 1   [ RunTime:0.0000s ]
SQL: SELECT `id`,`menu_name`,`menu_controller`,`menu_action`,`pid`,`is_show` FROM `tp_menu` WHERE `id` = 23 LIMIT 1   [ RunTime:0.0010s ]
NOTIC: [2048] Declaration of Common\Model\BasegoodsModel::_after_select() should be compatible with that of Think\Model::_after_select() F:\wamp\tbtwo\Application\Common\Model\BasegoodsModel.class.php 第 30 行.
NOTIC: [2048] Declaration of Common\Model\BasegoodsModel::_after_find() should be compatible with that of Think\Model::_after_find() F:\wamp\tbtwo\Application\Common\Model\BasegoodsModel.class.php 第 30 行.
NOTIC: [2048] Declaration of Admin\Model\GoodsModel::_before_insert() should be compatible with that of Think\Model::_before_insert() F:\wamp\tbtwo\Application\Admin\Model\GoodsModel.class.php 第 13 行.
NOTIC: [2048] Declaration of Admin\Model\GoodsModel::_before_update() should be compatible with that of Think\Model::_before_update() F:\wamp\tbtwo\Application\Admin\Model\GoodsModel.class.php 第 13 行.
SQL: SHOW COLUMNS FROM `tp_goods` [ RunTime:0.0120s ]
SQL: SELECT COUNT(*) AS tp_count FROM `tp_goods` WHERE ( display<>0 ) LIMIT 1   [ RunTime:0.0010s ]
SQL: SELECT a.* FROM tp_goods a WHERE ( a.display<>0 ) LIMIT 2,2   [ RunTime:0.0000s ]
SQL: SHOW COLUMNS FROM `tp_brand` [ RunTime:0.0080s ]
SQL: SELECT `brand_name` FROM `tp_brand` WHERE `id` = 18 LIMIT 1   [ RunTime:0.0000s ]
SQL: SHOW COLUMNS FROM `tp_category` [ RunTime:0.0090s ]
SQL: SELECT `category_name` FROM `tp_category` WHERE `id` = 1 LIMIT 1   [ RunTime:0.0000s ]
SQL: SELECT `brand_name` FROM `tp_brand` WHERE `id` = 21 LIMIT 1   [ RunTime:0.0000s ]
SQL: SELECT `category_name` FROM `tp_category` WHERE `id` = 5 LIMIT 1   [ RunTime:0.0000s ]

[ 2017-09-25T15:19:33+08:00 ] 127.0.0.1 /index.php/Admin/Goods/ajaxindex?page=3
INFO: [ app_begin ] --START--
INFO: Run Behavior\ReadHtmlCacheBehavior [ RunTime:0.000000s ]
INFO: [ app_begin ] --END-- [ RunTime:0.001000s ]
SQL: SHOW COLUMNS FROM `tp_access` [ RunTime:0.0140s ]
SQL: SHOW COLUMNS FROM `tp_access` [ RunTime:0.0190s ]
SQL: SELECT `menu_id` FROM `tp_access` WHERE ( role_id=5 )  [ RunTime:0.0010s ]
SQL: SHOW COLUMNS FROM `tp_menu` [ RunTime:0.0160s ]
SQL: SELECT `id`,`menu_name`,`menu_controller`,`menu_action`,`pid`,`is_show` FROM `tp_menu` WHERE `id` = 22 LIMIT 1   [ RunTime:0.0000s ]
SQL: SELECT `id`,`menu_name`,`menu_controller`,`menu_action`,`pid`,`is_show` FROM `tp_menu` WHERE `id` = 29 LIMIT 1   [ RunTime:0.0010s ]
SQL: SELECT `id`,`menu_name`,`menu_controller`,`menu_action`,`pid`,`is_show` FROM `tp_menu` WHERE `id` = 8 LIMIT 1   [ RunTime:0.0010s ]
SQL: SELECT `id`,`menu_name`,`menu_controller`,`menu_action`,`pid`,`is_show` FROM `tp_menu` WHERE `id` = 17 LIMIT 1   [ RunTime:0.0000s ]
SQL: SELECT `id`,`menu_name`,`menu_controller`,`menu_action`,`pid`,`is_show` FROM `tp_menu` WHERE `id` = 16 LIMIT 1   [ RunTime:0.0000s ]
SQL: SELECT `id`,`menu_name`,`menu_controller`,`menu_action`,`pid`,`is_show` FROM `tp_menu` WHERE `id` = 15 LIMIT 1   [ RunTime:0.0010s ]
SQL: SELECT `id`,`menu_name`,`menu_controller`,`menu_action`,`pid`,`is_show` FROM `tp_menu` WHERE `id` = 14 LIMIT 1   [ RunTime:0.0000s ]
SQL: SELECT `id`,`menu_name`,`menu_controller`,`menu_action`,`pid`,`is_show` FROM `tp_menu` WHERE `id` = 27 LIMIT 1   [ RunTime:0.0000s ]
SQL: SELECT `id`,`menu_name`,`menu_controller`,`menu_action`,`pid`,`is_show` FROM `tp_menu` WHERE `id` = 26 LIMIT 1   [ RunTime:0.0000s ]
SQL: SELECT `id`,`menu_name`,`menu_controller`,`menu_action`,`pid`,`is_show` FROM `tp_menu` WHERE `id` = 25 LIMIT 1   [ RunTime:0.0000s ]
SQL: SELECT `id`,`menu_name`,`menu_controller`,`menu_action`,`pid`,`is_show` FROM `tp_menu` WHERE `id` = 6 LIMIT 1   [ RunTime:0.0000s ]
SQL: SELECT `id`,`menu_name`,`menu_controller`,`menu_action`,`pid`,`is_show` FROM `tp_menu` WHERE `id` = 20 LIMIT 1   [ RunTime:0.0010s ]
SQL: SELECT `id`,`menu_name`,`menu_controller`,`menu_action`,`pid`,`is_show` FROM `tp_menu` WHERE `id` = 19 LIMIT 1   [ RunTime:0.0000s ]
SQL: SELECT `id`,`menu_name`,`menu_controller`,`menu_action`,`pid`,`is_show` FROM `tp_menu` WHERE `id` = 18 LIMIT 1   [ RunTime:0.0010s ]
SQL: SELECT `id`,`menu_name`,`menu_controller`,`menu_action`,`pid`,`is_show` FROM `tp_menu` WHERE `id` = 5 LIMIT 1   [ RunTime:0.0010s ]
SQL: SELECT `id`,`menu_name`,`menu_controller`,`menu_action`,`pid`,`is_show` FROM `tp_menu` WHERE `id` = 13 LIMIT 1   [ RunTime:0.0000s ]
SQL: SELECT `id`,`menu_name`,`menu_controller`,`menu_action`,`pid`,`is_show` FROM `tp_menu` WHERE `id` = 12 LIMIT 1   [ RunTime:0.0000s ]
SQL: SELECT `id`,`menu_name`,`menu_controller`,`menu_action`,`pid`,`is_show` FROM `tp_menu` WHERE `id` = 11 LIMIT 1   [ RunTime:0.0000s ]
SQL: SELECT `id`,`menu_name`,`menu_controller`,`menu_action`,`pid`,`is_show` FROM `tp_menu` WHERE `id` = 4 LIMIT 1   [ RunTime:0.0010s ]
SQL: SELECT `id`,`menu_name`,`menu_controller`,`menu_action`,`pid`,`is_show` FROM `tp_menu` WHERE `id` = 28 LIMIT 1   [ RunTime:0.0000s ]
SQL: SELECT `id`,`menu_name`,`menu_controller`,`menu_action`,`pid`,`is_show` FROM `tp_menu` WHERE `id` = 3 LIMIT 1   [ RunTime:0.0000s ]
SQL: SELECT `id`,`menu_name`,`menu_controller`,`menu_action`,`pid`,`is_show` FROM `tp_menu` WHERE `id` = 24 LIMIT 1   [ RunTime:0.0000s ]
SQL: SELECT `id`,`menu_name`,`menu_controller`,`menu_action`,`pid`,`is_show` FROM `tp_menu` WHERE `id` = 7 LIMIT 1   [ RunTime:0.0010s ]
SQL: SELECT `id`,`menu_name`,`menu_controller`,`menu_action`,`pid`,`is_show` FROM `tp_menu` WHERE `id` = 2 LIMIT 1   [ RunTime:0.0000s ]
SQL: SELECT `id`,`menu_name`,`menu_controller`,`menu_action`,`pid`,`is_show` FROM `tp_menu` WHERE `id` = 1 LIMIT 1   [ RunTime:0.0000s ]
SQL: SELECT `id`,`menu_name`,`menu_controller`,`menu_action`,`pid`,`is_show` FROM `tp_menu` WHERE `id` = 10 LIMIT 1   [ RunTime:0.0010s ]
SQL: SELECT `id`,`menu_name`,`menu_controller`,`menu_action`,`pid`,`is_show` FROM `tp_menu` WHERE `id` = 23 LIMIT 1   [ RunTime:0.0000s ]
NOTIC: [2048] Declaration of Common\Model\BasegoodsModel::_after_select() should be compatible with that of Think\Model::_after_select() F:\wamp\tbtwo\Application\Common\Model\BasegoodsModel.class.php 第 30 行.
NOTIC: [2048] Declaration of Common\Model\BasegoodsModel::_after_find() should be compatible with that of Think\Model::_after_find() F:\wamp\tbtwo\Application\Common\Model\BasegoodsModel.class.php 第 30 行.
NOTIC: [2048] Declaration of Admin\Model\GoodsModel::_before_insert() should be compatible with that of Think\Model::_before_insert() F:\wamp\tbtwo\Application\Admin\Model\GoodsModel.class.php 第 13 行.
NOTIC: [2048] Declaration of Admin\Model\GoodsModel::_before_update() should be compatible with that of Think\Model::_before_update() F:\wamp\tbtwo\Application\Admin\Model\GoodsModel.class.php 第 13 行.
SQL: SHOW COLUMNS FROM `tp_goods` [ RunTime:0.0150s ]
SQL: SELECT COUNT(*) AS tp_count FROM `tp_goods` WHERE ( display<>0 ) LIMIT 1   [ RunTime:0.0000s ]
SQL: SELECT a.* FROM tp_goods a WHERE ( a.display<>0 ) LIMIT 4,2   [ RunTime:0.0020s ]
SQL: SHOW COLUMNS FROM `tp_brand` [ RunTime:0.0160s ]
SQL: SELECT `brand_name` FROM `tp_brand` WHERE `id` = 30 LIMIT 1   [ RunTime:0.0010s ]
SQL: SHOW COLUMNS FROM `tp_category` [ RunTime:0.0150s ]
SQL: SELECT `category_name` FROM `tp_category` WHERE `id` = 6 LIMIT 1   [ RunTime:0.0010s ]
SQL: SELECT `brand_name` FROM `tp_brand` WHERE `id` = 31 LIMIT 1   [ RunTime:0.0010s ]
SQL: SELECT `category_name` FROM `tp_category` WHERE `id` = 6 LIMIT 1   [ RunTime:0.0010s ]

[ 2017-09-25T15:19:38+08:00 ] 127.0.0.1 /index.php/Admin/Goods/ajaxindex?page=17
INFO: [ app_begin ] --START--
INFO: Run Behavior\ReadHtmlCacheBehavior [ RunTime:0.000000s ]
INFO: [ app_begin ] --END-- [ RunTime:0.000000s ]
SQL: SHOW COLUMNS FROM `tp_access` [ RunTime:0.0130s ]
SQL: SHOW COLUMNS FROM `tp_access` [ RunTime:0.0090s ]
SQL: SELECT `menu_id` FROM `tp_access` WHERE ( role_id=5 )  [ RunTime:0.0010s ]
SQL: SHOW COLUMNS FROM `tp_menu` [ RunTime:0.0100s ]
SQL: SELECT `id`,`menu_name`,`menu_controller`,`menu_action`,`pid`,`is_show` FROM `tp_menu` WHERE `id` = 22 LIMIT 1   [ RunTime:0.0000s ]
SQL: SELECT `id`,`menu_name`,`menu_controller`,`menu_action`,`pid`,`is_show` FROM `tp_menu` WHERE `id` = 29 LIMIT 1   [ RunTime:0.0010s ]
SQL: SELECT `id`,`menu_name`,`menu_controller`,`menu_action`,`pid`,`is_show` FROM `tp_menu` WHERE `id` = 8 LIMIT 1   [ RunTime:0.0010s ]
SQL: SELECT `id`,`menu_name`,`menu_controller`,`menu_action`,`pid`,`is_show` FROM `tp_menu` WHERE `id` = 17 LIMIT 1   [ RunTime:0.0000s ]
SQL: SELECT `id`,`menu_name`,`menu_controller`,`menu_action`,`pid`,`is_show` FROM `tp_menu` WHERE `id` = 16 LIMIT 1   [ RunTime:0.0000s ]
SQL: SELECT `id`,`menu_name`,`menu_controller`,`menu_action`,`pid`,`is_show` FROM `tp_menu` WHERE `id` = 15 LIMIT 1   [ RunTime:0.0010s ]
SQL: SELECT `id`,`menu_name`,`menu_controller`,`menu_action`,`pid`,`is_show` FROM `tp_menu` WHERE `id` = 14 LIMIT 1   [ RunTime:0.0000s ]
SQL: SELECT `id`,`menu_name`,`menu_controller`,`menu_action`,`pid`,`is_show` FROM `tp_menu` WHERE `id` = 27 LIMIT 1   [ RunTime:0.0000s ]
SQL: SELECT `id`,`menu_name`,`menu_controller`,`menu_action`,`pid`,`is_show` FROM `tp_menu` WHERE `id` = 26 LIMIT 1   [ RunTime:0.0010s ]
SQL: SELECT `id`,`menu_name`,`menu_controller`,`menu_action`,`pid`,`is_show` FROM `tp_menu` WHERE `id` = 25 LIMIT 1   [ RunTime:0.0010s ]
SQL: SELECT `id`,`menu_name`,`menu_controller`,`menu_action`,`pid`,`is_show` FROM `tp_menu` WHERE `id` = 6 LIMIT 1   [ RunTime:0.0000s ]
SQL: SELECT `id`,`menu_name`,`menu_controller`,`menu_action`,`pid`,`is_show` FROM `tp_menu` WHERE `id` = 20 LIMIT 1   [ RunTime:0.0000s ]
SQL: SELECT `id`,`menu_name`,`menu_controller`,`menu_action`,`pid`,`is_show` FROM `tp_menu` WHERE `id` = 19 LIMIT 1   [ RunTime:0.0000s ]
SQL: SELECT `id`,`menu_name`,`menu_controller`,`menu_action`,`pid`,`is_show` FROM `tp_menu` WHERE `id` = 18 LIMIT 1   [ RunTime:0.0020s ]
SQL: SELECT `id`,`menu_name`,`menu_controller`,`menu_action`,`pid`,`is_show` FROM `tp_menu` WHERE `id` = 5 LIMIT 1   [ RunTime:0.0010s ]
SQL: SELECT `id`,`menu_name`,`menu_controller`,`menu_action`,`pid`,`is_show` FROM `tp_menu` WHERE `id` = 13 LIMIT 1   [ RunTime:0.0000s ]
SQL: SELECT `id`,`menu_name`,`menu_controller`,`menu_action`,`pid`,`is_show` FROM `tp_menu` WHERE `id` = 12 LIMIT 1   [ RunTime:0.0010s ]
SQL: SELECT `id`,`menu_name`,`menu_controller`,`menu_action`,`pid`,`is_show` FROM `tp_menu` WHERE `id` = 11 LIMIT 1   [ RunTime:0.0010s ]
SQL: SELECT `id`,`menu_name`,`menu_controller`,`menu_action`,`pid`,`is_show` FROM `tp_menu` WHERE `id` = 4 LIMIT 1   [ RunTime:0.0010s ]
SQL: SELECT `id`,`menu_name`,`menu_controller`,`menu_action`,`pid`,`is_show` FROM `tp_menu` WHERE `id` = 28 LIMIT 1   [ RunTime:0.0000s ]
SQL: SELECT `id`,`menu_name`,`menu_controller`,`menu_action`,`pid`,`is_show` FROM `tp_menu` WHERE `id` = 3 LIMIT 1   [ RunTime:0.0000s ]
SQL: SELECT `id`,`menu_name`,`menu_controller`,`menu_action`,`pid`,`is_show` FROM `tp_menu` WHERE `id` = 24 LIMIT 1   [ RunTime:0.0010s ]
SQL: SELECT `id`,`menu_name`,`menu_controller`,`menu_action`,`pid`,`is_show` FROM `tp_menu` WHERE `id` = 7 LIMIT 1   [ RunTime:0.0000s ]
SQL: SELECT `id`,`menu_name`,`menu_controller`,`menu_action`,`pid`,`is_show` FROM `tp_menu` WHERE `id` = 2 LIMIT 1   [ RunTime:0.0000s ]
SQL: SELECT `id`,`menu_name`,`menu_controller`,`menu_action`,`pid`,`is_show` FROM `tp_menu` WHERE `id` = 1 LIMIT 1   [ RunTime:0.0000s ]
SQL: SELECT `id`,`menu_name`,`menu_controller`,`menu_action`,`pid`,`is_show` FROM `tp_menu` WHERE `id` = 10 LIMIT 1   [ RunTime:0.0000s ]
SQL: SELECT `id`,`menu_name`,`menu_controller`,`menu_action`,`pid`,`is_show` FROM `tp_menu` WHERE `id` = 23 LIMIT 1   [ RunTime:0.0010s ]
NOTIC: [2048] Declaration of Common\Model\BasegoodsModel::_after_select() should be compatible with that of Think\Model::_after_select() F:\wamp\tbtwo\Application\Common\Model\BasegoodsModel.class.php 第 30 行.
NOTIC: [2048] Declaration of Common\Model\BasegoodsModel::_after_find() should be compatible with that of Think\Model::_after_find() F:\wamp\tbtwo\Application\Common\Model\BasegoodsModel.class.php 第 30 行.
NOTIC: [2048] Declaration of Admin\Model\GoodsModel::_before_insert() should be compatible with that of Think\Model::_before_insert() F:\wamp\tbtwo\Application\Admin\Model\GoodsModel.class.php 第 13 行.
NOTIC: [2048] Declaration of Admin\Model\GoodsModel::_before_update() should be compatible with that of Think\Model::_before_update() F:\wamp\tbtwo\Application\Admin\Model\GoodsModel.class.php 第 13 行.
SQL: SHOW COLUMNS FROM `tp_goods` [ RunTime:0.0160s ]
SQL: SELECT COUNT(*) AS tp_count FROM `tp_goods` WHERE ( display<>0 ) LIMIT 1   [ RunTime:0.0000s ]
SQL: SELECT a.* FROM tp_goods a WHERE ( a.display<>0 ) LIMIT 32,2   [ RunTime:0.0010s ]
SQL: SHOW COLUMNS FROM `tp_brand` [ RunTime:0.0140s ]
SQL: SELECT `brand_name` FROM `tp_brand` WHERE `id` = 22 LIMIT 1   [ RunTime:0.0010s ]
SQL: SHOW COLUMNS FROM `tp_category` [ RunTime:0.0140s ]
SQL: SELECT `category_name` FROM `tp_category` WHERE `id` = 6 LIMIT 1   [ RunTime:0.0000s ]
SQL: SELECT `brand_name` FROM `tp_brand` WHERE `id` = 18 LIMIT 1   [ RunTime:0.0000s ]
SQL: SELECT `category_name` FROM `tp_category` WHERE `id` = 1 LIMIT 1   [ RunTime:0.0010s ]

