[ 2017-09-16T11:56:09+08:00 ] 127.0.0.1 /index.php/Admin/admin/css/mine.css
ERR: 非法操作:css

[ 2017-09-16T11:56:14+08:00 ] 127.0.0.1 /index.php/Admin/admin/css/mine.css
ERR: 非法操作:css

[ 2017-09-16T11:56:53+08:00 ] 127.0.0.1 /index.php/Admin/admin/css/mine.css
ERR: 非法操作:css

[ 2017-09-16T14:58:23+08:00 ] 127.0.0.1 /index.php/Admin/admin/:U('admin/yzpwd')
INFO: [ app_begin ] --START--
INFO: Run Behavior\ReadHtmlCacheBehavior [ RunTime:0.000238s ]
INFO: [ app_begin ] --END-- [ RunTime:0.000407s ]
ERR: 非法操作::U('admin

[ 2017-09-16T14:59:11+08:00 ] 127.0.0.1 /index.php/Admin/admin/yzpwd.html
INFO: [ app_begin ] --START--
INFO: Run Behavior\ReadHtmlCacheBehavior [ RunTime:0.000240s ]
INFO: [ app_begin ] --END-- [ RunTime:0.000413s ]
SQL: SHOW COLUMNS FROM `tp_admin` [ RunTime:0.0084s ]
NOTIC: [8] Undefined index: admin_id D:\wamp\works\tbtwo\Application\Admin\Controller\AdminController.class.php 第 27 行.
SQL: SELECT * FROM `tp_admin` LIMIT 1   [ RunTime:0.0004s ]
INFO: [ app_end ] --START--
INFO: Run Behavior\ShowPageTraceBehavior [ RunTime:0.000397s ]
INFO: [ app_end ] --END-- [ RunTime:0.000430s ]

[ 2017-09-16T15:00:33+08:00 ] 127.0.0.1 /index.php/Admin/admin/yzpwd.html
INFO: [ app_begin ] --START--
INFO: Run Behavior\ReadHtmlCacheBehavior [ RunTime:0.000238s ]
INFO: [ app_begin ] --END-- [ RunTime:0.000407s ]
SQL: SHOW COLUMNS FROM `tp_admin` [ RunTime:0.0055s ]
NOTIC: [8] Undefined index: admin_id D:\wamp\works\tbtwo\Application\Admin\Controller\AdminController.class.php 第 27 行.
SQL: SELECT * FROM `tp_admin` LIMIT 1   [ RunTime:0.0003s ]
INFO: [ app_end ] --START--
INFO: Run Behavior\ShowPageTraceBehavior [ RunTime:0.000379s ]
INFO: [ app_end ] --END-- [ RunTime:0.000411s ]

[ 2017-09-16T15:00:51+08:00 ] 127.0.0.1 /index.php/Admin/admin/yzpwd.html
INFO: [ app_begin ] --START--
INFO: Run Behavior\ReadHtmlCacheBehavior [ RunTime:0.000242s ]
INFO: [ app_begin ] --END-- [ RunTime:0.000411s ]
SQL: SHOW COLUMNS FROM `tp_admin` [ RunTime:0.0048s ]
NOTIC: [8] Undefined index: admin_id D:\wamp\works\tbtwo\Application\Admin\Controller\AdminController.class.php 第 27 行.
SQL: SELECT * FROM `tp_admin` LIMIT 1   [ RunTime:0.0002s ]
INFO: [ app_end ] --START--
INFO: Run Behavior\ShowPageTraceBehavior [ RunTime:0.000375s ]
INFO: [ app_end ] --END-- [ RunTime:0.000405s ]

[ 2017-09-16T15:01:03+08:00 ] 127.0.0.1 /index.php/Admin/admin/yzpwd.html
INFO: [ app_begin ] --START--
INFO: Run Behavior\ReadHtmlCacheBehavior [ RunTime:0.000238s ]
INFO: [ app_begin ] --END-- [ RunTime:0.000409s ]
SQL: SHOW COLUMNS FROM `tp_admin` [ RunTime:0.0046s ]
NOTIC: [8] Undefined index: admin_id D:\wamp\works\tbtwo\Application\Admin\Controller\AdminController.class.php 第 27 行.
SQL: SELECT * FROM `tp_admin` LIMIT 1   [ RunTime:0.0001s ]
INFO: [ app_end ] --START--
INFO: Run Behavior\ShowPageTraceBehavior [ RunTime:0.000382s ]
INFO: [ app_end ] --END-- [ RunTime:0.000412s ]

[ 2017-09-16T15:03:16+08:00 ] 127.0.0.1 /index.php/Admin/admin/yzpwd.html
INFO: [ app_begin ] --START--
INFO: Run Behavior\ReadHtmlCacheBehavior [ RunTime:0.000257s ]
INFO: [ app_begin ] --END-- [ RunTime:0.000455s ]
SQL: SHOW COLUMNS FROM `tp_admin` [ RunTime:0.0080s ]
NOTIC: [8] Undefined index: admin_id D:\wamp\works\tbtwo\Application\Admin\Controller\AdminController.class.php 第 27 行.
SQL: SELECT * FROM `tp_admin` LIMIT 1   [ RunTime:0.0005s ]
INFO: [ app_end ] --START--
INFO: Run Behavior\ShowPageTraceBehavior [ RunTime:0.000442s ]
INFO: [ app_end ] --END-- [ RunTime:0.000480s ]

[ 2017-09-16T15:03:51+08:00 ] 127.0.0.1 /index.php/Admin/admin/yzpwd.html
INFO: [ app_begin ] --START--
INFO: Run Behavior\ReadHtmlCacheBehavior [ RunTime:0.000247s ]
INFO: [ app_begin ] --END-- [ RunTime:0.000418s ]
SQL: SHOW COLUMNS FROM `tp_admin` [ RunTime:0.0049s ]
NOTIC: [8] Undefined index: admin_id D:\wamp\works\tbtwo\Application\Admin\Controller\AdminController.class.php 第 27 行.
SQL: SELECT * FROM `tp_admin` LIMIT 1   [ RunTime:0.0005s ]
INFO: [ app_end ] --START--
INFO: Run Behavior\ShowPageTraceBehavior [ RunTime:0.000318s ]
INFO: [ app_end ] --END-- [ RunTime:0.000350s ]

[ 2017-09-16T15:04:04+08:00 ] 127.0.0.1 /index.php/Admin/admin/yzpwd.html
INFO: [ app_begin ] --START--
INFO: Run Behavior\ReadHtmlCacheBehavior [ RunTime:0.000242s ]
INFO: [ app_begin ] --END-- [ RunTime:0.000413s ]
SQL: SHOW COLUMNS FROM `tp_admin` [ RunTime:0.0050s ]
NOTIC: [8] Undefined index: admin_id D:\wamp\works\tbtwo\Application\Admin\Controller\AdminController.class.php 第 27 行.
SQL: SELECT * FROM `tp_admin` LIMIT 1   [ RunTime:0.0002s ]
INFO: [ app_end ] --START--
INFO: Run Behavior\ShowPageTraceBehavior [ RunTime:0.000293s ]
INFO: [ app_end ] --END-- [ RunTime:0.000323s ]

[ 2017-09-16T15:04:06+08:00 ] 127.0.0.1 /index.php/Admin/admin/yzpwd.html
INFO: [ app_begin ] --START--
INFO: Run Behavior\ReadHtmlCacheBehavior [ RunTime:0.000236s ]
INFO: [ app_begin ] --END-- [ RunTime:0.000404s ]
SQL: SHOW COLUMNS FROM `tp_admin` [ RunTime:0.0052s ]
NOTIC: [8] Undefined index: admin_id D:\wamp\works\tbtwo\Application\Admin\Controller\AdminController.class.php 第 27 行.
SQL: SELECT * FROM `tp_admin` LIMIT 1   [ RunTime:0.0003s ]
INFO: [ app_end ] --START--
INFO: Run Behavior\ShowPageTraceBehavior [ RunTime:0.000298s ]
INFO: [ app_end ] --END-- [ RunTime:0.000329s ]

[ 2017-09-16T15:04:07+08:00 ] 127.0.0.1 /index.php/Admin/admin/yzpwd.html
INFO: [ app_begin ] --START--
INFO: Run Behavior\ReadHtmlCacheBehavior [ RunTime:0.000237s ]
INFO: [ app_begin ] --END-- [ RunTime:0.000407s ]
SQL: SHOW COLUMNS FROM `tp_admin` [ RunTime:0.0048s ]
NOTIC: [8] Undefined index: admin_id D:\wamp\works\tbtwo\Application\Admin\Controller\AdminController.class.php 第 27 行.
SQL: SELECT * FROM `tp_admin` LIMIT 1   [ RunTime:0.0003s ]
INFO: [ app_end ] --START--
INFO: Run Behavior\ShowPageTraceBehavior [ RunTime:0.000290s ]
INFO: [ app_end ] --END-- [ RunTime:0.000321s ]

[ 2017-09-16T15:05:52+08:00 ] 127.0.0.1 /index.php/Admin/admin/yzpwd.html
INFO: [ app_begin ] --START--
INFO: Run Behavior\ReadHtmlCacheBehavior [ RunTime:0.000235s ]
INFO: [ app_begin ] --END-- [ RunTime:0.000403s ]
SQL: SHOW COLUMNS FROM `tp_admin` [ RunTime:0.0056s ]
NOTIC: [8] Undefined index: admin_id D:\wamp\works\tbtwo\Application\Admin\Controller\AdminController.class.php 第 27 行.
SQL: SELECT * FROM `tp_admin` LIMIT 1   [ RunTime:0.0004s ]
INFO: [ app_end ] --START--
INFO: Run Behavior\ShowPageTraceBehavior [ RunTime:0.000302s ]
INFO: [ app_end ] --END-- [ RunTime:0.000337s ]

[ 2017-09-16T15:06:13+08:00 ] 127.0.0.1 /index.php/Admin/admin/yzpwd.html
INFO: [ app_begin ] --START--
INFO: Run Behavior\ReadHtmlCacheBehavior [ RunTime:0.000235s ]
INFO: [ app_begin ] --END-- [ RunTime:0.000403s ]
SQL: SHOW COLUMNS FROM `tp_admin` [ RunTime:0.0048s ]
NOTIC: [8] Undefined index: admin_id D:\wamp\works\tbtwo\Application\Admin\Controller\AdminController.class.php 第 27 行.
SQL: SELECT * FROM `tp_admin` LIMIT 1   [ RunTime:0.0001s ]
INFO: [ app_end ] --START--
INFO: Run Behavior\ShowPageTraceBehavior [ RunTime:0.000310s ]
INFO: [ app_end ] --END-- [ RunTime:0.000341s ]

[ 2017-09-16T15:06:16+08:00 ] 127.0.0.1 /index.php/Admin/admin/yzpwd.html
INFO: [ app_begin ] --START--
INFO: Run Behavior\ReadHtmlCacheBehavior [ RunTime:0.000235s ]
INFO: [ app_begin ] --END-- [ RunTime:0.000403s ]
SQL: SHOW COLUMNS FROM `tp_admin` [ RunTime:0.0075s ]
NOTIC: [8] Undefined index: admin_id D:\wamp\works\tbtwo\Application\Admin\Controller\AdminController.class.php 第 27 行.
SQL: SELECT * FROM `tp_admin` LIMIT 1   [ RunTime:0.0002s ]
INFO: [ app_end ] --START--
INFO: Run Behavior\ShowPageTraceBehavior [ RunTime:0.000303s ]
INFO: [ app_end ] --END-- [ RunTime:0.000333s ]

[ 2017-09-16T15:06:40+08:00 ] 127.0.0.1 /index.php/Admin/admin/yzpwd.html
INFO: [ app_begin ] --START--
INFO: Run Behavior\ReadHtmlCacheBehavior [ RunTime:0.000243s ]
INFO: [ app_begin ] --END-- [ RunTime:0.000411s ]
SQL: SHOW COLUMNS FROM `tp_admin` [ RunTime:0.0075s ]
NOTIC: [8] Undefined index: admin_id D:\wamp\works\tbtwo\Application\Admin\Controller\AdminController.class.php 第 27 行.
SQL: SELECT * FROM `tp_admin` LIMIT 1   [ RunTime:0.0004s ]
INFO: [ app_end ] --START--
INFO: Run Behavior\ShowPageTraceBehavior [ RunTime:0.000302s ]
INFO: [ app_end ] --END-- [ RunTime:0.000333s ]

[ 2017-09-16T15:06:46+08:00 ] 127.0.0.1 /index.php/Admin/admin/yzpwd.html
INFO: [ app_begin ] --START--
INFO: Run Behavior\ReadHtmlCacheBehavior [ RunTime:0.000237s ]
INFO: [ app_begin ] --END-- [ RunTime:0.000412s ]
SQL: SHOW COLUMNS FROM `tp_admin` [ RunTime:0.0075s ]
NOTIC: [8] Undefined index: admin_id D:\wamp\works\tbtwo\Application\Admin\Controller\AdminController.class.php 第 27 行.
SQL: SELECT * FROM `tp_admin` LIMIT 1   [ RunTime:0.0004s ]
INFO: [ app_end ] --START--
INFO: Run Behavior\ShowPageTraceBehavior [ RunTime:0.000299s ]
INFO: [ app_end ] --END-- [ RunTime:0.000331s ]

[ 2017-09-16T15:06:52+08:00 ] 127.0.0.1 /index.php/Admin/admin/yzpwd.html
INFO: [ app_begin ] --START--
INFO: Run Behavior\ReadHtmlCacheBehavior [ RunTime:0.000239s ]
INFO: [ app_begin ] --END-- [ RunTime:0.000413s ]
SQL: SHOW COLUMNS FROM `tp_admin` [ RunTime:0.0055s ]
NOTIC: [8] Undefined index: admin_id D:\wamp\works\tbtwo\Application\Admin\Controller\AdminController.class.php 第 27 行.
SQL: SELECT * FROM `tp_admin` LIMIT 1   [ RunTime:0.0002s ]
INFO: [ app_end ] --START--
INFO: Run Behavior\ShowPageTraceBehavior [ RunTime:0.000296s ]
INFO: [ app_end ] --END-- [ RunTime:0.000327s ]

[ 2017-09-16T15:06:59+08:00 ] 127.0.0.1 /index.php/Admin/admin/yzpwd.html
INFO: [ app_begin ] --START--
INFO: Run Behavior\ReadHtmlCacheBehavior [ RunTime:0.000242s ]
INFO: [ app_begin ] --END-- [ RunTime:0.000414s ]
SQL: SHOW COLUMNS FROM `tp_admin` [ RunTime:0.0048s ]
NOTIC: [8] Undefined index: admin_id D:\wamp\works\tbtwo\Application\Admin\Controller\AdminController.class.php 第 27 行.
SQL: SELECT * FROM `tp_admin` LIMIT 1   [ RunTime:0.0004s ]
INFO: [ app_end ] --START--
INFO: Run Behavior\ShowPageTraceBehavior [ RunTime:0.000297s ]
INFO: [ app_end ] --END-- [ RunTime:0.000328s ]

[ 2017-09-16T15:07:05+08:00 ] 127.0.0.1 /index.php/Admin/admin/yzpwd.html
INFO: [ app_begin ] --START--
INFO: Run Behavior\ReadHtmlCacheBehavior [ RunTime:0.000243s ]
INFO: [ app_begin ] --END-- [ RunTime:0.000411s ]
SQL: SHOW COLUMNS FROM `tp_admin` [ RunTime:0.0072s ]
NOTIC: [8] Undefined index: admin_id D:\wamp\works\tbtwo\Application\Admin\Controller\AdminController.class.php 第 27 行.
SQL: SELECT * FROM `tp_admin` LIMIT 1   [ RunTime:0.0004s ]
INFO: [ app_end ] --START--
INFO: Run Behavior\ShowPageTraceBehavior [ RunTime:0.000298s ]
INFO: [ app_end ] --END-- [ RunTime:0.000329s ]

[ 2017-09-16T15:07:11+08:00 ] 127.0.0.1 /index.php/Admin/admin/yzpwd.html
INFO: [ app_begin ] --START--
INFO: Run Behavior\ReadHtmlCacheBehavior [ RunTime:0.000239s ]
INFO: [ app_begin ] --END-- [ RunTime:0.000409s ]
SQL: SHOW COLUMNS FROM `tp_admin` [ RunTime:0.0049s ]
NOTIC: [8] Undefined index: admin_id D:\wamp\works\tbtwo\Application\Admin\Controller\AdminController.class.php 第 27 行.
SQL: SELECT * FROM `tp_admin` LIMIT 1   [ RunTime:0.0003s ]
INFO: [ app_end ] --START--
INFO: Run Behavior\ShowPageTraceBehavior [ RunTime:0.000295s ]
INFO: [ app_end ] --END-- [ RunTime:0.000325s ]

[ 2017-09-16T15:07:13+08:00 ] 127.0.0.1 /index.php/Admin/admin/yzpwd.html
INFO: [ app_begin ] --START--
INFO: Run Behavior\ReadHtmlCacheBehavior [ RunTime:0.000247s ]
INFO: [ app_begin ] --END-- [ RunTime:0.000417s ]
SQL: SHOW COLUMNS FROM `tp_admin` [ RunTime:0.0074s ]
NOTIC: [8] Undefined index: admin_id D:\wamp\works\tbtwo\Application\Admin\Controller\AdminController.class.php 第 27 行.
SQL: SELECT * FROM `tp_admin` LIMIT 1   [ RunTime:0.0004s ]
INFO: [ app_end ] --START--
INFO: Run Behavior\ShowPageTraceBehavior [ RunTime:0.000322s ]
INFO: [ app_end ] --END-- [ RunTime:0.000355s ]

[ 2017-09-16T15:07:15+08:00 ] 127.0.0.1 /index.php/Admin/admin/yzpwd.html
INFO: [ app_begin ] --START--
INFO: Run Behavior\ReadHtmlCacheBehavior [ RunTime:0.000238s ]
INFO: [ app_begin ] --END-- [ RunTime:0.000416s ]
SQL: SHOW COLUMNS FROM `tp_admin` [ RunTime:0.0049s ]
NOTIC: [8] Undefined index: admin_id D:\wamp\works\tbtwo\Application\Admin\Controller\AdminController.class.php 第 27 行.
SQL: SELECT * FROM `tp_admin` LIMIT 1   [ RunTime:0.0001s ]
INFO: [ app_end ] --START--
INFO: Run Behavior\ShowPageTraceBehavior [ RunTime:0.000299s ]
INFO: [ app_end ] --END-- [ RunTime:0.000332s ]

[ 2017-09-16T15:07:16+08:00 ] 127.0.0.1 /index.php/Admin/admin/yzpwd.html
INFO: [ app_begin ] --START--
INFO: Run Behavior\ReadHtmlCacheBehavior [ RunTime:0.000240s ]
INFO: [ app_begin ] --END-- [ RunTime:0.000427s ]
SQL: SHOW COLUMNS FROM `tp_admin` [ RunTime:0.0043s ]
NOTIC: [8] Undefined index: admin_id D:\wamp\works\tbtwo\Application\Admin\Controller\AdminController.class.php 第 27 行.
SQL: SELECT * FROM `tp_admin` LIMIT 1   [ RunTime:0.0003s ]
INFO: [ app_end ] --START--
INFO: Run Behavior\ShowPageTraceBehavior [ RunTime:0.000302s ]
INFO: [ app_end ] --END-- [ RunTime:0.000332s ]

[ 2017-09-16T15:07:17+08:00 ] 127.0.0.1 /index.php/Admin/admin/yzpwd.html
INFO: [ app_begin ] --START--
INFO: Run Behavior\ReadHtmlCacheBehavior [ RunTime:0.000236s ]
INFO: [ app_begin ] --END-- [ RunTime:0.000405s ]
SQL: SHOW COLUMNS FROM `tp_admin` [ RunTime:0.0049s ]
NOTIC: [8] Undefined index: admin_id D:\wamp\works\tbtwo\Application\Admin\Controller\AdminController.class.php 第 27 行.
SQL: SELECT * FROM `tp_admin` LIMIT 1   [ RunTime:0.0002s ]
INFO: [ app_end ] --START--
INFO: Run Behavior\ShowPageTraceBehavior [ RunTime:0.000299s ]
INFO: [ app_end ] --END-- [ RunTime:0.000330s ]

[ 2017-09-16T15:07:18+08:00 ] 127.0.0.1 /index.php/Admin/admin/yzpwd.html
INFO: [ app_begin ] --START--
INFO: Run Behavior\ReadHtmlCacheBehavior [ RunTime:0.000243s ]
INFO: [ app_begin ] --END-- [ RunTime:0.000421s ]
SQL: SHOW COLUMNS FROM `tp_admin` [ RunTime:0.0051s ]
NOTIC: [8] Undefined index: admin_id D:\wamp\works\tbtwo\Application\Admin\Controller\AdminController.class.php 第 27 行.
SQL: SELECT * FROM `tp_admin` LIMIT 1   [ RunTime:0.0002s ]
INFO: [ app_end ] --START--
INFO: Run Behavior\ShowPageTraceBehavior [ RunTime:0.000291s ]
INFO: [ app_end ] --END-- [ RunTime:0.000321s ]

[ 2017-09-16T15:07:18+08:00 ] 127.0.0.1 /index.php/Admin/admin/yzpwd.html
INFO: [ app_begin ] --START--
INFO: Run Behavior\ReadHtmlCacheBehavior [ RunTime:0.000237s ]
INFO: [ app_begin ] --END-- [ RunTime:0.000406s ]
SQL: SHOW COLUMNS FROM `tp_admin` [ RunTime:0.0049s ]
NOTIC: [8] Undefined index: admin_id D:\wamp\works\tbtwo\Application\Admin\Controller\AdminController.class.php 第 27 行.
SQL: SELECT * FROM `tp_admin` LIMIT 1   [ RunTime:0.0003s ]
INFO: [ app_end ] --START--
INFO: Run Behavior\ShowPageTraceBehavior [ RunTime:0.000335s ]
INFO: [ app_end ] --END-- [ RunTime:0.000371s ]

[ 2017-09-16T15:07:19+08:00 ] 127.0.0.1 /index.php/Admin/admin/yzpwd.html
INFO: [ app_begin ] --START--
INFO: Run Behavior\ReadHtmlCacheBehavior [ RunTime:0.000240s ]
INFO: [ app_begin ] --END-- [ RunTime:0.000407s ]
SQL: SHOW COLUMNS FROM `tp_admin` [ RunTime:0.0039s ]
NOTIC: [8] Undefined index: admin_id D:\wamp\works\tbtwo\Application\Admin\Controller\AdminController.class.php 第 27 行.
SQL: SELECT * FROM `tp_admin` LIMIT 1   [ RunTime:0.0003s ]
INFO: [ app_end ] --START--
INFO: Run Behavior\ShowPageTraceBehavior [ RunTime:0.000293s ]
INFO: [ app_end ] --END-- [ RunTime:0.000324s ]

[ 2017-09-16T15:07:19+08:00 ] 127.0.0.1 /index.php/Admin/admin/yzpwd.html
INFO: [ app_begin ] --START--
INFO: Run Behavior\ReadHtmlCacheBehavior [ RunTime:0.000238s ]
INFO: [ app_begin ] --END-- [ RunTime:0.000408s ]
SQL: SHOW COLUMNS FROM `tp_admin` [ RunTime:0.0055s ]
NOTIC: [8] Undefined index: admin_id D:\wamp\works\tbtwo\Application\Admin\Controller\AdminController.class.php 第 27 行.
SQL: SELECT * FROM `tp_admin` LIMIT 1   [ RunTime:0.0004s ]
INFO: [ app_end ] --START--
INFO: Run Behavior\ShowPageTraceBehavior [ RunTime:0.000298s ]
INFO: [ app_end ] --END-- [ RunTime:0.000328s ]

[ 2017-09-16T15:07:20+08:00 ] 127.0.0.1 /index.php/Admin/admin/yzpwd.html
INFO: [ app_begin ] --START--
INFO: Run Behavior\ReadHtmlCacheBehavior [ RunTime:0.000237s ]
INFO: [ app_begin ] --END-- [ RunTime:0.000406s ]
SQL: SHOW COLUMNS FROM `tp_admin` [ RunTime:0.0070s ]
NOTIC: [8] Undefined index: admin_id D:\wamp\works\tbtwo\Application\Admin\Controller\AdminController.class.php 第 27 行.
SQL: SELECT * FROM `tp_admin` LIMIT 1   [ RunTime:0.0002s ]
INFO: [ app_end ] --START--
INFO: Run Behavior\ShowPageTraceBehavior [ RunTime:0.000316s ]
INFO: [ app_end ] --END-- [ RunTime:0.000350s ]

[ 2017-09-16T15:07:21+08:00 ] 127.0.0.1 /index.php/Admin/admin/yzpwd.html
INFO: [ app_begin ] --START--
INFO: Run Behavior\ReadHtmlCacheBehavior [ RunTime:0.000245s ]
INFO: [ app_begin ] --END-- [ RunTime:0.000420s ]
SQL: SHOW COLUMNS FROM `tp_admin` [ RunTime:0.0048s ]
NOTIC: [8] Undefined index: admin_id D:\wamp\works\tbtwo\Application\Admin\Controller\AdminController.class.php 第 27 行.
SQL: SELECT * FROM `tp_admin` LIMIT 1   [ RunTime:0.0003s ]
INFO: [ app_end ] --START--
INFO: Run Behavior\ShowPageTraceBehavior [ RunTime:0.000296s ]
INFO: [ app_end ] --END-- [ RunTime:0.000327s ]

[ 2017-09-16T15:07:22+08:00 ] 127.0.0.1 /index.php/Admin/admin/yzpwd.html
INFO: [ app_begin ] --START--
INFO: Run Behavior\ReadHtmlCacheBehavior [ RunTime:0.000241s ]
INFO: [ app_begin ] --END-- [ RunTime:0.000411s ]
SQL: SHOW COLUMNS FROM `tp_admin` [ RunTime:0.0076s ]
NOTIC: [8] Undefined index: admin_id D:\wamp\works\tbtwo\Application\Admin\Controller\AdminController.class.php 第 27 行.
SQL: SELECT * FROM `tp_admin` LIMIT 1   [ RunTime:0.0002s ]
INFO: [ app_end ] --START--
INFO: Run Behavior\ShowPageTraceBehavior [ RunTime:0.000299s ]
INFO: [ app_end ] --END-- [ RunTime:0.000330s ]

[ 2017-09-16T15:07:22+08:00 ] 127.0.0.1 /index.php/Admin/admin/yzpwd.html
INFO: [ app_begin ] --START--
INFO: Run Behavior\ReadHtmlCacheBehavior [ RunTime:0.000240s ]
INFO: [ app_begin ] --END-- [ RunTime:0.000410s ]
SQL: SHOW COLUMNS FROM `tp_admin` [ RunTime:0.0051s ]
NOTIC: [8] Undefined index: admin_id D:\wamp\works\tbtwo\Application\Admin\Controller\AdminController.class.php 第 27 行.
SQL: SELECT * FROM `tp_admin` LIMIT 1   [ RunTime:0.0002s ]
INFO: [ app_end ] --START--
INFO: Run Behavior\ShowPageTraceBehavior [ RunTime:0.000298s ]
INFO: [ app_end ] --END-- [ RunTime:0.000329s ]

[ 2017-09-16T15:07:22+08:00 ] 127.0.0.1 /index.php/Admin/admin/yzpwd.html
INFO: [ app_begin ] --START--
INFO: Run Behavior\ReadHtmlCacheBehavior [ RunTime:0.000237s ]
INFO: [ app_begin ] --END-- [ RunTime:0.000410s ]
SQL: SHOW COLUMNS FROM `tp_admin` [ RunTime:0.0049s ]
NOTIC: [8] Undefined index: admin_id D:\wamp\works\tbtwo\Application\Admin\Controller\AdminController.class.php 第 27 行.
SQL: SELECT * FROM `tp_admin` LIMIT 1   [ RunTime:0.0004s ]
INFO: [ app_end ] --START--
INFO: Run Behavior\ShowPageTraceBehavior [ RunTime:0.000298s ]
INFO: [ app_end ] --END-- [ RunTime:0.000328s ]

[ 2017-09-16T15:07:23+08:00 ] 127.0.0.1 /index.php/Admin/admin/yzpwd.html
INFO: [ app_begin ] --START--
INFO: Run Behavior\ReadHtmlCacheBehavior [ RunTime:0.000241s ]
INFO: [ app_begin ] --END-- [ RunTime:0.000410s ]
SQL: SHOW COLUMNS FROM `tp_admin` [ RunTime:0.0050s ]
NOTIC: [8] Undefined index: admin_id D:\wamp\works\tbtwo\Application\Admin\Controller\AdminController.class.php 第 27 行.
SQL: SELECT * FROM `tp_admin` LIMIT 1   [ RunTime:0.0003s ]
INFO: [ app_end ] --START--
INFO: Run Behavior\ShowPageTraceBehavior [ RunTime:0.000294s ]
INFO: [ app_end ] --END-- [ RunTime:0.000326s ]

[ 2017-09-16T15:07:23+08:00 ] 127.0.0.1 /index.php/Admin/admin/yzpwd.html
INFO: [ app_begin ] --START--
INFO: Run Behavior\ReadHtmlCacheBehavior [ RunTime:0.000234s ]
INFO: [ app_begin ] --END-- [ RunTime:0.000406s ]
SQL: SHOW COLUMNS FROM `tp_admin` [ RunTime:0.0049s ]
NOTIC: [8] Undefined index: admin_id D:\wamp\works\tbtwo\Application\Admin\Controller\AdminController.class.php 第 27 行.
SQL: SELECT * FROM `tp_admin` LIMIT 1   [ RunTime:0.0004s ]
INFO: [ app_end ] --START--
INFO: Run Behavior\ShowPageTraceBehavior [ RunTime:0.000319s ]
INFO: [ app_end ] --END-- [ RunTime:0.000352s ]

[ 2017-09-16T15:07:24+08:00 ] 127.0.0.1 /index.php/Admin/admin/yzpwd.html
INFO: [ app_begin ] --START--
INFO: Run Behavior\ReadHtmlCacheBehavior [ RunTime:0.000239s ]
INFO: [ app_begin ] --END-- [ RunTime:0.000407s ]
SQL: SHOW COLUMNS FROM `tp_admin` [ RunTime:0.0047s ]
NOTIC: [8] Undefined index: admin_id D:\wamp\works\tbtwo\Application\Admin\Controller\AdminController.class.php 第 27 行.
SQL: SELECT * FROM `tp_admin` LIMIT 1   [ RunTime:0.0002s ]
INFO: [ app_end ] --START--
INFO: Run Behavior\ShowPageTraceBehavior [ RunTime:0.000299s ]
INFO: [ app_end ] --END-- [ RunTime:0.000330s ]

[ 2017-09-16T15:07:25+08:00 ] 127.0.0.1 /index.php/Admin/admin/yzpwd.html
INFO: [ app_begin ] --START--
INFO: Run Behavior\ReadHtmlCacheBehavior [ RunTime:0.000236s ]
INFO: [ app_begin ] --END-- [ RunTime:0.000409s ]
SQL: SHOW COLUMNS FROM `tp_admin` [ RunTime:0.0052s ]
NOTIC: [8] Undefined index: admin_id D:\wamp\works\tbtwo\Application\Admin\Controller\AdminController.class.php 第 27 行.
SQL: SELECT * FROM `tp_admin` LIMIT 1   [ RunTime:0.0002s ]
INFO: [ app_end ] --START--
INFO: Run Behavior\ShowPageTraceBehavior [ RunTime:0.000303s ]
INFO: [ app_end ] --END-- [ RunTime:0.000335s ]

[ 2017-09-16T15:07:26+08:00 ] 127.0.0.1 /index.php/Admin/admin/yzpwd.html
INFO: [ app_begin ] --START--
INFO: Run Behavior\ReadHtmlCacheBehavior [ RunTime:0.000242s ]
INFO: [ app_begin ] --END-- [ RunTime:0.000412s ]
SQL: SHOW COLUMNS FROM `tp_admin` [ RunTime:0.0052s ]
NOTIC: [8] Undefined index: admin_id D:\wamp\works\tbtwo\Application\Admin\Controller\AdminController.class.php 第 27 行.
SQL: SELECT * FROM `tp_admin` LIMIT 1   [ RunTime:0.0004s ]
INFO: [ app_end ] --START--
INFO: Run Behavior\ShowPageTraceBehavior [ RunTime:0.000312s ]
INFO: [ app_end ] --END-- [ RunTime:0.000345s ]

[ 2017-09-16T15:07:27+08:00 ] 127.0.0.1 /index.php/Admin/admin/yzpwd.html
INFO: [ app_begin ] --START--
INFO: Run Behavior\ReadHtmlCacheBehavior [ RunTime:0.000238s ]
INFO: [ app_begin ] --END-- [ RunTime:0.000411s ]
SQL: SHOW COLUMNS FROM `tp_admin` [ RunTime:0.0052s ]
NOTIC: [8] Undefined index: admin_id D:\wamp\works\tbtwo\Application\Admin\Controller\AdminController.class.php 第 27 行.
SQL: SELECT * FROM `tp_admin` LIMIT 1   [ RunTime:0.0004s ]
INFO: [ app_end ] --START--
INFO: Run Behavior\ShowPageTraceBehavior [ RunTime:0.000315s ]
INFO: [ app_end ] --END-- [ RunTime:0.000347s ]

[ 2017-09-16T15:07:28+08:00 ] 127.0.0.1 /index.php/Admin/admin/yzpwd.html
INFO: [ app_begin ] --START--
INFO: Run Behavior\ReadHtmlCacheBehavior [ RunTime:0.000235s ]
INFO: [ app_begin ] --END-- [ RunTime:0.000406s ]
SQL: SHOW COLUMNS FROM `tp_admin` [ RunTime:0.0048s ]
NOTIC: [8] Undefined index: admin_id D:\wamp\works\tbtwo\Application\Admin\Controller\AdminController.class.php 第 27 行.
SQL: SELECT * FROM `tp_admin` LIMIT 1   [ RunTime:0.0003s ]
INFO: [ app_end ] --START--
INFO: Run Behavior\ShowPageTraceBehavior [ RunTime:0.000294s ]
INFO: [ app_end ] --END-- [ RunTime:0.000324s ]

[ 2017-09-16T15:08:25+08:00 ] 127.0.0.1 /index.php/Admin/admin/yzpwd.html
INFO: [ app_begin ] --START--
INFO: Run Behavior\ReadHtmlCacheBehavior [ RunTime:0.000249s ]
INFO: [ app_begin ] --END-- [ RunTime:0.000427s ]
SQL: SHOW COLUMNS FROM `tp_admin` [ RunTime:0.0126s ]
NOTIC: [8] Undefined index: admin_id D:\wamp\works\tbtwo\Application\Admin\Controller\AdminController.class.php 第 27 行.
SQL: SELECT * FROM `tp_admin` LIMIT 1   [ RunTime:0.0002s ]
NOTIC: [2] json_decode() expects parameter 1 to be string, array given D:\wamp\works\tbtwo\Application\Admin\Controller\AdminController.class.php 第 30 行.
INFO: [ app_end ] --START--
INFO: Run Behavior\ShowPageTraceBehavior [ RunTime:0.000394s ]
INFO: [ app_end ] --END-- [ RunTime:0.000428s ]

[ 2017-09-16T15:09:55+08:00 ] 127.0.0.1 /index.php/Admin/admin/yzpwd.html
INFO: [ app_begin ] --START--
INFO: Run Behavior\ReadHtmlCacheBehavior [ RunTime:0.000237s ]
INFO: [ app_begin ] --END-- [ RunTime:0.000407s ]
SQL: SHOW COLUMNS FROM `tp_admin` [ RunTime:0.0053s ]
NOTIC: [8] Undefined index: admin_id D:\wamp\works\tbtwo\Application\Admin\Controller\AdminController.class.php 第 27 行.
SQL: SELECT * FROM `tp_admin` LIMIT 1   [ RunTime:0.0003s ]
INFO: [ app_end ] --START--
INFO: Run Behavior\ShowPageTraceBehavior [ RunTime:0.000294s ]
INFO: [ app_end ] --END-- [ RunTime:0.000325s ]

[ 2017-09-16T15:09:59+08:00 ] 127.0.0.1 /index.php/Admin/admin/yzpwd.html
INFO: [ app_begin ] --START--
INFO: Run Behavior\ReadHtmlCacheBehavior [ RunTime:0.000262s ]
INFO: [ app_begin ] --END-- [ RunTime:0.000437s ]
SQL: SHOW COLUMNS FROM `tp_admin` [ RunTime:0.0074s ]
NOTIC: [8] Undefined index: admin_id D:\wamp\works\tbtwo\Application\Admin\Controller\AdminController.class.php 第 27 行.
SQL: SELECT * FROM `tp_admin` LIMIT 1   [ RunTime:0.0001s ]
INFO: [ app_end ] --START--
INFO: Run Behavior\ShowPageTraceBehavior [ RunTime:0.000298s ]
INFO: [ app_end ] --END-- [ RunTime:0.000328s ]

[ 2017-09-16T15:11:56+08:00 ] 127.0.0.1 /index.php/Admin/admin/yzpwd.html
INFO: [ app_begin ] --START--
INFO: Run Behavior\ReadHtmlCacheBehavior [ RunTime:0.000244s ]
INFO: [ app_begin ] --END-- [ RunTime:0.000422s ]
SQL: SHOW COLUMNS FROM `tp_admin` [ RunTime:0.0077s ]
NOTIC: [8] Undefined index: admin_id D:\wamp\works\tbtwo\Application\Admin\Controller\AdminController.class.php 第 27 行.
SQL: SELECT * FROM `tp_admin` LIMIT 1   [ RunTime:0.0004s ]
INFO: [ app_end ] --START--
INFO: Run Behavior\ShowPageTraceBehavior [ RunTime:0.000306s ]
INFO: [ app_end ] --END-- [ RunTime:0.000339s ]

[ 2017-09-16T15:11:57+08:00 ] 127.0.0.1 /index.php/Admin/admin/yzpwd.html
INFO: [ app_begin ] --START--
INFO: Run Behavior\ReadHtmlCacheBehavior [ RunTime:0.000243s ]
INFO: [ app_begin ] --END-- [ RunTime:0.000417s ]
SQL: SHOW COLUMNS FROM `tp_admin` [ RunTime:0.0059s ]
NOTIC: [8] Undefined index: admin_id D:\wamp\works\tbtwo\Application\Admin\Controller\AdminController.class.php 第 27 行.
SQL: SELECT * FROM `tp_admin` LIMIT 1   [ RunTime:0.0003s ]
INFO: [ app_end ] --START--
INFO: Run Behavior\ShowPageTraceBehavior [ RunTime:0.000308s ]
INFO: [ app_end ] --END-- [ RunTime:0.000339s ]

[ 2017-09-16T15:12:17+08:00 ] 127.0.0.1 /index.php/Admin/admin/yzpwd.html
INFO: [ app_begin ] --START--
INFO: Run Behavior\ReadHtmlCacheBehavior [ RunTime:0.000239s ]
INFO: [ app_begin ] --END-- [ RunTime:0.000413s ]
SQL: SHOW COLUMNS FROM `tp_admin` [ RunTime:0.0049s ]
NOTIC: [8] Undefined index: admin_id D:\wamp\works\tbtwo\Application\Admin\Controller\AdminController.class.php 第 27 行.
SQL: SELECT * FROM `tp_admin` LIMIT 1   [ RunTime:0.0003s ]
INFO: [ app_end ] --START--
INFO: Run Behavior\ShowPageTraceBehavior [ RunTime:0.000295s ]
INFO: [ app_end ] --END-- [ RunTime:0.000324s ]

[ 2017-09-16T15:12:21+08:00 ] 127.0.0.1 /index.php/Admin/admin/yzpwd.html
INFO: [ app_begin ] --START--
INFO: Run Behavior\ReadHtmlCacheBehavior [ RunTime:0.000236s ]
INFO: [ app_begin ] --END-- [ RunTime:0.000404s ]
SQL: SHOW COLUMNS FROM `tp_admin` [ RunTime:0.0079s ]
NOTIC: [8] Undefined index: admin_id D:\wamp\works\tbtwo\Application\Admin\Controller\AdminController.class.php 第 27 行.
SQL: SELECT * FROM `tp_admin` LIMIT 1   [ RunTime:0.0004s ]
INFO: [ app_end ] --START--
INFO: Run Behavior\ShowPageTraceBehavior [ RunTime:0.000294s ]
INFO: [ app_end ] --END-- [ RunTime:0.000326s ]

[ 2017-09-16T15:13:00+08:00 ] 127.0.0.1 /index.php/Admin/admin/yzpwd.html
INFO: [ app_begin ] --START--
INFO: Run Behavior\ReadHtmlCacheBehavior [ RunTime:0.000237s ]
INFO: [ app_begin ] --END-- [ RunTime:0.000405s ]
SQL: SHOW COLUMNS FROM `tp_admin` [ RunTime:0.0052s ]
NOTIC: [8] Undefined index: admin_id D:\wamp\works\tbtwo\Application\Admin\Controller\AdminController.class.php 第 27 行.
SQL: SELECT * FROM `tp_admin` LIMIT 1   [ RunTime:0.0002s ]
INFO: [ app_end ] --START--
INFO: Run Behavior\ShowPageTraceBehavior [ RunTime:0.000292s ]
INFO: [ app_end ] --END-- [ RunTime:0.000323s ]

[ 2017-09-16T15:13:03+08:00 ] 127.0.0.1 /index.php/Admin/admin/yzpwd.html
INFO: [ app_begin ] --START--
INFO: Run Behavior\ReadHtmlCacheBehavior [ RunTime:0.000236s ]
INFO: [ app_begin ] --END-- [ RunTime:0.000406s ]
SQL: SHOW COLUMNS FROM `tp_admin` [ RunTime:0.0053s ]
NOTIC: [8] Undefined index: admin_id D:\wamp\works\tbtwo\Application\Admin\Controller\AdminController.class.php 第 27 行.
SQL: SELECT * FROM `tp_admin` LIMIT 1   [ RunTime:0.0004s ]
INFO: [ app_end ] --START--
INFO: Run Behavior\ShowPageTraceBehavior [ RunTime:0.000294s ]
INFO: [ app_end ] --END-- [ RunTime:0.000326s ]

[ 2017-09-16T15:36:00+08:00 ] 127.0.0.1 /index.php/Admin/admin/yzpwd.html
INFO: [ app_begin ] --START--
INFO: Run Behavior\ReadHtmlCacheBehavior [ RunTime:0.000235s ]
INFO: [ app_begin ] --END-- [ RunTime:0.000403s ]
SQL: SHOW COLUMNS FROM `tp_admin` [ RunTime:0.0077s ]
NOTIC: [8] Undefined index: admin_id D:\wamp\works\tbtwo\Application\Admin\Controller\AdminController.class.php 第 27 行.
SQL: SELECT * FROM `tp_admin` LIMIT 1   [ RunTime:0.0002s ]
NOTIC: [2] json_decode() expects parameter 1 to be string, array given D:\wamp\works\tbtwo\Application\Admin\Controller\AdminController.class.php 第 32 行.
INFO: [ app_end ] --START--
INFO: Run Behavior\ShowPageTraceBehavior [ RunTime:0.000293s ]
INFO: [ app_end ] --END-- [ RunTime:0.000324s ]

[ 2017-09-16T15:36:03+08:00 ] 127.0.0.1 /index.php/Admin/admin/yzpwd.html
INFO: [ app_begin ] --START--
INFO: Run Behavior\ReadHtmlCacheBehavior [ RunTime:0.000238s ]
INFO: [ app_begin ] --END-- [ RunTime:0.000409s ]
SQL: SHOW COLUMNS FROM `tp_admin` [ RunTime:0.0052s ]
NOTIC: [8] Undefined index: admin_id D:\wamp\works\tbtwo\Application\Admin\Controller\AdminController.class.php 第 27 行.
SQL: SELECT * FROM `tp_admin` LIMIT 1   [ RunTime:0.0005s ]
NOTIC: [2] json_decode() expects parameter 1 to be string, array given D:\wamp\works\tbtwo\Application\Admin\Controller\AdminController.class.php 第 32 行.
INFO: [ app_end ] --START--
INFO: Run Behavior\ShowPageTraceBehavior [ RunTime:0.000307s ]
INFO: [ app_end ] --END-- [ RunTime:0.000337s ]

[ 2017-09-16T15:36:14+08:00 ] 127.0.0.1 /index.php/Admin/admin/yzpwd.html
INFO: [ app_begin ] --START--
INFO: Run Behavior\ReadHtmlCacheBehavior [ RunTime:0.000239s ]
INFO: [ app_begin ] --END-- [ RunTime:0.000406s ]
SQL: SHOW COLUMNS FROM `tp_admin` [ RunTime:0.1018s ]
NOTIC: [8] Undefined index: admin_id D:\wamp\works\tbtwo\Application\Admin\Controller\AdminController.class.php 第 27 行.
SQL: SELECT * FROM `tp_admin` LIMIT 1   [ RunTime:0.0002s ]
NOTIC: [2] json_decode() expects parameter 1 to be string, array given D:\wamp\works\tbtwo\Application\Admin\Controller\AdminController.class.php 第 32 行.
INFO: [ app_end ] --START--
INFO: Run Behavior\ShowPageTraceBehavior [ RunTime:0.000347s ]
INFO: [ app_end ] --END-- [ RunTime:0.000380s ]

[ 2017-09-16T15:36:51+08:00 ] 127.0.0.1 /index.php/Admin/admin/yzpwd.html
INFO: [ app_begin ] --START--
INFO: Run Behavior\ReadHtmlCacheBehavior [ RunTime:0.000237s ]
INFO: [ app_begin ] --END-- [ RunTime:0.000407s ]
SQL: SHOW COLUMNS FROM `tp_admin` [ RunTime:0.0046s ]
NOTIC: [8] Undefined index: admin_id D:\wamp\works\tbtwo\Application\Admin\Controller\AdminController.class.php 第 27 行.
SQL: SELECT * FROM `tp_admin` LIMIT 1   [ RunTime:0.0002s ]
NOTIC: [2] json_decode() expects parameter 1 to be string, array given D:\wamp\works\tbtwo\Application\Admin\Controller\AdminController.class.php 第 32 行.
INFO: [ app_end ] --START--
INFO: Run Behavior\ShowPageTraceBehavior [ RunTime:0.000296s ]
INFO: [ app_end ] --END-- [ RunTime:0.000326s ]

[ 2017-09-16T15:36:53+08:00 ] 127.0.0.1 /index.php/Admin/admin/yzpwd.html
INFO: [ app_begin ] --START--
INFO: Run Behavior\ReadHtmlCacheBehavior [ RunTime:0.000237s ]
INFO: [ app_begin ] --END-- [ RunTime:0.000409s ]
SQL: SHOW COLUMNS FROM `tp_admin` [ RunTime:0.0048s ]
NOTIC: [8] Undefined index: admin_id D:\wamp\works\tbtwo\Application\Admin\Controller\AdminController.class.php 第 27 行.
SQL: SELECT * FROM `tp_admin` LIMIT 1   [ RunTime:0.0005s ]
NOTIC: [2] json_decode() expects parameter 1 to be string, array given D:\wamp\works\tbtwo\Application\Admin\Controller\AdminController.class.php 第 32 行.
INFO: [ app_end ] --START--
INFO: Run Behavior\ShowPageTraceBehavior [ RunTime:0.000296s ]
INFO: [ app_end ] --END-- [ RunTime:0.000327s ]

[ 2017-09-16T15:37:04+08:00 ] 127.0.0.1 /index.php/Admin/admin/yzpwd.html
INFO: [ app_begin ] --START--
INFO: Run Behavior\ReadHtmlCacheBehavior [ RunTime:0.000239s ]
INFO: [ app_begin ] --END-- [ RunTime:0.000408s ]
SQL: SHOW COLUMNS FROM `tp_admin` [ RunTime:0.0053s ]
NOTIC: [8] Undefined index: admin_id D:\wamp\works\tbtwo\Application\Admin\Controller\AdminController.class.php 第 27 行.
SQL: SELECT * FROM `tp_admin` LIMIT 1   [ RunTime:0.0004s ]
NOTIC: [2] json_decode() expects parameter 1 to be string, array given D:\wamp\works\tbtwo\Application\Admin\Controller\AdminController.class.php 第 32 行.
INFO: [ app_end ] --START--
INFO: Run Behavior\ShowPageTraceBehavior [ RunTime:0.000300s ]
INFO: [ app_end ] --END-- [ RunTime:0.000331s ]

[ 2017-09-16T15:39:06+08:00 ] 127.0.0.1 /index.php/Admin/admin/yzpwd.html
INFO: [ app_begin ] --START--
INFO: Run Behavior\ReadHtmlCacheBehavior [ RunTime:0.000308s ]
INFO: [ app_begin ] --END-- [ RunTime:0.000501s ]
SQL: SHOW COLUMNS FROM `tp_admin` [ RunTime:0.0059s ]
NOTIC: [8] Undefined index: admin_id D:\wamp\works\tbtwo\Application\Admin\Controller\AdminController.class.php 第 27 行.
SQL: SELECT * FROM `tp_admin` LIMIT 1   [ RunTime:0.0002s ]
NOTIC: [2] json_decode() expects parameter 1 to be string, array given D:\wamp\works\tbtwo\Application\Admin\Controller\AdminController.class.php 第 32 行.

[ 2017-09-16T15:39:09+08:00 ] 127.0.0.1 /index.php/Admin/admin/yzpwd.html
INFO: [ app_begin ] --START--
INFO: Run Behavior\ReadHtmlCacheBehavior [ RunTime:0.000237s ]
INFO: [ app_begin ] --END-- [ RunTime:0.000413s ]
SQL: SHOW COLUMNS FROM `tp_admin` [ RunTime:0.0069s ]
NOTIC: [8] Undefined index: admin_id D:\wamp\works\tbtwo\Application\Admin\Controller\AdminController.class.php 第 27 行.
SQL: SELECT * FROM `tp_admin` LIMIT 1   [ RunTime:0.0002s ]
NOTIC: [2] json_decode() expects parameter 1 to be string, array given D:\wamp\works\tbtwo\Application\Admin\Controller\AdminController.class.php 第 30 行.

[ 2017-09-16T15:39:37+08:00 ] 127.0.0.1 /index.php/Admin/admin/yzpwd.html
INFO: [ app_begin ] --START--
INFO: Run Behavior\ReadHtmlCacheBehavior [ RunTime:0.000233s ]
INFO: [ app_begin ] --END-- [ RunTime:0.000401s ]
SQL: SHOW COLUMNS FROM `tp_admin` [ RunTime:0.0075s ]
NOTIC: [8] Undefined index: admin_id D:\wamp\works\tbtwo\Application\Admin\Controller\AdminController.class.php 第 27 行.
SQL: SELECT * FROM `tp_admin` LIMIT 1   [ RunTime:0.0004s ]

[ 2017-09-16T15:39:39+08:00 ] 127.0.0.1 /index.php/Admin/admin/yzpwd.html
INFO: [ app_begin ] --START--
INFO: Run Behavior\ReadHtmlCacheBehavior [ RunTime:0.000339s ]
INFO: [ app_begin ] --END-- [ RunTime:0.000539s ]
SQL: SHOW COLUMNS FROM `tp_admin` [ RunTime:0.0062s ]
NOTIC: [8] Undefined index: admin_id D:\wamp\works\tbtwo\Application\Admin\Controller\AdminController.class.php 第 27 行.
SQL: SELECT * FROM `tp_admin` LIMIT 1   [ RunTime:0.0009s ]

[ 2017-09-16T15:39:57+08:00 ] 127.0.0.1 /index.php/Admin/admin/yzpwd.html
INFO: [ app_begin ] --START--
INFO: Run Behavior\ReadHtmlCacheBehavior [ RunTime:0.000237s ]
INFO: [ app_begin ] --END-- [ RunTime:0.000405s ]
SQL: SHOW COLUMNS FROM `tp_admin` [ RunTime:0.0050s ]
NOTIC: [8] Undefined index: admin_id D:\wamp\works\tbtwo\Application\Admin\Controller\AdminController.class.php 第 27 行.
SQL: SELECT * FROM `tp_admin` LIMIT 1   [ RunTime:0.0003s ]

[ 2017-09-16T15:40:00+08:00 ] 127.0.0.1 /index.php/Admin/admin/yzpwd.html
INFO: [ app_begin ] --START--
INFO: Run Behavior\ReadHtmlCacheBehavior [ RunTime:0.000240s ]
INFO: [ app_begin ] --END-- [ RunTime:0.000410s ]
SQL: SHOW COLUMNS FROM `tp_admin` [ RunTime:0.0052s ]
NOTIC: [8] Undefined index: admin_id D:\wamp\works\tbtwo\Application\Admin\Controller\AdminController.class.php 第 27 行.
SQL: SELECT * FROM `tp_admin` LIMIT 1   [ RunTime:0.0002s ]

[ 2017-09-16T15:40:03+08:00 ] 127.0.0.1 /index.php/Admin/admin/yzpwd.html
INFO: [ app_begin ] --START--
INFO: Run Behavior\ReadHtmlCacheBehavior [ RunTime:0.000239s ]
INFO: [ app_begin ] --END-- [ RunTime:0.000409s ]
SQL: SHOW COLUMNS FROM `tp_admin` [ RunTime:0.0038s ]
NOTIC: [8] Undefined index: admin_id D:\wamp\works\tbtwo\Application\Admin\Controller\AdminController.class.php 第 27 行.
SQL: SELECT * FROM `tp_admin` LIMIT 1   [ RunTime:0.0004s ]

[ 2017-09-16T15:41:35+08:00 ] 127.0.0.1 /index.php/Admin/admin/yzpwd.html
INFO: [ app_begin ] --START--
INFO: Run Behavior\ReadHtmlCacheBehavior [ RunTime:0.000241s ]
INFO: [ app_begin ] --END-- [ RunTime:0.000416s ]
SQL: SHOW COLUMNS FROM `tp_admin` [ RunTime:0.0051s ]
NOTIC: [8] Undefined index: admin_id D:\wamp\works\tbtwo\Application\Admin\Controller\AdminController.class.php 第 27 行.
SQL: SELECT * FROM `tp_admin` LIMIT 1   [ RunTime:0.0002s ]

[ 2017-09-16T15:41:37+08:00 ] 127.0.0.1 /index.php/Admin/admin/yzpwd.html
INFO: [ app_begin ] --START--
INFO: Run Behavior\ReadHtmlCacheBehavior [ RunTime:0.000244s ]
INFO: [ app_begin ] --END-- [ RunTime:0.000418s ]
SQL: SHOW COLUMNS FROM `tp_admin` [ RunTime:0.0074s ]
NOTIC: [8] Undefined index: admin_id D:\wamp\works\tbtwo\Application\Admin\Controller\AdminController.class.php 第 27 行.
SQL: SELECT * FROM `tp_admin` LIMIT 1   [ RunTime:0.0002s ]

[ 2017-09-16T15:41:40+08:00 ] 127.0.0.1 /index.php/Admin/admin/yzpwd.html
INFO: [ app_begin ] --START--
INFO: Run Behavior\ReadHtmlCacheBehavior [ RunTime:0.000236s ]
INFO: [ app_begin ] --END-- [ RunTime:0.000407s ]
SQL: SHOW COLUMNS FROM `tp_admin` [ RunTime:0.1776s ]
NOTIC: [8] Undefined index: admin_id D:\wamp\works\tbtwo\Application\Admin\Controller\AdminController.class.php 第 27 行.
SQL: SELECT * FROM `tp_admin` LIMIT 1   [ RunTime:0.0003s ]

[ 2017-09-16T15:44:26+08:00 ] 127.0.0.1 /index.php/Admin/admin/yzpwd.html
INFO: [ app_begin ] --START--
INFO: Run Behavior\ReadHtmlCacheBehavior [ RunTime:0.000314s ]
INFO: [ app_begin ] --END-- [ RunTime:0.000513s ]
SQL: SHOW COLUMNS FROM `tp_admin` [ RunTime:0.0080s ]
NOTIC: [8] Undefined index: admin_id D:\wamp\works\tbtwo\Application\Admin\Controller\AdminController.class.php 第 27 行.
SQL: SELECT * FROM `tp_admin` LIMIT 1   [ RunTime:0.0003s ]

[ 2017-09-16T15:44:30+08:00 ] 127.0.0.1 /index.php/Admin/admin/yzpwd.html
INFO: [ app_begin ] --START--
INFO: Run Behavior\ReadHtmlCacheBehavior [ RunTime:0.000243s ]
INFO: [ app_begin ] --END-- [ RunTime:0.000416s ]
SQL: SHOW COLUMNS FROM `tp_admin` [ RunTime:0.0071s ]
NOTIC: [8] Undefined index: admin_id D:\wamp\works\tbtwo\Application\Admin\Controller\AdminController.class.php 第 27 行.
SQL: SELECT * FROM `tp_admin` LIMIT 1   [ RunTime:0.0003s ]

[ 2017-09-16T15:49:16+08:00 ] 127.0.0.1 /index.php/Admin/admin/yzpwd.html
INFO: [ app_begin ] --START--
INFO: Run Behavior\ReadHtmlCacheBehavior [ RunTime:0.000237s ]
INFO: [ app_begin ] --END-- [ RunTime:0.000406s ]
SQL: SHOW COLUMNS FROM `tp_admin` [ RunTime:0.0055s ]
NOTIC: [8] Undefined index: admin_id D:\wamp\works\tbtwo\Application\Admin\Controller\AdminController.class.php 第 27 行.
SQL: SELECT * FROM `tp_admin` LIMIT 1   [ RunTime:0.0003s ]

[ 2017-09-16T15:53:15+08:00 ] 127.0.0.1 /index.php/Admin/admin/yzpwd.html
INFO: [ app_begin ] --START--
INFO: Run Behavior\ReadHtmlCacheBehavior [ RunTime:0.000248s ]
INFO: [ app_begin ] --END-- [ RunTime:0.000426s ]
SQL: SHOW COLUMNS FROM `tp_admin` [ RunTime:0.0038s ]
NOTIC: [8] Undefined index: admin_id D:\wamp\works\tbtwo\Application\Admin\Controller\AdminController.class.php 第 27 行.
SQL: SELECT * FROM `tp_admin` LIMIT 1   [ RunTime:0.0002s ]

[ 2017-09-16T15:53:57+08:00 ] 127.0.0.1 /index.php/Admin/admin/yzpwd.html
INFO: [ app_begin ] --START--
INFO: Run Behavior\ReadHtmlCacheBehavior [ RunTime:0.000239s ]
INFO: [ app_begin ] --END-- [ RunTime:0.000408s ]
SQL: SHOW COLUMNS FROM `tp_admin` [ RunTime:0.0048s ]
NOTIC: [8] Undefined index: admin_id D:\wamp\works\tbtwo\Application\Admin\Controller\AdminController.class.php 第 27 行.
SQL: SELECT * FROM `tp_admin` LIMIT 1   [ RunTime:0.0001s ]

[ 2017-09-16T15:54:00+08:00 ] 127.0.0.1 /index.php/Admin/admin/yzpwd.html
INFO: [ app_begin ] --START--
INFO: Run Behavior\ReadHtmlCacheBehavior [ RunTime:0.000241s ]
INFO: [ app_begin ] --END-- [ RunTime:0.000413s ]
SQL: SHOW COLUMNS FROM `tp_admin` [ RunTime:0.0051s ]
NOTIC: [8] Undefined index: admin_id D:\wamp\works\tbtwo\Application\Admin\Controller\AdminController.class.php 第 27 行.
SQL: SELECT * FROM `tp_admin` LIMIT 1   [ RunTime:0.0004s ]

[ 2017-09-16T15:55:20+08:00 ] 127.0.0.1 /index.php/Admin/admin/yzpwd.html
INFO: [ app_begin ] --START--
INFO: Run Behavior\ReadHtmlCacheBehavior [ RunTime:0.000239s ]
INFO: [ app_begin ] --END-- [ RunTime:0.000408s ]
SQL: SHOW COLUMNS FROM `tp_admin` [ RunTime:0.0050s ]
NOTIC: [8] Undefined index: admin_id D:\wamp\works\tbtwo\Application\Admin\Controller\AdminController.class.php 第 27 行.
SQL: SELECT * FROM `tp_admin` LIMIT 1   [ RunTime:0.0001s ]

[ 2017-09-16T15:55:27+08:00 ] 127.0.0.1 /index.php/Admin/admin/yzpwd.html
INFO: [ app_begin ] --START--
INFO: Run Behavior\ReadHtmlCacheBehavior [ RunTime:0.000309s ]
INFO: [ app_begin ] --END-- [ RunTime:0.000504s ]
SQL: SHOW COLUMNS FROM `tp_admin` [ RunTime:0.0073s ]
NOTIC: [8] Undefined index: admin_id D:\wamp\works\tbtwo\Application\Admin\Controller\AdminController.class.php 第 27 行.
SQL: SELECT * FROM `tp_admin` LIMIT 1   [ RunTime:0.0001s ]

[ 2017-09-16T16:10:28+08:00 ] 127.0.0.1 /index.php/Admin/admin/yzpwd.html
INFO: [ app_begin ] --START--
INFO: Run Behavior\ReadHtmlCacheBehavior [ RunTime:0.000239s ]
INFO: [ app_begin ] --END-- [ RunTime:0.000410s ]
SQL: SHOW COLUMNS FROM `tp_admin` [ RunTime:0.0077s ]
NOTIC: [8] Undefined index: admin_id D:\wamp\works\tbtwo\Application\Admin\Controller\AdminController.class.php 第 27 行.
SQL: SELECT * FROM `tp_admin` LIMIT 1   [ RunTime:0.0003s ]

[ 2017-09-16T16:17:30+08:00 ] 127.0.0.1 /index.php/Admin/admin/yzpwd.html
INFO: [ app_begin ] --START--
INFO: Run Behavior\ReadHtmlCacheBehavior [ RunTime:0.000235s ]
INFO: [ app_begin ] --END-- [ RunTime:0.000403s ]
SQL: SHOW COLUMNS FROM `tp_admin` [ RunTime:0.0054s ]
NOTIC: [8] Undefined index: admin_id D:\wamp\works\tbtwo\Application\Admin\Controller\AdminController.class.php 第 33 行.
SQL: SELECT * FROM `tp_admin` LIMIT 1   [ RunTime:0.0002s ]

[ 2017-09-16T16:18:07+08:00 ] 127.0.0.1 /index.php/Admin/admin/yzpwd.html
INFO: [ app_begin ] --START--
INFO: Run Behavior\ReadHtmlCacheBehavior [ RunTime:0.000241s ]
INFO: [ app_begin ] --END-- [ RunTime:0.000411s ]
SQL: SHOW COLUMNS FROM `tp_admin` [ RunTime:0.0049s ]
NOTIC: [8] Undefined index: admin_id D:\wamp\works\tbtwo\Application\Admin\Controller\AdminController.class.php 第 34 行.
SQL: SELECT * FROM `tp_admin` LIMIT 1   [ RunTime:0.0003s ]

[ 2017-09-16T16:18:23+08:00 ] 127.0.0.1 /index.php/Admin/admin/yzpwd.html
INFO: [ app_begin ] --START--
INFO: Run Behavior\ReadHtmlCacheBehavior [ RunTime:0.000235s ]
INFO: [ app_begin ] --END-- [ RunTime:0.000403s ]
SQL: SHOW COLUMNS FROM `tp_admin` [ RunTime:0.0049s ]
NOTIC: [8] Undefined index: admin_id D:\wamp\works\tbtwo\Application\Admin\Controller\AdminController.class.php 第 34 行.
SQL: SELECT * FROM `tp_admin` LIMIT 1   [ RunTime:0.0004s ]

[ 2017-09-16T16:18:26+08:00 ] 127.0.0.1 /index.php/Admin/admin/yzpwd.html
INFO: [ app_begin ] --START--
INFO: Run Behavior\ReadHtmlCacheBehavior [ RunTime:0.000241s ]
INFO: [ app_begin ] --END-- [ RunTime:0.000408s ]
SQL: SHOW COLUMNS FROM `tp_admin` [ RunTime:0.0048s ]
NOTIC: [8] Undefined index: admin_id D:\wamp\works\tbtwo\Application\Admin\Controller\AdminController.class.php 第 34 行.
SQL: SELECT * FROM `tp_admin` LIMIT 1   [ RunTime:0.0003s ]

[ 2017-09-16T16:19:32+08:00 ] 127.0.0.1 /index.php/Admin/admin/yzpwd.html
INFO: [ app_begin ] --START--
INFO: Run Behavior\ReadHtmlCacheBehavior [ RunTime:0.000235s ]
INFO: [ app_begin ] --END-- [ RunTime:0.000407s ]
SQL: SHOW COLUMNS FROM `tp_admin` [ RunTime:0.0056s ]
NOTIC: [8] Undefined index: admin_id D:\wamp\works\tbtwo\Application\Admin\Controller\AdminController.class.php 第 35 行.
SQL: SELECT * FROM `tp_admin` LIMIT 1   [ RunTime:0.0002s ]

[ 2017-09-16T16:22:07+08:00 ] 127.0.0.1 /index.php/Admin/admin/yzpwd.html
INFO: [ app_begin ] --START--
INFO: Run Behavior\ReadHtmlCacheBehavior [ RunTime:0.000237s ]
INFO: [ app_begin ] --END-- [ RunTime:0.000413s ]
SQL: SHOW COLUMNS FROM `tp_admin` [ RunTime:0.0058s ]
NOTIC: [8] Undefined index: admin_id D:\wamp\works\tbtwo\Application\Admin\Controller\AdminController.class.php 第 37 行.
SQL: SELECT * FROM `tp_admin` LIMIT 1   [ RunTime:0.0003s ]

[ 2017-09-16T16:34:25+08:00 ] 127.0.0.1 /index.php/Admin/admin/yzpwd.html
INFO: [ app_begin ] --START--
INFO: Run Behavior\ReadHtmlCacheBehavior [ RunTime:0.000244s ]
INFO: [ app_begin ] --END-- [ RunTime:0.000426s ]
SQL: SHOW COLUMNS FROM `tp_admin` [ RunTime:0.0034s ]
NOTIC: [8] Undefined index: admin_id D:\wamp\works\tbtwo\Application\Admin\Controller\AdminController.class.php 第 37 行.
SQL: SELECT * FROM `tp_admin` LIMIT 1   [ RunTime:0.0004s ]

[ 2017-09-16T16:34:30+08:00 ] 127.0.0.1 /index.php/Admin/admin/yzpwd.html
INFO: [ app_begin ] --START--
INFO: Run Behavior\ReadHtmlCacheBehavior [ RunTime:0.000233s ]
INFO: [ app_begin ] --END-- [ RunTime:0.000401s ]
SQL: SHOW COLUMNS FROM `tp_admin` [ RunTime:0.0053s ]
NOTIC: [8] Undefined index: admin_id D:\wamp\works\tbtwo\Application\Admin\Controller\AdminController.class.php 第 37 行.
SQL: SELECT * FROM `tp_admin` LIMIT 1   [ RunTime:0.0003s ]

[ 2017-09-16T16:34:35+08:00 ] 127.0.0.1 /index.php/Admin/admin/yzpwd.html
INFO: [ app_begin ] --START--
INFO: Run Behavior\ReadHtmlCacheBehavior [ RunTime:0.000241s ]
INFO: [ app_begin ] --END-- [ RunTime:0.000408s ]
SQL: SHOW COLUMNS FROM `tp_admin` [ RunTime:0.0049s ]
NOTIC: [8] Undefined index: admin_id D:\wamp\works\tbtwo\Application\Admin\Controller\AdminController.class.php 第 37 行.
SQL: SELECT * FROM `tp_admin` LIMIT 1   [ RunTime:0.0002s ]

[ 2017-09-16T16:34:41+08:00 ] 127.0.0.1 /index.php/Admin/admin/yzpwd.html
INFO: [ app_begin ] --START--
INFO: Run Behavior\ReadHtmlCacheBehavior [ RunTime:0.000236s ]
INFO: [ app_begin ] --END-- [ RunTime:0.000404s ]
SQL: SHOW COLUMNS FROM `tp_admin` [ RunTime:0.0074s ]
NOTIC: [8] Undefined index: admin_id D:\wamp\works\tbtwo\Application\Admin\Controller\AdminController.class.php 第 37 行.
SQL: SELECT * FROM `tp_admin` LIMIT 1   [ RunTime:0.0004s ]

[ 2017-09-16T16:34:47+08:00 ] 127.0.0.1 /index.php/Admin/admin/yzpwd.html
INFO: [ app_begin ] --START--
INFO: Run Behavior\ReadHtmlCacheBehavior [ RunTime:0.000236s ]
INFO: [ app_begin ] --END-- [ RunTime:0.000405s ]
SQL: SHOW COLUMNS FROM `tp_admin` [ RunTime:0.0075s ]
NOTIC: [8] Undefined index: admin_id D:\wamp\works\tbtwo\Application\Admin\Controller\AdminController.class.php 第 37 行.
SQL: SELECT * FROM `tp_admin` LIMIT 1   [ RunTime:0.0005s ]

[ 2017-09-16T16:34:50+08:00 ] 127.0.0.1 /index.php/Admin/admin/yzpwd.html
INFO: [ app_begin ] --START--
INFO: Run Behavior\ReadHtmlCacheBehavior [ RunTime:0.000244s ]
INFO: [ app_begin ] --END-- [ RunTime:0.000424s ]
SQL: SHOW COLUMNS FROM `tp_admin` [ RunTime:0.0047s ]
NOTIC: [8] Undefined index: admin_id D:\wamp\works\tbtwo\Application\Admin\Controller\AdminController.class.php 第 37 行.
SQL: SELECT * FROM `tp_admin` LIMIT 1   [ RunTime:0.0002s ]

[ 2017-09-16T16:36:48+08:00 ] 127.0.0.1 /index.php/Admin/admin/yzpwd.html
INFO: [ app_begin ] --START--
INFO: Run Behavior\ReadHtmlCacheBehavior [ RunTime:0.000237s ]
INFO: [ app_begin ] --END-- [ RunTime:0.000412s ]
SQL: SHOW COLUMNS FROM `tp_admin` [ RunTime:0.0051s ]
NOTIC: [8] Undefined index: admin_id D:\wamp\works\tbtwo\Application\Admin\Controller\AdminController.class.php 第 37 行.
SQL: SELECT * FROM `tp_admin` LIMIT 1   [ RunTime:0.0004s ]

[ 2017-09-16T16:36:52+08:00 ] 127.0.0.1 /index.php/Admin/admin/yzpwd.html
INFO: [ app_begin ] --START--
INFO: Run Behavior\ReadHtmlCacheBehavior [ RunTime:0.000241s ]
INFO: [ app_begin ] --END-- [ RunTime:0.000411s ]
SQL: SHOW COLUMNS FROM `tp_admin` [ RunTime:0.0047s ]
NOTIC: [8] Undefined index: admin_id D:\wamp\works\tbtwo\Application\Admin\Controller\AdminController.class.php 第 37 行.
SQL: SELECT * FROM `tp_admin` LIMIT 1   [ RunTime:0.0004s ]

[ 2017-09-16T16:39:13+08:00 ] 127.0.0.1 /index.php/Admin/admin/yzpwd.html
INFO: [ app_begin ] --START--
INFO: Run Behavior\ReadHtmlCacheBehavior [ RunTime:0.000239s ]
INFO: [ app_begin ] --END-- [ RunTime:0.000410s ]
SQL: SHOW COLUMNS FROM `tp_admin` [ RunTime:0.0069s ]
NOTIC: [8] Undefined index: admin_id D:\wamp\works\tbtwo\Application\Admin\Controller\AdminController.class.php 第 37 行.
SQL: SELECT * FROM `tp_admin` LIMIT 1   [ RunTime:0.0003s ]

[ 2017-09-16T16:40:15+08:00 ] 127.0.0.1 /index.php/Admin/admin/yzpwd.html
INFO: [ app_begin ] --START--
INFO: Run Behavior\ReadHtmlCacheBehavior [ RunTime:0.000241s ]
INFO: [ app_begin ] --END-- [ RunTime:0.000412s ]
SQL: SHOW COLUMNS FROM `tp_admin` [ RunTime:0.0047s ]
NOTIC: [8] Undefined index: admin_id D:\wamp\works\tbtwo\Application\Admin\Controller\AdminController.class.php 第 37 行.
SQL: SELECT * FROM `tp_admin` LIMIT 1   [ RunTime:0.0003s ]

[ 2017-09-16T16:41:42+08:00 ] 127.0.0.1 /index.php/Admin/admin/yzpwd.html
INFO: [ app_begin ] --START--
INFO: Run Behavior\ReadHtmlCacheBehavior [ RunTime:0.000235s ]
INFO: [ app_begin ] --END-- [ RunTime:0.000403s ]
SQL: SHOW COLUMNS FROM `tp_admin` [ RunTime:0.0079s ]
NOTIC: [8] Undefined index: admin_id D:\wamp\works\tbtwo\Application\Admin\Controller\AdminController.class.php 第 37 行.
SQL: SELECT * FROM `tp_admin` LIMIT 1   [ RunTime:0.0005s ]

[ 2017-09-16T16:46:40+08:00 ] 127.0.0.1 /index.php/Admin/admin/yzpwd.html
INFO: [ app_begin ] --START--
INFO: Run Behavior\ReadHtmlCacheBehavior [ RunTime:0.000305s ]
INFO: [ app_begin ] --END-- [ RunTime:0.000496s ]
SQL: SHOW COLUMNS FROM `tp_admin` [ RunTime:0.0053s ]
NOTIC: [8] Undefined index: admin_id D:\wamp\works\tbtwo\Application\Admin\Controller\AdminController.class.php 第 37 行.
SQL: SELECT * FROM `tp_admin` LIMIT 1   [ RunTime:0.0004s ]

[ 2017-09-16T16:46:45+08:00 ] 127.0.0.1 /index.php/Admin/admin/yzpwd.html
INFO: [ app_begin ] --START--
INFO: Run Behavior\ReadHtmlCacheBehavior [ RunTime:0.000238s ]
INFO: [ app_begin ] --END-- [ RunTime:0.000409s ]
SQL: SHOW COLUMNS FROM `tp_admin` [ RunTime:0.0047s ]
NOTIC: [8] Undefined index: admin_id D:\wamp\works\tbtwo\Application\Admin\Controller\AdminController.class.php 第 37 行.
SQL: SELECT * FROM `tp_admin` LIMIT 1   [ RunTime:0.0002s ]

[ 2017-09-16T16:46:47+08:00 ] 127.0.0.1 /index.php/Admin/admin/yzpwd.html
INFO: [ app_begin ] --START--
INFO: Run Behavior\ReadHtmlCacheBehavior [ RunTime:0.000238s ]
INFO: [ app_begin ] --END-- [ RunTime:0.000407s ]
SQL: SHOW COLUMNS FROM `tp_admin` [ RunTime:0.0037s ]
NOTIC: [8] Undefined index: admin_id D:\wamp\works\tbtwo\Application\Admin\Controller\AdminController.class.php 第 37 行.
SQL: SELECT * FROM `tp_admin` LIMIT 1   [ RunTime:0.0003s ]

[ 2017-09-16T16:49:08+08:00 ] 127.0.0.1 /index.php/Admin/admin/yzpwd.html
INFO: [ app_begin ] --START--
INFO: Run Behavior\ReadHtmlCacheBehavior [ RunTime:0.000250s ]
INFO: [ app_begin ] --END-- [ RunTime:0.000442s ]
SQL: SHOW COLUMNS FROM `tp_admin` [ RunTime:0.0057s ]
NOTIC: [8] Undefined index: admin_id D:\wamp\works\tbtwo\Application\Admin\Controller\AdminController.class.php 第 38 行.
SQL: SELECT * FROM `tp_admin` LIMIT 1   [ RunTime:0.0008s ]

[ 2017-09-16T16:49:11+08:00 ] 127.0.0.1 /index.php/Admin/admin/yzpwd.html
INFO: [ app_begin ] --START--
INFO: Run Behavior\ReadHtmlCacheBehavior [ RunTime:0.000238s ]
INFO: [ app_begin ] --END-- [ RunTime:0.000405s ]
SQL: SHOW COLUMNS FROM `tp_admin` [ RunTime:0.0076s ]
NOTIC: [8] Undefined index: admin_id D:\wamp\works\tbtwo\Application\Admin\Controller\AdminController.class.php 第 38 行.
SQL: SELECT * FROM `tp_admin` LIMIT 1   [ RunTime:0.0004s ]

[ 2017-09-16T16:49:24+08:00 ] 127.0.0.1 /index.php/Admin/admin/yzpwd.html
INFO: [ app_begin ] --START--
INFO: Run Behavior\ReadHtmlCacheBehavior [ RunTime:0.000238s ]
INFO: [ app_begin ] --END-- [ RunTime:0.000408s ]
SQL: SHOW COLUMNS FROM `tp_admin` [ RunTime:0.0050s ]
NOTIC: [8] Undefined index: admin_id D:\wamp\works\tbtwo\Application\Admin\Controller\AdminController.class.php 第 38 行.
SQL: SELECT * FROM `tp_admin` LIMIT 1   [ RunTime:0.0003s ]

[ 2017-09-16T16:51:52+08:00 ] 127.0.0.1 /index.php/Admin/admin/yzpwd.html
INFO: [ app_begin ] --START--
INFO: Run Behavior\ReadHtmlCacheBehavior [ RunTime:0.000240s ]
INFO: [ app_begin ] --END-- [ RunTime:0.000408s ]
SQL: SHOW COLUMNS FROM `tp_admin` [ RunTime:0.0053s ]
SQL: SELECT * FROM `tp_admin` WHERE `id` = 3 LIMIT 1   [ RunTime:0.0003s ]

[ 2017-09-16T16:51:54+08:00 ] 127.0.0.1 /index.php/Admin/admin/yzpwd.html
INFO: [ app_begin ] --START--
INFO: Run Behavior\ReadHtmlCacheBehavior [ RunTime:0.000235s ]
INFO: [ app_begin ] --END-- [ RunTime:0.000404s ]
SQL: SHOW COLUMNS FROM `tp_admin` [ RunTime:0.0076s ]
SQL: SELECT * FROM `tp_admin` WHERE `id` = 3 LIMIT 1   [ RunTime:0.0004s ]

[ 2017-09-16T16:53:41+08:00 ] 127.0.0.1 /index.php/Admin/admin/yzpwd.html
INFO: [ app_begin ] --START--
INFO: Run Behavior\ReadHtmlCacheBehavior [ RunTime:0.000268s ]
INFO: [ app_begin ] --END-- [ RunTime:0.000509s ]
SQL: SHOW COLUMNS FROM `tp_admin` [ RunTime:0.0041s ]
SQL: SELECT * FROM `tp_admin` WHERE `id` = 3 LIMIT 1   [ RunTime:0.0002s ]

[ 2017-09-16T16:53:50+08:00 ] 127.0.0.1 /index.php/Admin/admin/yzpwd.html
INFO: [ app_begin ] --START--
INFO: Run Behavior\ReadHtmlCacheBehavior [ RunTime:0.000336s ]
INFO: [ app_begin ] --END-- [ RunTime:0.000578s ]
SQL: SHOW COLUMNS FROM `tp_admin` [ RunTime:0.0054s ]
SQL: SELECT * FROM `tp_admin` WHERE `id` = 3 LIMIT 1   [ RunTime:0.0003s ]

[ 2017-09-16T16:54:15+08:00 ] 127.0.0.1 /index.php/Admin/admin/yzpwd.html
INFO: [ app_begin ] --START--
INFO: Run Behavior\ReadHtmlCacheBehavior [ RunTime:0.000244s ]
INFO: [ app_begin ] --END-- [ RunTime:0.000424s ]
SQL: SHOW COLUMNS FROM `tp_admin` [ RunTime:0.1758s ]
SQL: SELECT * FROM `tp_admin` WHERE `id` = 3 LIMIT 1   [ RunTime:0.0004s ]

[ 2017-09-16T16:54:21+08:00 ] 127.0.0.1 /index.php/Admin/admin/yzpwd.html
INFO: [ app_begin ] --START--
INFO: Run Behavior\ReadHtmlCacheBehavior [ RunTime:0.000334s ]
INFO: [ app_begin ] --END-- [ RunTime:0.000558s ]
SQL: SHOW COLUMNS FROM `tp_admin` [ RunTime:0.1742s ]
SQL: SELECT * FROM `tp_admin` WHERE `id` = 3 LIMIT 1   [ RunTime:0.0005s ]

[ 2017-09-16T16:54:28+08:00 ] 127.0.0.1 /index.php/Admin/admin/yzpwd.html
INFO: [ app_begin ] --START--
INFO: Run Behavior\ReadHtmlCacheBehavior [ RunTime:0.000254s ]
INFO: [ app_begin ] --END-- [ RunTime:0.000437s ]
SQL: SHOW COLUMNS FROM `tp_admin` [ RunTime:0.0049s ]
SQL: SELECT * FROM `tp_admin` WHERE `id` = 3 LIMIT 1   [ RunTime:0.0003s ]

[ 2017-09-16T16:54:34+08:00 ] 127.0.0.1 /index.php/Admin/admin/yzpwd.html
INFO: [ app_begin ] --START--
INFO: Run Behavior\ReadHtmlCacheBehavior [ RunTime:0.000261s ]
INFO: [ app_begin ] --END-- [ RunTime:0.000452s ]
SQL: SHOW COLUMNS FROM `tp_admin` [ RunTime:0.0062s ]
SQL: SELECT * FROM `tp_admin` WHERE `id` = 3 LIMIT 1   [ RunTime:0.0004s ]

[ 2017-09-16T16:55:17+08:00 ] 127.0.0.1 /index.php/Admin/admin/yzpwd.html
INFO: [ app_begin ] --START--
INFO: Run Behavior\ReadHtmlCacheBehavior [ RunTime:0.000245s ]
INFO: [ app_begin ] --END-- [ RunTime:0.000425s ]
SQL: SHOW COLUMNS FROM `tp_admin` [ RunTime:0.0060s ]
SQL: SELECT * FROM `tp_admin` WHERE `id` = 3 LIMIT 1   [ RunTime:0.0005s ]

[ 2017-09-16T16:55:25+08:00 ] 127.0.0.1 /index.php/Admin/admin/yzpwd.html
INFO: [ app_begin ] --START--
INFO: Run Behavior\ReadHtmlCacheBehavior [ RunTime:0.000257s ]
INFO: [ app_begin ] --END-- [ RunTime:0.000477s ]
SQL: SHOW COLUMNS FROM `tp_admin` [ RunTime:0.0062s ]
SQL: SELECT * FROM `tp_admin` WHERE `id` = 3 LIMIT 1   [ RunTime:0.0006s ]

[ 2017-09-16T16:55:39+08:00 ] 127.0.0.1 /index.php/Admin/admin/yzpwd.html
INFO: [ app_begin ] --START--
INFO: Run Behavior\ReadHtmlCacheBehavior [ RunTime:0.000327s ]
INFO: [ app_begin ] --END-- [ RunTime:0.000555s ]
SQL: SHOW COLUMNS FROM `tp_admin` [ RunTime:0.0050s ]
SQL: SELECT * FROM `tp_admin` WHERE `id` = 3 LIMIT 1   [ RunTime:0.0004s ]

[ 2017-09-16T16:55:42+08:00 ] 127.0.0.1 /index.php/Admin/admin/yzpwd.html
INFO: [ app_begin ] --START--
INFO: Run Behavior\ReadHtmlCacheBehavior [ RunTime:0.000333s ]
INFO: [ app_begin ] --END-- [ RunTime:0.000573s ]
SQL: SHOW COLUMNS FROM `tp_admin` [ RunTime:0.0051s ]
SQL: SELECT * FROM `tp_admin` WHERE `id` = 3 LIMIT 1   [ RunTime:0.0004s ]

