[ 2017-09-17T08:54:05+08:00 ] 127.0.0.1 /index.php/Admin/brand/admin.php?c=goods&a=showlist
ERR: 非法操作:admin.php

[ 2017-09-17T10:04:50+08:00 ] 127.0.0.1 /index.php/Admin/goods/css/mine.css
ERR: 非法操作:css

[ 2017-09-17T11:22:08+08:00 ] 127.0.0.1 /index.php/Admin/goods/css/mine.css
ERR: 非法操作:css

[ 2017-09-17T11:25:59+08:00 ] 127.0.0.1 /index.php/Admin/login/index.html
ERR: 非法操作:index

[ 2017-09-17T11:26:12+08:00 ] 127.0.0.1 /index.php/Admin/login/index.html
ERR: 非法操作:index

[ 2017-09-17T15:30:38+08:00 ] 127.0.0.1 /index.php/Admin/Goods/index/p/2.html
ERR: Think\Model:feild方法不存在！

[ 2017-09-17T15:31:33+08:00 ] 127.0.0.1 /index.php/Admin/goods/index.html
ERR: Think\Model:feild方法不存在！

[ 2017-09-17T15:35:53+08:00 ] 127.0.0.1 /index.php/Admin/goods/index.html
ERR: 1052:Column 'display' in where clause is ambiguous
 [ SQL语句 ] : SELECT a.*,b.brand_name FROM tp_goods a left join tp_brand as b on a.brand_id=b.id  WHERE ( display<>0 ) LIMIT 0,1  

[ 2017-09-17T16:39:48+08:00 ] 127.0.0.1 /index.php/Admin/goods/add.html
ERR: 1364:Field 'goods_number' doesn't have a default value
 [ SQL语句 ] : INSERT INTO `tp_goods` (`goods_name`,`category_id`,`brand_id`,`goods_price`,`goods_count`,`goods_sort`,`goods_description`) VALUES ('iPhone6s','1','18','4222','300','1','土豪金')

[ 2017-09-17T16:40:33+08:00 ] 127.0.0.1 /index.php/Admin/goods/add.html
ERR: 1364:Field 'goods_number' doesn't have a default value
 [ SQL语句 ] : INSERT INTO `tp_goods` (`goods_name`,`category_id`,`brand_id`,`goods_price`,`goods_count`,`goods_sort`,`goods_description`) VALUES ('iPhone6s','1','18','4222','300','1','土豪金')

[ 2017-09-17T16:41:00+08:00 ] 127.0.0.1 /index.php/Admin/goods/add.html
ERR: 1364:Field 'goods_weight' doesn't have a default value
 [ SQL语句 ] : INSERT INTO `tp_goods` (`goods_name`,`goods_number`,`category_id`,`brand_id`,`goods_price`,`goods_count`,`goods_sort`,`goods_description`) VALUES ('iPhone6s','X003','1','18','4222','300','1','土豪金')

[ 2017-09-17T16:44:36+08:00 ] 127.0.0.1 /index.php/Admin/goods/add.html
ERR: 1364:Field 'created_time' doesn't have a default value
 [ SQL语句 ] : INSERT INTO `tp_goods` (`goods_name`,`goods_number`,`category_id`,`brand_id`,`goods_price`,`goods_count`,`goods_sort`,`goods_description`) VALUES ('iPhone6s','X003','1','18','4222','300','1','土豪金')

[ 2017-09-17T19:42:22+08:00 ] 127.0.0.1 /index.php/Admin/goods/index.html
ERR: 1054:Unknown column 'b.brand_name' in 'field list'
 [ SQL语句 ] : SELECT a.*,b.brand_name,c.category_name FROM tp_goods a WHERE ( a.display<>0 ) LIMIT 0,1  

[ 2017-09-17T19:57:58+08:00 ] 127.0.0.1 /index.php/Admin/Brand/del?id=24
INFO: [ app_begin ] --START--
INFO: Run Behavior\ReadHtmlCacheBehavior [ RunTime:0.000239s ]
INFO: [ app_begin ] --END-- [ RunTime:0.000409s ]
SQL: SHOW COLUMNS FROM `tp_brand` [ RunTime:0.0073s ]
SQL: UPDATE `tp_brand` SET `display`='0' WHERE `id` = 24 [ RunTime:0.0002s ]
INFO: [ app_end ] --START--
INFO: Run Behavior\ShowPageTraceBehavior [ RunTime:0.000307s ]
INFO: [ app_end ] --END-- [ RunTime:0.000338s ]

[ 2017-09-17T19:58:00+08:00 ] 127.0.0.1 /index.php/Admin/Brand/del?id=25
INFO: [ app_begin ] --START--
INFO: Run Behavior\ReadHtmlCacheBehavior [ RunTime:0.000239s ]
INFO: [ app_begin ] --END-- [ RunTime:0.000407s ]
SQL: SHOW COLUMNS FROM `tp_brand` [ RunTime:0.0049s ]
SQL: UPDATE `tp_brand` SET `display`='0' WHERE `id` = 25 [ RunTime:0.0002s ]
INFO: [ app_end ] --START--
INFO: Run Behavior\ShowPageTraceBehavior [ RunTime:0.000301s ]
INFO: [ app_end ] --END-- [ RunTime:0.000331s ]

[ 2017-09-17T19:58:02+08:00 ] 127.0.0.1 /index.php/Admin/Brand/del?id=26
INFO: [ app_begin ] --START--
INFO: Run Behavior\ReadHtmlCacheBehavior [ RunTime:0.000240s ]
INFO: [ app_begin ] --END-- [ RunTime:0.000408s ]
SQL: SHOW COLUMNS FROM `tp_brand` [ RunTime:0.0049s ]
SQL: UPDATE `tp_brand` SET `display`='0' WHERE `id` = 26 [ RunTime:0.0003s ]
INFO: [ app_end ] --START--
INFO: Run Behavior\ShowPageTraceBehavior [ RunTime:0.000302s ]
INFO: [ app_end ] --END-- [ RunTime:0.000333s ]

[ 2017-09-17T19:58:03+08:00 ] 127.0.0.1 /index.php/Admin/Brand/del?id=27
INFO: [ app_begin ] --START--
INFO: Run Behavior\ReadHtmlCacheBehavior [ RunTime:0.000240s ]
INFO: [ app_begin ] --END-- [ RunTime:0.000409s ]
SQL: SHOW COLUMNS FROM `tp_brand` [ RunTime:0.0045s ]
SQL: UPDATE `tp_brand` SET `display`='0' WHERE `id` = 27 [ RunTime:0.0002s ]
INFO: [ app_end ] --START--
INFO: Run Behavior\ShowPageTraceBehavior [ RunTime:0.000305s ]
INFO: [ app_end ] --END-- [ RunTime:0.000335s ]

[ 2017-09-17T19:58:03+08:00 ] 127.0.0.1 /index.php/Admin/Brand/del?id=28
INFO: [ app_begin ] --START--
INFO: Run Behavior\ReadHtmlCacheBehavior [ RunTime:0.000243s ]
INFO: [ app_begin ] --END-- [ RunTime:0.000417s ]
SQL: SHOW COLUMNS FROM `tp_brand` [ RunTime:0.0045s ]
SQL: UPDATE `tp_brand` SET `display`='0' WHERE `id` = 28 [ RunTime:0.0004s ]
INFO: [ app_end ] --START--
INFO: Run Behavior\ShowPageTraceBehavior [ RunTime:0.000299s ]
INFO: [ app_end ] --END-- [ RunTime:0.000330s ]

[ 2017-09-17T19:58:04+08:00 ] 127.0.0.1 /index.php/Admin/Brand/del?id=29
INFO: [ app_begin ] --START--
INFO: Run Behavior\ReadHtmlCacheBehavior [ RunTime:0.000239s ]
INFO: [ app_begin ] --END-- [ RunTime:0.000412s ]
SQL: SHOW COLUMNS FROM `tp_brand` [ RunTime:0.0046s ]
SQL: UPDATE `tp_brand` SET `display`='0' WHERE `id` = 29 [ RunTime:0.0004s ]
INFO: [ app_end ] --START--
INFO: Run Behavior\ShowPageTraceBehavior [ RunTime:0.000359s ]
INFO: [ app_end ] --END-- [ RunTime:0.000390s ]

[ 2017-09-17T20:15:03+08:00 ] 127.0.0.1 /index.php/Admin/brand/edit/id/31.html
ERR: 1064:You have an error in your SQL syntax; check the manual that corresponds to your MySQL server version for the right syntax to use near 'WHERE `id` = 31' at line 1
 [ SQL语句 ] : UPDATE `tp_brand` SET  WHERE `id` = 31

[ 2017-09-17T21:10:17+08:00 ] 127.0.0.1 /index.php/Admin/goods/edit.html
ERR: 1064:You have an error in your SQL syntax; check the manual that corresponds to your MySQL server version for the right syntax to use near ')' at line 1
 [ SQL语句 ] : UPDATE `tp_goods` SET `id`='2',`goods_name`='iPhone 8',`category_id`='1',`brand_id`='19',`goods_price`='888.00',`goods_description`='远程充电' WHERE ( display<> )

[ 2017-09-17T21:10:58+08:00 ] 127.0.0.1 /index.php/Admin/goods/edit.html
ERR: 1064:You have an error in your SQL syntax; check the manual that corresponds to your MySQL server version for the right syntax to use near ')' at line 1
 [ SQL语句 ] : UPDATE `tp_goods` SET `id`='1',`goods_name`='iPhone X',`category_id`='1',`brand_id`='19',`goods_price`='998.00',`goods_description`='人脸解锁' WHERE ( display<> )

[ 2017-09-17T21:12:28+08:00 ] 127.0.0.1 /index.php/Admin/goods/edit.html
ERR: 1062:Duplicate entry '1' for key 'PRIMARY'
 [ SQL语句 ] : UPDATE `tp_goods` SET `id`='1',`goods_name`='iPhone X',`category_id`='1',`brand_id`='19',`goods_price`='998.00',`goods_description`='人脸解锁' WHERE ( display<>0 )

[ 2017-09-17T21:32:22+08:00 ] 127.0.0.1 /index.php/Admin/Goods/del?id=4
INFO: [ app_begin ] --START--
INFO: Run Behavior\ReadHtmlCacheBehavior [ RunTime:0.000237s ]
INFO: [ app_begin ] --END-- [ RunTime:0.000407s ]
NOTIC: [2048] Declaration of Common\Model\BasegoodsMoedel::_after_select() should be compatible with that of Think\Model::_after_select() D:\wamp\works\tbtwo\Application\Common\Model\BasegoodsMoedel.class.php 第 11 行.
NOTIC: [2048] Declaration of Admin\Model\GoodsModel::_before_insert() should be compatible with that of Think\Model::_before_insert() D:\wamp\works\tbtwo\Application\Admin\Model\GoodsModel.class.php 第 13 行.
NOTIC: [2048] Declaration of Admin\Model\GoodsModel::_before_update() should be compatible with that of Think\Model::_before_update() D:\wamp\works\tbtwo\Application\Admin\Model\GoodsModel.class.php 第 13 行.
SQL: SHOW COLUMNS FROM `tp_goods` [ RunTime:0.0051s ]
SQL: UPDATE `tp_goods` SET `display`='0',`updated_time`='1505655142' WHERE `id` = 4 [ RunTime:0.0003s ]
INFO: [ app_end ] --START--
INFO: Run Behavior\ShowPageTraceBehavior [ RunTime:0.000299s ]
INFO: [ app_end ] --END-- [ RunTime:0.000331s ]

[ 2017-09-17T21:32:54+08:00 ] 127.0.0.1 /index.php/Admin/Goods/del?id=4
INFO: [ app_begin ] --START--
INFO: Run Behavior\ReadHtmlCacheBehavior [ RunTime:0.000277s ]
INFO: [ app_begin ] --END-- [ RunTime:0.000457s ]
NOTIC: [2048] Declaration of Common\Model\BasegoodsMoedel::_after_select() should be compatible with that of Think\Model::_after_select() D:\wamp\works\tbtwo\Application\Common\Model\BasegoodsMoedel.class.php 第 11 行.
NOTIC: [2048] Declaration of Admin\Model\GoodsModel::_before_insert() should be compatible with that of Think\Model::_before_insert() D:\wamp\works\tbtwo\Application\Admin\Model\GoodsModel.class.php 第 13 行.
NOTIC: [2048] Declaration of Admin\Model\GoodsModel::_before_update() should be compatible with that of Think\Model::_before_update() D:\wamp\works\tbtwo\Application\Admin\Model\GoodsModel.class.php 第 13 行.
SQL: SHOW COLUMNS FROM `tp_goods` [ RunTime:0.0074s ]
SQL: UPDATE `tp_goods` SET `display`='0',`updated_time`='1505655174' WHERE `id` = 4 [ RunTime:0.0003s ]
INFO: [ app_end ] --START--
INFO: Run Behavior\ShowPageTraceBehavior [ RunTime:0.000297s ]
INFO: [ app_end ] --END-- [ RunTime:0.000328s ]

[ 2017-09-17T22:25:17+08:00 ] 127.0.0.1 /index.php/Admin/Category/edit/id/Arrayid.html
ERR: Think\Controller:find方法不存在！

[ 2017-09-17T22:26:44+08:00 ] 127.0.0.1 /index.php/Admin/Category/add.html
ERR: 1364:Field 'updated_time' doesn't have a default value
 [ SQL语句 ] : INSERT INTO `tp_category` (`category_name`,`pid`,`category_sort`,`created_time`) VALUES ('手机','0','5','1505658404')

[ 2017-09-17T22:27:38+08:00 ] 127.0.0.1 /index.php/Admin/Category/add.html
ERR: 1364:Field 'updated_time' doesn't have a default value
 [ SQL语句 ] : INSERT INTO `tp_category` (`category_name`,`pid`,`category_sort`,`created_time`) VALUES ('手机','0','5','1505658458')

[ 2017-09-17T22:33:58+08:00 ] 127.0.0.1 /index.php/Admin/Category/del?id=3
INFO: [ app_begin ] --START--
INFO: Run Behavior\ReadHtmlCacheBehavior [ RunTime:0.000239s ]
INFO: [ app_begin ] --END-- [ RunTime:0.000408s ]
NOTIC: [2048] Declaration of Admin\Model\CategoryModel::_before_insert() should be compatible with that of Think\Model::_before_insert() D:\wamp\works\tbtwo\Application\Admin\Model\CategoryModel.class.php 第 12 行.
NOTIC: [2048] Declaration of Admin\Model\CategoryModel::_before_update() should be compatible with that of Think\Model::_before_update() D:\wamp\works\tbtwo\Application\Admin\Model\CategoryModel.class.php 第 12 行.
SQL: SHOW COLUMNS FROM `tp_category` [ RunTime:0.0084s ]
SQL: UPDATE `tp_category` SET `display`='0',`updated_time`='1505658838' WHERE `id` = 3 [ RunTime:0.0049s ]
INFO: [ app_end ] --START--
INFO: Run Behavior\ShowPageTraceBehavior [ RunTime:0.000322s ]
INFO: [ app_end ] --END-- [ RunTime:0.000355s ]

[ 2017-09-17T22:35:22+08:00 ] 127.0.0.1 /index.php/Admin/Category/del?id=2
INFO: [ app_begin ] --START--
INFO: Run Behavior\ReadHtmlCacheBehavior [ RunTime:0.000238s ]
INFO: [ app_begin ] --END-- [ RunTime:0.000407s ]
NOTIC: [2048] Declaration of Admin\Model\CategoryModel::_before_insert() should be compatible with that of Think\Model::_before_insert() D:\wamp\works\tbtwo\Application\Admin\Model\CategoryModel.class.php 第 12 行.
NOTIC: [2048] Declaration of Admin\Model\CategoryModel::_before_update() should be compatible with that of Think\Model::_before_update() D:\wamp\works\tbtwo\Application\Admin\Model\CategoryModel.class.php 第 12 行.
SQL: SHOW COLUMNS FROM `tp_category` [ RunTime:0.0057s ]
SQL: UPDATE `tp_category` SET `display`='0',`updated_time`='1505658922' WHERE `id` = 2 [ RunTime:0.0050s ]
INFO: [ app_end ] --START--
INFO: Run Behavior\ShowPageTraceBehavior [ RunTime:0.000325s ]
INFO: [ app_end ] --END-- [ RunTime:0.000358s ]

